Error,01-08-2022 09:13,Schannel,36882,None,"The certificate received from the remote server was issued by an untrusted certificate authority. Because of this, none of the data contained in the certificate can be validated. The TLS connection request has failed. The attached data contains the server certificate."
Error,01-08-2022 09:13,Schannel,36882,None,"The certificate received from the remote server was issued by an untrusted certificate authority. Because of this, none of the data contained in the certificate can be validated. The TLS connection request has failed. The attached data contains the server certificate."
Error,01-08-2022 09:11,Schannel,36882,None,"The certificate received from the remote server was issued by an untrusted certificate authority. Because of this, none of the data contained in the certificate can be validated. The TLS connection request has failed. The attached data contains the server certificate."
Error,01-08-2022 09:11,Schannel,36882,None,"The certificate received from the remote server was issued by an untrusted certificate authority. Because of this, none of the data contained in the certificate can be validated. The TLS connection request has failed. The attached data contains the server certificate."
Error,01-08-2022 09:09,Schannel,36882,None,"The certificate received from the remote server was issued by an untrusted certificate authority. Because of this, none of the data contained in the certificate can be validated. The TLS connection request has failed. The attached data contains the server certificate."
Error,01-08-2022 09:09,Schannel,36882,None,"The certificate received from the remote server was issued by an untrusted certificate authority. Because of this, none of the data contained in the certificate can be validated. The TLS connection request has failed. The attached data contains the server certificate."
Error,01-08-2022 08:49,Schannel,36882,None,"The certificate received from the remote server was issued by an untrusted certificate authority. Because of this, none of the data contained in the certificate can be validated. The TLS connection request has failed. The attached data contains the server certificate."
Error,01-08-2022 08:49,Schannel,36882,None,"The certificate received from the remote server was issued by an untrusted certificate authority. Because of this, none of the data contained in the certificate can be validated. The TLS connection request has failed. The attached data contains the server certificate."
Error,01-08-2022 08:40,Schannel,36882,None,"The certificate received from the remote server was issued by an untrusted certificate authority. Because of this, none of the data contained in the certificate can be validated. The TLS connection request has failed. The attached data contains the server certificate."
Error,01-08-2022 08:37,Microsoft-Windows-DistributedCOM,10010,None,The server Microsoft.SkypeApp_15.79.95.0_x86__kzf8qxf38zg5c!App.AppXtwmqn4em5r5dpafgj4t4yyxgjfe0hr50.mca did not register with DCOM within the required timeout.
Error,01-08-2022 08:35,Microsoft-Windows-DistributedCOM,10010,None,The server Microsoft.SkypeApp_15.79.95.0_x86__kzf8qxf38zg5c!App.AppXtwmqn4em5r5dpafgj4t4yyxgjfe0hr50.mca did not register with DCOM within the required timeout.
Warning,01-08-2022 08:35,Microsoft-Windows-DistributedCOM,10016,None,"The application-specific permission settings do not grant Local Activation permission for the COM Server application with CLSID 
{2593F8B9-4EAF-457C-B68A-50F6B8EA6B54}
 and APPID 
{15C20B67-12E7-4BB6-92BB-7AFF07997402}
 to the user SHOHID-PC\SHOHID SID (S-1-5-21-2091211461-3178656723-4261672445-1001) from address LocalHost (Using LRPC) running in the application container Unavailable SID (Unavailable). This security permission can be modified using the Component Services administrative tool."
Information,01-08-2022 08:35,Microsoft-Windows-Power-Troubleshooter,1,None,"The system has returned from a low power state.

Sleep Time: 2022-01-07T19:22:04.636638500Z
Wake Time: 2022-01-08T02:35:30.449812000Z

Wake Source: Unknown"
Information,01-08-2022 08:35,Microsoft-Windows-Winlogon,7001,-1101,User Logon Notification for Customer Experience Improvement Program
Information,01-08-2022 08:35,Microsoft-Windows-Kernel-Boot,32,-58,The bootmgr spent 0 ms waiting for user input.
Information,01-08-2022 08:35,Microsoft-Windows-Kernel-Boot,18,-57,There are 0x1 boot options on this system.
Information,01-08-2022 08:35,Microsoft-Windows-Kernel-Boot,27,-33,The boot type was 0x1.
Information,01-08-2022 08:35,Microsoft-Windows-Kernel-Boot,25,-32,The boot menu policy was 0x1.
Information,01-08-2022 08:35,Microsoft-Windows-Kernel-Boot,30,-21,The firmware reported boot metrics.
Error,01-08-2022 08:35,iaStorA,4102,None,Error log: Smart event occured on disk :X6GJEAPFS  
Information,01-08-2022 08:35,Microsoft-Windows-Kernel-General,1,-5,"The system time has changed to 2022-01-08T02:35:29.500000000Z from 2022-01-07T19:22:07.157653600Z.

Change Reason: System time synchronized with the hardware clock.
Process: '' (PID 4)."
Information,01-08-2022 01:22,Microsoft-Windows-Kernel-Power,107,-102,The system has resumed from sleep.
Information,01-08-2022 01:22,Microsoft-Windows-Kernel-Power,42,-64,"The system is entering sleep.

Sleep Reason: Application API"
Information,01-08-2022 01:22,Microsoft-Windows-Kernel-Power,187,-243,User-mode process attempted to change the system state by calling SetSuspendState or SetSystemPowerState APIs.
Information,01-08-2022 01:22,Microsoft-Windows-Winlogon,7002,-1102,User Logoff Notification for Customer Experience Improvement Program
Information,01-08-2022 01:21,User32,1074,None,"The process C:\Windows\System32\RuntimeBroker.exe (SHOHID-PC) has initiated the power off of computer SHOHID-PC on behalf of user SHOHID-PC\SHOHID for the following reason: Other (Unplanned)
 Reason Code: 0x0
 Shutdown Type: power off
 Comment: "
Warning,01-08-2022 01:15,disk,52,None,The driver has detected that device \Device\Harddisk0\DR0 has predicted that it will fail. Immediately back up your data and replace your hard disk drive. A failure may be imminent.
Warning,01-08-2022 00:45,Microsoft-Windows-DistributedCOM,10016,None,"The machine-default permission settings do not grant Local Activation permission for the COM Server application with CLSID 
{C2F03A33-21F5-47FA-B4BB-156362A2F239}
 and APPID 
{316CDED5-E4AE-4B15-9113-7055D84DCC97}
 to the user SHOHID-PC\SHOHID SID (S-1-5-21-2091211461-3178656723-4261672445-1001) from address LocalHost (Using LRPC) running in the application container Microsoft.Windows.ShellExperienceHost_10.0.18362.1171_neutral_neutral_cw5n1h2txyewy SID (S-1-15-2-155514346-2573954481-755741238-1654018636-1233331829-3075935687-2861478708). This security permission can be modified using the Component Services administrative tool."
Warning,01-08-2022 00:45,Microsoft-Windows-DistributedCOM,10016,None,"The application-specific permission settings do not grant Local Activation permission for the COM Server application with CLSID 
{2593F8B9-4EAF-457C-B68A-50F6B8EA6B54}
 and APPID 
{15C20B67-12E7-4BB6-92BB-7AFF07997402}
 to the user SHOHID-PC\SHOHID SID (S-1-5-21-2091211461-3178656723-4261672445-1001) from address LocalHost (Using LRPC) running in the application container Unavailable SID (Unavailable). This security permission can be modified using the Component Services administrative tool."
Information,01-08-2022 00:41,Microsoft-Windows-FilterManager,6,None,"File System Filter 'bindflt' (10.0, 2067-08-24T02:59:11.000000000Z) has successfully loaded and registered with Filter Manager."
Information,01-08-2022 00:27,Microsoft-Windows-WindowsUpdateClient,19,Windows Update Agent,Installation Successful: Windows successfully installed the following update: Security Intelligence Update for Microsoft Defender Antivirus - KB2267602 (Version 1.355.1573.0)
Information,01-08-2022 00:27,Microsoft-Windows-WindowsUpdateClient,43,Windows Update Agent,Installation Started: Windows has started installing the following update: Security Intelligence Update for Microsoft Defender Antivirus - KB2267602 (Version 1.355.1573.0)
Information,01-08-2022 00:26,Microsoft-Windows-WindowsUpdateClient,44,Windows Update Agent,Windows Update started downloading an update.
Information,01-08-2022 00:26,WinDivert,12589,None,"The description for Event ID 12589 from source WinDivert cannot be found. Either the component that raises this event is not installed on your local computer or the installation is corrupted. You can install or repair the component on the local computer.

If the event originated on another computer, the display information had to be saved with the event.

The following information was included with the event: 

WinDivert2.2
LOAD
3312
"
Information,01-08-2022 00:26,Service Control Manager,7045,None,"A service was installed in the system.

Service Name:  WinDivert
Service File Name:  C:\Program Files\Cloudflare\Cloudflare WARP\WinDivert64.sys
Service Type:  kernel mode driver
Service Start Type:  demand start
Service Account:  "
Error,01-08-2022 00:19,Microsoft-Windows-DistributedCOM,10010,None,The server Microsoft.SkypeApp_15.79.95.0_x86__kzf8qxf38zg5c!App.AppXtwmqn4em5r5dpafgj4t4yyxgjfe0hr50.mca did not register with DCOM within the required timeout.
Warning,01-08-2022 00:18,Microsoft-Windows-DistributedCOM,10016,None,"The application-specific permission settings do not grant Local Launch permission for the COM Server application with CLSID 
Windows.SecurityCenter.SecurityAppBroker
 and APPID 
Unavailable
 to the user NT AUTHORITY\SYSTEM SID (S-1-5-18) from address LocalHost (Using LRPC) running in the application container Unavailable SID (Unavailable). This security permission can be modified using the Component Services administrative tool."
Warning,01-08-2022 00:18,Microsoft-Windows-DistributedCOM,10016,None,"The application-specific permission settings do not grant Local Launch permission for the COM Server application with CLSID 
Windows.SecurityCenter.WscDataProtection
 and APPID 
Unavailable
 to the user NT AUTHORITY\SYSTEM SID (S-1-5-18) from address LocalHost (Using LRPC) running in the application container Unavailable SID (Unavailable). This security permission can be modified using the Component Services administrative tool."
Warning,01-08-2022 00:18,Microsoft-Windows-DistributedCOM,10016,None,"The application-specific permission settings do not grant Local Launch permission for the COM Server application with CLSID 
Windows.SecurityCenter.WscBrokerManager
 and APPID 
Unavailable
 to the user NT AUTHORITY\SYSTEM SID (S-1-5-18) from address LocalHost (Using LRPC) running in the application container Unavailable SID (Unavailable). This security permission can be modified using the Component Services administrative tool."
Warning,01-08-2022 00:17,Microsoft-Windows-DistributedCOM,10016,None,"The machine-default permission settings do not grant Local Activation permission for the COM Server application with CLSID 
{C2F03A33-21F5-47FA-B4BB-156362A2F239}
 and APPID 
{316CDED5-E4AE-4B15-9113-7055D84DCC97}
 to the user SHOHID-PC\SHOHID SID (S-1-5-21-2091211461-3178656723-4261672445-1001) from address LocalHost (Using LRPC) running in the application container Microsoft.Windows.ShellExperienceHost_10.0.18362.1171_neutral_neutral_cw5n1h2txyewy SID (S-1-15-2-155514346-2573954481-755741238-1654018636-1233331829-3075935687-2861478708). This security permission can be modified using the Component Services administrative tool."
Warning,01-08-2022 00:17,Microsoft-Windows-DistributedCOM,10016,None,"The machine-default permission settings do not grant Local Activation permission for the COM Server application with CLSID 
{C2F03A33-21F5-47FA-B4BB-156362A2F239}
 and APPID 
{316CDED5-E4AE-4B15-9113-7055D84DCC97}
 to the user SHOHID-PC\SHOHID SID (S-1-5-21-2091211461-3178656723-4261672445-1001) from address LocalHost (Using LRPC) running in the application container Microsoft.Windows.ShellExperienceHost_10.0.18362.1171_neutral_neutral_cw5n1h2txyewy SID (S-1-15-2-155514346-2573954481-755741238-1654018636-1233331829-3075935687-2861478708). This security permission can be modified using the Component Services administrative tool."
Warning,01-08-2022 00:17,Microsoft-Windows-DistributedCOM,10016,None,"The machine-default permission settings do not grant Local Activation permission for the COM Server application with CLSID 
{C2F03A33-21F5-47FA-B4BB-156362A2F239}
 and APPID 
{316CDED5-E4AE-4B15-9113-7055D84DCC97}
 to the user SHOHID-PC\SHOHID SID (S-1-5-21-2091211461-3178656723-4261672445-1001) from address LocalHost (Using LRPC) running in the application container Microsoft.Windows.ShellExperienceHost_10.0.18362.1171_neutral_neutral_cw5n1h2txyewy SID (S-1-15-2-155514346-2573954481-755741238-1654018636-1233331829-3075935687-2861478708). This security permission can be modified using the Component Services administrative tool."
Error,01-08-2022 00:16,Microsoft-Windows-DistributedCOM,10010,None,The server Microsoft.SkypeApp_15.79.95.0_x86__kzf8qxf38zg5c!App.AppXtwmqn4em5r5dpafgj4t4yyxgjfe0hr50.mca did not register with DCOM within the required timeout.
Warning,01-08-2022 00:16,Microsoft-Windows-DistributedCOM,10016,None,"The application-specific permission settings do not grant Local Activation permission for the COM Server application with CLSID 
{2593F8B9-4EAF-457C-B68A-50F6B8EA6B54}
 and APPID 
{15C20B67-12E7-4BB6-92BB-7AFF07997402}
 to the user SHOHID-PC\SHOHID SID (S-1-5-21-2091211461-3178656723-4261672445-1001) from address LocalHost (Using LRPC) running in the application container Unavailable SID (Unavailable). This security permission can be modified using the Component Services administrative tool."
Error,01-08-2022 00:16,Service Control Manager,7034,None,The ArcGIS License Manager service terminated unexpectedly.  It has done this 1 time(s).
Information,01-08-2022 00:16,Service Control Manager,7026,None,"The following boot-start or system-start driver(s) did not load: 
dam"
Information,01-08-2022 00:16,Microsoft-Windows-WMPNSS-Service,14204,None,Service 'WMPNetworkSvc' started.
Information,01-08-2022 00:16,IntelHaxm,4,None,HAXM is loaded successfully
Information,01-08-2022 00:16,vmx86,34,None,"The description for Event ID 34 from source vmx86 cannot be found. Either the component that raises this event is not installed on your local computer or the installation is corrupted. You can install or repair the component on the local computer.

If the event originated on another computer, the display information had to be saved with the event.

The following information was included with the event: 

VMX86.SYS: begin DriverEntry
"
Error,01-08-2022 00:16,Microsoft-Windows-WLAN-AutoConfig,10000,None,"WLAN Extensibility Module has failed to start.

Module Path: C:\WINDOWS\system32\Rtlihvs.dll
Error Code: 126
"
Information,01-08-2022 00:16,Microsoft-Windows-WLAN-AutoConfig,4000,None,"WLAN AutoConfig service has successfully started.
"
Information,01-08-2022 00:16,VMnetuserif,1,None,() Starting up the User Interface Driver for VMware Virtual Networks.
Information,01-08-2022 00:16,VMnetBridge,10,None,() Starting up the Bridge Driver for VMware Virtual Networks.
Information,01-08-2022 00:16,Microsoft-Windows-Winlogon,7001,-1101,User Logon Notification for Customer Experience Improvement Program
Information,01-08-2022 00:16,Microsoft-Windows-DHCPv6-Client,51046,Service State Event,DHCPv6 client service is started
Information,01-08-2022 00:16,Microsoft-Windows-Dhcp-Client,50103,Service State Event,DHCPv4 client registered for shutdown notification
Information,01-08-2022 00:16,Microsoft-Windows-Dhcp-Client,50036,Service State Event,DHCPv4 client service is started
Information,01-08-2022 00:16,Microsoft-Windows-FilterManager,6,None,"File System Filter 'storqosflt' (10.0, 2084-07-24T11:29:44.000000000Z) has successfully loaded and registered with Filter Manager."
Information,01-08-2022 00:16,Microsoft-Windows-FilterManager,6,None,"File System Filter 'CldFlt' (10.0, 2052-03-25T04:36:04.000000000Z) has successfully loaded and registered with Filter Manager."
Information,01-08-2022 00:16,Microsoft-Windows-FilterManager,1,None,"File System Filter 'CldFlt' (Version 10.0, 2052-03-25T04:36:04.000000000Z) unloaded successfully."
Information,01-08-2022 00:16,Microsoft-Windows-FilterManager,6,None,"File System Filter 'CldFlt' (10.0, 2052-03-25T04:36:04.000000000Z) has successfully loaded and registered with Filter Manager."
Information,01-08-2022 00:16,Microsoft-Windows-FilterManager,6,None,"File System Filter 'luafv' (10.0, 1987-05-06T02:17:50.000000000Z) has successfully loaded and registered with Filter Manager."
Warning,01-08-2022 00:16,Server,2511,None,"The server service was unable to recreate the share SHARMIN because the directory E:\Users\SHARMIN no longer exists.  Please run ""net share SHARMIN /delete"" to delete the share, or recreate the directory E:\Users\SHARMIN."
Information,01-08-2022 00:16,Microsoft-Windows-WAS,5211,None,The Windows Process Activation Service (WAS) started with 'Classic' mode using 'ConfigurationSystem'
Information,01-08-2022 00:16,Microsoft-Windows-FilterManager,6,None,"File System Filter 'wcifs' (10.0, 2011-08-26T04:27:29.000000000Z) has successfully loaded and registered with Filter Manager."
Information,01-08-2022 00:16,Microsoft-Windows-Directory-Services-SAM,16977,None,"The domain is configured with the following minimum password length-related settings.

MinimumPasswordLength: 0

MinimumPasswordLengthAudit: -1

For more information see https://go.microsoft.com/fwlink/?LinkId=2097191.
"
Information,01-08-2022 00:16,Microsoft-Windows-Directory-Services-SAM,16962,None,"Remote calls to the SAM database are being restricted using the default security descriptor: O:SYG:SYD:(A;;RC;;;BA).
For more information please see http://go.microsoft.com/fwlink/?LinkId=787651."
Information,01-08-2022 00:16,Microsoft-Windows-Wininit,14,None,"Credential Guard configuration: 0x0, 0"
Error,01-08-2022 00:15,Ntfs,137,-2,The default transaction resource manager on volume G: encountered a non-retryable error and could not start.  The data contains the error code.
Error,01-08-2022 00:15,disk,7,None,"The device, \Device\Harddisk0\DR0, has a bad block."
Error,01-08-2022 00:15,disk,7,None,"The device, \Device\Harddisk0\DR0, has a bad block."
Information,01-08-2022 00:15,Microsoft-Windows-Ntfs,98,None,Volume G: (\Device\HarddiskVolume2) is healthy.  No action is needed.
Information,01-08-2022 00:15,Microsoft-Windows-Ntfs,98,None,Volume D: (\Device\HarddiskVolume1) is healthy.  No action is needed.
Information,01-08-2022 00:15,Microsoft-Windows-Ntfs,98,None,Volume F: (\Device\HarddiskVolume4) is healthy.  No action is needed.
Information,01-08-2022 00:15,Microsoft-Windows-Ntfs,98,None,Volume E: (\Device\HarddiskVolume3) is healthy.  No action is needed.
Information,01-08-2022 00:15,MEIx64,2,None,Intel(R) Trusted Execution Engine Interface driver has started successfully.
Information,01-08-2022 00:15,Microsoft-Windows-Kernel-Processor-Power,55,-47,"Processor 3 in group 0 exposes the following power management capabilities:

Idle state type: ACPI Idle (C) States (3 state(s))

Performance state type: ACPI Performance (P) / Throttle (T) States
Nominal Frequency (MHz): 3700
Maximum performance percentage: 100
Minimum performance percentage: 21
Minimum throttle percentage: 21"
Information,01-08-2022 00:15,Microsoft-Windows-Kernel-Processor-Power,55,-47,"Processor 1 in group 0 exposes the following power management capabilities:

Idle state type: ACPI Idle (C) States (3 state(s))

Performance state type: ACPI Performance (P) / Throttle (T) States
Nominal Frequency (MHz): 3700
Maximum performance percentage: 100
Minimum performance percentage: 21
Minimum throttle percentage: 21"
Information,01-08-2022 00:15,Microsoft-Windows-Kernel-Processor-Power,55,-47,"Processor 2 in group 0 exposes the following power management capabilities:

Idle state type: ACPI Idle (C) States (3 state(s))

Performance state type: ACPI Performance (P) / Throttle (T) States
Nominal Frequency (MHz): 3700
Maximum performance percentage: 100
Minimum performance percentage: 21
Minimum throttle percentage: 21"
Information,01-08-2022 00:15,Microsoft-Windows-Kernel-Processor-Power,55,-47,"Processor 0 in group 0 exposes the following power management capabilities:

Idle state type: ACPI Idle (C) States (3 state(s))

Performance state type: ACPI Performance (P) / Throttle (T) States
Nominal Frequency (MHz): 3700
Maximum performance percentage: 100
Minimum performance percentage: 21
Minimum throttle percentage: 21"
Information,01-08-2022 00:15,VMnetAdapter,36,None,() Starting up the Adapter Driver for VMware Virtual Networks.
Information,01-08-2022 00:15,Microsoft-Windows-Kernel-Power,172,-203,"Connectivity state in standby: Disconnected, Reason: NIC compliance"
Critical,01-08-2022 00:15,Microsoft-Windows-Kernel-Power,41,-63,"The system has rebooted without cleanly shutting down first. This error could be caused if the system stopped responding, crashed, or lost power unexpectedly."
Information,01-08-2022 00:15,Microsoft-Windows-Ntfs,98,None,Volume \\?\Volume{fee45b76-0000-0000-0000-100000000000} (\Device\HarddiskVolume5) is healthy.  No action is needed.
Information,01-08-2022 00:15,Microsoft-Windows-FilterManager,6,None,"File System Filter 'npsvctrig' (10.0, 1977-09-12T21:19:34.000000000Z) has successfully loaded and registered with Filter Manager."
Information,01-08-2022 00:15,Microsoft-Windows-FilterManager,6,None,"File System Filter 'FileCrypt' (10.0, 2011-10-30T21:56:49.000000000Z) has successfully loaded and registered with Filter Manager."
Information,01-08-2022 00:15,Microsoft-Windows-Ntfs,98,None,Volume C: (\Device\HarddiskVolume6) is healthy.  No action is needed.
Error,01-08-2022 00:15,iaStorA,4102,None,Error log: Smart event occured on disk :X6GJEAPFS  
Information,01-08-2022 00:16,EventLog,6013,None,The system uptime is 12 seconds.
Information,01-08-2022 00:16,EventLog,6005,None,The Event log service was started.
Information,01-08-2022 00:16,EventLog,6009,None,Microsoft (R) Windows (R) 10.00. 18363 Service Pack 1 Multiprocessor Free.
Error,01-08-2022 00:16,EventLog,6008,None,The previous system shutdown at 10:37:16 PM on 1/7/2022 was unexpected.
Information,01-08-2022 00:15,Microsoft-Windows-FilterManager,6,None,"File System Filter 'WdFilter' (10.0, 2018-11-12T17:12:11.000000000Z) has successfully loaded and registered with Filter Manager."
Information,01-08-2022 00:15,Microsoft-Windows-FilterManager,6,None,"File System Filter 'Wof' (10.0, 2045-05-29T21:42:55.000000000Z) has successfully loaded and registered with Filter Manager."
Information,01-08-2022 00:15,Microsoft-Windows-FilterManager,6,None,"File System Filter 'FileInfo' (10.0, 1989-07-13T07:15:12.000000000Z) has successfully loaded and registered with Filter Manager."
Information,01-08-2022 00:15,Microsoft-Windows-Kernel-General,20,-6,"The leap second configuration has been updated.
Reason: Leap second data initialized from registry during boot
Leap seconds enabled: true
New leap second count: 0
Old leap second count: 0"
Information,01-08-2022 00:15,Microsoft-Windows-Kernel-Boot,30,-21,The firmware reported boot metrics.
Information,01-08-2022 00:15,Microsoft-Windows-Kernel-Boot,32,-58,The bootmgr spent 0 ms waiting for user input.
Information,01-08-2022 00:15,Microsoft-Windows-Kernel-Boot,18,-57,There are 0x1 boot options on this system.
Information,01-08-2022 00:15,Microsoft-Windows-Kernel-Boot,27,-33,The boot type was 0x0.
Information,01-08-2022 00:15,Microsoft-Windows-Kernel-Boot,25,-32,The boot menu policy was 0x1.
Information,01-08-2022 00:15,Microsoft-Windows-Kernel-Boot,20,-31,The last shutdown's success status was true. The last boot's success status was true.
Information,01-08-2022 00:15,Microsoft-Windows-Kernel-Boot,32,-58,The bootmgr spent 0 ms waiting for user input.
Information,01-08-2022 00:15,Microsoft-Windows-Kernel-Boot,18,-57,There are 0x1 boot options on this system.
Information,01-08-2022 00:15,Microsoft-Windows-Kernel-Boot,153,-62,Virtualization-based security (policies: 0) is disabled.
Information,01-08-2022 00:15,Microsoft-Windows-Kernel-General,12,-1,The operating system started at system time 2022-01-07T18:15:51.500000000Z.
Warning,01-07-2022 22:58,Microsoft-Windows-DNS-Client,1014,-1014,Name resolution for the name dns.msftncsi.com timed out after none of the configured DNS servers responded.
Warning,01-07-2022 22:42,Microsoft-Windows-DNS-Client,1014,-1014,Name resolution for the name dns.msftncsi.com timed out after none of the configured DNS servers responded.
Warning,01-07-2022 22:32,Microsoft-Windows-DNS-Client,1014,-1014,Name resolution for the name dns.msftncsi.com timed out after none of the configured DNS servers responded.
Warning,01-07-2022 22:32,Microsoft-Windows-DistributedCOM,10016,None,"The machine-default permission settings do not grant Local Activation permission for the COM Server application with CLSID 
{C2F03A33-21F5-47FA-B4BB-156362A2F239}
 and APPID 
{316CDED5-E4AE-4B15-9113-7055D84DCC97}
 to the user SHOHID-PC\SHOHID SID (S-1-5-21-2091211461-3178656723-4261672445-1001) from address LocalHost (Using LRPC) running in the application container Microsoft.Windows.ShellExperienceHost_10.0.18362.1171_neutral_neutral_cw5n1h2txyewy SID (S-1-15-2-155514346-2573954481-755741238-1654018636-1233331829-3075935687-2861478708). This security permission can be modified using the Component Services administrative tool."
Warning,01-07-2022 22:22,Microsoft-Windows-DistributedCOM,10016,None,"The machine-default permission settings do not grant Local Activation permission for the COM Server application with CLSID 
{0358B920-0AC7-461F-98F4-58E32CD89148}
 and APPID 
{3EB3C877-1F16-487C-9050-104DBCD66683}
 to the user NT AUTHORITY\LOCAL SERVICE SID (S-1-5-19) from address LocalHost (Using LRPC) running in the application container Unavailable SID (Unavailable). This security permission can be modified using the Component Services administrative tool."
Warning,01-07-2022 22:22,Microsoft-Windows-DistributedCOM,10016,None,"The machine-default permission settings do not grant Local Activation permission for the COM Server application with CLSID 
{0358B920-0AC7-461F-98F4-58E32CD89148}
 and APPID 
{3EB3C877-1F16-487C-9050-104DBCD66683}
 to the user NT AUTHORITY\LOCAL SERVICE SID (S-1-5-19) from address LocalHost (Using LRPC) running in the application container Unavailable SID (Unavailable). This security permission can be modified using the Component Services administrative tool."
Warning,01-07-2022 22:22,Microsoft-Windows-DistributedCOM,10016,None,"The machine-default permission settings do not grant Local Activation permission for the COM Server application with CLSID 
{0358B920-0AC7-461F-98F4-58E32CD89148}
 and APPID 
{3EB3C877-1F16-487C-9050-104DBCD66683}
 to the user NT AUTHORITY\LOCAL SERVICE SID (S-1-5-19) from address LocalHost (Using LRPC) running in the application container Unavailable SID (Unavailable). This security permission can be modified using the Component Services administrative tool."
Warning,01-07-2022 22:22,Microsoft-Windows-DistributedCOM,10016,None,"The machine-default permission settings do not grant Local Activation permission for the COM Server application with CLSID 
{0358B920-0AC7-461F-98F4-58E32CD89148}
 and APPID 
{3EB3C877-1F16-487C-9050-104DBCD66683}
 to the user NT AUTHORITY\LOCAL SERVICE SID (S-1-5-19) from address LocalHost (Using LRPC) running in the application container Unavailable SID (Unavailable). This security permission can be modified using the Component Services administrative tool."
Warning,01-07-2022 22:22,Microsoft-Windows-DistributedCOM,10016,None,"The machine-default permission settings do not grant Local Activation permission for the COM Server application with CLSID 
{C2F03A33-21F5-47FA-B4BB-156362A2F239}
 and APPID 
{316CDED5-E4AE-4B15-9113-7055D84DCC97}
 to the user SHOHID-PC\SHOHID SID (S-1-5-21-2091211461-3178656723-4261672445-1001) from address LocalHost (Using LRPC) running in the application container Microsoft.Windows.ShellExperienceHost_10.0.18362.1171_neutral_neutral_cw5n1h2txyewy SID (S-1-15-2-155514346-2573954481-755741238-1654018636-1233331829-3075935687-2861478708). This security permission can be modified using the Component Services administrative tool."
Warning,01-07-2022 22:22,Microsoft-Windows-DistributedCOM,10016,None,"The application-specific permission settings do not grant Local Activation permission for the COM Server application with CLSID 
{2593F8B9-4EAF-457C-B68A-50F6B8EA6B54}
 and APPID 
{15C20B67-12E7-4BB6-92BB-7AFF07997402}
 to the user SHOHID-PC\SHOHID SID (S-1-5-21-2091211461-3178656723-4261672445-1001) from address LocalHost (Using LRPC) running in the application container Unavailable SID (Unavailable). This security permission can be modified using the Component Services administrative tool."
Warning,01-07-2022 22:12,Microsoft-Windows-DNS-Client,1014,-1014,Name resolution for the name dns.msftncsi.com timed out after none of the configured DNS servers responded.
Warning,01-07-2022 21:58,Microsoft-Windows-DNS-Client,1014,-1014,Name resolution for the name dns.msftncsi.com timed out after none of the configured DNS servers responded.
Warning,01-07-2022 21:46,Microsoft-Windows-DNS-Client,1014,-1014,Name resolution for the name dns.msftncsi.com timed out after none of the configured DNS servers responded.
Warning,01-07-2022 21:27,Microsoft-Windows-DNS-Client,1014,-1014,Name resolution for the name dns.msftncsi.com timed out after none of the configured DNS servers responded.
Warning,01-07-2022 21:12,Microsoft-Windows-DNS-Client,1014,-1014,Name resolution for the name dns.msftncsi.com timed out after none of the configured DNS servers responded.
Warning,01-07-2022 20:57,Microsoft-Windows-DNS-Client,1014,-1014,Name resolution for the name dns.msftncsi.com timed out after none of the configured DNS servers responded.
Information,01-07-2022 20:57,Microsoft-Windows-Kernel-General,16,None,The access history in hive \??\C:\ProgramData\Microsoft\Provisioning\Microsoft-Desktop-Provisioning-Sequence.dat was cleared updating 0 keys and creating 0 modified pages.
Warning,01-07-2022 20:45,Microsoft-Windows-DistributedCOM,10016,None,"The application-specific permission settings do not grant Local Activation permission for the COM Server application with CLSID 
{2593F8B9-4EAF-457C-B68A-50F6B8EA6B54}
 and APPID 
{15C20B67-12E7-4BB6-92BB-7AFF07997402}
 to the user SHOHID-PC\SHOHID SID (S-1-5-21-2091211461-3178656723-4261672445-1001) from address LocalHost (Using LRPC) running in the application container Unavailable SID (Unavailable). This security permission can be modified using the Component Services administrative tool."
Warning,01-07-2022 20:42,Microsoft-Windows-DNS-Client,1014,-1014,Name resolution for the name dns.msftncsi.com timed out after none of the configured DNS servers responded.
Warning,01-07-2022 20:27,Microsoft-Windows-DNS-Client,1014,-1014,Name resolution for the name dns.msftncsi.com timed out after none of the configured DNS servers responded.
Error,01-07-2022 20:27,Microsoft-Windows-DistributedCOM,10010,None,The server Microsoft.SkypeApp_15.79.95.0_x86__kzf8qxf38zg5c!App.AppXtwmqn4em5r5dpafgj4t4yyxgjfe0hr50.mca did not register with DCOM within the required timeout.
Warning,01-07-2022 20:12,Microsoft-Windows-DNS-Client,1014,-1014,Name resolution for the name dns.msftncsi.com timed out after none of the configured DNS servers responded.
Warning,01-07-2022 20:00,Microsoft-Windows-DNS-Client,1014,-1014,Name resolution for the name dns.msftncsi.com timed out after none of the configured DNS servers responded.
Warning,01-07-2022 19:59,Microsoft-Windows-DistributedCOM,10016,None,"The application-specific permission settings do not grant Local Activation permission for the COM Server application with CLSID 
{2593F8B9-4EAF-457C-B68A-50F6B8EA6B54}
 and APPID 
{15C20B67-12E7-4BB6-92BB-7AFF07997402}
 to the user SHOHID-PC\SHOHID SID (S-1-5-21-2091211461-3178656723-4261672445-1001) from address LocalHost (Using LRPC) running in the application container Unavailable SID (Unavailable). This security permission can be modified using the Component Services administrative tool."
Warning,01-07-2022 19:42,Microsoft-Windows-DNS-Client,1014,-1014,Name resolution for the name dns.msftncsi.com timed out after none of the configured DNS servers responded.
Warning,01-07-2022 19:28,Microsoft-Windows-DNS-Client,1014,-1014,Name resolution for the name dns.msftncsi.com timed out after none of the configured DNS servers responded.
Warning,01-07-2022 19:12,Microsoft-Windows-DNS-Client,1014,-1014,Name resolution for the name dns.msftncsi.com timed out after none of the configured DNS servers responded.
Warning,01-07-2022 18:58,Microsoft-Windows-DNS-Client,1014,-1014,Name resolution for the name dns.msftncsi.com timed out after none of the configured DNS servers responded.
Warning,01-07-2022 18:57,disk,52,None,The driver has detected that device \Device\Harddisk0\DR0 has predicted that it will fail. Immediately back up your data and replace your hard disk drive. A failure may be imminent.
Warning,01-07-2022 18:42,Microsoft-Windows-DNS-Client,1014,-1014,Name resolution for the name dns.msftncsi.com timed out after none of the configured DNS servers responded.
Warning,01-07-2022 18:27,Microsoft-Windows-DNS-Client,1014,-1014,Name resolution for the name dns.msftncsi.com timed out after none of the configured DNS servers responded.
Information,01-07-2022 18:27,Microsoft-Windows-FilterManager,6,None,"File System Filter 'bindflt' (10.0, 2067-08-24T02:59:11.000000000Z) has successfully loaded and registered with Filter Manager."
Warning,01-07-2022 18:14,Microsoft-Windows-DNS-Client,1014,-1014,Name resolution for the name dns.msftncsi.com timed out after none of the configured DNS servers responded.
Warning,01-07-2022 18:01,Microsoft-Windows-DNS-Client,1014,-1014,Name resolution for the name dns.msftncsi.com timed out after none of the configured DNS servers responded.
Warning,01-07-2022 18:00,Microsoft-Windows-DistributedCOM,10016,None,"The machine-default permission settings do not grant Local Activation permission for the COM Server application with CLSID 
{C2F03A33-21F5-47FA-B4BB-156362A2F239}
 and APPID 
{316CDED5-E4AE-4B15-9113-7055D84DCC97}
 to the user SHOHID-PC\SHOHID SID (S-1-5-21-2091211461-3178656723-4261672445-1001) from address LocalHost (Using LRPC) running in the application container Microsoft.Windows.ShellExperienceHost_10.0.18362.1171_neutral_neutral_cw5n1h2txyewy SID (S-1-15-2-155514346-2573954481-755741238-1654018636-1233331829-3075935687-2861478708). This security permission can be modified using the Component Services administrative tool."
Warning,01-07-2022 17:59,Microsoft-Windows-DistributedCOM,10016,None,"The application-specific permission settings do not grant Local Launch permission for the COM Server application with CLSID 
Windows.SecurityCenter.SecurityAppBroker
 and APPID 
Unavailable
 to the user NT AUTHORITY\SYSTEM SID (S-1-5-18) from address LocalHost (Using LRPC) running in the application container Unavailable SID (Unavailable). This security permission can be modified using the Component Services administrative tool."
Warning,01-07-2022 17:59,Microsoft-Windows-DistributedCOM,10016,None,"The application-specific permission settings do not grant Local Launch permission for the COM Server application with CLSID 
Windows.SecurityCenter.WscDataProtection
 and APPID 
Unavailable
 to the user NT AUTHORITY\SYSTEM SID (S-1-5-18) from address LocalHost (Using LRPC) running in the application container Unavailable SID (Unavailable). This security permission can be modified using the Component Services administrative tool."
Warning,01-07-2022 17:59,Microsoft-Windows-DistributedCOM,10016,None,"The application-specific permission settings do not grant Local Launch permission for the COM Server application with CLSID 
Windows.SecurityCenter.WscBrokerManager
 and APPID 
Unavailable
 to the user NT AUTHORITY\SYSTEM SID (S-1-5-18) from address LocalHost (Using LRPC) running in the application container Unavailable SID (Unavailable). This security permission can be modified using the Component Services administrative tool."
Information,01-07-2022 17:59,Microsoft-Windows-Kernel-General,16,None,The access history in hive \??\C:\Users\MSSQLFDLauncher\AppData\Local\Microsoft\Windows\UsrClass.dat was cleared updating 5 keys and creating 1 modified pages.
Information,01-07-2022 17:59,Microsoft-Windows-Kernel-General,16,None,The access history in hive \??\C:\Users\MSSQLFDLauncher\ntuser.dat was cleared updating 88 keys and creating 21 modified pages.
Information,01-07-2022 17:59,Microsoft-Windows-Kernel-General,16,None,The access history in hive \??\C:\Users\MSSQLSERVER\AppData\Local\Microsoft\Windows\UsrClass.dat was cleared updating 8 keys and creating 1 modified pages.
Information,01-07-2022 17:59,Microsoft-Windows-Kernel-General,16,None,The access history in hive \??\C:\Users\MSSQLFDLauncher$MSSQLSERVER14\AppData\Local\Microsoft\Windows\UsrClass.dat was cleared updating 5 keys and creating 1 modified pages.
Information,01-07-2022 17:59,Microsoft-Windows-Kernel-General,16,None,The access history in hive \??\C:\Users\MSSQLSERVER\ntuser.dat was cleared updating 113 keys and creating 22 modified pages.
Information,01-07-2022 17:59,Microsoft-Windows-Kernel-General,16,None,The access history in hive \??\C:\Users\MSSQLFDLauncher$MSSQLSERVER14\ntuser.dat was cleared updating 88 keys and creating 22 modified pages.
Information,01-07-2022 17:59,Microsoft-Windows-Kernel-General,16,None,The access history in hive \??\C:\Users\MSSQL$MSSQLSERVER14\AppData\Local\Microsoft\Windows\UsrClass.dat was cleared updating 9 keys and creating 1 modified pages.
Information,01-07-2022 17:59,Microsoft-Windows-Kernel-General,16,None,The access history in hive \??\C:\Users\MSSQL$MSSQLSERVER14\ntuser.dat was cleared updating 132 keys and creating 26 modified pages.
Information,01-07-2022 17:59,Microsoft-Windows-Kernel-General,16,None,The access history in hive \??\C:\WINDOWS\ServiceProfiles\NetworkService\AppData\Local\Microsoft\Windows\DeliveryOptimization\State\dosvcState.dat was cleared updating 21 keys and creating 6 modified pages.
Error,01-07-2022 17:59,Microsoft-Windows-DistributedCOM,10010,None,The server Microsoft.SkypeApp_15.79.95.0_x86__kzf8qxf38zg5c!App.AppXtwmqn4em5r5dpafgj4t4yyxgjfe0hr50.mca did not register with DCOM within the required timeout.
Warning,01-07-2022 17:58,Microsoft-Windows-DistributedCOM,10016,None,"The machine-default permission settings do not grant Local Activation permission for the COM Server application with CLSID 
{C2F03A33-21F5-47FA-B4BB-156362A2F239}
 and APPID 
{316CDED5-E4AE-4B15-9113-7055D84DCC97}
 to the user SHOHID-PC\SHOHID SID (S-1-5-21-2091211461-3178656723-4261672445-1001) from address LocalHost (Using LRPC) running in the application container Microsoft.Windows.ShellExperienceHost_10.0.18362.1171_neutral_neutral_cw5n1h2txyewy SID (S-1-15-2-155514346-2573954481-755741238-1654018636-1233331829-3075935687-2861478708). This security permission can be modified using the Component Services administrative tool."
Error,01-07-2022 17:57,Microsoft-Windows-DistributedCOM,10010,None,The server Microsoft.SkypeApp_15.79.95.0_x86__kzf8qxf38zg5c!App.AppXtwmqn4em5r5dpafgj4t4yyxgjfe0hr50.mca did not register with DCOM within the required timeout.
Error,01-07-2022 17:57,Service Control Manager,7034,None,The ArcGIS License Manager service terminated unexpectedly.  It has done this 1 time(s).
Information,01-07-2022 17:57,Microsoft-Windows-Kernel-General,16,None,The access history in hive \??\C:\WINDOWS\AppCompat\Programs\Amcache.hve was cleared updating 6756 keys and creating 2825 modified pages.
Information,01-07-2022 17:57,Service Control Manager,7026,None,"The following boot-start or system-start driver(s) did not load: 
dam"
Information,01-07-2022 17:57,Microsoft-Windows-WMPNSS-Service,14204,None,Service 'WMPNetworkSvc' started.
Information,01-07-2022 17:57,Microsoft-Windows-Kernel-General,16,None,The access history in hive \??\C:\WINDOWS\ServiceProfiles\MSSQL$MSSQLSERVER01\AppData\Local\Microsoft\Windows\UsrClass.dat was cleared updating 7 keys and creating 1 modified pages.
Information,01-07-2022 17:57,Microsoft-Windows-Kernel-General,16,None,The access history in hive \??\C:\WINDOWS\ServiceProfiles\SQLTELEMETRY$MSSQLSERVER01\AppData\Local\Microsoft\Windows\UsrClass.dat was cleared updating 7 keys and creating 1 modified pages.
Information,01-07-2022 17:57,Microsoft-Windows-Kernel-General,16,None,The access history in hive \??\C:\WINDOWS\ServiceProfiles\SQLTELEMETRY$MSSQLSERVER01\ntuser.dat was cleared updating 52 keys and creating 16 modified pages.
Information,01-07-2022 17:57,Microsoft-Windows-Kernel-General,16,None,The access history in hive \??\C:\WINDOWS\ServiceProfiles\MSSQL$MSSQLSERVER01\ntuser.dat was cleared updating 78 keys and creating 18 modified pages.
Information,01-07-2022 17:57,IntelHaxm,4,None,HAXM is loaded successfully
Information,01-07-2022 17:57,vmx86,34,None,"The description for Event ID 34 from source vmx86 cannot be found. Either the component that raises this event is not installed on your local computer or the installation is corrupted. You can install or repair the component on the local computer.

If the event originated on another computer, the display information had to be saved with the event.

The following information was included with the event: 

VMX86.SYS: begin DriverEntry
"
Warning,01-07-2022 17:57,Server,2511,None,"The server service was unable to recreate the share SHARMIN because the directory E:\Users\SHARMIN no longer exists.  Please run ""net share SHARMIN /delete"" to delete the share, or recreate the directory E:\Users\SHARMIN."
Information,01-07-2022 17:57,Microsoft-Windows-WAS,5211,None,The Windows Process Activation Service (WAS) started with 'Classic' mode using 'ConfigurationSystem'
Error,01-07-2022 17:57,Microsoft-Windows-WLAN-AutoConfig,10000,None,"WLAN Extensibility Module has failed to start.

Module Path: C:\WINDOWS\system32\Rtlihvs.dll
Error Code: 126
"
Information,01-07-2022 17:57,Microsoft-Windows-WLAN-AutoConfig,4000,None,"WLAN AutoConfig service has successfully started.
"
Information,01-07-2022 17:57,VMnetuserif,1,None,() Starting up the User Interface Driver for VMware Virtual Networks.
Information,01-07-2022 17:57,VMnetBridge,10,None,() Starting up the Bridge Driver for VMware Virtual Networks.
Information,01-07-2022 17:57,Microsoft-Windows-Winlogon,7001,-1101,User Logon Notification for Customer Experience Improvement Program
Information,01-07-2022 17:57,Microsoft-Windows-DHCPv6-Client,51046,Service State Event,DHCPv6 client service is started
Information,01-07-2022 17:57,Microsoft-Windows-Dhcp-Client,50103,Service State Event,DHCPv4 client registered for shutdown notification
Information,01-07-2022 17:57,Microsoft-Windows-Dhcp-Client,50036,Service State Event,DHCPv4 client service is started
Information,01-07-2022 17:57,Microsoft-Windows-FilterManager,6,None,"File System Filter 'storqosflt' (10.0, 2084-07-24T11:29:44.000000000Z) has successfully loaded and registered with Filter Manager."
Information,01-07-2022 17:57,Microsoft-Windows-FilterManager,6,None,"File System Filter 'CldFlt' (10.0, 2052-03-25T04:36:04.000000000Z) has successfully loaded and registered with Filter Manager."
Information,01-07-2022 17:57,Microsoft-Windows-FilterManager,1,None,"File System Filter 'CldFlt' (Version 10.0, 2052-03-25T04:36:04.000000000Z) unloaded successfully."
Information,01-07-2022 17:57,Microsoft-Windows-FilterManager,6,None,"File System Filter 'CldFlt' (10.0, 2052-03-25T04:36:04.000000000Z) has successfully loaded and registered with Filter Manager."
Information,01-07-2022 17:57,Microsoft-Windows-FilterManager,6,None,"File System Filter 'luafv' (10.0, 1987-05-06T02:17:50.000000000Z) has successfully loaded and registered with Filter Manager."
Information,01-07-2022 17:57,Microsoft-Windows-Kernel-General,16,None,The access history in hive \SystemRoot\System32\Config\bbimigrate\BBI was cleared updating 1 keys and creating 1 modified pages.
Information,01-07-2022 17:57,Microsoft-Windows-FilterManager,6,None,"File System Filter 'wcifs' (10.0, 2011-08-26T04:27:29.000000000Z) has successfully loaded and registered with Filter Manager."
Information,01-07-2022 17:57,Microsoft-Windows-Kernel-General,16,None,The access history in hive \??\C:\WINDOWS\ServiceProfiles\LocalService\NTUSER.DAT was cleared updating 130 keys and creating 22 modified pages.
Information,01-07-2022 17:57,Microsoft-Windows-Kernel-General,16,None,The access history in hive \SystemRoot\System32\Config\BBI was cleared updating 450 keys and creating 87 modified pages.
Information,01-07-2022 17:57,Microsoft-Windows-Kernel-General,16,None,The access history in hive \??\C:\WINDOWS\ServiceProfiles\NetworkService\NTUSER.DAT was cleared updating 124 keys and creating 21 modified pages.
Information,01-07-2022 17:57,Microsoft-Windows-Directory-Services-SAM,16977,None,"The domain is configured with the following minimum password length-related settings.

MinimumPasswordLength: 0

MinimumPasswordLengthAudit: -1

For more information see https://go.microsoft.com/fwlink/?LinkId=2097191.
"
Information,01-07-2022 17:57,Microsoft-Windows-Directory-Services-SAM,16962,None,"Remote calls to the SAM database are being restricted using the default security descriptor: O:SYG:SYD:(A;;RC;;;BA).
For more information please see http://go.microsoft.com/fwlink/?LinkId=787651."
Information,01-07-2022 17:57,Microsoft-Windows-Wininit,14,None,"Credential Guard configuration: 0x0, 0"
Information,01-07-2022 17:57,Microsoft-Windows-Kernel-General,16,None,The access history in hive \SystemRoot\System32\Config\SAM was cleared updating 93 keys and creating 10 modified pages.
Information,01-07-2022 17:57,Microsoft-Windows-Kernel-General,16,None,The access history in hive \SystemRoot\System32\Config\SECURITY was cleared updating 261 keys and creating 17 modified pages.
Information,01-07-2022 17:57,Microsoft-Windows-Kernel-General,15,None,Hive \SystemRoot\System32\Config\DEFAULT was reorganized with a starting size of 12521472 bytes and an ending size of 12345344 bytes.
Information,01-07-2022 17:57,Microsoft-Windows-Kernel-General,15,None,Hive \SystemRoot\System32\Config\SOFTWARE was reorganized with a starting size of 270151680 bytes and an ending size of 247078912 bytes.
Error,01-07-2022 17:57,Ntfs,137,-2,The default transaction resource manager on volume G: encountered a non-retryable error and could not start.  The data contains the error code.
Error,01-07-2022 17:57,disk,7,None,"The device, \Device\Harddisk0\DR0, has a bad block."
Error,01-07-2022 17:57,disk,7,None,"The device, \Device\Harddisk0\DR0, has a bad block."
Information,01-07-2022 17:57,Microsoft-Windows-Ntfs,98,None,Volume G: (\Device\HarddiskVolume2) is healthy.  No action is needed.
Information,01-07-2022 17:57,Microsoft-Windows-Ntfs,98,None,Volume D: (\Device\HarddiskVolume1) is healthy.  No action is needed.
Information,01-07-2022 17:57,Microsoft-Windows-Ntfs,98,None,Volume F: (\Device\HarddiskVolume4) is healthy.  No action is needed.
Information,01-07-2022 17:56,Microsoft-Windows-Ntfs,98,None,Volume E: (\Device\HarddiskVolume3) is healthy.  No action is needed.
Information,01-07-2022 17:56,MEIx64,2,None,Intel(R) Trusted Execution Engine Interface driver has started successfully.
Information,01-07-2022 17:56,Microsoft-Windows-Kernel-Processor-Power,55,-47,"Processor 3 in group 0 exposes the following power management capabilities:

Idle state type: ACPI Idle (C) States (3 state(s))

Performance state type: ACPI Performance (P) / Throttle (T) States
Nominal Frequency (MHz): 3700
Maximum performance percentage: 100
Minimum performance percentage: 21
Minimum throttle percentage: 21"
Information,01-07-2022 17:56,Microsoft-Windows-Kernel-Processor-Power,55,-47,"Processor 1 in group 0 exposes the following power management capabilities:

Idle state type: ACPI Idle (C) States (3 state(s))

Performance state type: ACPI Performance (P) / Throttle (T) States
Nominal Frequency (MHz): 3700
Maximum performance percentage: 100
Minimum performance percentage: 21
Minimum throttle percentage: 21"
Information,01-07-2022 17:56,Microsoft-Windows-Kernel-Processor-Power,55,-47,"Processor 2 in group 0 exposes the following power management capabilities:

Idle state type: ACPI Idle (C) States (3 state(s))

Performance state type: ACPI Performance (P) / Throttle (T) States
Nominal Frequency (MHz): 3700
Maximum performance percentage: 100
Minimum performance percentage: 21
Minimum throttle percentage: 21"
Information,01-07-2022 17:56,Microsoft-Windows-Kernel-Processor-Power,55,-47,"Processor 0 in group 0 exposes the following power management capabilities:

Idle state type: ACPI Idle (C) States (3 state(s))

Performance state type: ACPI Performance (P) / Throttle (T) States
Nominal Frequency (MHz): 3700
Maximum performance percentage: 100
Minimum performance percentage: 21
Minimum throttle percentage: 21"
Information,01-07-2022 17:56,VMnetAdapter,36,None,() Starting up the Adapter Driver for VMware Virtual Networks.
Information,01-07-2022 17:56,Microsoft-Windows-Kernel-Power,172,-203,"Connectivity state in standby: Disconnected, Reason: NIC compliance"
Information,01-07-2022 17:56,Microsoft-Windows-Ntfs,98,None,Volume \\?\Volume{fee45b76-0000-0000-0000-100000000000} (\Device\HarddiskVolume5) is healthy.  No action is needed.
Information,01-07-2022 17:56,Microsoft-Windows-FilterManager,6,None,"File System Filter 'npsvctrig' (10.0, 1977-09-12T21:19:34.000000000Z) has successfully loaded and registered with Filter Manager."
Information,01-07-2022 17:56,Microsoft-Windows-FilterManager,6,None,"File System Filter 'FileCrypt' (10.0, 2011-10-30T21:56:49.000000000Z) has successfully loaded and registered with Filter Manager."
