Information,01-07-2022 17:56,Microsoft-Windows-Ntfs,98,None,Volume C: (\Device\HarddiskVolume6) is healthy.  No action is needed.
Error,01-07-2022 17:56,iaStorA,4102,None,Error log: Smart event occured on disk :X6GJEAPFS  
Information,01-07-2022 17:56,Microsoft-Windows-FilterManager,6,None,"File System Filter 'WdFilter' (10.0, 2018-11-12T17:12:11.000000000Z) has successfully loaded and registered with Filter Manager."
Information,01-07-2022 17:56,Microsoft-Windows-FilterManager,6,None,"File System Filter 'Wof' (10.0, 2045-05-29T21:42:55.000000000Z) has successfully loaded and registered with Filter Manager."
Information,01-07-2022 17:56,Microsoft-Windows-FilterManager,6,None,"File System Filter 'FileInfo' (10.0, 1989-07-13T07:15:12.000000000Z) has successfully loaded and registered with Filter Manager."
Information,01-07-2022 17:56,Microsoft-Windows-Kernel-General,20,-6,"The leap second configuration has been updated.
Reason: Leap second data initialized from registry during boot
Leap seconds enabled: true
New leap second count: 0
Old leap second count: 0"
Information,01-07-2022 17:56,Microsoft-Windows-Kernel-Boot,30,-21,The firmware reported boot metrics.
Information,01-07-2022 17:56,Microsoft-Windows-Kernel-Boot,32,-58,The bootmgr spent 0 ms waiting for user input.
Information,01-07-2022 17:56,Microsoft-Windows-Kernel-Boot,18,-57,There are 0x1 boot options on this system.
Information,01-07-2022 17:56,Microsoft-Windows-Kernel-Boot,27,-33,The boot type was 0x0.
Information,01-07-2022 17:56,Microsoft-Windows-Kernel-Boot,25,-32,The boot menu policy was 0x1.
Information,01-07-2022 17:56,Microsoft-Windows-Kernel-Boot,20,-31,The last shutdown's success status was true. The last boot's success status was true.
Information,01-07-2022 17:56,Microsoft-Windows-Kernel-Boot,153,-62,Virtualization-based security (policies: 0) is disabled.
Information,01-07-2022 17:56,Microsoft-Windows-Kernel-General,12,-1,The operating system started at system time 2022-01-07T11:56:54.500000000Z.
Information,01-07-2022 17:56,Microsoft-Windows-Kernel-General,13,-2,The operating system is shutting down at system time 2022-01-07T11:56:43.742633900Z.
Information,01-07-2022 17:56,Microsoft-Windows-Kernel-Power,109,-103,"The kernel power manager has initiated a shutdown transition.

Shutdown Reason: Kernel API"
Information,01-07-2022 17:56,Microsoft-Windows-WLAN-AutoConfig,4001,None,"WLAN AutoConfig service has successfully stopped.
"
Information,01-07-2022 17:57,EventLog,6013,None,The system uptime is 22 seconds.
Information,01-07-2022 17:57,EventLog,6005,None,The Event log service was started.
Information,01-07-2022 17:57,EventLog,6009,None,Microsoft (R) Windows (R) 10.00. 18363 Service Pack 1 Multiprocessor Free.
Information,01-07-2022 17:56,Microsoft-Windows-Dhcp-Client,50037,Service State Event,DHCPv4 client service is stopped. ShutDown Flag value is 1
Information,01-07-2022 17:56,Microsoft-Windows-Dhcp-Client,50106,Service State Event,DHCPv4 is waiting on DHCPv6 service to stop
Information,01-07-2022 17:56,Microsoft-Windows-DHCPv6-Client,51057,Service State Event,DHCPv6 client service stop is almost done.DHCP Context Ref count is 1
Information,01-07-2022 17:56,Microsoft-Windows-DHCPv6-Client,51057,Service State Event,DHCPv6 client service stop is almost done.DHCP Context Ref count is 1
Information,01-07-2022 17:56,Microsoft-Windows-DHCPv6-Client,51047,Service State Event,DHCPv6 client service is stopped. ShutDown Flag value is 1
Information,01-07-2022 17:56,Microsoft-Windows-Dhcp-Client,50105,Service State Event,DHCPv4 client ProcessDHCPRequestForever received TERMINATE_EVENT
Information,01-07-2022 17:56,Microsoft-Windows-Dhcp-Client,50104,Service State Event,DHCPv4 client received shutdown notification
Information,01-07-2022 17:56,EventLog,6006,None,The Event log service was stopped.
Information,01-07-2022 17:56,Microsoft-Windows-Winlogon,7002,-1102,User Logoff Notification for Customer Experience Improvement Program
Information,01-07-2022 16:18,Microsoft-Windows-Time-Service,158,None,The time provider 'VMICTimeProvider' has indicated that the current hardware and operating environment is not supported and has stopped. This behavior is expected for VMICTimeProvider on non-HyperV-guest environments. This may be the expected behavior for the current provider in the current operating environment as well.
Information,01-07-2022 16:08,Microsoft-Windows-Kernel-General,16,None,The access history in hive \??\C:\Users\SHOHID\AppData\Local\Packages\microsoft.windows.cortana_cw5n1h2txyewy\AC\GEH\POF.dat was cleared updating 5 keys and creating 1 modified pages.
Information,01-07-2022 16:01,Microsoft-Windows-Time-Service,158,None,The time provider 'VMICTimeProvider' has indicated that the current hardware and operating environment is not supported and has stopped. This behavior is expected for VMICTimeProvider on non-HyperV-guest environments. This may be the expected behavior for the current provider in the current operating environment as well.
Information,01-07-2022 15:44,Microsoft-Windows-Time-Service,158,None,The time provider 'VMICTimeProvider' has indicated that the current hardware and operating environment is not supported and has stopped. This behavior is expected for VMICTimeProvider on non-HyperV-guest environments. This may be the expected behavior for the current provider in the current operating environment as well.
Information,01-07-2022 15:27,Microsoft-Windows-Time-Service,158,None,The time provider 'VMICTimeProvider' has indicated that the current hardware and operating environment is not supported and has stopped. This behavior is expected for VMICTimeProvider on non-HyperV-guest environments. This may be the expected behavior for the current provider in the current operating environment as well.
Information,01-07-2022 15:10,Microsoft-Windows-Time-Service,158,None,The time provider 'VMICTimeProvider' has indicated that the current hardware and operating environment is not supported and has stopped. This behavior is expected for VMICTimeProvider on non-HyperV-guest environments. This may be the expected behavior for the current provider in the current operating environment as well.
Information,01-07-2022 12:00,EventLog,6013,None,The system uptime is 2666966 seconds.
Information,01-07-2022 11:17,Microsoft-Windows-Kernel-General,16,None,The access history in hive \??\C:\Users\SHOHID\AppData\Local\Packages\Microsoft.Windows.ContentDeliveryManager_cw5n1h2txyewy\Settings\settings.dat was cleared updating 2101 keys and creating 156 modified pages.
Warning,01-07-2022 10:16,Microsoft-Windows-DNS-Client,1014,-1014,Name resolution for the name ipv4only.arpa. timed out after none of the configured DNS servers responded.
Warning,01-07-2022 10:11,Microsoft-Windows-DistributedCOM,10016,None,"The application-specific permission settings do not grant Local Activation permission for the COM Server application with CLSID 
{2593F8B9-4EAF-457C-B68A-50F6B8EA6B54}
 and APPID 
{15C20B67-12E7-4BB6-92BB-7AFF07997402}
 to the user SHOHID-PC\SHOHID SID (S-1-5-21-2091211461-3178656723-4261672445-1001) from address LocalHost (Using LRPC) running in the application container Unavailable SID (Unavailable). This security permission can be modified using the Component Services administrative tool."
Warning,01-07-2022 10:10,Microsoft-Windows-DistributedCOM,10016,None,"The application-specific permission settings do not grant Local Activation permission for the COM Server application with CLSID 
{2593F8B9-4EAF-457C-B68A-50F6B8EA6B54}
 and APPID 
{15C20B67-12E7-4BB6-92BB-7AFF07997402}
 to the user SHOHID-PC\SHOHID SID (S-1-5-21-2091211461-3178656723-4261672445-1001) from address LocalHost (Using LRPC) running in the application container Microsoft.SkypeApp_15.79.95.0_x86__kzf8qxf38zg5c SID (Unavailable). This security permission can be modified using the Component Services administrative tool."
Information,01-07-2022 09:02,Microsoft-Windows-Kernel-General,16,None,The access history in hive \??\C:\Users\SHOHID\AppData\Local\Microsoft\VisualStudio\16.0_197f77be\privateregistry.bin was cleared updating 3582 keys and creating 471 modified pages.
Information,01-07-2022 08:54,Microsoft-Windows-Kernel-General,16,None,The access history in hive \??\C:\ProgramData\Microsoft\Provisioning\Microsoft-Desktop-Provisioning-Sequence.dat was cleared updating 0 keys and creating 0 modified pages.
Information,01-07-2022 08:39,Microsoft-Windows-WindowsUpdateClient,19,Windows Update Agent,Installation Successful: Windows successfully installed the following update: Security Intelligence Update for Microsoft Defender Antivirus - KB2267602 (Version 1.355.1538.0)
Information,01-07-2022 08:38,Microsoft-Windows-WindowsUpdateClient,43,Windows Update Agent,Installation Started: Windows has started installing the following update: Security Intelligence Update for Microsoft Defender Antivirus - KB2267602 (Version 1.355.1538.0)
Information,01-07-2022 08:38,Microsoft-Windows-WindowsUpdateClient,44,Windows Update Agent,Windows Update started downloading an update.
Error,01-07-2022 08:36,Microsoft-Windows-DistributedCOM,10010,None,The server Microsoft.SkypeApp_15.79.95.0_x86__kzf8qxf38zg5c!App.AppXtwmqn4em5r5dpafgj4t4yyxgjfe0hr50.mca did not register with DCOM within the required timeout.
Error,01-07-2022 08:34,Microsoft-Windows-DistributedCOM,10010,None,The server Microsoft.SkypeApp_15.79.95.0_x86__kzf8qxf38zg5c!App.AppXtwmqn4em5r5dpafgj4t4yyxgjfe0hr50.mca did not register with DCOM within the required timeout.
Warning,01-07-2022 08:34,Microsoft-Windows-DistributedCOM,10016,None,"The application-specific permission settings do not grant Local Activation permission for the COM Server application with CLSID 
{2593F8B9-4EAF-457C-B68A-50F6B8EA6B54}
 and APPID 
{15C20B67-12E7-4BB6-92BB-7AFF07997402}
 to the user SHOHID-PC\SHOHID SID (S-1-5-21-2091211461-3178656723-4261672445-1001) from address LocalHost (Using LRPC) running in the application container Unavailable SID (Unavailable). This security permission can be modified using the Component Services administrative tool."
Information,01-07-2022 08:34,Microsoft-Windows-Power-Troubleshooter,1,None,"The system has returned from a low power state.

Sleep Time: 2022-01-06T19:49:32.002573800Z
Wake Time: 2022-01-07T02:34:21.546686200Z

Wake Source: Unknown"
Information,01-07-2022 08:34,Microsoft-Windows-Winlogon,7001,-1101,User Logon Notification for Customer Experience Improvement Program
Information,01-07-2022 08:34,Microsoft-Windows-Kernel-Boot,32,-58,The bootmgr spent 0 ms waiting for user input.
Information,01-07-2022 08:34,Microsoft-Windows-Kernel-Boot,18,-57,There are 0x1 boot options on this system.
Information,01-07-2022 08:34,Microsoft-Windows-Kernel-Boot,27,-33,The boot type was 0x1.
Information,01-07-2022 08:34,Microsoft-Windows-Kernel-Boot,25,-32,The boot menu policy was 0x1.
Information,01-07-2022 08:34,Microsoft-Windows-Kernel-Boot,30,-21,The firmware reported boot metrics.
Error,01-07-2022 08:34,iaStorA,4102,None,Error log: Smart event occured on disk :X6GJEAPFS  
Information,01-07-2022 08:34,Microsoft-Windows-Kernel-General,1,-5,"The system time has changed to 2022-01-07T02:34:20.500000000Z from 2022-01-06T19:49:35.254843500Z.

Change Reason: System time synchronized with the hardware clock.
Process: '' (PID 4)."
Information,01-07-2022 01:49,Microsoft-Windows-Kernel-Power,107,-102,The system has resumed from sleep.
Information,01-07-2022 01:49,Microsoft-Windows-Kernel-Power,42,-64,"The system is entering sleep.

Sleep Reason: Application API"
Information,01-07-2022 01:49,Microsoft-Windows-Kernel-Power,187,-243,User-mode process attempted to change the system state by calling SetSuspendState or SetSystemPowerState APIs.
Information,01-07-2022 01:49,Microsoft-Windows-Winlogon,7002,-1102,User Logoff Notification for Customer Experience Improvement Program
Warning,01-07-2022 00:45,Microsoft-Windows-DNS-Client,1014,-1014,Name resolution for the name d27xxe7juh1us6.cloudfront.net timed out after none of the configured DNS servers responded.
Information,01-07-2022 00:30,Microsoft-Windows-Kernel-General,16,None,The access history in hive \??\C:\Users\SHOHID\AppData\Local\Packages\appleinc.itunes_nzyj5cx40ttqa\Settings\settings.dat was cleared updating 2 keys and creating 1 modified pages.
Information,01-07-2022 00:30,Volsnap,33,None,The oldest shadow copy of volume C: was deleted to keep disk space usage for shadow copies of volume C: below the user defined limit.
Information,01-06-2022 22:22,Microsoft-Windows-WindowsUpdateClient,19,Windows Update Agent,Installation Successful: Windows successfully installed the following update: Security Intelligence Update for Microsoft Defender Antivirus - KB2267602 (Version 1.355.1499.0)
Information,01-06-2022 22:22,Microsoft-Windows-WindowsUpdateClient,43,Windows Update Agent,Installation Started: Windows has started installing the following update: Security Intelligence Update for Microsoft Defender Antivirus - KB2267602 (Version 1.355.1499.0)
Information,01-06-2022 22:22,Microsoft-Windows-WindowsUpdateClient,44,Windows Update Agent,Windows Update started downloading an update.
Warning,01-06-2022 21:10,Microsoft-Windows-DistributedCOM,10016,None,"The application-specific permission settings do not grant Local Activation permission for the COM Server application with CLSID 
{2593F8B9-4EAF-457C-B68A-50F6B8EA6B54}
 and APPID 
{15C20B67-12E7-4BB6-92BB-7AFF07997402}
 to the user SHOHID-PC\SHOHID SID (S-1-5-21-2091211461-3178656723-4261672445-1001) from address LocalHost (Using LRPC) running in the application container Microsoft.SkypeApp_15.79.95.0_x86__kzf8qxf38zg5c SID (Unavailable). This security permission can be modified using the Component Services administrative tool."
Error,01-06-2022 20:22,Microsoft-Windows-DistributedCOM,10010,None,The server Microsoft.SkypeApp_15.79.95.0_x86__kzf8qxf38zg5c!App.AppXtwmqn4em5r5dpafgj4t4yyxgjfe0hr50.mca did not register with DCOM within the required timeout.
Warning,01-06-2022 16:54,Microsoft-Windows-DistributedCOM,10016,None,"The application-specific permission settings do not grant Local Activation permission for the COM Server application with CLSID 
{2593F8B9-4EAF-457C-B68A-50F6B8EA6B54}
 and APPID 
{15C20B67-12E7-4BB6-92BB-7AFF07997402}
 to the user SHOHID-PC\SHOHID SID (S-1-5-21-2091211461-3178656723-4261672445-1001) from address LocalHost (Using LRPC) running in the application container Unavailable SID (Unavailable). This security permission can be modified using the Component Services administrative tool."
Warning,01-06-2022 14:45,Microsoft-Windows-DistributedCOM,10016,None,"The application-specific permission settings do not grant Local Activation permission for the COM Server application with CLSID 
{2593F8B9-4EAF-457C-B68A-50F6B8EA6B54}
 and APPID 
{15C20B67-12E7-4BB6-92BB-7AFF07997402}
 to the user SHOHID-PC\SHOHID SID (S-1-5-21-2091211461-3178656723-4261672445-1001) from address LocalHost (Using LRPC) running in the application container Unavailable SID (Unavailable). This security permission can be modified using the Component Services administrative tool."
Error,01-06-2022 14:31,Microsoft-Windows-WindowsUpdateClient,20,Windows Update Agent,Installation Failure: Windows failed to install the following update with error 0x80070643: 2021-11 .NET Core 3.1.21 Update for x64 Client (KB5007885).
Information,01-06-2022 14:31,Microsoft-Windows-WindowsUpdateClient,43,Windows Update Agent,Installation Started: Windows has started installing the following update: 2021-11 .NET Core 3.1.21 Update for x64 Client (KB5007885)
Error,01-06-2022 14:31,Microsoft-Windows-WindowsUpdateClient,20,Windows Update Agent,Installation Failure: Windows failed to install the following update with error 0x80070643: 2021-11 .NET 5.0.12 Update for x64 Client (KB5007884).
Information,01-06-2022 14:31,Microsoft-Windows-WindowsUpdateClient,43,Windows Update Agent,Installation Started: Windows has started installing the following update: 2021-11 .NET 5.0.12 Update for x64 Client (KB5007884)
Error,01-06-2022 13:45,Microsoft-Windows-WindowsUpdateClient,20,Windows Update Agent,Installation Failure: Windows failed to install the following update with error 0x80070643: 2021-11 .NET Core 3.1.21 Update for x64 Client (KB5007885).
Information,01-06-2022 13:44,Microsoft-Windows-WindowsUpdateClient,43,Windows Update Agent,Installation Started: Windows has started installing the following update: 2021-11 .NET Core 3.1.21 Update for x64 Client (KB5007885)
Error,01-06-2022 13:44,Microsoft-Windows-WindowsUpdateClient,20,Windows Update Agent,Installation Failure: Windows failed to install the following update with error 0x80070643: 2021-11 .NET 5.0.12 Update for x64 Client (KB5007884).
Information,01-06-2022 13:44,Microsoft-Windows-WindowsUpdateClient,43,Windows Update Agent,Installation Started: Windows has started installing the following update: 2021-11 .NET 5.0.12 Update for x64 Client (KB5007884)
Information,01-06-2022 13:10,Microsoft-Windows-Kernel-General,1,-5,"The system time has changed to 2022-01-06T07:10:41.726754100Z from 2022-01-06T07:10:41.726294500Z.

Change Reason: An application or system component changed the time.
Process: '\Device\HarddiskVolume6\Windows\System32\svchost.exe' (PID 21064)."
Information,01-06-2022 13:10,Microsoft-Windows-Time-Service,35,None,"The time service is now synchronizing the system time with the time source time.windows.com,0x9 (ntp.m|0x9|0.0.0.0:123->40.81.94.65:123) with reference id 1096700200. Current local stratum number is 4."
Information,01-06-2022 13:10,Microsoft-Windows-Time-Service,37,None,"The time provider NtpClient is currently receiving valid time data from time.windows.com,0x9 (ntp.m|0x9|0.0.0.0:123->40.81.94.65:123)."
Information,01-06-2022 13:10,Microsoft-Windows-Time-Service,158,None,The time provider 'VMICTimeProvider' has indicated that the current hardware and operating environment is not supported and has stopped. This behavior is expected for VMICTimeProvider on non-HyperV-guest environments. This may be the expected behavior for the current provider in the current operating environment as well.
Error,01-06-2022 13:03,Microsoft-Windows-WindowsUpdateClient,20,Windows Update Agent,Installation Failure: Windows failed to install the following update with error 0x80070643: 2021-11 .NET Core 3.1.21 Update for x64 Client (KB5007885).
Information,01-06-2022 13:03,Microsoft-Windows-WindowsUpdateClient,43,Windows Update Agent,Installation Started: Windows has started installing the following update: 2021-11 .NET Core 3.1.21 Update for x64 Client (KB5007885)
Error,01-06-2022 13:03,Microsoft-Windows-WindowsUpdateClient,20,Windows Update Agent,Installation Failure: Windows failed to install the following update with error 0x80070643: 2021-11 .NET 5.0.12 Update for x64 Client (KB5007884).
Information,01-06-2022 13:03,Microsoft-Windows-WindowsUpdateClient,43,Windows Update Agent,Installation Started: Windows has started installing the following update: 2021-11 .NET 5.0.12 Update for x64 Client (KB5007884)
Error,01-06-2022 12:03,Microsoft-Windows-WindowsUpdateClient,20,Windows Update Agent,Installation Failure: Windows failed to install the following update with error 0x80070643: 2021-11 .NET Core 3.1.21 Update for x64 Client (KB5007885).
Information,01-06-2022 12:03,Microsoft-Windows-WindowsUpdateClient,43,Windows Update Agent,Installation Started: Windows has started installing the following update: 2021-11 .NET Core 3.1.21 Update for x64 Client (KB5007885)
Error,01-06-2022 12:03,Microsoft-Windows-WindowsUpdateClient,20,Windows Update Agent,Installation Failure: Windows failed to install the following update with error 0x80070643: 2021-11 .NET 5.0.12 Update for x64 Client (KB5007884).
Information,01-06-2022 12:03,Microsoft-Windows-WindowsUpdateClient,43,Windows Update Agent,Installation Started: Windows has started installing the following update: 2021-11 .NET 5.0.12 Update for x64 Client (KB5007884)
Information,01-06-2022 12:00,EventLog,6013,None,The system uptime is 2580566 seconds.
Error,01-06-2022 11:05,Microsoft-Windows-WindowsUpdateClient,20,Windows Update Agent,Installation Failure: Windows failed to install the following update with error 0x80070643: 2021-11 .NET Core 3.1.21 Update for x64 Client (KB5007885).
Information,01-06-2022 11:05,Microsoft-Windows-WindowsUpdateClient,43,Windows Update Agent,Installation Started: Windows has started installing the following update: 2021-11 .NET Core 3.1.21 Update for x64 Client (KB5007885)
Information,01-06-2022 11:05,Microsoft-Windows-Ntfs,98,None,Volume ?? (\Device\HarddiskVolumeShadowCopy9) is healthy.  No action is needed.
Error,01-06-2022 11:05,Microsoft-Windows-WindowsUpdateClient,20,Windows Update Agent,Installation Failure: Windows failed to install the following update with error 0x80070643: 2021-11 .NET 5.0.12 Update for x64 Client (KB5007884).
Information,01-06-2022 11:05,Microsoft-Windows-WindowsUpdateClient,43,Windows Update Agent,Installation Started: Windows has started installing the following update: 2021-11 .NET 5.0.12 Update for x64 Client (KB5007884)
Information,01-06-2022 11:05,Microsoft-Windows-Ntfs,98,None,Volume ?? (\Device\HarddiskVolumeShadowCopy8) is healthy.  No action is needed.
Information,01-06-2022 11:03,Microsoft-Windows-WindowsUpdateClient,44,Windows Update Agent,Windows Update started downloading an update.
Information,01-06-2022 11:03,Microsoft-Windows-WindowsUpdateClient,44,Windows Update Agent,Windows Update started downloading an update.
Information,01-06-2022 11:02,Microsoft-Windows-Kernel-General,16,None,The access history in hive \??\C:\ProgramData\Microsoft\Provisioning\Microsoft-Desktop-Provisioning-Sequence.dat was cleared updating 0 keys and creating 0 modified pages.
Error,01-06-2022 10:18,Microsoft-Windows-DistributedCOM,10010,None,The server Microsoft.SkypeApp_15.79.95.0_x86__kzf8qxf38zg5c!App.AppXtwmqn4em5r5dpafgj4t4yyxgjfe0hr50.mca did not register with DCOM within the required timeout.
Information,01-06-2022 10:13,Microsoft-Windows-WindowsUpdateClient,19,Windows Update Agent,Installation Successful: Windows successfully installed the following update: Security Intelligence Update for Microsoft Defender Antivirus - KB2267602 (Version 1.355.1482.0)
Information,01-06-2022 10:12,Microsoft-Windows-WindowsUpdateClient,43,Windows Update Agent,Installation Started: Windows has started installing the following update: Security Intelligence Update for Microsoft Defender Antivirus - KB2267602 (Version 1.355.1482.0)
Information,01-06-2022 10:12,Microsoft-Windows-WindowsUpdateClient,44,Windows Update Agent,Windows Update started downloading an update.
Warning,01-06-2022 10:07,Microsoft-Windows-DistributedCOM,10016,None,"The application-specific permission settings do not grant Local Activation permission for the COM Server application with CLSID 
{2593F8B9-4EAF-457C-B68A-50F6B8EA6B54}
 and APPID 
{15C20B67-12E7-4BB6-92BB-7AFF07997402}
 to the user SHOHID-PC\SHOHID SID (S-1-5-21-2091211461-3178656723-4261672445-1001) from address LocalHost (Using LRPC) running in the application container Unavailable SID (Unavailable). This security permission can be modified using the Component Services administrative tool."
Error,01-06-2022 10:07,Microsoft-Windows-DistributedCOM,10010,None,The server Microsoft.SkypeApp_15.79.95.0_x86__kzf8qxf38zg5c!App.AppXtwmqn4em5r5dpafgj4t4yyxgjfe0hr50.mca did not register with DCOM within the required timeout.
Information,01-06-2022 10:07,Microsoft-Windows-Power-Troubleshooter,1,None,"The system has returned from a low power state.

Sleep Time: 2022-01-05T17:13:00.666051600Z
Wake Time: 2022-01-06T04:07:34.264118700Z

Wake Source: Unknown"
Information,01-06-2022 10:07,Microsoft-Windows-Winlogon,7001,-1101,User Logon Notification for Customer Experience Improvement Program
Error,01-06-2022 10:07,iaStorA,4102,None,Error log: Smart event occured on disk :X6GJEAPFS  
Information,01-06-2022 10:07,Microsoft-Windows-Kernel-Boot,32,-58,The bootmgr spent 0 ms waiting for user input.
Information,01-06-2022 10:07,Microsoft-Windows-Kernel-Boot,18,-57,There are 0x1 boot options on this system.
Information,01-06-2022 10:07,Microsoft-Windows-Kernel-Boot,27,-33,The boot type was 0x1.
Information,01-06-2022 10:07,Microsoft-Windows-Kernel-Boot,25,-32,The boot menu policy was 0x1.
Information,01-06-2022 10:07,Microsoft-Windows-Kernel-Boot,30,-21,The firmware reported boot metrics.
Information,01-06-2022 10:07,Microsoft-Windows-Kernel-General,1,-5,"The system time has changed to 2022-01-06T04:07:33.500000000Z from 2022-01-05T17:13:03.179351800Z.

Change Reason: System time synchronized with the hardware clock.
Process: '' (PID 4)."
Information,01-05-2022 23:13,Microsoft-Windows-Kernel-Power,107,-102,The system has resumed from sleep.
Information,01-05-2022 23:13,Microsoft-Windows-Kernel-Power,42,-64,"The system is entering sleep.

Sleep Reason: Application API"
Information,01-05-2022 23:13,Microsoft-Windows-Kernel-Power,187,-243,User-mode process attempted to change the system state by calling SetSuspendState or SetSystemPowerState APIs.
Information,01-05-2022 23:12,Microsoft-Windows-Winlogon,7002,-1102,User Logoff Notification for Customer Experience Improvement Program
Error,01-05-2022 23:11,Microsoft-Windows-DistributedCOM,10010,None,The server Microsoft.SkypeApp_15.79.95.0_x86__kzf8qxf38zg5c!App.AppXtwmqn4em5r5dpafgj4t4yyxgjfe0hr50.mca did not register with DCOM within the required timeout.
Information,01-05-2022 21:27,Microsoft-Windows-Kernel-General,16,None,The access history in hive \??\C:\Users\SHOHID\AppData\Local\Packages\microsoft.storepurchaseapp_8wekyb3d8bbwe\Settings\settings.dat was cleared updating 2 keys and creating 1 modified pages.
Information,01-05-2022 21:27,Microsoft-Windows-Kernel-General,16,None,The access history in hive \??\C:\ProgramData\Microsoft\Provisioning\Microsoft-Desktop-Provisioning-Sequence.dat was cleared updating 0 keys and creating 0 modified pages.
Information,01-05-2022 21:27,Microsoft-Windows-Kernel-General,16,None,The access history in hive \??\C:\Users\SHOHID\AppData\Local\Packages\microsoft.office.onenote_8wekyb3d8bbwe\Settings\settings.dat was cleared updating 232 keys and creating 55 modified pages.
Information,01-05-2022 21:18,Microsoft-Windows-WindowsUpdateClient,19,Windows Update Agent,Installation Successful: Windows successfully installed the following update: Security Intelligence Update for Microsoft Defender Antivirus - KB2267602 (Version 1.355.1450.0)
Information,01-05-2022 21:18,Microsoft-Windows-WindowsUpdateClient,43,Windows Update Agent,Installation Started: Windows has started installing the following update: Security Intelligence Update for Microsoft Defender Antivirus - KB2267602 (Version 1.355.1450.0)
Information,01-05-2022 21:18,Microsoft-Windows-WindowsUpdateClient,44,Windows Update Agent,Windows Update started downloading an update.
Error,01-05-2022 21:07,Microsoft-Windows-DistributedCOM,10010,None,The server Microsoft.SkypeApp_15.79.95.0_x86__kzf8qxf38zg5c!App.AppXtwmqn4em5r5dpafgj4t4yyxgjfe0hr50.mca did not register with DCOM within the required timeout.
Information,01-05-2022 21:07,Microsoft-Windows-Winlogon,7001,-1101,User Logon Notification for Customer Experience Improvement Program
Information,01-05-2022 21:07,Microsoft-Windows-Power-Troubleshooter,1,None,"The system has returned from a low power state.

Sleep Time: 2022-01-05T11:14:18.115907700Z
Wake Time: 2022-01-05T15:07:00.471557800Z

Wake Source: Unknown"
Information,01-05-2022 21:07,Microsoft-Windows-Kernel-Boot,32,-58,The bootmgr spent 0 ms waiting for user input.
Information,01-05-2022 21:07,Microsoft-Windows-Kernel-Boot,18,-57,There are 0x1 boot options on this system.
Information,01-05-2022 21:07,Microsoft-Windows-Kernel-Boot,27,-33,The boot type was 0x1.
Information,01-05-2022 21:07,Microsoft-Windows-Kernel-Boot,25,-32,The boot menu policy was 0x1.
Information,01-05-2022 21:07,Microsoft-Windows-Kernel-Boot,30,-21,The firmware reported boot metrics.
Error,01-05-2022 21:07,iaStorA,4102,None,Error log: Smart event occured on disk :X6GJEAPFS  
Information,01-05-2022 21:06,Microsoft-Windows-Kernel-General,1,-5,"The system time has changed to 2022-01-05T15:06:59.500000000Z from 2022-01-05T11:14:20.390905500Z.

Change Reason: System time synchronized with the hardware clock.
Process: '' (PID 4)."
Information,01-05-2022 17:14,Microsoft-Windows-Kernel-Power,107,-102,The system has resumed from sleep.
Information,01-05-2022 17:14,Microsoft-Windows-Kernel-Power,42,-64,"The system is entering sleep.

Sleep Reason: Application API"
Information,01-05-2022 17:14,Microsoft-Windows-Kernel-Power,187,-243,User-mode process attempted to change the system state by calling SetSuspendState or SetSystemPowerState APIs.
Information,01-05-2022 17:14,Microsoft-Windows-Winlogon,7002,-1102,User Logoff Notification for Customer Experience Improvement Program
Warning,01-05-2022 15:34,Microsoft-Windows-DistributedCOM,10016,None,"The machine-default permission settings do not grant Local Activation permission for the COM Server application with CLSID 
{C2F03A33-21F5-47FA-B4BB-156362A2F239}
 and APPID 
{316CDED5-E4AE-4B15-9113-7055D84DCC97}
 to the user SHOHID-PC\SHOHID SID (S-1-5-21-2091211461-3178656723-4261672445-1001) from address LocalHost (Using LRPC) running in the application container Microsoft.Windows.ShellExperienceHost_10.0.18362.1171_neutral_neutral_cw5n1h2txyewy SID (S-1-15-2-155514346-2573954481-755741238-1654018636-1233331829-3075935687-2861478708). This security permission can be modified using the Component Services administrative tool."
Warning,01-05-2022 14:44,Microsoft-Windows-DistributedCOM,10016,None,"The machine-default permission settings do not grant Local Activation permission for the COM Server application with CLSID 
{C2F03A33-21F5-47FA-B4BB-156362A2F239}
 and APPID 
{316CDED5-E4AE-4B15-9113-7055D84DCC97}
 to the user SHOHID-PC\SHOHID SID (S-1-5-21-2091211461-3178656723-4261672445-1001) from address LocalHost (Using LRPC) running in the application container Microsoft.Windows.ShellExperienceHost_10.0.18362.1171_neutral_neutral_cw5n1h2txyewy SID (S-1-15-2-155514346-2573954481-755741238-1654018636-1233331829-3075935687-2861478708). This security permission can be modified using the Component Services administrative tool."
Warning,01-05-2022 14:44,Microsoft-Windows-DistributedCOM,10016,None,"The machine-default permission settings do not grant Local Activation permission for the COM Server application with CLSID 
{C2F03A33-21F5-47FA-B4BB-156362A2F239}
 and APPID 
{316CDED5-E4AE-4B15-9113-7055D84DCC97}
 to the user SHOHID-PC\SHOHID SID (S-1-5-21-2091211461-3178656723-4261672445-1001) from address LocalHost (Using LRPC) running in the application container Microsoft.Windows.ShellExperienceHost_10.0.18362.1171_neutral_neutral_cw5n1h2txyewy SID (S-1-15-2-155514346-2573954481-755741238-1654018636-1233331829-3075935687-2861478708). This security permission can be modified using the Component Services administrative tool."
Warning,01-05-2022 14:19,Microsoft-Windows-DistributedCOM,10016,None,"The application-specific permission settings do not grant Local Activation permission for the COM Server application with CLSID 
{2593F8B9-4EAF-457C-B68A-50F6B8EA6B54}
 and APPID 
{15C20B67-12E7-4BB6-92BB-7AFF07997402}
 to the user SHOHID-PC\SHOHID SID (S-1-5-21-2091211461-3178656723-4261672445-1001) from address LocalHost (Using LRPC) running in the application container Unavailable SID (Unavailable). This security permission can be modified using the Component Services administrative tool."
Information,01-05-2022 13:26,Microsoft-Windows-Kernel-General,15,None,Hive \??\Volume{fee45b76-0000-0000-0000-602200000000}\System Volume Information\SPP\SppCbsHiveStore\{cd42efe1-f6f1-427c-b004-033192c625a4}{D92F0F0A-C217-4B5F-B917-5FED45F48F23} was reorganized with a starting size of 270151680 bytes and an ending size of 246542336 bytes.
Information,01-05-2022 13:26,Microsoft-Windows-Kernel-General,15,None,Hive \??\Volume{fee45b76-0000-0000-0000-602200000000}\System Volume Information\SPP\SppCbsHiveStore\{cd42efe1-f6f1-427c-b004-033192c625a4}{28560C43-0766-4B23-8D52-298368F71E73} was reorganized with a starting size of 12521472 bytes and an ending size of 12455936 bytes.
Information,01-05-2022 13:26,Microsoft-Windows-Kernel-General,16,None,The access history in hive \??\Volume{fee45b76-0000-0000-0000-602200000000}\System Volume Information\SPP\SppCbsHiveStore\{cd42efe1-f6f1-427c-b004-033192c625a4}{337D933D-AF28-4940-8494-02263341A437} was cleared updating 248 keys and creating 16 modified pages.
Information,01-05-2022 13:26,Microsoft-Windows-Kernel-General,16,None,The access history in hive \??\Volume{fee45b76-0000-0000-0000-602200000000}\System Volume Information\SPP\SppCbsHiveStore\{cd42efe1-f6f1-427c-b004-033192c625a4}{33A85FC7-F951-417A-A2BA-696AD5B72A39} was cleared updating 93 keys and creating 10 modified pages.
Information,01-05-2022 13:26,Microsoft-Windows-Kernel-General,15,None,Hive \??\Volume{fee45b76-0000-0000-0000-602200000000}\System Volume Information\SPP\SppCbsHiveStore\{cd42efe1-f6f1-427c-b004-033192c625a4}{10003A4E-7D52-4BED-8F1E-E25419F95BBC} was reorganized with a starting size of 31551488 bytes and an ending size of 31543296 bytes.
Information,01-05-2022 13:26,Microsoft-Windows-Kernel-General,11,None,"TxR init phase for hive \??\GLOBALROOT\Device\HarddiskVolumeShadowCopy7\WINDOWS\System32\config\DRIVERS (TM: {e197f19e-6ca6-11ec-ae57-1c1b0d79dbe2}, RM: {e197f19d-6ca6-11ec-ae57-1c1b0d79dbe2}) finished with result=0xC00000A2 (Internal code=7)."
Information,01-05-2022 13:26,Microsoft-Windows-Kernel-General,11,None,"TxR init phase for hive \??\GLOBALROOT\Device\HarddiskVolumeShadowCopy7\WINDOWS\System32\config\SYSTEM (TM: {e197f19b-6ca6-11ec-ae57-1c1b0d79dbe2}, RM: {e197f19a-6ca6-11ec-ae57-1c1b0d79dbe2}) finished with result=0xC00000A2 (Internal code=7)."
Information,01-05-2022 13:26,Microsoft-Windows-Kernel-General,15,None,Hive \??\GLOBALROOT\Device\HarddiskVolumeShadowCopy7\WINDOWS\System32\config\SYSTEM was reorganized with a starting size of 31551488 bytes and an ending size of 31543296 bytes.
Information,01-05-2022 12:54,Microsoft-Windows-Kernel-General,1,-5,"The system time has changed to 2022-01-05T06:54:07.649879300Z from 2022-01-05T06:54:07.648869200Z.

Change Reason: An application or system component changed the time.
Process: '\Device\HarddiskVolume6\Windows\System32\svchost.exe' (PID 26188)."
Information,01-05-2022 12:54,Microsoft-Windows-Kernel-General,1,-5,"The system time has changed to 2022-01-05T06:54:07.648869200Z from 2022-01-05T06:54:07.647930800Z.

Change Reason: An application or system component changed the time.
Process: '\Device\HarddiskVolume6\Windows\System32\svchost.exe' (PID 26188)."
Information,01-05-2022 12:54,Microsoft-Windows-Time-Service,35,None,"The time service is now synchronizing the system time with the time source time.windows.com,0x9 (ntp.m|0x9|0.0.0.0:123->40.81.94.65:123) with reference id 1096700200. Current local stratum number is 4."
Information,01-05-2022 12:54,Microsoft-Windows-Kernel-General,1,-5,"The system time has changed to 2022-01-05T06:54:07.647930800Z from 2022-01-05T06:54:04.277880400Z.

Change Reason: An application or system component changed the time.
Process: '\Device\HarddiskVolume6\Windows\System32\svchost.exe' (PID 26188)."
Information,01-05-2022 12:53,Microsoft-Windows-Time-Service,37,None,"The time provider NtpClient is currently receiving valid time data from time.windows.com,0x9 (ntp.m|0x9|0.0.0.0:123->40.81.94.65:123)."
Information,01-05-2022 12:53,Microsoft-Windows-Time-Service,158,None,The time provider 'VMICTimeProvider' has indicated that the current hardware and operating environment is not supported and has stopped. This behavior is expected for VMICTimeProvider on non-HyperV-guest environments. This may be the expected behavior for the current provider in the current operating environment as well.
Information,01-05-2022 12:53,Microsoft-Windows-Kernel-General,16,None,The access history in hive \??\C:\ProgramData\Microsoft\Provisioning\Microsoft-Desktop-Provisioning-Sequence.dat was cleared updating 0 keys and creating 0 modified pages.
Information,01-05-2022 12:51,Microsoft-Windows-WindowsUpdateClient,19,Windows Update Agent,Installation Successful: Windows successfully installed the following update: 9NMPJ99VJBWV-Microsoft.YourPhone
Information,01-05-2022 12:51,Microsoft-Windows-WindowsUpdateClient,43,Windows Update Agent,Installation Started: Windows has started installing the following update: 9NMPJ99VJBWV-Microsoft.YourPhone
Information,01-05-2022 12:51,Microsoft-Windows-Kernel-General,16,None,The access history in hive \??\C:\ProgramData\Microsoft\Windows\AppRepository\Packages\Microsoft.YourPhone_1.21113.36.0_x64__8wekyb3d8bbwe\ActivationStore.dat was cleared updating 0 keys and creating 0 modified pages.
Information,01-05-2022 12:51,Microsoft-Windows-WindowsUpdateClient,19,Windows Update Agent,Installation Successful: Windows successfully installed the following update: 9PKDZBMV1H3T-Microsoft.GetHelp
Information,01-05-2022 12:51,Microsoft-Windows-WindowsUpdateClient,43,Windows Update Agent,Installation Started: Windows has started installing the following update: 9PKDZBMV1H3T-Microsoft.GetHelp
Information,01-05-2022 12:50,Microsoft-Windows-Kernel-General,16,None,The access history in hive \??\C:\ProgramData\Microsoft\Windows\AppRepository\Packages\Microsoft.GetHelp_10.2111.43421.0_x64__8wekyb3d8bbwe\ActivationStore.dat was cleared updating 0 keys and creating 0 modified pages.
Information,01-05-2022 12:47,Microsoft-Windows-Kernel-General,16,None,The access history in hive \??\C:\Users\SHOHID\AppData\Local\Packages\Microsoft.Todos_8wekyb3d8bbwe\Settings\settings.dat was cleared updating 8 keys and creating 1 modified pages.
Information,01-05-2022 12:47,Microsoft-Windows-WindowsUpdateClient,44,Windows Update Agent,Windows Update started downloading an update.
Information,01-05-2022 12:47,Microsoft-Windows-WindowsUpdateClient,44,Windows Update Agent,Windows Update started downloading an update.
Information,01-05-2022 12:46,Microsoft-Windows-Kernel-General,16,None,The access history in hive \??\C:\WINDOWS\SysWOW64\config\systemprofile\AppData\Local\Microsoft\VisualStudio\16.0_197f77be\privateregistry.bin was cleared updating 12 keys and creating 2 modified pages.
Error,01-05-2022 12:45,Microsoft-Windows-DistributedCOM,10010,None,The server Microsoft.SkypeApp_15.79.95.0_x86__kzf8qxf38zg5c!App.AppXtwmqn4em5r5dpafgj4t4yyxgjfe0hr50.mca did not register with DCOM within the required timeout.
Error,01-05-2022 12:43,Microsoft-Windows-DistributedCOM,10010,None,The server Microsoft.SkypeApp_15.79.95.0_x86__kzf8qxf38zg5c!App.AppXtwmqn4em5r5dpafgj4t4yyxgjfe0hr50.mca did not register with DCOM within the required timeout.
Information,01-05-2022 12:43,Microsoft-Windows-Kernel-General,16,None,The access history in hive \??\C:\Users\SHOHID\AppData\Local\Packages\Microsoft.AAD.BrokerPlugin_cw5n1h2txyewy\Settings\settings.dat was cleared updating 10 keys and creating 1 modified pages.
Information,01-05-2022 12:43,Microsoft-Windows-Winlogon,7001,-1101,User Logon Notification for Customer Experience Improvement Program
Information,01-05-2022 12:43,Microsoft-Windows-Power-Troubleshooter,1,None,"The system has returned from a low power state.

Sleep Time: 2022-01-04T17:22:50.481907000Z
Wake Time: 2022-01-05T06:43:08.313299700Z

Wake Source: Unknown"
Error,01-05-2022 12:43,iaStorA,4102,None,Error log: Smart event occured on disk :X6GJEAPFS  
Information,01-05-2022 12:43,Microsoft-Windows-Kernel-Boot,32,-58,The bootmgr spent 0 ms waiting for user input.
Information,01-05-2022 12:43,Microsoft-Windows-Kernel-Boot,18,-57,There are 0x1 boot options on this system.
Information,01-05-2022 12:43,Microsoft-Windows-Kernel-Boot,27,-33,The boot type was 0x1.
Information,01-05-2022 12:43,Microsoft-Windows-Kernel-Boot,25,-32,The boot menu policy was 0x1.
Information,01-05-2022 12:43,Microsoft-Windows-Kernel-Boot,30,-21,The firmware reported boot metrics.
Information,01-05-2022 12:43,Microsoft-Windows-Kernel-General,1,-5,"The system time has changed to 2022-01-05T06:43:07.500000000Z from 2022-01-04T17:22:53.008159200Z.

Change Reason: System time synchronized with the hardware clock.
Process: '' (PID 4)."
Information,01-04-2022 23:22,Microsoft-Windows-Kernel-Power,107,-102,The system has resumed from sleep.
Information,01-05-2022 12:43,EventLog,6013,None,The system uptime is 2496756 seconds.
Information,01-04-2022 23:22,Microsoft-Windows-Kernel-Power,42,-64,"The system is entering sleep.

Sleep Reason: Application API"
Information,01-04-2022 23:22,Microsoft-Windows-Kernel-Power,187,-243,User-mode process attempted to change the system state by calling SetSuspendState or SetSystemPowerState APIs.
Information,01-04-2022 23:22,Microsoft-Windows-Winlogon,7002,-1102,User Logoff Notification for Customer Experience Improvement Program
Information,01-04-2022 21:59,Microsoft-Windows-Kernel-General,16,None,The access history in hive \??\C:\Users\SHOHID\AppData\Local\Packages\Microsoft.MicrosoftOfficeHub_8wekyb3d8bbwe\Settings\settings.dat was cleared updating 4 keys and creating 2 modified pages.
Error,01-04-2022 20:22,Microsoft-Windows-DistributedCOM,10010,None,The server Microsoft.SkypeApp_15.79.95.0_x86__kzf8qxf38zg5c!App.AppXtwmqn4em5r5dpafgj4t4yyxgjfe0hr50.mca did not register with DCOM within the required timeout.
Information,01-04-2022 18:15,Microsoft-Windows-WindowsUpdateClient,19,Windows Update Agent,Installation Successful: Windows successfully installed the following update: Security Intelligence Update for Microsoft Defender Antivirus - KB2267602 (Version 1.355.1393.0)
Information,01-04-2022 18:14,Microsoft-Windows-WindowsUpdateClient,43,Windows Update Agent,Installation Started: Windows has started installing the following update: Security Intelligence Update for Microsoft Defender Antivirus - KB2267602 (Version 1.355.1393.0)
Information,01-04-2022 18:14,Microsoft-Windows-WindowsUpdateClient,44,Windows Update Agent,Windows Update started downloading an update.
Warning,01-04-2022 17:07,Microsoft-Windows-DistributedCOM,10016,None,"The application-specific permission settings do not grant Local Activation permission for the COM Server application with CLSID 
{2593F8B9-4EAF-457C-B68A-50F6B8EA6B54}
 and APPID 
{15C20B67-12E7-4BB6-92BB-7AFF07997402}
 to the user SHOHID-PC\SHOHID SID (S-1-5-21-2091211461-3178656723-4261672445-1001) from address LocalHost (Using LRPC) running in the application container Unavailable SID (Unavailable). This security permission can be modified using the Component Services administrative tool."
Warning,01-04-2022 16:21,Microsoft-Windows-DistributedCOM,10016,None,"The application-specific permission settings do not grant Local Activation permission for the COM Server application with CLSID 
{2593F8B9-4EAF-457C-B68A-50F6B8EA6B54}
 and APPID 
{15C20B67-12E7-4BB6-92BB-7AFF07997402}
 to the user SHOHID-PC\SHOHID SID (S-1-5-21-2091211461-3178656723-4261672445-1001) from address LocalHost (Using LRPC) running in the application container Unavailable SID (Unavailable). This security permission can be modified using the Component Services administrative tool."
Warning,01-04-2022 15:27,Microsoft-Windows-DistributedCOM,10016,None,"The application-specific permission settings do not grant Local Activation permission for the COM Server application with CLSID 
{2593F8B9-4EAF-457C-B68A-50F6B8EA6B54}
 and APPID 
{15C20B67-12E7-4BB6-92BB-7AFF07997402}
 to the user SHOHID-PC\SHOHID SID (S-1-5-21-2091211461-3178656723-4261672445-1001) from address LocalHost (Using LRPC) running in the application container Unavailable SID (Unavailable). This security permission can be modified using the Component Services administrative tool."
Error,01-04-2022 15:25,Microsoft-Windows-DistributedCOM,10010,None,The server Microsoft.SkypeApp_15.79.95.0_x86__kzf8qxf38zg5c!App.AppXtwmqn4em5r5dpafgj4t4yyxgjfe0hr50.mca did not register with DCOM within the required timeout.
Information,01-04-2022 15:12,Microsoft-Windows-Kernel-General,16,None,The access history in hive \??\C:\Users\SHOHID\AppData\Local\Packages\microsoft.windows.shellexperiencehost_cw5n1h2txyewy\Settings\settings.dat was cleared updating 4 keys and creating 1 modified pages.
Information,01-04-2022 15:12,Microsoft-Windows-Kernel-General,16,None,The access history in hive \??\C:\ProgramData\Microsoft\Provisioning\Microsoft-Desktop-Provisioning-Sequence.dat was cleared updating 0 keys and creating 0 modified pages.
Information,01-04-2022 15:04,Microsoft-Windows-WindowsUpdateClient,19,Windows Update Agent,Installation Successful: Windows successfully installed the following update: Security Intelligence Update for Microsoft Defender Antivirus - KB2267602 (Version 1.355.1385.0)
Information,01-04-2022 15:04,Microsoft-Windows-WindowsUpdateClient,43,Windows Update Agent,Installation Started: Windows has started installing the following update: Security Intelligence Update for Microsoft Defender Antivirus - KB2267602 (Version 1.355.1385.0)
Information,01-04-2022 15:03,Microsoft-Windows-WindowsUpdateClient,44,Windows Update Agent,Windows Update started downloading an update.
Information,01-04-2022 14:59,Microsoft-Windows-Kernel-General,16,None,The access history in hive \??\C:\Users\SHOHID\AppData\Local\Packages\microsoft.windowscommunicationsapps_8wekyb3d8bbwe\Settings\settings.dat was cleared updating 130 keys and creating 20 modified pages.
Error,01-04-2022 14:59,Microsoft-Windows-DistributedCOM,10010,None,The server Microsoft.SkypeApp_15.79.95.0_x86__kzf8qxf38zg5c!App.AppXtwmqn4em5r5dpafgj4t4yyxgjfe0hr50.mca did not register with DCOM within the required timeout.
Information,01-04-2022 14:59,Microsoft-Windows-Kernel-General,16,None,The access history in hive \??\C:\Users\SHOHID\AppData\Local\Packages\Microsoft.YourPhone_8wekyb3d8bbwe\Settings\settings.dat was cleared updating 28 keys and creating 11 modified pages.
Information,01-04-2022 14:59,Microsoft-Windows-Kernel-General,16,None,The access history in hive \??\C:\Users\SHOHID\AppData\Local\Packages\Microsoft.People_8wekyb3d8bbwe\Settings\settings.dat was cleared updating 2 keys and creating 1 modified pages.
Information,01-04-2022 14:59,Microsoft-Windows-Kernel-General,16,None,The access history in hive \??\C:\Users\SHOHID\AppData\Local\Packages\Microsoft.Windows.Cortana_cw5n1h2txyewy\Settings\settings.dat was cleared updating 47 keys and creating 10 modified pages.
Information,01-04-2022 14:59,Microsoft-Windows-Kernel-General,16,None,The access history in hive \??\C:\Users\SHOHID\AppData\Local\Packages\Microsoft.Windows.StartMenuExperienceHost_cw5n1h2txyewy\Settings\settings.dat was cleared updating 4 keys and creating 1 modified pages.
Information,01-04-2022 14:59,Microsoft-Windows-Kernel-General,16,None,The access history in hive \??\C:\Users\SHOHID\AppData\Local\Microsoft\Windows\UsrClass.dat was cleared updating 34370 keys and creating 3182 modified pages.
Information,01-04-2022 14:59,Microsoft-Windows-Kernel-General,16,None,The access history in hive \??\C:\Users\SHOHID\ntuser.dat was cleared updating 49570 keys and creating 8292 modified pages.
Information,01-04-2022 14:59,Microsoft-Windows-Winlogon,7001,-1101,User Logon Notification for Customer Experience Improvement Program
Information,01-04-2022 14:59,Microsoft-Windows-Power-Troubleshooter,1,None,"The system has returned from a low power state.

Sleep Time: 2022-01-04T01:03:04.342597500Z
Wake Time: 2022-01-04T08:59:11.387709700Z

Wake Source: Unknown"
Error,01-04-2022 14:59,iaStorA,4102,None,Error log: Smart event occured on disk :X6GJEAPFS  
Information,01-04-2022 14:59,Microsoft-Windows-Kernel-General,16,None,The access history in hive \Device\HarddiskVolume5\Boot\BCD was cleared updating 49 keys and creating 7 modified pages.
Information,01-04-2022 14:59,Microsoft-Windows-Kernel-Boot,32,-58,The bootmgr spent 0 ms waiting for user input.
Information,01-04-2022 14:59,Microsoft-Windows-Kernel-Boot,18,-57,There are 0x1 boot options on this system.
Information,01-04-2022 14:59,Microsoft-Windows-Kernel-Boot,27,-33,The boot type was 0x1.
Information,01-04-2022 14:59,Microsoft-Windows-Kernel-Boot,25,-32,The boot menu policy was 0x1.
Information,01-04-2022 14:59,Microsoft-Windows-Kernel-Boot,30,-21,The firmware reported boot metrics.
Information,01-04-2022 14:59,EventLog,6013,None,The system uptime is 2418519 seconds.
Information,01-04-2022 14:59,Microsoft-Windows-Kernel-General,1,-5,"The system time has changed to 2022-01-04T08:59:10.500000000Z from 2022-01-04T01:03:07.076037800Z.

Change Reason: System time synchronized with the hardware clock.
Process: '' (PID 4)."
Information,01-04-2022 07:03,Microsoft-Windows-Kernel-Power,107,-102,The system has resumed from sleep.
Information,01-04-2022 07:03,Microsoft-Windows-Kernel-Power,42,-64,"The system is entering sleep.

Sleep Reason: Application API"
Information,01-04-2022 07:03,Microsoft-Windows-Kernel-Power,187,-243,User-mode process attempted to change the system state by calling SetSuspendState or SetSystemPowerState APIs.
Information,01-04-2022 07:03,Microsoft-Windows-Winlogon,7002,-1102,User Logoff Notification for Customer Experience Improvement Program
Information,01-04-2022 07:03,User32,1074,None,"The process Explorer.EXE has initiated the power off of computer SHOHID-PC on behalf of user SHOHID-PC\SHOHID for the following reason: Other (Unplanned)
 Reason Code: 0x0
 Shutdown Type: power off
 Comment: "
Error,01-04-2022 06:48,Microsoft-Windows-DistributedCOM,10010,None,The server Microsoft.SkypeApp_15.79.95.0_x86__kzf8qxf38zg5c!App.AppXtwmqn4em5r5dpafgj4t4yyxgjfe0hr50.mca did not register with DCOM within the required timeout.
