Warning,02-11-2022 08:43,Microsoft-Windows-Kernel-PnP,225,-223,The application \Device\HarddiskVolume6\Windows\System32\taskhostw.exe with process id 5892 stopped the removal or ejection for the device PCI\VEN_8086&DEV_A102&SUBSYS_B0051458&REV_31\3&11583659&0&B8.
Warning,02-11-2022 08:43,Microsoft-Windows-Kernel-PnP,225,-223,The application \Device\HarddiskVolume6\Windows\System32\svchost.exe with process id 5864 stopped the removal or ejection for the device PCI\VEN_8086&DEV_A102&SUBSYS_B0051458&REV_31\3&11583659&0&B8.
Warning,02-11-2022 08:43,Microsoft-Windows-Kernel-PnP,225,-223,The application \Device\HarddiskVolume6\Windows\Microsoft.NET\Framework64\v4.0.30319\SMSvcHost.exe with process id 5708 stopped the removal or ejection for the device PCI\VEN_8086&DEV_A102&SUBSYS_B0051458&REV_31\3&11583659&0&B8.
Warning,02-11-2022 08:43,Microsoft-Windows-Kernel-PnP,225,-223,The application \Device\HarddiskVolume6\Windows\System32\svchost.exe with process id 5656 stopped the removal or ejection for the device PCI\VEN_8086&DEV_A102&SUBSYS_B0051458&REV_31\3&11583659&0&B8.
Warning,02-11-2022 08:43,Microsoft-Windows-Kernel-PnP,225,-223,The application \Device\HarddiskVolume6\Windows\System32\svchost.exe with process id 5460 stopped the removal or ejection for the device PCI\VEN_8086&DEV_A102&SUBSYS_B0051458&REV_31\3&11583659&0&B8.
Warning,02-11-2022 08:43,Microsoft-Windows-Kernel-PnP,225,-223,The application \Device\HarddiskVolume6\Windows\System32\svchost.exe with process id 5352 stopped the removal or ejection for the device PCI\VEN_8086&DEV_A102&SUBSYS_B0051458&REV_31\3&11583659&0&B8.
Warning,02-11-2022 08:43,Microsoft-Windows-Kernel-PnP,225,-223,The application \Device\HarddiskVolume6\Program Files\Google\Chrome\Application\chrome.exe with process id 5312 stopped the removal or ejection for the device PCI\VEN_8086&DEV_A102&SUBSYS_B0051458&REV_31\3&11583659&0&B8.
Warning,02-11-2022 08:43,Microsoft-Windows-Kernel-PnP,225,-223,The application \Device\HarddiskVolume4\SQL SERVER 2019\MSSQL15.MSSQLSERVER01\MSSQL\Binn\sqlservr.exe with process id 5272 stopped the removal or ejection for the device PCI\VEN_8086&DEV_A102&SUBSYS_B0051458&REV_31\3&11583659&0&B8.
Warning,02-11-2022 08:43,Microsoft-Windows-Kernel-PnP,225,-223,The application \Device\HarddiskVolume4\SQL SERVER 2019\MSSQL15.MSSQLSERVER01\MSSQL\Binn\sqlceip.exe with process id 5256 stopped the removal or ejection for the device PCI\VEN_8086&DEV_A102&SUBSYS_B0051458&REV_31\3&11583659&0&B8.
Warning,02-11-2022 08:43,Microsoft-Windows-Kernel-PnP,225,-223,The application \Device\HarddiskVolume6\Windows\System32\svchost.exe with process id 4728 stopped the removal or ejection for the device PCI\VEN_8086&DEV_A102&SUBSYS_B0051458&REV_31\3&11583659&0&B8.
Warning,02-11-2022 08:43,Microsoft-Windows-Kernel-PnP,225,-223,The application \Device\HarddiskVolume6\Program Files (x86)\Common Files\VMware\USB\vmware-usbarbitrator64.exe with process id 4680 stopped the removal or ejection for the device PCI\VEN_8086&DEV_A102&SUBSYS_B0051458&REV_31\3&11583659&0&B8.
Warning,02-11-2022 08:43,Microsoft-Windows-Kernel-PnP,225,-223,The application \Device\HarddiskVolume6\Windows\System32\DriverStore\FileRepository\iigd_dch.inf_amd64_11c26d8a23bff2a5\IntelCpHeciSvc.exe with process id 4640 stopped the removal or ejection for the device PCI\VEN_8086&DEV_A102&SUBSYS_B0051458&REV_31\3&11583659&0&B8.
Warning,02-11-2022 08:43,Microsoft-Windows-Kernel-PnP,225,-223,The application \Device\HarddiskVolume6\Windows\System32\svchost.exe with process id 4604 stopped the removal or ejection for the device PCI\VEN_8086&DEV_A102&SUBSYS_B0051458&REV_31\3&11583659&0&B8.
Warning,02-11-2022 08:43,Microsoft-Windows-Kernel-PnP,225,-223,The application \Device\HarddiskVolume6\Windows\System32\dasHost.exe with process id 4456 stopped the removal or ejection for the device PCI\VEN_8086&DEV_A102&SUBSYS_B0051458&REV_31\3&11583659&0&B8.
Warning,02-11-2022 08:43,Microsoft-Windows-Kernel-PnP,225,-223,The application \Device\HarddiskVolume6\Windows\System32\sihost.exe with process id 4432 stopped the removal or ejection for the device PCI\VEN_8086&DEV_A102&SUBSYS_B0051458&REV_31\3&11583659&0&B8.
Warning,02-11-2022 08:43,Microsoft-Windows-Kernel-PnP,225,-223,The application \Device\HarddiskVolume6\Windows\System32\svchost.exe with process id 4332 stopped the removal or ejection for the device PCI\VEN_8086&DEV_A102&SUBSYS_B0051458&REV_31\3&11583659&0&B8.
Warning,02-11-2022 08:43,Microsoft-Windows-Kernel-PnP,225,-223,The application \Device\HarddiskVolume6\Windows\System32\svchost.exe with process id 4284 stopped the removal or ejection for the device PCI\VEN_8086&DEV_A102&SUBSYS_B0051458&REV_31\3&11583659&0&B8.
Warning,02-11-2022 08:43,Microsoft-Windows-Kernel-PnP,225,-223,The application \Device\HarddiskVolume6\Program Files\Microsoft SQL Server\MSSQL10_50.SQLEXPRESS2008\MSSQL\Binn\sqlservr.exe with process id 4256 stopped the removal or ejection for the device PCI\VEN_8086&DEV_A102&SUBSYS_B0051458&REV_31\3&11583659&0&B8.
Warning,02-11-2022 08:43,Microsoft-Windows-Kernel-PnP,225,-223,The application \Device\HarddiskVolume6\Windows\System32\mqsvc.exe with process id 4248 stopped the removal or ejection for the device PCI\VEN_8086&DEV_A102&SUBSYS_B0051458&REV_31\3&11583659&0&B8.
Warning,02-11-2022 08:43,Microsoft-Windows-Kernel-PnP,225,-223,The application \Device\HarddiskVolume6\Windows\System32\svchost.exe with process id 4220 stopped the removal or ejection for the device PCI\VEN_8086&DEV_A102&SUBSYS_B0051458&REV_31\3&11583659&0&B8.
Warning,02-11-2022 08:43,Microsoft-Windows-Kernel-PnP,225,-223,The application \Device\HarddiskVolume6\Windows\System32\svchost.exe with process id 4180 stopped the removal or ejection for the device PCI\VEN_8086&DEV_A102&SUBSYS_B0051458&REV_31\3&11583659&0&B8.
Warning,02-11-2022 08:43,Microsoft-Windows-Kernel-PnP,225,-223,The application \Device\HarddiskVolume6\Program Files\Samsung\USB Drivers\28_ssconn2\conn\ss_conn_service2.exe with process id 4060 stopped the removal or ejection for the device PCI\VEN_8086&DEV_A102&SUBSYS_B0051458&REV_31\3&11583659&0&B8.
Warning,02-11-2022 08:43,Microsoft-Windows-Kernel-PnP,225,-223,The application \Device\HarddiskVolume6\Program Files (x86)\Samsung\USB Drivers\27_ssconn\conn\ss_conn_service.exe with process id 4040 stopped the removal or ejection for the device PCI\VEN_8086&DEV_A102&SUBSYS_B0051458&REV_31\3&11583659&0&B8.
Warning,02-11-2022 08:43,Microsoft-Windows-Kernel-PnP,225,-223,The application \Device\HarddiskVolume6\Windows\System32\DriverStore\FileRepository\iigd_dch.inf_amd64_11c26d8a23bff2a5\IntelCpHDCPSvc.exe with process id 4008 stopped the removal or ejection for the device PCI\VEN_8086&DEV_A102&SUBSYS_B0051458&REV_31\3&11583659&0&B8.
Warning,02-11-2022 08:43,Microsoft-Windows-Kernel-PnP,225,-223,The application \Device\HarddiskVolume6\Windows\Microsoft.NET\Framework64\v4.0.30319\SMSvcHost.exe with process id 4000 stopped the removal or ejection for the device PCI\VEN_8086&DEV_A102&SUBSYS_B0051458&REV_31\3&11583659&0&B8.
Warning,02-11-2022 08:43,Microsoft-Windows-Kernel-PnP,225,-223,The application \Device\HarddiskVolume6\Windows\System32\SearchIndexer.exe with process id 3992 stopped the removal or ejection for the device PCI\VEN_8086&DEV_A102&SUBSYS_B0051458&REV_31\3&11583659&0&B8.
Warning,02-11-2022 08:43,Microsoft-Windows-Kernel-PnP,225,-223,The application \Device\HarddiskVolume6\Windows\SysWOW64\vmnetdhcp.exe with process id 3984 stopped the removal or ejection for the device PCI\VEN_8086&DEV_A102&SUBSYS_B0051458&REV_31\3&11583659&0&B8.
Warning,02-11-2022 08:43,Microsoft-Windows-Kernel-PnP,225,-223,The application \Device\HarddiskVolume6\Windows\System32\inetsrv\inetinfo.exe with process id 3972 stopped the removal or ejection for the device PCI\VEN_8086&DEV_A102&SUBSYS_B0051458&REV_31\3&11583659&0&B8.
Warning,02-11-2022 08:43,Microsoft-Windows-Kernel-PnP,225,-223,The application \Device\HarddiskVolume6\Windows\SysWOW64\vmnat.exe with process id 3952 stopped the removal or ejection for the device PCI\VEN_8086&DEV_A102&SUBSYS_B0051458&REV_31\3&11583659&0&B8.
Warning,02-11-2022 08:43,Microsoft-Windows-Kernel-PnP,225,-223,The application \Device\HarddiskVolume6\Windows\System32\svchost.exe with process id 3932 stopped the removal or ejection for the device PCI\VEN_8086&DEV_A102&SUBSYS_B0051458&REV_31\3&11583659&0&B8.
Warning,02-11-2022 08:43,Microsoft-Windows-Kernel-PnP,225,-223,The application \Device\HarddiskVolume6\Program Files\Cloudflare\Cloudflare WARP\warp-svc.exe with process id 3924 stopped the removal or ejection for the device PCI\VEN_8086&DEV_A102&SUBSYS_B0051458&REV_31\3&11583659&0&B8.
Warning,02-11-2022 08:43,Microsoft-Windows-Kernel-PnP,225,-223,The application \Device\HarddiskVolume6\Windows\System32\svchost.exe with process id 3900 stopped the removal or ejection for the device PCI\VEN_8086&DEV_A102&SUBSYS_B0051458&REV_31\3&11583659&0&B8.
Warning,02-11-2022 08:43,Microsoft-Windows-Kernel-PnP,225,-223,The application \Device\HarddiskVolume6\Windows\System32\svchost.exe with process id 3892 stopped the removal or ejection for the device PCI\VEN_8086&DEV_A102&SUBSYS_B0051458&REV_31\3&11583659&0&B8.
Warning,02-11-2022 08:43,Microsoft-Windows-Kernel-PnP,225,-223,The application \Device\HarddiskVolume6\Windows\System32\svchost.exe with process id 3880 stopped the removal or ejection for the device PCI\VEN_8086&DEV_A102&SUBSYS_B0051458&REV_31\3&11583659&0&B8.
Warning,02-11-2022 08:43,Microsoft-Windows-Kernel-PnP,225,-223,The application \Device\HarddiskVolume6\Windows\System32\svchost.exe with process id 3872 stopped the removal or ejection for the device PCI\VEN_8086&DEV_A102&SUBSYS_B0051458&REV_31\3&11583659&0&B8.
Warning,02-11-2022 08:43,Microsoft-Windows-Kernel-PnP,225,-223,The application \Device\HarddiskVolume6\Windows\System32\svchost.exe with process id 3860 stopped the removal or ejection for the device PCI\VEN_8086&DEV_A102&SUBSYS_B0051458&REV_31\3&11583659&0&B8.
Warning,02-11-2022 08:43,Microsoft-Windows-Kernel-PnP,225,-223,The application \Device\HarddiskVolume6\Windows\System32\svchost.exe with process id 3852 stopped the removal or ejection for the device PCI\VEN_8086&DEV_A102&SUBSYS_B0051458&REV_31\3&11583659&0&B8.
Warning,02-11-2022 08:43,Microsoft-Windows-Kernel-PnP,225,-223,The application \Device\HarddiskVolume6\Windows\System32\svchost.exe with process id 3844 stopped the removal or ejection for the device PCI\VEN_8086&DEV_A102&SUBSYS_B0051458&REV_31\3&11583659&0&B8.
Warning,02-11-2022 08:43,Microsoft-Windows-Kernel-PnP,225,-223,The application \Device\HarddiskVolume6\Windows\System32\svchost.exe with process id 3836 stopped the removal or ejection for the device PCI\VEN_8086&DEV_A102&SUBSYS_B0051458&REV_31\3&11583659&0&B8.
Warning,02-11-2022 08:43,Microsoft-Windows-Kernel-PnP,225,-223,The application \Device\HarddiskVolume6\Windows\System32\svchost.exe with process id 3828 stopped the removal or ejection for the device PCI\VEN_8086&DEV_A102&SUBSYS_B0051458&REV_31\3&11583659&0&B8.
Warning,02-11-2022 08:43,Microsoft-Windows-Kernel-PnP,225,-223,The application \Device\HarddiskVolume6\Windows\System32\svchost.exe with process id 3816 stopped the removal or ejection for the device PCI\VEN_8086&DEV_A102&SUBSYS_B0051458&REV_31\3&11583659&0&B8.
Warning,02-11-2022 08:43,Microsoft-Windows-Kernel-PnP,225,-223,The application \Device\HarddiskVolume6\Windows\System32\svchost.exe with process id 3800 stopped the removal or ejection for the device PCI\VEN_8086&DEV_A102&SUBSYS_B0051458&REV_31\3&11583659&0&B8.
Warning,02-11-2022 08:43,Microsoft-Windows-Kernel-PnP,225,-223,The application \Device\HarddiskVolume6\Windows\System32\svchost.exe with process id 3784 stopped the removal or ejection for the device PCI\VEN_8086&DEV_A102&SUBSYS_B0051458&REV_31\3&11583659&0&B8.
Warning,02-11-2022 08:43,Microsoft-Windows-Kernel-PnP,225,-223,The application \Device\HarddiskVolume6\Windows\System32\svchost.exe with process id 3776 stopped the removal or ejection for the device PCI\VEN_8086&DEV_A102&SUBSYS_B0051458&REV_31\3&11583659&0&B8.
Warning,02-11-2022 08:43,Microsoft-Windows-Kernel-PnP,225,-223,The application \Device\HarddiskVolume6\Windows\System32\svchost.exe with process id 3768 stopped the removal or ejection for the device PCI\VEN_8086&DEV_A102&SUBSYS_B0051458&REV_31\3&11583659&0&B8.
Warning,02-11-2022 08:43,Microsoft-Windows-Kernel-PnP,225,-223,The application \Device\HarddiskVolume6\Windows\System32\svchost.exe with process id 3492 stopped the removal or ejection for the device PCI\VEN_8086&DEV_A102&SUBSYS_B0051458&REV_31\3&11583659&0&B8.
Warning,02-11-2022 08:43,Microsoft-Windows-Kernel-PnP,225,-223,The application \Device\HarddiskVolume6\Windows\System32\spoolsv.exe with process id 3448 stopped the removal or ejection for the device PCI\VEN_8086&DEV_A102&SUBSYS_B0051458&REV_31\3&11583659&0&B8.
Warning,02-11-2022 08:43,Microsoft-Windows-Kernel-PnP,225,-223,The application \Device\HarddiskVolume6\Program Files\Fortinet\FortiClient\scheduler.exe with process id 3200 stopped the removal or ejection for the device PCI\VEN_8086&DEV_A102&SUBSYS_B0051458&REV_31\3&11583659&0&B8.
Warning,02-11-2022 08:43,Microsoft-Windows-Kernel-PnP,225,-223,The application \Device\HarddiskVolume6\Windows\System32\svchost.exe with process id 3116 stopped the removal or ejection for the device PCI\VEN_8086&DEV_A102&SUBSYS_B0051458&REV_31\3&11583659&0&B8.
Warning,02-11-2022 08:43,Microsoft-Windows-Kernel-PnP,225,-223,The application \Device\HarddiskVolume6\Windows\System32\svchost.exe with process id 3044 stopped the removal or ejection for the device PCI\VEN_8086&DEV_A102&SUBSYS_B0051458&REV_31\3&11583659&0&B8.
Warning,02-11-2022 08:43,Microsoft-Windows-Kernel-PnP,225,-223,The application \Device\HarddiskVolume6\Windows\System32\svchost.exe with process id 3004 stopped the removal or ejection for the device PCI\VEN_8086&DEV_A102&SUBSYS_B0051458&REV_31\3&11583659&0&B8.
Warning,02-11-2022 08:43,Microsoft-Windows-Kernel-PnP,225,-223,The application \Device\HarddiskVolume6\Windows\System32\svchost.exe with process id 2996 stopped the removal or ejection for the device PCI\VEN_8086&DEV_A102&SUBSYS_B0051458&REV_31\3&11583659&0&B8.
Warning,02-11-2022 08:43,Microsoft-Windows-Kernel-PnP,225,-223,The application \Device\HarddiskVolume6\Windows\System32\svchost.exe with process id 2988 stopped the removal or ejection for the device PCI\VEN_8086&DEV_A102&SUBSYS_B0051458&REV_31\3&11583659&0&B8.
Warning,02-11-2022 08:43,Microsoft-Windows-Kernel-PnP,225,-223,The application \Device\HarddiskVolume6\Windows\System32\svchost.exe with process id 2884 stopped the removal or ejection for the device PCI\VEN_8086&DEV_A102&SUBSYS_B0051458&REV_31\3&11583659&0&B8.
Warning,02-11-2022 08:43,Microsoft-Windows-Kernel-PnP,225,-223,The application \Device\HarddiskVolume6\Program Files\Google\Chrome\Application\chrome.exe with process id 2880 stopped the removal or ejection for the device PCI\VEN_8086&DEV_A102&SUBSYS_B0051458&REV_31\3&11583659&0&B8.
Warning,02-11-2022 08:43,Microsoft-Windows-Kernel-PnP,225,-223,The application \Device\HarddiskVolume6\Program Files\Microsoft SQL Server\MSSQL12.MSSQLSERVER14\MSSQL\Binn\sqlservr.exe with process id 2840 stopped the removal or ejection for the device PCI\VEN_8086&DEV_A102&SUBSYS_B0051458&REV_31\3&11583659&0&B8.
Warning,02-11-2022 08:43,Microsoft-Windows-Kernel-PnP,225,-223,The application \Device\HarddiskVolume6\Windows\System32\svchost.exe with process id 2784 stopped the removal or ejection for the device PCI\VEN_8086&DEV_A102&SUBSYS_B0051458&REV_31\3&11583659&0&B8.
Warning,02-11-2022 08:43,Microsoft-Windows-Kernel-PnP,225,-223,The application \Device\HarddiskVolume6\Windows\System32\svchost.exe with process id 2700 stopped the removal or ejection for the device PCI\VEN_8086&DEV_A102&SUBSYS_B0051458&REV_31\3&11583659&0&B8.
Warning,02-11-2022 08:43,Microsoft-Windows-Kernel-PnP,225,-223,The application \Device\HarddiskVolume6\Windows\System32\svchost.exe with process id 2624 stopped the removal or ejection for the device PCI\VEN_8086&DEV_A102&SUBSYS_B0051458&REV_31\3&11583659&0&B8.
Warning,02-11-2022 08:43,Microsoft-Windows-Kernel-PnP,225,-223,The application \Device\HarddiskVolume6\Windows\System32\svchost.exe with process id 2552 stopped the removal or ejection for the device PCI\VEN_8086&DEV_A102&SUBSYS_B0051458&REV_31\3&11583659&0&B8.
Warning,02-11-2022 08:43,Microsoft-Windows-Kernel-PnP,225,-223,The application \Device\HarddiskVolume6\Windows\System32\svchost.exe with process id 2536 stopped the removal or ejection for the device PCI\VEN_8086&DEV_A102&SUBSYS_B0051458&REV_31\3&11583659&0&B8.
Warning,02-11-2022 08:43,Microsoft-Windows-Kernel-PnP,225,-223,The application \Device\HarddiskVolume6\Windows\System32\svchost.exe with process id 2528 stopped the removal or ejection for the device PCI\VEN_8086&DEV_A102&SUBSYS_B0051458&REV_31\3&11583659&0&B8.
Warning,02-11-2022 08:43,Microsoft-Windows-Kernel-PnP,225,-223,The application \Device\HarddiskVolume6\Windows\System32\svchost.exe with process id 2392 stopped the removal or ejection for the device PCI\VEN_8086&DEV_A102&SUBSYS_B0051458&REV_31\3&11583659&0&B8.
Warning,02-11-2022 08:43,Microsoft-Windows-Kernel-PnP,225,-223,The application \Device\HarddiskVolume6\Windows\System32\svchost.exe with process id 2356 stopped the removal or ejection for the device PCI\VEN_8086&DEV_A102&SUBSYS_B0051458&REV_31\3&11583659&0&B8.
Warning,02-11-2022 08:43,Microsoft-Windows-Kernel-PnP,225,-223,The application \Device\HarddiskVolume6\Windows\System32\svchost.exe with process id 2300 stopped the removal or ejection for the device PCI\VEN_8086&DEV_A102&SUBSYS_B0051458&REV_31\3&11583659&0&B8.
Warning,02-11-2022 08:43,Microsoft-Windows-Kernel-PnP,225,-223,The application \Device\HarddiskVolume6\Windows\System32\svchost.exe with process id 2244 stopped the removal or ejection for the device PCI\VEN_8086&DEV_A102&SUBSYS_B0051458&REV_31\3&11583659&0&B8.
Warning,02-11-2022 08:43,Microsoft-Windows-Kernel-PnP,225,-223,The application \Device\HarddiskVolume6\Windows\System32\svchost.exe with process id 2040 stopped the removal or ejection for the device PCI\VEN_8086&DEV_A102&SUBSYS_B0051458&REV_31\3&11583659&0&B8.
Warning,02-11-2022 08:43,Microsoft-Windows-Kernel-PnP,225,-223,The application \Device\HarddiskVolume6\Windows\System32\svchost.exe with process id 2008 stopped the removal or ejection for the device PCI\VEN_8086&DEV_A102&SUBSYS_B0051458&REV_31\3&11583659&0&B8.
Warning,02-11-2022 08:43,Microsoft-Windows-Kernel-PnP,225,-223,The application \Device\HarddiskVolume6\Windows\System32\svchost.exe with process id 1944 stopped the removal or ejection for the device PCI\VEN_8086&DEV_A102&SUBSYS_B0051458&REV_31\3&11583659&0&B8.
Warning,02-11-2022 08:43,Microsoft-Windows-Kernel-PnP,225,-223,The application \Device\HarddiskVolume6\Windows\System32\svchost.exe with process id 1928 stopped the removal or ejection for the device PCI\VEN_8086&DEV_A102&SUBSYS_B0051458&REV_31\3&11583659&0&B8.
Warning,02-11-2022 08:43,Microsoft-Windows-Kernel-PnP,225,-223,The application \Device\HarddiskVolume6\Windows\System32\svchost.exe with process id 1920 stopped the removal or ejection for the device PCI\VEN_8086&DEV_A102&SUBSYS_B0051458&REV_31\3&11583659&0&B8.
Warning,02-11-2022 08:43,Microsoft-Windows-Kernel-PnP,225,-223,The application \Device\HarddiskVolume6\Windows\System32\svchost.exe with process id 1808 stopped the removal or ejection for the device PCI\VEN_8086&DEV_A102&SUBSYS_B0051458&REV_31\3&11583659&0&B8.
Warning,02-11-2022 08:43,Microsoft-Windows-Kernel-PnP,225,-223,The application \Device\HarddiskVolume6\Windows\System32\svchost.exe with process id 1776 stopped the removal or ejection for the device PCI\VEN_8086&DEV_A102&SUBSYS_B0051458&REV_31\3&11583659&0&B8.
Warning,02-11-2022 08:43,Microsoft-Windows-Kernel-PnP,225,-223,The application \Device\HarddiskVolume6\Windows\System32\svchost.exe with process id 1688 stopped the removal or ejection for the device PCI\VEN_8086&DEV_A102&SUBSYS_B0051458&REV_31\3&11583659&0&B8.
Warning,02-11-2022 08:43,Microsoft-Windows-Kernel-PnP,225,-223,The application \Device\HarddiskVolume6\Windows\System32\DriverStore\FileRepository\cui_dch.inf_amd64_f3a64c75ee4defb7\igfxCUIService.exe with process id 1680 stopped the removal or ejection for the device PCI\VEN_8086&DEV_A102&SUBSYS_B0051458&REV_31\3&11583659&0&B8.
Warning,02-11-2022 08:43,Microsoft-Windows-Kernel-PnP,225,-223,The application \Device\HarddiskVolume6\Windows\System32\svchost.exe with process id 1636 stopped the removal or ejection for the device PCI\VEN_8086&DEV_A102&SUBSYS_B0051458&REV_31\3&11583659&0&B8.
Warning,02-11-2022 08:43,Microsoft-Windows-Kernel-PnP,225,-223,The application \Device\HarddiskVolume6\Program Files\Google\Chrome\Application\chrome.exe with process id 1632 stopped the removal or ejection for the device PCI\VEN_8086&DEV_A102&SUBSYS_B0051458&REV_31\3&11583659&0&B8.
Warning,02-11-2022 08:43,Microsoft-Windows-Kernel-PnP,225,-223,The application \Device\HarddiskVolume6\Windows\System32\svchost.exe with process id 1596 stopped the removal or ejection for the device PCI\VEN_8086&DEV_A102&SUBSYS_B0051458&REV_31\3&11583659&0&B8.
Warning,02-11-2022 08:43,Microsoft-Windows-Kernel-PnP,225,-223,The application \Device\HarddiskVolume6\Windows\System32\svchost.exe with process id 1496 stopped the removal or ejection for the device PCI\VEN_8086&DEV_A102&SUBSYS_B0051458&REV_31\3&11583659&0&B8.
Warning,02-11-2022 08:43,Microsoft-Windows-Kernel-PnP,225,-223,The application \Device\HarddiskVolume6\Windows\System32\svchost.exe with process id 1480 stopped the removal or ejection for the device PCI\VEN_8086&DEV_A102&SUBSYS_B0051458&REV_31\3&11583659&0&B8.
Warning,02-11-2022 08:43,Microsoft-Windows-Kernel-PnP,225,-223,The application \Device\HarddiskVolume6\Windows\System32\svchost.exe with process id 1420 stopped the removal or ejection for the device PCI\VEN_8086&DEV_A102&SUBSYS_B0051458&REV_31\3&11583659&0&B8.
Warning,02-11-2022 08:43,Microsoft-Windows-Kernel-PnP,225,-223,The application \Device\HarddiskVolume6\Windows\System32\svchost.exe with process id 1408 stopped the removal or ejection for the device PCI\VEN_8086&DEV_A102&SUBSYS_B0051458&REV_31\3&11583659&0&B8.
Warning,02-11-2022 08:43,Microsoft-Windows-Kernel-PnP,225,-223,The application \Device\HarddiskVolume6\Windows\System32\svchost.exe with process id 1280 stopped the removal or ejection for the device PCI\VEN_8086&DEV_A102&SUBSYS_B0051458&REV_31\3&11583659&0&B8.
Warning,02-11-2022 08:43,Microsoft-Windows-Kernel-PnP,225,-223,The application \Device\HarddiskVolume6\Windows\System32\svchost.exe with process id 1272 stopped the removal or ejection for the device PCI\VEN_8086&DEV_A102&SUBSYS_B0051458&REV_31\3&11583659&0&B8.
Warning,02-11-2022 08:43,Microsoft-Windows-Kernel-PnP,225,-223,The application \Device\HarddiskVolume6\Program Files\Realtek\Audio\HDA\RtkNGUI64.exe with process id 1256 stopped the removal or ejection for the device PCI\VEN_8086&DEV_A102&SUBSYS_B0051458&REV_31\3&11583659&0&B8.
Warning,02-11-2022 08:43,Microsoft-Windows-Kernel-PnP,225,-223,The application \Device\HarddiskVolume6\Windows\System32\svchost.exe with process id 1184 stopped the removal or ejection for the device PCI\VEN_8086&DEV_A102&SUBSYS_B0051458&REV_31\3&11583659&0&B8.
Warning,02-11-2022 08:43,Microsoft-Windows-Kernel-PnP,225,-223,The application \Device\HarddiskVolume6\Windows\System32\svchost.exe with process id 1032 stopped the removal or ejection for the device PCI\VEN_8086&DEV_A102&SUBSYS_B0051458&REV_31\3&11583659&0&B8.
Warning,02-11-2022 08:43,Microsoft-Windows-Kernel-PnP,225,-223,The application \Device\HarddiskVolume6\Windows\System32\svchost.exe with process id 1008 stopped the removal or ejection for the device PCI\VEN_8086&DEV_A102&SUBSYS_B0051458&REV_31\3&11583659&0&B8.
Warning,02-11-2022 08:43,Microsoft-Windows-Kernel-PnP,225,-223,The application \Device\HarddiskVolume6\Windows\System32\dwm.exe with process id 1004 stopped the removal or ejection for the device PCI\VEN_8086&DEV_A102&SUBSYS_B0051458&REV_31\3&11583659&0&B8.
Warning,02-11-2022 08:43,Microsoft-Windows-Kernel-PnP,225,-223,The application \Device\HarddiskVolume6\Windows\System32\lsass.exe with process id 876 stopped the removal or ejection for the device PCI\VEN_8086&DEV_A102&SUBSYS_B0051458&REV_31\3&11583659&0&B8.
Warning,02-11-2022 08:43,Microsoft-Windows-Kernel-PnP,225,-223,The application \Device\HarddiskVolume6\Windows\System32\services.exe with process id 868 stopped the removal or ejection for the device PCI\VEN_8086&DEV_A102&SUBSYS_B0051458&REV_31\3&11583659&0&B8.
Warning,02-11-2022 08:43,Microsoft-Windows-Kernel-PnP,225,-223,The application \Device\HarddiskVolume6\Windows\System32\wininit.exe with process id 748 stopped the removal or ejection for the device PCI\VEN_8086&DEV_A102&SUBSYS_B0051458&REV_31\3&11583659&0&B8.
Warning,02-11-2022 08:43,Microsoft-Windows-Kernel-PnP,225,-223,The application \Device\HarddiskVolume6\Windows\System32\csrss.exe with process id 724 stopped the removal or ejection for the device PCI\VEN_8086&DEV_A102&SUBSYS_B0051458&REV_31\3&11583659&0&B8.
Warning,02-11-2022 08:43,Microsoft-Windows-Kernel-PnP,225,-223,The application \Device\HarddiskVolume6\Windows\System32\svchost.exe with process id 716 stopped the removal or ejection for the device PCI\VEN_8086&DEV_A102&SUBSYS_B0051458&REV_31\3&11583659&0&B8.
Warning,02-11-2022 08:43,Microsoft-Windows-Kernel-PnP,225,-223,The application \Device\HarddiskVolume6\Windows\System32\dllhost.exe with process id 660 stopped the removal or ejection for the device PCI\VEN_8086&DEV_A102&SUBSYS_B0051458&REV_31\3&11583659&0&B8.
Warning,02-11-2022 08:43,Microsoft-Windows-Kernel-PnP,225,-223,The application \Device\HarddiskVolume6\Windows\System32\csrss.exe with process id 640 stopped the removal or ejection for the device PCI\VEN_8086&DEV_A102&SUBSYS_B0051458&REV_31\3&11583659&0&B8.
Warning,02-11-2022 08:43,Microsoft-Windows-Kernel-PnP,225,-223,The application \Device\HarddiskVolume6\Windows\System32\fontdrvhost.exe with process id 548 stopped the removal or ejection for the device PCI\VEN_8086&DEV_A102&SUBSYS_B0051458&REV_31\3&11583659&0&B8.
Warning,02-11-2022 08:43,Microsoft-Windows-Kernel-PnP,225,-223,The application \Device\HarddiskVolume6\Program Files\Google\Chrome\Application\chrome.exe with process id 540 stopped the removal or ejection for the device PCI\VEN_8086&DEV_A102&SUBSYS_B0051458&REV_31\3&11583659&0&B8.
Warning,02-11-2022 08:43,Microsoft-Windows-Kernel-PnP,225,-223,The application \Device\HarddiskVolume6\Windows\System32\smss.exe with process id 412 stopped the removal or ejection for the device PCI\VEN_8086&DEV_A102&SUBSYS_B0051458&REV_31\3&11583659&0&B8.
Warning,02-11-2022 08:43,Microsoft-Windows-Kernel-PnP,225,-223,The application \Device\HarddiskVolume6\Program Files\WindowsApps\Microsoft.Office.OneNote_16001.13328.20478.0_x64__8wekyb3d8bbwe\onenoteim.exe with process id 240 stopped the removal or ejection for the device PCI\VEN_8086&DEV_A102&SUBSYS_B0051458&REV_31\3&11583659&0&B8.
Warning,02-11-2022 08:43,Microsoft-Windows-Kernel-PnP,225,-223,The application \Device\HarddiskVolume6\Windows\System32\svchost.exe with process id 72 stopped the removal or ejection for the device PCI\VEN_8086&DEV_A102&SUBSYS_B0051458&REV_31\3&11583659&0&B8.
Warning,02-11-2022 08:43,Microsoft-Windows-Kernel-PnP,225,-223,The application System with process id 4 stopped the removal or ejection for the device PCI\VEN_8086&DEV_A102&SUBSYS_B0051458&REV_31\3&11583659&0&B8.
Information,02-11-2022 08:43,Service Control Manager,7045,None,"A service was installed in the system.

Service Name:  iaStorE
Service File Name:  System32\drivers\iaStorE.sys
Service Type:  kernel mode driver
Service Start Type:  boot start
Service Account:  "
Warning,02-11-2022 08:42,Microsoft-Windows-DistributedCOM,10016,None,"The machine-default permission settings do not grant Local Activation permission for the COM Server application with CLSID 
{C2F03A33-21F5-47FA-B4BB-156362A2F239}
 and APPID 
{316CDED5-E4AE-4B15-9113-7055D84DCC97}
 to the user SHOHID-PC\SHOHID SID (S-1-5-21-2091211461-3178656723-4261672445-1001) from address LocalHost (Using LRPC) running in the application container Microsoft.Windows.ShellExperienceHost_10.0.18362.1171_neutral_neutral_cw5n1h2txyewy SID (S-1-15-2-155514346-2573954481-755741238-1654018636-1233331829-3075935687-2861478708). This security permission can be modified using the Component Services administrative tool."
Information,02-11-2022 08:42,Microsoft-Windows-UserPnp,20001,-7005,Driver Management concluded the process to install driver hdxgigabyte.inf_amd64_5085b397ea75bf22 for Device Instance ID HDAUDIO\FUNC_01&VEN_10EC&DEV_0887&SUBSYS_1458A182&REV_1003\4&11D6FE01&0&0001 with the following status: 0x0.
Information,02-11-2022 08:42,Microsoft-Windows-UserPnp,20001,-7005,Driver Management concluded the process to install driver sunrisepoint-hsystem.inf_amd64_bcf3029f12c9eb1b for Device Instance ID PCI\VEN_8086&DEV_A121&SUBSYS_50011458&REV_31\3&11583659&0&FA with the following status: 0x0.
Information,02-11-2022 08:42,Microsoft-Windows-UserPnp,20001,-7005,Driver Management concluded the process to install driver sunrisepoint-hsystem.inf_amd64_bcf3029f12c9eb1b for Device Instance ID PCI\VEN_8086&DEV_A115&SUBSYS_50011458&REV_F1\3&11583659&0&E5 with the following status: 0x0.
Information,02-11-2022 08:41,Microsoft-Windows-UserPnp,20001,-7005,Driver Management concluded the process to install driver sunrisepoint-hsystem.inf_amd64_bcf3029f12c9eb1b for Device Instance ID PCI\VEN_8086&DEV_A118&SUBSYS_50011458&REV_F1\3&11583659&0&E8 with the following status: 0x0.
Information,02-11-2022 08:41,Microsoft-Windows-UserPnp,20001,-7005,Driver Management concluded the process to install driver sunrisepoint-hsystem.inf_amd64_bcf3029f12c9eb1b for Device Instance ID PCI\VEN_8086&DEV_A123&SUBSYS_50011458&REV_31\3&11583659&0&FC with the following status: 0x0.
Information,02-11-2022 08:41,Microsoft-Windows-UserPnp,20001,-7005,Driver Management concluded the process to install driver sunrisepoint-hsystem.inf_amd64_bcf3029f12c9eb1b for Device Instance ID PCI\VEN_8086&DEV_A143&SUBSYS_50011458&REV_31\3&11583659&0&F8 with the following status: 0x0.
Information,02-11-2022 08:41,Microsoft-Windows-UserPnp,20001,-7005,Driver Management concluded the process to install driver sunrisepoint-hsystem.inf_amd64_bcf3029f12c9eb1b for Device Instance ID PCI\VEN_8086&DEV_A114&SUBSYS_50011458&REV_F1\3&11583659&0&E0 with the following status: 0x0.
Information,02-11-2022 08:41,Microsoft-Windows-Ntfs,98,None,Volume ?? (\Device\HarddiskVolumeShadowCopy5) is healthy.  No action is needed.
Error,02-11-2022 08:32,Microsoft-Windows-DistributedCOM,10000,None,"Unable to start a DCOM Server: {0358B920-0AC7-461F-98F4-58E32CD89148}. The error:
""2147942767""
Happened while starting this command:
C:\WINDOWS\system32\DllHost.exe /Processid:{3EB3C877-1F16-487C-9050-104DBCD66683}"
Warning,02-11-2022 08:30,Microsoft-Windows-DistributedCOM,10016,None,"The machine-default permission settings do not grant Local Activation permission for the COM Server application with CLSID 
{C2F03A33-21F5-47FA-B4BB-156362A2F239}
 and APPID 
{316CDED5-E4AE-4B15-9113-7055D84DCC97}
 to the user SHOHID-PC\SHOHID SID (S-1-5-21-2091211461-3178656723-4261672445-1001) from address LocalHost (Using LRPC) running in the application container Microsoft.Windows.ShellExperienceHost_10.0.18362.1171_neutral_neutral_cw5n1h2txyewy SID (S-1-15-2-155514346-2573954481-755741238-1654018636-1233331829-3075935687-2861478708). This security permission can be modified using the Component Services administrative tool."
Error,02-11-2022 08:29,Microsoft-Windows-DistributedCOM,10010,None,The server Microsoft.SkypeApp_15.79.95.0_x86__kzf8qxf38zg5c!App.AppXtwmqn4em5r5dpafgj4t4yyxgjfe0hr50.mca did not register with DCOM within the required timeout.
Warning,02-11-2022 08:28,Microsoft-Windows-DistributedCOM,10016,None,"The application-specific permission settings do not grant Local Activation permission for the COM Server application with CLSID 
{2593F8B9-4EAF-457C-B68A-50F6B8EA6B54}
 and APPID 
{15C20B67-12E7-4BB6-92BB-7AFF07997402}
 to the user SHOHID-PC\SHOHID SID (S-1-5-21-2091211461-3178656723-4261672445-1001) from address LocalHost (Using LRPC) running in the application container Microsoft.SkypeApp_15.79.95.0_x86__kzf8qxf38zg5c SID (Unavailable). This security permission can be modified using the Component Services administrative tool."
Error,02-11-2022 08:28,Microsoft-Windows-DistributedCOM,10010,None,The server Microsoft.SkypeApp_15.79.95.0_x86__kzf8qxf38zg5c!App.AppXtwmqn4em5r5dpafgj4t4yyxgjfe0hr50.mca did not register with DCOM within the required timeout.
Information,02-11-2022 08:27,Microsoft-Windows-Winlogon,7001,-1101,User Logon Notification for Customer Experience Improvement Program
Information,02-11-2022 08:27,Microsoft-Windows-Power-Troubleshooter,1,None,"The system has returned from a low power state.

Sleep Time: 2022-02-11T01:02:12.357905200Z
Wake Time: 2022-02-11T02:27:54.383681500Z

Wake Source: Unknown"
Error,02-11-2022 08:27,iaStorA,4102,None,Error log: Smart event occured on disk :X6GJEAPFS  
Information,02-11-2022 08:27,Microsoft-Windows-Kernel-Boot,32,-58,The bootmgr spent 0 ms waiting for user input.
Information,02-11-2022 08:27,Microsoft-Windows-Kernel-Boot,18,-57,There are 0x1 boot options on this system.
Information,02-11-2022 08:27,Microsoft-Windows-Kernel-Boot,27,-33,The boot type was 0x1.
Information,02-11-2022 08:27,Microsoft-Windows-Kernel-Boot,25,-32,The boot menu policy was 0x1.
Information,02-11-2022 08:27,Microsoft-Windows-Kernel-Boot,30,-21,The firmware reported boot metrics.
Information,02-11-2022 08:27,Microsoft-Windows-Kernel-General,1,-5,"The system time has changed to 2022-02-11T02:27:53.500000000Z from 2022-02-11T01:02:16.746506400Z.

Change Reason: System time synchronized with the hardware clock.
Process: '' (PID 4)."
Information,02-11-2022 07:02,Microsoft-Windows-Kernel-Power,107,-102,The system has resumed from sleep.
Information,02-11-2022 07:02,Microsoft-Windows-Kernel-Power,42,-64,"The system is entering sleep.

Sleep Reason: Application API"
Information,02-11-2022 07:02,Microsoft-Windows-Kernel-Power,187,-243,User-mode process attempted to change the system state by calling SetSuspendState or SetSystemPowerState APIs.
Information,02-11-2022 07:02,Microsoft-Windows-Winlogon,7002,-1102,User Logoff Notification for Customer Experience Improvement Program
Warning,02-10-2022 23:24,Microsoft-Windows-DistributedCOM,10016,None,"The machine-default permission settings do not grant Local Activation permission for the COM Server application with CLSID 
{C2F03A33-21F5-47FA-B4BB-156362A2F239}
 and APPID 
{316CDED5-E4AE-4B15-9113-7055D84DCC97}
 to the user SHOHID-PC\SHOHID SID (S-1-5-21-2091211461-3178656723-4261672445-1001) from address LocalHost (Using LRPC) running in the application container Microsoft.Windows.ShellExperienceHost_10.0.18362.1171_neutral_neutral_cw5n1h2txyewy SID (S-1-15-2-155514346-2573954481-755741238-1654018636-1233331829-3075935687-2861478708). This security permission can be modified using the Component Services administrative tool."
Information,02-10-2022 23:17,Microsoft-Windows-WindowsUpdateClient,19,Windows Update Agent,Installation Successful: Windows successfully installed the following update: Security Intelligence Update for Microsoft Defender Antivirus - KB2267602 (Version 1.357.399.0)
Information,02-10-2022 23:17,Service Control Manager,7045,None,"A service was installed in the system.

Service Name:  MpKsle7ac4868
Service File Name:  C:\ProgramData\Microsoft\Windows Defender\Definition Updates\{5E6020D4-BD17-43AC-B96F-74A166D26858}\MpKslDrv.sys
Service Type:  kernel mode driver
Service Start Type:  demand start
Service Account:  "
Information,02-10-2022 23:17,Microsoft-Windows-WindowsUpdateClient,43,Windows Update Agent,Installation Started: Windows has started installing the following update: Security Intelligence Update for Microsoft Defender Antivirus - KB2267602 (Version 1.357.399.0)
Information,02-10-2022 23:17,Microsoft-Windows-WindowsUpdateClient,44,Windows Update Agent,Windows Update started downloading an update.
Information,02-10-2022 22:40,Microsoft-Windows-Kernel-General,1,-5,"The system time has changed to 2022-02-10T16:40:06.300814200Z from 2022-02-10T16:40:06.300302000Z.

Change Reason: An application or system component changed the time.
Process: '\Device\HarddiskVolume6\Windows\System32\svchost.exe' (PID 23508)."
Information,02-10-2022 22:40,Microsoft-Windows-Time-Service,35,None,"The time service is now synchronizing the system time with the time source time.windows.com,0x9 (ntp.m|0x9|0.0.0.0:123->40.81.94.65:123) with reference id 1096700200. Current local stratum number is 4."
Information,02-10-2022 22:39,Microsoft-Windows-Kernel-General,16,None,The access history in hive \??\C:\Users\SHOHID\AppData\Local\Packages\windows.printdialog_cw5n1h2txyewy\Settings\settings.dat was cleared updating 2 keys and creating 1 modified pages.
Information,02-10-2022 22:39,Microsoft-Windows-Kernel-General,16,None,The access history in hive \??\C:\Users\SHOHID\AppData\Local\Packages\windows.immersivecontrolpanel_cw5n1h2txyewy\Settings\settings.dat was cleared updating 2 keys and creating 1 modified pages.
Information,02-10-2022 22:39,Microsoft-Windows-Kernel-General,16,None,The access history in hive \??\C:\Users\SHOHID\AppData\Local\Packages\windows.cbspreview_cw5n1h2txyewy\Settings\settings.dat was cleared updating 2 keys and creating 1 modified pages.
Information,02-10-2022 22:39,Microsoft-Windows-Kernel-General,16,None,The access history in hive \??\C:\Users\SHOHID\AppData\Local\Packages\pythonsoftwarefoundation.python.3.8_qbz5n2kfra8p0\Settings\settings.dat was cleared updating 2 keys and creating 1 modified pages.
Information,02-10-2022 22:39,Microsoft-Windows-Kernel-General,16,None,The access history in hive \??\C:\Users\SHOHID\AppData\Local\Packages\microsoft.zunemusic_8wekyb3d8bbwe\Settings\settings.dat was cleared updating 2 keys and creating 1 modified pages.
Information,02-10-2022 22:39,Microsoft-Windows-Kernel-General,16,None,The access history in hive \??\C:\Users\SHOHID\AppData\Local\Packages\microsoft.xboxspeechtotextoverlay_8wekyb3d8bbwe\Settings\settings.dat was cleared updating 2 keys and creating 1 modified pages.
Information,02-10-2022 22:39,Microsoft-Windows-Kernel-General,16,None,The access history in hive \??\C:\Users\SHOHID\AppData\Local\Packages\microsoft.xboxidentityprovider_8wekyb3d8bbwe\Settings\settings.dat was cleared updating 2 keys and creating 1 modified pages.
Information,02-10-2022 22:39,Microsoft-Windows-Kernel-General,16,None,The access history in hive \??\C:\Users\SHOHID\AppData\Local\Packages\microsoft.xboxgameoverlay_8wekyb3d8bbwe\Settings\settings.dat was cleared updating 2 keys and creating 1 modified pages.
Information,02-10-2022 22:39,Microsoft-Windows-Kernel-General,16,None,The access history in hive \??\C:\Users\SHOHID\AppData\Local\Packages\microsoft.xboxgamecallableui_cw5n1h2txyewy\Settings\settings.dat was cleared updating 2 keys and creating 1 modified pages.
Information,02-10-2022 22:39,Microsoft-Windows-Kernel-General,16,None,The access history in hive \??\C:\Users\SHOHID\AppData\Local\Packages\microsoft.xboxapp_8wekyb3d8bbwe\Settings\settings.dat was cleared updating 2 keys and creating 1 modified pages.
Information,02-10-2022 22:39,Microsoft-Windows-Kernel-General,16,None,The access history in hive \??\C:\Users\SHOHID\AppData\Local\Packages\microsoft.xbox.tcui_8wekyb3d8bbwe\Settings\settings.dat was cleared updating 2 keys and creating 1 modified pages.
Information,02-10-2022 22:39,Microsoft-Windows-Kernel-General,16,None,The access history in hive \??\C:\Users\SHOHID\AppData\Local\Packages\microsoft.windowssoundrecorder_8wekyb3d8bbwe\Settings\settings.dat was cleared updating 2 keys and creating 1 modified pages.
Information,02-10-2022 22:39,Microsoft-Windows-Kernel-General,16,None,The access history in hive \??\C:\Users\SHOHID\AppData\Local\Packages\microsoft.windowsmaps_8wekyb3d8bbwe\Settings\settings.dat was cleared updating 4 keys and creating 1 modified pages.
Information,02-10-2022 22:39,Microsoft-Windows-Kernel-General,16,None,The access history in hive \??\C:\Users\SHOHID\AppData\Local\Packages\microsoft.windowscamera_8wekyb3d8bbwe\Settings\settings.dat was cleared updating 2 keys and creating 1 modified pages.
Information,02-10-2022 22:39,Microsoft-Windows-Kernel-General,16,None,The access history in hive \??\C:\Users\SHOHID\AppData\Local\Packages\microsoft.windowscalculator_8wekyb3d8bbwe\Settings\settings.dat was cleared updating 2 keys and creating 1 modified pages.
Information,02-10-2022 22:39,Microsoft-Windows-Kernel-General,16,None,The access history in hive \??\C:\Users\SHOHID\AppData\Local\Packages\microsoft.windowsalarms_8wekyb3d8bbwe\Settings\settings.dat was cleared updating 2 keys and creating 1 modified pages.
Information,02-10-2022 22:39,Microsoft-Windows-Kernel-General,16,None,The access history in hive \??\C:\Users\SHOHID\AppData\Local\Packages\microsoft.windows.xgpuejectdialog_cw5n1h2txyewy\Settings\settings.dat was cleared updating 2 keys and creating 1 modified pages.
Information,02-10-2022 22:39,Microsoft-Windows-Kernel-General,16,None,The access history in hive \??\C:\Users\SHOHID\AppData\Local\Packages\microsoft.windows.shellexperiencehost_cw5n1h2txyewy\Settings\settings.dat was cleared updating 4 keys and creating 1 modified pages.
Information,02-10-2022 22:39,Microsoft-Windows-Kernel-General,16,None,The access history in hive \??\C:\Users\SHOHID\AppData\Local\Packages\microsoft.windows.secureassessmentbrowser_cw5n1h2txyewy\Settings\settings.dat was cleared updating 2 keys and creating 1 modified pages.
Information,02-10-2022 22:39,Microsoft-Windows-Kernel-General,16,None,The access history in hive \??\C:\Users\SHOHID\AppData\Local\Packages\microsoft.windows.sechealthui_cw5n1h2txyewy\Settings\settings.dat was cleared updating 2 keys and creating 1 modified pages.
Information,02-10-2022 22:39,Microsoft-Windows-Kernel-General,16,None,The access history in hive \??\C:\Users\SHOHID\AppData\Local\Packages\microsoft.windows.pinningconfirmationdialog_cw5n1h2txyewy\Settings\settings.dat was cleared updating 2 keys and creating 1 modified pages.
Information,02-10-2022 22:39,Microsoft-Windows-Kernel-General,16,None,The access history in hive \??\C:\Users\SHOHID\AppData\Local\Packages\microsoft.windows.peopleexperiencehost_cw5n1h2txyewy\Settings\settings.dat was cleared updating 2 keys and creating 1 modified pages.
Information,02-10-2022 22:39,Microsoft-Windows-Kernel-General,16,None,The access history in hive \??\C:\Users\SHOHID\AppData\Local\Packages\microsoft.windows.parentalcontrols_cw5n1h2txyewy\Settings\settings.dat was cleared updating 2 keys and creating 1 modified pages.
Information,02-10-2022 22:39,Microsoft-Windows-Kernel-General,16,None,The access history in hive \??\C:\Users\SHOHID\AppData\Local\Packages\microsoft.windows.oobenetworkconnectionflow_cw5n1h2txyewy\Settings\settings.dat was cleared updating 2 keys and creating 1 modified pages.
Information,02-10-2022 22:39,Microsoft-Windows-Kernel-General,16,None,The access history in hive \??\C:\Users\SHOHID\AppData\Local\Packages\microsoft.windows.oobenetworkcaptiveportal_cw5n1h2txyewy\Settings\settings.dat was cleared updating 2 keys and creating 1 modified pages.
Information,02-10-2022 22:39,Microsoft-Windows-Kernel-General,16,None,The access history in hive \??\C:\Users\SHOHID\AppData\Local\Packages\microsoft.windows.narratorquickstart_8wekyb3d8bbwe\Settings\settings.dat was cleared updating 2 keys and creating 1 modified pages.
Information,02-10-2022 22:39,Microsoft-Windows-Kernel-General,16,None,The access history in hive \??\C:\Users\SHOHID\AppData\Local\Packages\microsoft.windows.cloudexperiencehost_cw5n1h2txyewy\Settings\settings.dat was cleared updating 4 keys and creating 1 modified pages.
Information,02-10-2022 22:39,Microsoft-Windows-Kernel-General,16,None,The access history in hive \??\C:\Users\SHOHID\AppData\Local\Packages\microsoft.windows.capturepicker_cw5n1h2txyewy\Settings\settings.dat was cleared updating 2 keys and creating 1 modified pages.
Information,02-10-2022 22:39,Microsoft-Windows-Kernel-General,16,None,The access history in hive \??\C:\Users\SHOHID\AppData\Local\Packages\microsoft.windows.callingshellapp_cw5n1h2txyewy\Settings\settings.dat was cleared updating 2 keys and creating 1 modified pages.
Information,02-10-2022 22:39,Microsoft-Windows-Kernel-General,16,None,The access history in hive \??\C:\Users\SHOHID\AppData\Local\Packages\microsoft.windows.assignedaccesslockapp_cw5n1h2txyewy\Settings\settings.dat was cleared updating 2 keys and creating 1 modified pages.
Information,02-10-2022 22:39,Microsoft-Windows-Kernel-General,16,None,The access history in hive \??\C:\Users\SHOHID\AppData\Local\Packages\microsoft.windows.apprep.chxapp_cw5n1h2txyewy\Settings\settings.dat was cleared updating 2 keys and creating 1 modified pages.
Information,02-10-2022 22:39,Microsoft-Windows-Kernel-General,16,None,The access history in hive \??\C:\Users\SHOHID\AppData\Local\Packages\microsoft.win32webviewhost_cw5n1h2txyewy\Settings\settings.dat was cleared updating 2 keys and creating 1 modified pages.
Information,02-10-2022 22:39,Microsoft-Windows-Kernel-General,16,None,The access history in hive \??\C:\Users\SHOHID\AppData\Local\Packages\microsoft.webpimageextension_8wekyb3d8bbwe\Settings\settings.dat was cleared updating 2 keys and creating 1 modified pages.
Information,02-10-2022 22:39,Microsoft-Windows-Kernel-General,16,None,The access history in hive \??\C:\Users\SHOHID\AppData\Local\Packages\microsoft.webmediaextensions_8wekyb3d8bbwe\Settings\settings.dat was cleared updating 2 keys and creating 1 modified pages.
Information,02-10-2022 22:39,Microsoft-Windows-Kernel-General,16,None,The access history in hive \??\C:\Users\SHOHID\AppData\Local\Packages\microsoft.wallet_8wekyb3d8bbwe\Settings\settings.dat was cleared updating 2 keys and creating 1 modified pages.
Information,02-10-2022 22:39,Microsoft-Windows-Kernel-General,16,None,The access history in hive \??\C:\Users\SHOHID\AppData\Local\Packages\microsoft.vp9videoextensions_8wekyb3d8bbwe\Settings\settings.dat was cleared updating 2 keys and creating 1 modified pages.
Information,02-10-2022 22:39,Microsoft-Windows-Kernel-General,16,None,The access history in hive \??\C:\Users\SHOHID\AppData\Local\Packages\microsoft.skypeapp_kzf8qxf38zg5c\Settings\settings.dat was cleared updating 2 keys and creating 1 modified pages.
Information,02-10-2022 22:39,Microsoft-Windows-Kernel-General,16,None,The access history in hive \??\C:\Users\SHOHID\AppData\Local\Packages\microsoft.screensketch_8wekyb3d8bbwe\Settings\settings.dat was cleared updating 2 keys and creating 1 modified pages.
Information,02-10-2022 22:39,Microsoft-Windows-Kernel-General,16,None,The access history in hive \??\C:\Users\SHOHID\AppData\Local\Packages\microsoft.print3d_8wekyb3d8bbwe\Settings\settings.dat was cleared updating 2 keys and creating 1 modified pages.
Information,02-10-2022 22:39,Microsoft-Windows-Kernel-General,16,None,The access history in hive \??\C:\Users\SHOHID\AppData\Local\Packages\microsoft.ppiprojection_cw5n1h2txyewy\Settings\settings.dat was cleared updating 2 keys and creating 1 modified pages.
Information,02-10-2022 22:39,Microsoft-Windows-Kernel-General,16,None,The access history in hive \??\C:\Users\SHOHID\AppData\Local\Packages\microsoft.oneconnect_8wekyb3d8bbwe\Settings\settings.dat was cleared updating 2 keys and creating 1 modified pages.
Information,02-10-2022 22:39,Microsoft-Windows-Kernel-General,16,None,The access history in hive \??\C:\Users\SHOHID\AppData\Local\Packages\microsoft.mspaint_8wekyb3d8bbwe\Settings\settings.dat was cleared updating 2 keys and creating 1 modified pages.
Information,02-10-2022 22:39,Microsoft-Windows-Kernel-General,16,None,The access history in hive \??\C:\Users\SHOHID\AppData\Local\Packages\microsoft.mixedreality.portal_8wekyb3d8bbwe\Settings\settings.dat was cleared updating 2 keys and creating 1 modified pages.
Information,02-10-2022 22:39,Microsoft-Windows-Kernel-General,16,None,The access history in hive \??\C:\Users\SHOHID\AppData\Local\Packages\microsoft.microsoftstickynotes_8wekyb3d8bbwe\Settings\settings.dat was cleared updating 2 keys and creating 1 modified pages.
Information,02-10-2022 22:39,Microsoft-Windows-Kernel-General,16,None,The access history in hive \??\C:\Users\SHOHID\AppData\Local\Packages\microsoft.microsoftsolitairecollection_8wekyb3d8bbwe\Settings\settings.dat was cleared updating 2 keys and creating 1 modified pages.
Information,02-10-2022 22:39,Microsoft-Windows-Kernel-General,16,None,The access history in hive \??\C:\Users\SHOHID\AppData\Local\Packages\microsoft.microsoftedgedevtoolsclient_8wekyb3d8bbwe\Settings\settings.dat was cleared updating 2 keys and creating 1 modified pages.
Information,02-10-2022 22:39,Microsoft-Windows-Kernel-General,16,None,The access history in hive \??\C:\Users\SHOHID\AppData\Local\Packages\microsoft.microsoft3dviewer_8wekyb3d8bbwe\Settings\settings.dat was cleared updating 2 keys and creating 1 modified pages.
Information,02-10-2022 22:39,Microsoft-Windows-Kernel-General,16,None,The access history in hive \??\C:\Users\SHOHID\AppData\Local\Packages\microsoft.messaging_8wekyb3d8bbwe\Settings\settings.dat was cleared updating 2 keys and creating 1 modified pages.
Information,02-10-2022 22:39,Microsoft-Windows-Kernel-General,16,None,The access history in hive \??\C:\Users\SHOHID\AppData\Local\Packages\microsoft.heifimageextension_8wekyb3d8bbwe\Settings\settings.dat was cleared updating 2 keys and creating 1 modified pages.
Information,02-10-2022 22:39,Microsoft-Windows-Kernel-General,16,None,The access history in hive \??\C:\Users\SHOHID\AppData\Local\Packages\microsoft.getstarted_8wekyb3d8bbwe\Settings\settings.dat was cleared updating 2 keys and creating 1 modified pages.
