Information,12/20/2021 4:45:11 PM,Microsoft-Windows-Kernel-Boot,32,-58,The bootmgr spent 0 ms waiting for user input.
Information,12/20/2021 4:45:11 PM,Microsoft-Windows-Kernel-Boot,18,-57,There are 0x1 boot options on this system.
Information,12/20/2021 4:45:11 PM,Microsoft-Windows-Kernel-Boot,27,-33,The boot type was 0x1.
Information,12/20/2021 4:45:11 PM,Microsoft-Windows-Kernel-Boot,25,-32,The boot menu policy was 0x1.
Information,12/20/2021 4:45:11 PM,Microsoft-Windows-Kernel-Boot,30,-21,The firmware reported boot metrics.
Information,12/20/2021 4:45:10 PM,Microsoft-Windows-Kernel-General,1,-5,"The system time has changed to 2021-12-20T10:45:10.500000000Z from 2021-12-19T18:36:53.616520700Z.

Change Reason: System time synchronized with the hardware clock.
Process: '' (PID 4)."
Information,12/20/2021 12:36:53 AM,Microsoft-Windows-Kernel-Power,107,-102,The system has resumed from sleep.
Information,12/20/2021 4:45:11 PM,EventLog,6013,None,The system uptime is 1128892 seconds.
Information,12/20/2021 12:36:50 AM,Microsoft-Windows-Kernel-Power,42,-64,"The system is entering sleep.

Sleep Reason: Application API"
Information,12/20/2021 12:36:49 AM,Microsoft-Windows-Kernel-Power,187,-243,User-mode process attempted to change the system state by calling SetSuspendState or SetSystemPowerState APIs.
Information,12/20/2021 12:36:49 AM,Microsoft-Windows-Winlogon,7002,-1102,User Logoff Notification for Customer Experience Improvement Program
Warning,12/20/2021 12:03:44 AM,Microsoft-Windows-DistributedCOM,10016,None,"The application-specific permission settings do not grant Local Activation permission for the COM Server application with CLSID 
{2593F8B9-4EAF-457C-B68A-50F6B8EA6B54}
 and APPID 
{15C20B67-12E7-4BB6-92BB-7AFF07997402}
 to the user SHOHID-PC\SHOHID SID (S-1-5-21-2091211461-3178656723-4261672445-1001) from address LocalHost (Using LRPC) running in the application container Unavailable SID (Unavailable). This security permission can be modified using the Component Services administrative tool."
Information,12/19/2021 11:18:23 PM,Microsoft-Windows-Kernel-General,16,None,The access history in hive \??\C:\Users\SHOHID\AppData\Local\Packages\Microsoft.WindowsFeedbackHub_8wekyb3d8bbwe\Settings\settings.dat was cleared updating 3 keys and creating 1 modified pages.
Information,12/19/2021 10:04:18 PM,Microsoft-Windows-Kernel-General,15,None,Hive \??\C:\Users\SHOHID\AppData\Local\Microsoft\VisualStudio\16.0_197f77be\privateregistry.bin was reorganized with a starting size of 7589888 bytes and an ending size of 7024640 bytes.
Warning,12/19/2021 10:01:05 PM,Microsoft-Windows-DistributedCOM,10016,None,"The machine-default permission settings do not grant Local Activation permission for the COM Server application with CLSID 
{C2F03A33-21F5-47FA-B4BB-156362A2F239}
 and APPID 
{316CDED5-E4AE-4B15-9113-7055D84DCC97}
 to the user SHOHID-PC\SHOHID SID (S-1-5-21-2091211461-3178656723-4261672445-1001) from address LocalHost (Using LRPC) running in the application container Microsoft.Windows.ShellExperienceHost_10.0.18362.1171_neutral_neutral_cw5n1h2txyewy SID (S-1-15-2-155514346-2573954481-755741238-1654018636-1233331829-3075935687-2861478708). This security permission can be modified using the Component Services administrative tool."
Warning,12/19/2021 10:00:40 PM,Microsoft-Windows-DistributedCOM,10016,None,"The machine-default permission settings do not grant Local Activation permission for the COM Server application with CLSID 
{C2F03A33-21F5-47FA-B4BB-156362A2F239}
 and APPID 
{316CDED5-E4AE-4B15-9113-7055D84DCC97}
 to the user SHOHID-PC\SHOHID SID (S-1-5-21-2091211461-3178656723-4261672445-1001) from address LocalHost (Using LRPC) running in the application container Microsoft.Windows.ShellExperienceHost_10.0.18362.1171_neutral_neutral_cw5n1h2txyewy SID (S-1-15-2-155514346-2573954481-755741238-1654018636-1233331829-3075935687-2861478708). This security permission can be modified using the Component Services administrative tool."
Information,12/19/2021 9:02:28 PM,Microsoft-Windows-Kernel-General,16,None,The access history in hive \??\C:\Users\SHOHID\AppData\Local\Packages\Microsoft.ZuneVideo_8wekyb3d8bbwe\Settings\settings.dat was cleared updating 12 keys and creating 2 modified pages.
Information,12/19/2021 9:00:10 PM,Microsoft-Windows-Kernel-General,16,None,The access history in hive \??\C:\ProgramData\Packages\Microsoft.SkypeApp_kzf8qxf38zg5c\S-1-5-21-2091211461-3178656723-4261672445-1001\SystemAppData\Helium\UserClasses.dat was cleared updating 6 keys and creating 2 modified pages.
Information,12/19/2021 9:00:10 PM,Microsoft-Windows-Kernel-General,16,None,The access history in hive \??\C:\ProgramData\Packages\Microsoft.SkypeApp_kzf8qxf38zg5c\S-1-5-21-2091211461-3178656723-4261672445-1001\SystemAppData\Helium\User.dat was cleared updating 11 keys and creating 3 modified pages.
Error,12/19/2021 8:23:48 PM,Microsoft-Windows-DistributedCOM,10010,None,The server Microsoft.SkypeApp_15.79.95.0_x86__kzf8qxf38zg5c!App.AppXtwmqn4em5r5dpafgj4t4yyxgjfe0hr50.mca did not register with DCOM within the required timeout.
Information,12/19/2021 5:41:06 PM,Microsoft-Windows-WindowsUpdateClient,19,Windows Update Agent,Installation Successful: Windows successfully installed the following update: Security Intelligence Update for Microsoft Defender Antivirus - KB2267602 (Version 1.355.500.0)
Information,12/19/2021 5:40:49 PM,Microsoft-Windows-WindowsUpdateClient,43,Windows Update Agent,Installation Started: Windows has started installing the following update: Security Intelligence Update for Microsoft Defender Antivirus - KB2267602 (Version 1.355.500.0)
Information,12/19/2021 5:40:42 PM,Microsoft-Windows-WindowsUpdateClient,44,Windows Update Agent,Windows Update started downloading an update.
Warning,12/19/2021 4:09:30 PM,Microsoft-Windows-DistributedCOM,10016,None,"The machine-default permission settings do not grant Local Activation permission for the COM Server application with CLSID 
{C2F03A33-21F5-47FA-B4BB-156362A2F239}
 and APPID 
{316CDED5-E4AE-4B15-9113-7055D84DCC97}
 to the user SHOHID-PC\SHOHID SID (S-1-5-21-2091211461-3178656723-4261672445-1001) from address LocalHost (Using LRPC) running in the application container Microsoft.Windows.ShellExperienceHost_10.0.18362.1171_neutral_neutral_cw5n1h2txyewy SID (S-1-15-2-155514346-2573954481-755741238-1654018636-1233331829-3075935687-2861478708). This security permission can be modified using the Component Services administrative tool."
Warning,12/19/2021 4:09:29 PM,Microsoft-Windows-DistributedCOM,10016,None,"The machine-default permission settings do not grant Local Activation permission for the COM Server application with CLSID 
{C2F03A33-21F5-47FA-B4BB-156362A2F239}
 and APPID 
{316CDED5-E4AE-4B15-9113-7055D84DCC97}
 to the user SHOHID-PC\SHOHID SID (S-1-5-21-2091211461-3178656723-4261672445-1001) from address LocalHost (Using LRPC) running in the application container Microsoft.Windows.ShellExperienceHost_10.0.18362.1171_neutral_neutral_cw5n1h2txyewy SID (S-1-15-2-155514346-2573954481-755741238-1654018636-1233331829-3075935687-2861478708). This security permission can be modified using the Component Services administrative tool."
Information,12/19/2021 1:17:34 PM,Microsoft-Windows-Kernel-General,1,-5,"The system time has changed to 2021-12-19T07:17:34.069955900Z from 2021-12-19T07:17:34.069476700Z.

Change Reason: An application or system component changed the time.
Process: '\Device\HarddiskVolume6\Windows\System32\svchost.exe' (PID 5192)."
Information,12/19/2021 1:17:34 PM,Microsoft-Windows-Kernel-General,1,-5,"The system time has changed to 2021-12-19T07:17:34.068557900Z from 2021-12-19T07:17:34.068450900Z.

Change Reason: An application or system component changed the time.
Process: '\Device\HarddiskVolume6\Windows\System32\svchost.exe' (PID 5192)."
Information,12/19/2021 1:17:34 PM,Microsoft-Windows-Time-Service,35,None,"The time service is now synchronizing the system time with the time source time.windows.com,0x9 (ntp.m|0x9|0.0.0.0:123->51.145.123.29:123) with reference id 494637363. Current local stratum number is 4."
Information,12/19/2021 1:17:34 PM,Microsoft-Windows-Kernel-General,1,-5,"The system time has changed to 2021-12-19T07:17:34.067658900Z from 2021-12-19T07:17:30.730521100Z.

Change Reason: An application or system component changed the time.
Process: '\Device\HarddiskVolume6\Windows\System32\svchost.exe' (PID 5192)."
Information,12/19/2021 1:17:17 PM,Microsoft-Windows-Kernel-General,16,None,The access history in hive \??\C:\WINDOWS\ServiceProfiles\NetworkService\AppData\Local\Microsoft\Windows\DeliveryOptimization\State\dosvcState.dat was cleared updating 4 keys and creating 1 modified pages.
Information,12/19/2021 1:17:16 PM,Microsoft-Windows-Time-Service,37,None,"The time provider NtpClient is currently receiving valid time data from time.windows.com,0x9 (ntp.m|0x9|0.0.0.0:123->51.145.123.29:123)."
Information,12/19/2021 1:17:14 PM,Microsoft-Windows-Time-Service,158,None,The time provider 'VMICTimeProvider' has indicated that the current hardware and operating environment is not supported and has stopped. This behavior is expected for VMICTimeProvider on non-HyperV-guest environments. This may be the expected behavior for the current provider in the current operating environment as well.
Information,12/19/2021 1:16:48 PM,Microsoft-Windows-Kernel-General,15,None,Hive \??\Volume{fee45b76-0000-0000-0000-602200000000}\System Volume Information\SPP\SppCbsHiveStore\{cd42efe1-f6f1-427c-b004-033192c625a4}{5FD0F7C3-51E1-48A1-A790-8310699E1995} was reorganized with a starting size of 270151680 bytes and an ending size of 246603776 bytes.
Information,12/19/2021 1:16:36 PM,Microsoft-Windows-Kernel-General,15,None,Hive \??\Volume{fee45b76-0000-0000-0000-602200000000}\System Volume Information\SPP\SppCbsHiveStore\{cd42efe1-f6f1-427c-b004-033192c625a4}{E3091A43-BAD9-47D3-9940-55ABE3F6B578} was reorganized with a starting size of 12521472 bytes and an ending size of 12337152 bytes.
Information,12/19/2021 1:16:35 PM,Microsoft-Windows-Kernel-General,16,None,The access history in hive \??\Volume{fee45b76-0000-0000-0000-602200000000}\System Volume Information\SPP\SppCbsHiveStore\{cd42efe1-f6f1-427c-b004-033192c625a4}{AB4075D1-B64F-45FF-8F1F-98EC29355B85} was cleared updating 1 keys and creating 1 modified pages.
Information,12/19/2021 1:16:34 PM,Microsoft-Windows-Kernel-General,16,None,The access history in hive \??\Volume{fee45b76-0000-0000-0000-602200000000}\System Volume Information\SPP\SppCbsHiveStore\{cd42efe1-f6f1-427c-b004-033192c625a4}{BD1D773F-79DF-4838-A9A5-581F51120A95} was cleared updating 248 keys and creating 16 modified pages.
Information,12/19/2021 1:16:34 PM,Microsoft-Windows-Kernel-General,16,None,The access history in hive \??\Volume{fee45b76-0000-0000-0000-602200000000}\System Volume Information\SPP\SppCbsHiveStore\{cd42efe1-f6f1-427c-b004-033192c625a4}{98F1E1D8-C7FE-42C0-B26E-8977940FA5DC} was cleared updating 93 keys and creating 10 modified pages.
Information,12/19/2021 1:16:34 PM,Microsoft-Windows-Kernel-General,15,None,Hive \??\Volume{fee45b76-0000-0000-0000-602200000000}\System Volume Information\SPP\SppCbsHiveStore\{cd42efe1-f6f1-427c-b004-033192c625a4}{C46866B4-242E-4F3D-9F57-EBF9F875FD89} was reorganized with a starting size of 31485952 bytes and an ending size of 31432704 bytes.
Information,12/19/2021 1:16:25 PM,Microsoft-Windows-Kernel-General,11,None,"TxR init phase for hive \??\GLOBALROOT\Device\HarddiskVolumeShadowCopy5\WINDOWS\System32\config\DRIVERS (TM: {17f59a0d-5f6e-11ec-ae57-1c1b0d79dbe2}, RM: {17f59a0c-5f6e-11ec-ae57-1c1b0d79dbe2}) finished with result=0xC00000A2 (Internal code=7)."
Information,12/19/2021 1:16:25 PM,Microsoft-Windows-Kernel-General,11,None,"TxR init phase for hive \??\GLOBALROOT\Device\HarddiskVolumeShadowCopy5\WINDOWS\System32\config\SYSTEM (TM: {17f59a0a-5f6e-11ec-ae57-1c1b0d79dbe2}, RM: {17f59a09-5f6e-11ec-ae57-1c1b0d79dbe2}) finished with result=0xC00000A2 (Internal code=7)."
Information,12/19/2021 1:16:25 PM,Microsoft-Windows-Kernel-General,15,None,Hive \??\GLOBALROOT\Device\HarddiskVolumeShadowCopy5\WINDOWS\System32\config\SYSTEM was reorganized with a starting size of 31485952 bytes and an ending size of 31432704 bytes.
Information,12/19/2021 1:16:19 PM,Microsoft-Windows-Ntfs,98,None,Volume ?? (\Device\HarddiskVolumeShadowCopy5) is healthy.  No action is needed.
Information,12/19/2021 1:15:44 PM,Microsoft-Windows-Kernel-General,16,None,The access history in hive \??\C:\Users\SHOHID\AppData\Local\Packages\microsoft.windows.photos_8wekyb3d8bbwe\AC\GEH\POF.dat was cleared updating 1 keys and creating 1 modified pages.
Warning,12/19/2021 1:11:26 PM,Microsoft-Windows-DistributedCOM,10016,None,"The machine-default permission settings do not grant Local Activation permission for the COM Server application with CLSID 
{C2F03A33-21F5-47FA-B4BB-156362A2F239}
 and APPID 
{316CDED5-E4AE-4B15-9113-7055D84DCC97}
 to the user SHOHID-PC\SHOHID SID (S-1-5-21-2091211461-3178656723-4261672445-1001) from address LocalHost (Using LRPC) running in the application container Microsoft.Windows.ShellExperienceHost_10.0.18362.1171_neutral_neutral_cw5n1h2txyewy SID (S-1-15-2-155514346-2573954481-755741238-1654018636-1233331829-3075935687-2861478708). This security permission can be modified using the Component Services administrative tool."
Warning,12/19/2021 1:11:00 PM,Microsoft-Windows-DistributedCOM,10016,None,"The application-specific permission settings do not grant Local Activation permission for the COM Server application with CLSID 
{2593F8B9-4EAF-457C-B68A-50F6B8EA6B54}
 and APPID 
{15C20B67-12E7-4BB6-92BB-7AFF07997402}
 to the user SHOHID-PC\SHOHID SID (S-1-5-21-2091211461-3178656723-4261672445-1001) from address LocalHost (Using LRPC) running in the application container Unavailable SID (Unavailable). This security permission can be modified using the Component Services administrative tool."
Information,12/19/2021 12:49:04 PM,Microsoft-Windows-Kernel-General,16,None,The access history in hive \??\C:\Users\SHOHID\AppData\Local\Packages\windows.printdialog_cw5n1h2txyewy\Settings\settings.dat was cleared updating 2 keys and creating 1 modified pages.
Information,12/19/2021 12:49:04 PM,Microsoft-Windows-Kernel-General,16,None,The access history in hive \??\C:\Users\SHOHID\AppData\Local\Packages\windows.immersivecontrolpanel_cw5n1h2txyewy\Settings\settings.dat was cleared updating 2 keys and creating 1 modified pages.
Information,12/19/2021 12:49:04 PM,Microsoft-Windows-Kernel-General,16,None,The access history in hive \??\C:\Users\SHOHID\AppData\Local\Packages\windows.cbspreview_cw5n1h2txyewy\Settings\settings.dat was cleared updating 2 keys and creating 1 modified pages.
Information,12/19/2021 12:49:04 PM,Microsoft-Windows-Kernel-General,16,None,The access history in hive \??\C:\Users\SHOHID\AppData\Local\Packages\pythonsoftwarefoundation.python.3.8_qbz5n2kfra8p0\Settings\settings.dat was cleared updating 2 keys and creating 1 modified pages.
Information,12/19/2021 12:49:04 PM,Microsoft-Windows-Kernel-General,16,None,The access history in hive \??\C:\Users\SHOHID\AppData\Local\Packages\microsoft.zunemusic_8wekyb3d8bbwe\Settings\settings.dat was cleared updating 2 keys and creating 1 modified pages.
Information,12/19/2021 12:49:04 PM,Microsoft-Windows-Kernel-General,16,None,The access history in hive \??\C:\Users\SHOHID\AppData\Local\Packages\microsoft.xboxspeechtotextoverlay_8wekyb3d8bbwe\Settings\settings.dat was cleared updating 2 keys and creating 1 modified pages.
Information,12/19/2021 12:49:04 PM,Microsoft-Windows-Kernel-General,16,None,The access history in hive \??\C:\Users\SHOHID\AppData\Local\Packages\microsoft.xboxidentityprovider_8wekyb3d8bbwe\Settings\settings.dat was cleared updating 2 keys and creating 1 modified pages.
Information,12/19/2021 12:49:04 PM,Microsoft-Windows-Kernel-General,16,None,The access history in hive \??\C:\Users\SHOHID\AppData\Local\Packages\microsoft.xboxgameoverlay_8wekyb3d8bbwe\Settings\settings.dat was cleared updating 2 keys and creating 1 modified pages.
Information,12/19/2021 12:49:04 PM,Microsoft-Windows-Kernel-General,16,None,The access history in hive \??\C:\Users\SHOHID\AppData\Local\Packages\microsoft.xboxgamecallableui_cw5n1h2txyewy\Settings\settings.dat was cleared updating 2 keys and creating 1 modified pages.
Information,12/19/2021 12:49:04 PM,Microsoft-Windows-Kernel-General,16,None,The access history in hive \??\C:\Users\SHOHID\AppData\Local\Packages\microsoft.xboxapp_8wekyb3d8bbwe\Settings\settings.dat was cleared updating 2 keys and creating 1 modified pages.
Information,12/19/2021 12:49:04 PM,Microsoft-Windows-Kernel-General,16,None,The access history in hive \??\C:\Users\SHOHID\AppData\Local\Packages\microsoft.xbox.tcui_8wekyb3d8bbwe\Settings\settings.dat was cleared updating 2 keys and creating 1 modified pages.
Information,12/19/2021 12:49:04 PM,Microsoft-Windows-Kernel-General,16,None,The access history in hive \??\C:\Users\SHOHID\AppData\Local\Packages\microsoft.windowssoundrecorder_8wekyb3d8bbwe\Settings\settings.dat was cleared updating 2 keys and creating 1 modified pages.
Information,12/19/2021 12:49:04 PM,Microsoft-Windows-Kernel-General,16,None,The access history in hive \??\C:\Users\SHOHID\AppData\Local\Packages\microsoft.windowsmaps_8wekyb3d8bbwe\Settings\settings.dat was cleared updating 4 keys and creating 1 modified pages.
Information,12/19/2021 12:49:04 PM,Microsoft-Windows-Kernel-General,16,None,The access history in hive \??\C:\Users\SHOHID\AppData\Local\Packages\microsoft.windowscamera_8wekyb3d8bbwe\Settings\settings.dat was cleared updating 2 keys and creating 1 modified pages.
Information,12/19/2021 12:49:04 PM,Microsoft-Windows-Kernel-General,16,None,The access history in hive \??\C:\Users\SHOHID\AppData\Local\Packages\microsoft.windowscalculator_8wekyb3d8bbwe\Settings\settings.dat was cleared updating 3 keys and creating 1 modified pages.
Information,12/19/2021 12:49:04 PM,Microsoft-Windows-Kernel-General,16,None,The access history in hive \??\C:\Users\SHOHID\AppData\Local\Packages\microsoft.windowsalarms_8wekyb3d8bbwe\Settings\settings.dat was cleared updating 2 keys and creating 1 modified pages.
Information,12/19/2021 12:49:04 PM,Microsoft-Windows-Kernel-General,16,None,The access history in hive \??\C:\Users\SHOHID\AppData\Local\Packages\microsoft.windows.xgpuejectdialog_cw5n1h2txyewy\Settings\settings.dat was cleared updating 2 keys and creating 1 modified pages.
Information,12/19/2021 12:49:04 PM,Microsoft-Windows-Kernel-General,16,None,The access history in hive \??\C:\Users\SHOHID\AppData\Local\Packages\microsoft.windows.secureassessmentbrowser_cw5n1h2txyewy\Settings\settings.dat was cleared updating 2 keys and creating 1 modified pages.
Information,12/19/2021 12:49:04 PM,Microsoft-Windows-Kernel-General,16,None,The access history in hive \??\C:\Users\SHOHID\AppData\Local\Packages\microsoft.windows.sechealthui_cw5n1h2txyewy\Settings\settings.dat was cleared updating 2 keys and creating 1 modified pages.
Information,12/19/2021 12:49:04 PM,Microsoft-Windows-Kernel-General,16,None,The access history in hive \??\C:\Users\SHOHID\AppData\Local\Packages\microsoft.windows.pinningconfirmationdialog_cw5n1h2txyewy\Settings\settings.dat was cleared updating 2 keys and creating 1 modified pages.
Information,12/19/2021 12:49:04 PM,Microsoft-Windows-Kernel-General,16,None,The access history in hive \??\C:\Users\SHOHID\AppData\Local\Packages\microsoft.windows.photos_8wekyb3d8bbwe\Settings\settings.dat was cleared updating 29 keys and creating 11 modified pages.
Information,12/19/2021 12:49:04 PM,Microsoft-Windows-Kernel-General,16,None,The access history in hive \??\C:\Users\SHOHID\AppData\Local\Packages\microsoft.windows.peopleexperiencehost_cw5n1h2txyewy\Settings\settings.dat was cleared updating 2 keys and creating 1 modified pages.
Information,12/19/2021 12:49:04 PM,Microsoft-Windows-Kernel-General,16,None,The access history in hive \??\C:\Users\SHOHID\AppData\Local\Packages\microsoft.windows.parentalcontrols_cw5n1h2txyewy\Settings\settings.dat was cleared updating 2 keys and creating 1 modified pages.
Information,12/19/2021 12:49:04 PM,Microsoft-Windows-Kernel-General,16,None,The access history in hive \??\C:\Users\SHOHID\AppData\Local\Packages\microsoft.windows.oobenetworkconnectionflow_cw5n1h2txyewy\Settings\settings.dat was cleared updating 2 keys and creating 1 modified pages.
Information,12/19/2021 12:49:04 PM,Microsoft-Windows-Kernel-General,16,None,The access history in hive \??\C:\Users\SHOHID\AppData\Local\Packages\microsoft.windows.oobenetworkcaptiveportal_cw5n1h2txyewy\Settings\settings.dat was cleared updating 2 keys and creating 1 modified pages.
Information,12/19/2021 12:49:04 PM,Microsoft-Windows-Kernel-General,16,None,The access history in hive \??\C:\Users\SHOHID\AppData\Local\Packages\microsoft.windows.narratorquickstart_8wekyb3d8bbwe\Settings\settings.dat was cleared updating 2 keys and creating 1 modified pages.
Information,12/19/2021 12:49:04 PM,Microsoft-Windows-Kernel-General,16,None,The access history in hive \??\C:\Users\SHOHID\AppData\Local\Packages\microsoft.windows.cloudexperiencehost_cw5n1h2txyewy\Settings\settings.dat was cleared updating 2 keys and creating 1 modified pages.
Information,12/19/2021 12:49:04 PM,Microsoft-Windows-Kernel-General,16,None,The access history in hive \??\C:\Users\SHOHID\AppData\Local\Packages\microsoft.windows.capturepicker_cw5n1h2txyewy\Settings\settings.dat was cleared updating 2 keys and creating 1 modified pages.
Information,12/19/2021 12:49:04 PM,Microsoft-Windows-Kernel-General,16,None,The access history in hive \??\C:\Users\SHOHID\AppData\Local\Packages\microsoft.windows.callingshellapp_cw5n1h2txyewy\Settings\settings.dat was cleared updating 2 keys and creating 1 modified pages.
Information,12/19/2021 12:49:04 PM,Microsoft-Windows-Kernel-General,16,None,The access history in hive \??\C:\Users\SHOHID\AppData\Local\Packages\microsoft.windows.assignedaccesslockapp_cw5n1h2txyewy\Settings\settings.dat was cleared updating 2 keys and creating 1 modified pages.
Information,12/19/2021 12:49:04 PM,Microsoft-Windows-Kernel-General,16,None,The access history in hive \??\C:\Users\SHOHID\AppData\Local\Packages\microsoft.windows.apprep.chxapp_cw5n1h2txyewy\Settings\settings.dat was cleared updating 2 keys and creating 1 modified pages.
Information,12/19/2021 12:49:04 PM,Microsoft-Windows-Kernel-General,16,None,The access history in hive \??\C:\Users\SHOHID\AppData\Local\Packages\microsoft.win32webviewhost_cw5n1h2txyewy\Settings\settings.dat was cleared updating 2 keys and creating 1 modified pages.
Information,12/19/2021 12:49:04 PM,Microsoft-Windows-Kernel-General,16,None,The access history in hive \??\C:\Users\SHOHID\AppData\Local\Packages\microsoft.webpimageextension_8wekyb3d8bbwe\Settings\settings.dat was cleared updating 2 keys and creating 1 modified pages.
Information,12/19/2021 12:49:04 PM,Microsoft-Windows-Kernel-General,16,None,The access history in hive \??\C:\Users\SHOHID\AppData\Local\Packages\microsoft.webmediaextensions_8wekyb3d8bbwe\Settings\settings.dat was cleared updating 2 keys and creating 1 modified pages.
Information,12/19/2021 12:49:04 PM,Microsoft-Windows-Kernel-General,16,None,The access history in hive \??\C:\Users\SHOHID\AppData\Local\Packages\microsoft.wallet_8wekyb3d8bbwe\Settings\settings.dat was cleared updating 2 keys and creating 1 modified pages.
Information,12/19/2021 12:49:04 PM,Microsoft-Windows-Kernel-General,16,None,The access history in hive \??\C:\Users\SHOHID\AppData\Local\Packages\microsoft.vp9videoextensions_8wekyb3d8bbwe\Settings\settings.dat was cleared updating 2 keys and creating 1 modified pages.
Information,12/19/2021 12:49:04 PM,Microsoft-Windows-Kernel-General,16,None,The access history in hive \??\C:\Users\SHOHID\AppData\Local\Packages\microsoft.skypeapp_kzf8qxf38zg5c\Settings\settings.dat was cleared updating 2 keys and creating 1 modified pages.
Information,12/19/2021 12:49:04 PM,Microsoft-Windows-Kernel-General,16,None,The access history in hive \??\C:\Users\SHOHID\AppData\Local\Packages\microsoft.screensketch_8wekyb3d8bbwe\Settings\settings.dat was cleared updating 2 keys and creating 1 modified pages.
Information,12/19/2021 12:49:04 PM,Microsoft-Windows-Kernel-General,16,None,The access history in hive \??\C:\Users\SHOHID\AppData\Local\Packages\microsoft.print3d_8wekyb3d8bbwe\Settings\settings.dat was cleared updating 2 keys and creating 1 modified pages.
Information,12/19/2021 12:49:04 PM,Microsoft-Windows-Kernel-General,16,None,The access history in hive \??\C:\Users\SHOHID\AppData\Local\Packages\microsoft.ppiprojection_cw5n1h2txyewy\Settings\settings.dat was cleared updating 2 keys and creating 1 modified pages.
Information,12/19/2021 12:49:03 PM,Microsoft-Windows-Kernel-General,16,None,The access history in hive \??\C:\Users\SHOHID\AppData\Local\Packages\microsoft.oneconnect_8wekyb3d8bbwe\Settings\settings.dat was cleared updating 2 keys and creating 1 modified pages.
Information,12/19/2021 12:49:03 PM,Microsoft-Windows-Kernel-General,16,None,The access history in hive \??\C:\Users\SHOHID\AppData\Local\Packages\microsoft.mspaint_8wekyb3d8bbwe\Settings\settings.dat was cleared updating 2 keys and creating 1 modified pages.
Information,12/19/2021 12:49:03 PM,Microsoft-Windows-Kernel-General,16,None,The access history in hive \??\C:\Users\SHOHID\AppData\Local\Packages\microsoft.mixedreality.portal_8wekyb3d8bbwe\Settings\settings.dat was cleared updating 2 keys and creating 1 modified pages.
Information,12/19/2021 12:49:03 PM,Microsoft-Windows-Kernel-General,16,None,The access history in hive \??\C:\Users\SHOHID\AppData\Local\Packages\microsoft.microsoftstickynotes_8wekyb3d8bbwe\Settings\settings.dat was cleared updating 2 keys and creating 1 modified pages.
Information,12/19/2021 12:49:03 PM,Microsoft-Windows-Kernel-General,16,None,The access history in hive \??\C:\Users\SHOHID\AppData\Local\Packages\microsoft.microsoftsolitairecollection_8wekyb3d8bbwe\Settings\settings.dat was cleared updating 2 keys and creating 1 modified pages.
Information,12/19/2021 12:49:03 PM,Microsoft-Windows-Kernel-General,16,None,The access history in hive \??\C:\Users\SHOHID\AppData\Local\Packages\microsoft.microsoftedgedevtoolsclient_8wekyb3d8bbwe\Settings\settings.dat was cleared updating 2 keys and creating 1 modified pages.
Information,12/19/2021 12:49:03 PM,Microsoft-Windows-Kernel-General,16,None,The access history in hive \??\C:\Users\SHOHID\AppData\Local\Packages\microsoft.microsoft3dviewer_8wekyb3d8bbwe\Settings\settings.dat was cleared updating 2 keys and creating 1 modified pages.
Information,12/19/2021 12:49:03 PM,Microsoft-Windows-Kernel-General,16,None,The access history in hive \??\C:\Users\SHOHID\AppData\Local\Packages\microsoft.messaging_8wekyb3d8bbwe\Settings\settings.dat was cleared updating 2 keys and creating 1 modified pages.
Information,12/19/2021 12:49:03 PM,Microsoft-Windows-Kernel-General,16,None,The access history in hive \??\C:\Users\SHOHID\AppData\Local\Packages\microsoft.heifimageextension_8wekyb3d8bbwe\Settings\settings.dat was cleared updating 2 keys and creating 1 modified pages.
Information,12/19/2021 12:49:03 PM,Microsoft-Windows-Kernel-General,16,None,The access history in hive \??\C:\Users\SHOHID\AppData\Local\Packages\microsoft.getstarted_8wekyb3d8bbwe\Settings\settings.dat was cleared updating 2 keys and creating 1 modified pages.
Information,12/19/2021 12:49:03 PM,Microsoft-Windows-Kernel-General,16,None,The access history in hive \??\C:\Users\SHOHID\AppData\Local\Packages\microsoft.gethelp_8wekyb3d8bbwe\Settings\settings.dat was cleared updating 2 keys and creating 1 modified pages.
Information,12/19/2021 12:49:03 PM,Microsoft-Windows-Kernel-General,16,None,The access history in hive \??\C:\Users\SHOHID\AppData\Local\Packages\microsoft.edgedevtoolsplugin_cw5n1h2txyewy\Settings\settings.dat was cleared updating 2 keys and creating 1 modified pages.
Information,12/19/2021 12:49:03 PM,Microsoft-Windows-Kernel-General,16,None,The access history in hive \??\C:\Users\SHOHID\AppData\Local\Packages\microsoft.ecapp_8wekyb3d8bbwe\Settings\settings.dat was cleared updating 2 keys and creating 1 modified pages.
Information,12/19/2021 12:49:03 PM,Microsoft-Windows-Kernel-General,16,None,The access history in hive \??\C:\Users\SHOHID\AppData\Local\Packages\microsoft.desktopappinstaller_8wekyb3d8bbwe\Settings\settings.dat was cleared updating 2 keys and creating 1 modified pages.
Information,12/19/2021 12:49:03 PM,Microsoft-Windows-Kernel-General,16,None,The access history in hive \??\C:\Users\SHOHID\AppData\Local\Packages\microsoft.creddialoghost_cw5n1h2txyewy\Settings\settings.dat was cleared updating 2 keys and creating 1 modified pages.
Information,12/19/2021 12:49:03 PM,Microsoft-Windows-Kernel-General,16,None,The access history in hive \??\C:\Users\SHOHID\AppData\Local\Packages\microsoft.bioenrollment_cw5n1h2txyewy\Settings\settings.dat was cleared updating 2 keys and creating 1 modified pages.
Information,12/19/2021 12:49:03 PM,Microsoft-Windows-Kernel-General,16,None,The access history in hive \??\C:\Users\SHOHID\AppData\Local\Packages\microsoft.bingweather_8wekyb3d8bbwe\Settings\settings.dat was cleared updating 2 keys and creating 1 modified pages.
Information,12/19/2021 12:49:03 PM,Microsoft-Windows-Kernel-General,16,None,The access history in hive \??\C:\Users\SHOHID\AppData\Local\Packages\microsoft.bingnews_8wekyb3d8bbwe\Settings\settings.dat was cleared updating 2 keys and creating 1 modified pages.
Information,12/19/2021 12:49:03 PM,Microsoft-Windows-Kernel-General,16,None,The access history in hive \??\C:\Users\SHOHID\AppData\Local\Packages\microsoft.asynctextservice_8wekyb3d8bbwe\Settings\settings.dat was cleared updating 2 keys and creating 1 modified pages.
Information,12/19/2021 12:49:03 PM,Microsoft-Windows-Kernel-General,16,None,The access history in hive \??\C:\Users\SHOHID\AppData\Local\Packages\microsoft.accountscontrol_cw5n1h2txyewy\Settings\settings.dat was cleared updating 2 keys and creating 1 modified pages.
Information,12/19/2021 12:49:03 PM,Microsoft-Windows-Kernel-General,16,None,The access history in hive \??\C:\Users\SHOHID\AppData\Local\Packages\king.com.candycrushsodasaga_kgqvnymyfvs32\Settings\settings.dat was cleared updating 2 keys and creating 1 modified pages.
Information,12/19/2021 12:49:03 PM,Microsoft-Windows-Kernel-General,16,None,The access history in hive \??\C:\Users\SHOHID\AppData\Local\Packages\king.com.candycrushsaga_kgqvnymyfvs32\Settings\settings.dat was cleared updating 2 keys and creating 1 modified pages.
Information,12/19/2021 12:49:02 PM,Microsoft-Windows-Kernel-General,16,None,The access history in hive \??\C:\Users\SHOHID\AppData\Local\Packages\inputapp_cw5n1h2txyewy\Settings\settings.dat was cleared updating 3 keys and creating 1 modified pages.
Information,12/19/2021 12:49:02 PM,Microsoft-Windows-Kernel-General,16,None,The access history in hive \??\C:\Users\SHOHID\AppData\Local\Packages\f46d4000-fd22-4db4-ac8e-4e1ddde828fe_cw5n1h2txyewy\Settings\settings.dat was cleared updating 2 keys and creating 1 modified pages.
Information,12/19/2021 12:49:02 PM,Microsoft-Windows-Kernel-General,16,None,The access history in hive \??\C:\Users\SHOHID\AppData\Local\Packages\e2a4f912-2574-4a75-9bb0-0d023378592b_cw5n1h2txyewy\Settings\settings.dat was cleared updating 2 keys and creating 1 modified pages.
Information,12/19/2021 12:49:02 PM,Microsoft-Windows-Kernel-General,16,None,The access history in hive \??\C:\Users\SHOHID\AppData\Local\Packages\c5e2524a-ea46-4f67-841f-6a9465d9d515_cw5n1h2txyewy\Settings\settings.dat was cleared updating 2 keys and creating 1 modified pages.
Information,12/19/2021 12:49:02 PM,Microsoft-Windows-Kernel-General,16,None,The access history in hive \??\C:\Users\SHOHID\AppData\Local\Packages\appup.intelgraphicsexperience_8j3eq9eme6ctt\Settings\settings.dat was cleared updating 2 keys and creating 1 modified pages.
Information,12/19/2021 12:49:02 PM,Microsoft-Windows-Kernel-General,16,None,The access history in hive \??\C:\Users\SHOHID\AppData\Local\Packages\613ebcea.polarrphotoeditoracademicedition_jb41c8remg0x2\Settings\settings.dat was cleared updating 2 keys and creating 1 modified pages.
Information,12/19/2021 12:49:02 PM,Microsoft-Windows-Kernel-General,16,None,The access history in hive \??\C:\Users\SHOHID\AppData\Local\Packages\27bd39b1-f5a8-48d7-8f8d-7e42667d7ea4_40p48qrhvc7w8\Settings\settings.dat was cleared updating 2 keys and creating 1 modified pages.
Information,12/19/2021 12:49:02 PM,Microsoft-Windows-Kernel-General,16,None,The access history in hive \??\C:\Users\SHOHID\AppData\Local\Packages\1527c705-839a-4832-9118-54d4bd6a0c89_cw5n1h2txyewy\Settings\settings.dat was cleared updating 2 keys and creating 1 modified pages.
Information,12/19/2021 12:49:01 PM,Microsoft-Windows-Kernel-General,16,None,The access history in hive \??\C:\ProgramData\Microsoft\Provisioning\Microsoft-Desktop-Provisioning-Sequence.dat was cleared updating 0 keys and creating 0 modified pages.
Information,12/19/2021 12:40:17 PM,Microsoft-Windows-Kernel-General,16,None,The access history in hive \??\C:\ProgramData\Packages\Microsoft.XboxGamingOverlay_8wekyb3d8bbwe\S-1-5-21-2091211461-3178656723-4261672445-1001\SystemAppData\Helium\Cache\998fdd4c364561f2_COM15.dat was cleared updating 1 keys and creating 1 modified pages.
Information,12/19/2021 12:40:17 PM,Microsoft-Windows-Kernel-General,16,None,The access history in hive \??\C:\Users\SHOHID\AppData\Local\Packages\Microsoft.XboxGamingOverlay_8wekyb3d8bbwe\Settings\settings.dat was cleared updating 9 keys and creating 1 modified pages.
Error,12/19/2021 12:39:31 PM,Microsoft-Windows-DistributedCOM,10010,None,The server Microsoft.SkypeApp_15.79.95.0_x86__kzf8qxf38zg5c!App.AppXtwmqn4em5r5dpafgj4t4yyxgjfe0hr50.mca did not register with DCOM within the required timeout.
Warning,12/19/2021 12:38:47 PM,Microsoft-Windows-DistributedCOM,10016,None,"The machine-default permission settings do not grant Local Activation permission for the COM Server application with CLSID 
{C2F03A33-21F5-47FA-B4BB-156362A2F239}
 and APPID 
{316CDED5-E4AE-4B15-9113-7055D84DCC97}
 to the user SHOHID-PC\SHOHID SID (S-1-5-21-2091211461-3178656723-4261672445-1001) from address LocalHost (Using LRPC) running in the application container Microsoft.Windows.ShellExperienceHost_10.0.18362.1171_neutral_neutral_cw5n1h2txyewy SID (S-1-15-2-155514346-2573954481-755741238-1654018636-1233331829-3075935687-2861478708). This security permission can be modified using the Component Services administrative tool."
Error,12/19/2021 12:38:37 PM,Microsoft-Windows-DistributedCOM,10010,None,The server Microsoft.SkypeApp_15.79.95.0_x86__kzf8qxf38zg5c!App.AppXtwmqn4em5r5dpafgj4t4yyxgjfe0hr50.mca did not register with DCOM within the required timeout.
Information,12/19/2021 12:38:25 PM,Microsoft-Windows-Kernel-General,16,None,The access history in hive \??\C:\Users\SHOHID\AppData\Local\Packages\Microsoft.LockApp_cw5n1h2txyewy\Settings\settings.dat was cleared updating 4 keys and creating 1 modified pages.
Error,12/19/2021 12:38:19 PM,Tcpip,4199,None,The system detected an address conflict for IP address 192.168.8.100 with the system having network hardware address F4-60-E2-4E-7B-E6. Network operations on this system may be disrupted as a result.
Information,12/19/2021 12:38:15 PM,Microsoft-Windows-Power-Troubleshooter,1,None,"The system has returned from a low power state.

Sleep Time: 2021-12-18T20:35:16.695829200Z
Wake Time: 2021-12-19T06:38:13.275467300Z

Wake Source: Unknown"
Information,12/19/2021 12:38:14 PM,Microsoft-Windows-Winlogon,7001,-1101,User Logon Notification for Customer Experience Improvement Program
Error,12/19/2021 12:38:13 PM,iaStorA,4102,None,Error log: Smart event occured on disk :X6GJEAPFS  
Information,12/19/2021 12:38:13 PM,Microsoft-Windows-Kernel-Boot,32,-58,The bootmgr spent 0 ms waiting for user input.
Information,12/19/2021 12:38:13 PM,Microsoft-Windows-Kernel-Boot,18,-57,There are 0x1 boot options on this system.
Information,12/19/2021 12:38:13 PM,Microsoft-Windows-Kernel-Boot,27,-33,The boot type was 0x1.
Information,12/19/2021 12:38:13 PM,Microsoft-Windows-Kernel-Boot,25,-32,The boot menu policy was 0x1.
Information,12/19/2021 12:38:13 PM,Microsoft-Windows-Kernel-Boot,30,-21,The firmware reported boot metrics.
Information,12/19/2021 12:38:12 PM,Microsoft-Windows-Kernel-General,1,-5,"The system time has changed to 2021-12-19T06:38:12.500000000Z from 2021-12-18T20:35:19.425074000Z.

Change Reason: System time synchronized with the hardware clock.
Process: '' (PID 4)."
Information,12/19/2021 2:35:19 AM,Microsoft-Windows-Kernel-Power,107,-102,The system has resumed from sleep.
Information,12/19/2021 12:38:12 PM,EventLog,6013,None,The system uptime is 1027678 seconds.
Information,12/19/2021 2:35:18 AM,Microsoft-Windows-Kernel-General,1,-5,"The system time has changed to 2021-12-18T20:35:17.500000000Z from 2021-12-18T20:35:18.522108500Z.

Change Reason: System time synchronized with the hardware clock.
Process: '' (PID 4)."
Information,12/19/2021 2:35:17 AM,Microsoft-Windows-Kernel-Power,42,-64,"The system is entering sleep.

Sleep Reason: Application API"
Information,12/19/2021 2:35:16 AM,Microsoft-Windows-Kernel-Power,187,-243,User-mode process attempted to change the system state by calling SetSuspendState or SetSystemPowerState APIs.
Information,12/19/2021 2:35:16 AM,Microsoft-Windows-Winlogon,7002,-1102,User Logoff Notification for Customer Experience Improvement Program
Warning,12/18/2021 9:00:01 PM,Microsoft-Windows-DistributedCOM,10016,None,"The machine-default permission settings do not grant Local Activation permission for the COM Server application with CLSID 
{C2F03A33-21F5-47FA-B4BB-156362A2F239}
 and APPID 
{316CDED5-E4AE-4B15-9113-7055D84DCC97}
 to the user SHOHID-PC\SHOHID SID (S-1-5-21-2091211461-3178656723-4261672445-1001) from address LocalHost (Using LRPC) running in the application container Microsoft.Windows.ShellExperienceHost_10.0.18362.1171_neutral_neutral_cw5n1h2txyewy SID (S-1-15-2-155514346-2573954481-755741238-1654018636-1233331829-3075935687-2861478708). This security permission can be modified using the Component Services administrative tool."
Error,12/18/2021 8:30:21 PM,Microsoft-Windows-DistributedCOM,10010,None,The server Microsoft.SkypeApp_15.79.95.0_x86__kzf8qxf38zg5c!App.AppXtwmqn4em5r5dpafgj4t4yyxgjfe0hr50.mca did not register with DCOM within the required timeout.
Information,12/18/2021 7:07:39 PM,Microsoft-Windows-WindowsUpdateClient,19,Windows Update Agent,Installation Successful: Windows successfully installed the following update: Security Intelligence Update for Microsoft Defender Antivirus - KB2267602 (Version 1.355.458.0)
Information,12/18/2021 7:07:27 PM,Microsoft-Windows-WindowsUpdateClient,43,Windows Update Agent,Installation Started: Windows has started installing the following update: Security Intelligence Update for Microsoft Defender Antivirus - KB2267602 (Version 1.355.458.0)
Information,12/18/2021 7:07:17 PM,Microsoft-Windows-WindowsUpdateClient,44,Windows Update Agent,Windows Update started downloading an update.
Information,12/18/2021 6:03:11 PM,Microsoft-Windows-WindowsUpdateClient,19,Windows Update Agent,Installation Successful: Windows successfully installed the following update: Security Intelligence Update for Microsoft Defender Antivirus - KB2267602 (Version 1.355.453.0)
Information,12/18/2021 6:02:57 PM,Microsoft-Windows-WindowsUpdateClient,43,Windows Update Agent,Installation Started: Windows has started installing the following update: Security Intelligence Update for Microsoft Defender Antivirus - KB2267602 (Version 1.355.453.0)
Information,12/18/2021 6:02:46 PM,Microsoft-Windows-WindowsUpdateClient,44,Windows Update Agent,Windows Update started downloading an update.
Error,12/18/2021 2:49:53 PM,Volsnap,36,None,The shadow copies of volume C: were aborted because the shadow copy storage could not grow due to a user imposed limit.
Information,12/18/2021 12:00:00 PM,EventLog,6013,None,The system uptime is 938986 seconds.
Information,12/18/2021 11:47:23 AM,Microsoft-Windows-Kernel-General,16,None,The access history in hive \??\C:\WINDOWS\System32\config\COMPONENTS was cleared updating 64979 keys and creating 7665 modified pages.
Information,12/18/2021 11:37:09 AM,Microsoft-Windows-Kernel-General,16,None,The access history in hive \??\C:\Users\SHOHID\AppData\Local\Packages\Microsoft.WindowsStore_8wekyb3d8bbwe\Settings\settings.dat was cleared updating 13 keys and creating 3 modified pages.
Error,12/18/2021 8:30:21 AM,Microsoft-Windows-DistributedCOM,10010,None,The server Microsoft.SkypeApp_15.79.95.0_x86__kzf8qxf38zg5c!App.AppXtwmqn4em5r5dpafgj4t4yyxgjfe0hr50.mca did not register with DCOM within the required timeout.
Warning,12/18/2021 2:47:54 AM,Microsoft-Windows-DistributedCOM,10016,None,"The machine-default permission settings do not grant Local Activation permission for the COM Server application with CLSID 
{C2F03A33-21F5-47FA-B4BB-156362A2F239}
 and APPID 
{316CDED5-E4AE-4B15-9113-7055D84DCC97}
 to the user SHOHID-PC\SHOHID SID (S-1-5-21-2091211461-3178656723-4261672445-1001) from address LocalHost (Using LRPC) running in the application container Microsoft.Windows.ShellExperienceHost_10.0.18362.1171_neutral_neutral_cw5n1h2txyewy SID (S-1-15-2-155514346-2573954481-755741238-1654018636-1233331829-3075935687-2861478708). This security permission can be modified using the Component Services administrative tool."
Information,12/18/2021 1:14:31 AM,Microsoft-Windows-Kernel-General,1,-5,"The system time has changed to 2021-12-17T19:14:31.429472500Z from 2021-12-17T19:14:31.429044000Z.

Change Reason: An application or system component changed the time.
Process: '\Device\HarddiskVolume6\Windows\System32\svchost.exe' (PID 11616)."
Information,12/18/2021 1:14:31 AM,Microsoft-Windows-Time-Service,35,None,"The time service is now synchronizing the system time with the time source time.windows.com,0x9 (ntp.m|0x9|0.0.0.0:123->51.145.123.29:123) with reference id 494637363. Current local stratum number is 4."
Information,12/18/2021 1:14:17 AM,Microsoft-Windows-Time-Service,37,None,"The time provider NtpClient is currently receiving valid time data from time.windows.com,0x9 (ntp.m|0x9|0.0.0.0:123->51.145.123.29:123)."
Information,12/18/2021 1:14:15 AM,Microsoft-Windows-Time-Service,158,None,The time provider 'VMICTimeProvider' has indicated that the current hardware and operating environment is not supported and has stopped. This behavior is expected for VMICTimeProvider on non-HyperV-guest environments. This may be the expected behavior for the current provider in the current operating environment as well.
Information,12/17/2021 9:14:29 PM,Microsoft-Windows-Kernel-General,16,None,The access history in hive \SystemRoot\System32\config\DRIVERS was cleared updating 1341 keys and creating 123 modified pages.
Error,12/17/2021 8:24:31 PM,Microsoft-Windows-DistributedCOM,10010,None,The server Microsoft.SkypeApp_15.79.95.0_x86__kzf8qxf38zg5c!App.AppXtwmqn4em5r5dpafgj4t4yyxgjfe0hr50.mca did not register with DCOM within the required timeout.
Information,12/17/2021 6:05:02 PM,Microsoft-Windows-WindowsUpdateClient,19,Windows Update Agent,Installation Successful: Windows successfully installed the following update: Security Intelligence Update for Microsoft Defender Antivirus - KB2267602 (Version 1.355.400.0)
Information,12/17/2021 6:04:48 PM,Microsoft-Windows-WindowsUpdateClient,43,Windows Update Agent,Installation Started: Windows has started installing the following update: Security Intelligence Update for Microsoft Defender Antivirus - KB2267602 (Version 1.355.400.0)
Information,12/17/2021 6:04:30 PM,Microsoft-Windows-WindowsUpdateClient,44,Windows Update Agent,Windows Update started downloading an update.
Information,12/17/2021 12:11:39 PM,Microsoft-Windows-Kernel-General,16,None,The access history in hive \??\C:\Users\SHOHID\AppData\Local\Packages\microsoft.windows.cortana_cw5n1h2txyewy\AC\GEH\POF.dat was cleared updating 5 keys and creating 1 modified pages.
Information,12/17/2021 12:00:00 PM,EventLog,6013,None,The system uptime is 852586 seconds.
Warning,12/17/2021 8:30:00 AM,Microsoft-Windows-DistributedCOM,10016,None,"The machine-default permission settings do not grant Local Activation permission for the COM Server application with CLSID 
{C2F03A33-21F5-47FA-B4BB-156362A2F239}
 and APPID 
{316CDED5-E4AE-4B15-9113-7055D84DCC97}
 to the user SHOHID-PC\SHOHID SID (S-1-5-21-2091211461-3178656723-4261672445-1001) from address LocalHost (Using LRPC) running in the application container Microsoft.Windows.ShellExperienceHost_10.0.18362.1171_neutral_neutral_cw5n1h2txyewy SID (S-1-15-2-155514346-2573954481-755741238-1654018636-1233331829-3075935687-2861478708). This security permission can be modified using the Component Services administrative tool."
Error,12/17/2021 8:24:42 AM,Microsoft-Windows-DistributedCOM,10010,None,The server Microsoft.SkypeApp_15.79.95.0_x86__kzf8qxf38zg5c!App.AppXtwmqn4em5r5dpafgj4t4yyxgjfe0hr50.mca did not register with DCOM within the required timeout.
Information,12/17/2021 8:16:50 AM,Microsoft-Windows-Kernel-General,16,None,The access history in hive \??\C:\Users\SHOHID\AppData\Local\Packages\Microsoft.Windows.ContentDeliveryManager_cw5n1h2txyewy\Settings\settings.dat was cleared updating 3809 keys and creating 153 modified pages.
Information,12/17/2021 2:18:48 AM,Microsoft-Windows-WindowsUpdateClient,19,Windows Update Agent,Installation Successful: Windows successfully installed the following update: Security Intelligence Update for Microsoft Defender Antivirus - KB2267602 (Version 1.355.359.0)
Information,12/17/2021 2:18:36 AM,Microsoft-Windows-WindowsUpdateClient,43,Windows Update Agent,Installation Started: Windows has started installing the following update: Security Intelligence Update for Microsoft Defender Antivirus - KB2267602 (Version 1.355.359.0)
Information,12/17/2021 2:18:25 AM,Microsoft-Windows-WindowsUpdateClient,44,Windows Update Agent,Windows Update started downloading an update.
Warning,12/16/2021 11:47:53 PM,Microsoft-Windows-DistributedCOM,10016,None,"The machine-default permission settings do not grant Local Activation permission for the COM Server application with CLSID 
{C2F03A33-21F5-47FA-B4BB-156362A2F239}
 and APPID 
{316CDED5-E4AE-4B15-9113-7055D84DCC97}
 to the user SHOHID-PC\SHOHID SID (S-1-5-21-2091211461-3178656723-4261672445-1001) from address LocalHost (Using LRPC) running in the application container Microsoft.Windows.ShellExperienceHost_10.0.18362.1171_neutral_neutral_cw5n1h2txyewy SID (S-1-15-2-155514346-2573954481-755741238-1654018636-1233331829-3075935687-2861478708). This security permission can be modified using the Component Services administrative tool."
Information,12/16/2021 11:30:19 PM,Microsoft-Windows-Kernel-General,1,-5,"The system time has changed to 2021-12-16T17:30:19.574554500Z from 2021-12-16T17:30:19.573965600Z.

Change Reason: An application or system component changed the time.
Process: '\Device\HarddiskVolume6\Windows\System32\svchost.exe' (PID 20400)."
Information,12/16/2021 11:30:19 PM,Microsoft-Windows-Kernel-General,1,-5,"The system time has changed to 2021-12-16T17:30:19.573496200Z from 2021-12-16T17:30:19.573022400Z.

Change Reason: An application or system component changed the time.
Process: '\Device\HarddiskVolume6\Windows\System32\svchost.exe' (PID 20400)."
Information,12/16/2021 11:30:19 PM,Microsoft-Windows-Time-Service,35,None,"The time service is now synchronizing the system time with the time source time.windows.com,0x9 (ntp.m|0x9|0.0.0.0:123->52.148.114.188:123) with reference id 3161625652. Current local stratum number is 4."
Information,12/16/2021 11:30:19 PM,Microsoft-Windows-Kernel-General,1,-5,"The system time has changed to 2021-12-16T17:30:19.572235900Z from 2021-12-16T17:30:18.417451000Z.

Change Reason: An application or system component changed the time.
Process: '\Device\HarddiskVolume6\Windows\System32\svchost.exe' (PID 20400)."
Information,12/16/2021 11:30:03 PM,Microsoft-Windows-Time-Service,37,None,"The time provider NtpClient is currently receiving valid time data from time.windows.com,0x9 (ntp.m|0x9|0.0.0.0:123->52.148.114.188:123)."
Information,12/16/2021 11:30:02 PM,Microsoft-Windows-Time-Service,158,None,The time provider 'VMICTimeProvider' has indicated that the current hardware and operating environment is not supported and has stopped. This behavior is expected for VMICTimeProvider on non-HyperV-guest environments. This may be the expected behavior for the current provider in the current operating environment as well.
Error,12/16/2021 8:24:44 PM,Microsoft-Windows-DistributedCOM,10010,None,The server Microsoft.SkypeApp_15.79.95.0_x86__kzf8qxf38zg5c!App.AppXtwmqn4em5r5dpafgj4t4yyxgjfe0hr50.mca did not register with DCOM within the required timeout.
Warning,12/16/2021 7:45:22 PM,Microsoft-Windows-DNS-Client,1014,-1014,Name resolution for the name v10.events.data.microsoft.com timed out after none of the configured DNS servers responded.
Information,12/16/2021 6:03:09 PM,Microsoft-Windows-WindowsUpdateClient,19,Windows Update Agent,Installation Successful: Windows successfully installed the following update: Security Intelligence Update for Microsoft Defender Antivirus - KB2267602 (Version 1.355.346.0)
Information,12/16/2021 6:02:57 PM,Microsoft-Windows-WindowsUpdateClient,43,Windows Update Agent,Installation Started: Windows has started installing the following update: Security Intelligence Update for Microsoft Defender Antivirus - KB2267602 (Version 1.355.346.0)
Information,12/16/2021 6:02:48 PM,Microsoft-Windows-WindowsUpdateClient,44,Windows Update Agent,Windows Update started downloading an update.
Warning,12/16/2021 5:02:00 PM,Microsoft-Windows-DNS-Client,1014,-1014,Name resolution for the name boot-01.net.anydesk.com timed out after none of the configured DNS servers responded.
