Warning,12/16/2021 5:00:52 PM,Microsoft-Windows-DNS-Client,1014,-1014,Name resolution for the name relay-dafa4c5b.net.anydesk.com timed out after none of the configured DNS servers responded.
Information,12/16/2021 12:00:00 PM,EventLog,6013,None,The system uptime is 766187 seconds.
Error,12/16/2021 8:30:21 AM,Microsoft-Windows-DistributedCOM,10010,None,The server Microsoft.SkypeApp_15.79.95.0_x86__kzf8qxf38zg5c!App.AppXtwmqn4em5r5dpafgj4t4yyxgjfe0hr50.mca did not register with DCOM within the required timeout.
Information,12/16/2021 3:12:52 AM,Microsoft-Windows-WindowsUpdateClient,19,Windows Update Agent,Installation Successful: Windows successfully installed the following update: Security Intelligence Update for Microsoft Defender Antivirus - KB2267602 (Version 1.355.311.0)
Information,12/16/2021 3:12:40 AM,Microsoft-Windows-WindowsUpdateClient,43,Windows Update Agent,Installation Started: Windows has started installing the following update: Security Intelligence Update for Microsoft Defender Antivirus - KB2267602 (Version 1.355.311.0)
Information,12/16/2021 3:12:40 AM,Microsoft-Windows-WindowsUpdateClient,19,Windows Update Agent,Installation Successful: Windows successfully installed the following update: Windows Malicious Software Removal Tool x64 - v5.96 (KB890830)
Information,12/16/2021 3:07:20 AM,Microsoft-Windows-WindowsUpdateClient,43,Windows Update Agent,Installation Started: Windows has started installing the following update: Windows Malicious Software Removal Tool x64 - v5.96 (KB890830)
Information,12/16/2021 3:07:20 AM,Microsoft-Windows-WindowsUpdateClient,19,Windows Update Agent,Installation Successful: Windows successfully installed the following update: 2021-12 .NET 5.0.13 Security Update for x64 Client (KB5009194)
Information,12/16/2021 3:06:05 AM,Microsoft-Windows-WindowsUpdateClient,43,Windows Update Agent,Installation Started: Windows has started installing the following update: 2021-12 .NET 5.0.13 Security Update for x64 Client (KB5009194)
Information,12/16/2021 3:06:05 AM,Microsoft-Windows-WindowsUpdateClient,19,Windows Update Agent,Installation Successful: Windows successfully installed the following update: 2021-12 .NET Core 3.1.22 Security Update for x64 Client (KB5009193)
Information,12/16/2021 3:04:14 AM,Microsoft-Windows-WindowsUpdateClient,43,Windows Update Agent,Installation Started: Windows has started installing the following update: 2021-12 .NET Core 3.1.22 Security Update for x64 Client (KB5009193)
Information,12/16/2021 3:04:14 AM,Microsoft-Windows-WindowsUpdateClient,19,Windows Update Agent,Installation Successful: Windows successfully installed the following update: Security Update for Microsoft Office 2016 (KB4504710) 32-Bit Edition
Information,12/16/2021 3:03:59 AM,Microsoft-Windows-WindowsUpdateClient,43,Windows Update Agent,Installation Started: Windows has started installing the following update: Security Update for Microsoft Office 2016 (KB4504710) 32-Bit Edition
Information,12/16/2021 3:03:59 AM,Microsoft-Windows-WindowsUpdateClient,19,Windows Update Agent,Installation Successful: Windows successfully installed the following update: Security Update for Microsoft Office 2016 (KB4504745) 32-Bit Edition
Information,12/16/2021 3:03:43 AM,Microsoft-Windows-WindowsUpdateClient,43,Windows Update Agent,Installation Started: Windows has started installing the following update: Security Update for Microsoft Office 2016 (KB4504745) 32-Bit Edition
Information,12/16/2021 3:03:43 AM,Microsoft-Windows-WindowsUpdateClient,19,Windows Update Agent,Installation Successful: Windows successfully installed the following update: Security Update for Microsoft Office 2016 (KB5002033) 32-Bit Edition
Information,12/16/2021 3:03:19 AM,Microsoft-Windows-WindowsUpdateClient,43,Windows Update Agent,Installation Started: Windows has started installing the following update: Security Update for Microsoft Office 2016 (KB5002033) 32-Bit Edition
Information,12/16/2021 3:03:19 AM,Microsoft-Windows-WindowsUpdateClient,19,Windows Update Agent,Installation Successful: Windows successfully installed the following update: Security Update for Microsoft Excel 2016 (KB5002098) 32-Bit Edition
Information,12/16/2021 3:02:40 AM,Microsoft-Windows-WindowsUpdateClient,43,Windows Update Agent,Installation Started: Windows has started installing the following update: Security Update for Microsoft Excel 2016 (KB5002098) 32-Bit Edition
Information,12/16/2021 2:30:50 AM,Microsoft-Windows-WindowsUpdateClient,44,Windows Update Agent,Windows Update started downloading an update.
Information,12/16/2021 2:30:47 AM,Microsoft-Windows-WindowsUpdateClient,44,Windows Update Agent,Windows Update started downloading an update.
Information,12/16/2021 2:30:47 AM,Microsoft-Windows-WindowsUpdateClient,44,Windows Update Agent,Windows Update started downloading an update.
Information,12/16/2021 2:30:47 AM,Microsoft-Windows-WindowsUpdateClient,44,Windows Update Agent,Windows Update started downloading an update.
Information,12/16/2021 2:30:47 AM,Microsoft-Windows-WindowsUpdateClient,44,Windows Update Agent,Windows Update started downloading an update.
Information,12/16/2021 2:30:47 AM,Microsoft-Windows-WindowsUpdateClient,44,Windows Update Agent,Windows Update started downloading an update.
Information,12/16/2021 2:30:47 AM,Microsoft-Windows-WindowsUpdateClient,44,Windows Update Agent,Windows Update started downloading an update.
Information,12/16/2021 2:30:47 AM,Microsoft-Windows-WindowsUpdateClient,44,Windows Update Agent,Windows Update started downloading an update.
Information,12/16/2021 1:14:13 AM,Microsoft-Windows-Kernel-General,15,None,Hive \??\Volume{fee45b76-0000-0000-0000-602200000000}\System Volume Information\SPP\SppCbsHiveStore\{cd42efe1-f6f1-427c-b004-033192c625a4}{D1217225-04BB-43E0-8499-2D180D281C6A} was reorganized with a starting size of 270151680 bytes and an ending size of 246714368 bytes.
Information,12/16/2021 1:14:03 AM,Microsoft-Windows-Kernel-General,15,None,Hive \??\Volume{fee45b76-0000-0000-0000-602200000000}\System Volume Information\SPP\SppCbsHiveStore\{cd42efe1-f6f1-427c-b004-033192c625a4}{B845803C-2068-42EC-8B41-DE9BB0C1AFF6} was reorganized with a starting size of 12521472 bytes and an ending size of 12341248 bytes.
Information,12/16/2021 1:14:03 AM,Microsoft-Windows-Kernel-General,16,None,The access history in hive \??\Volume{fee45b76-0000-0000-0000-602200000000}\System Volume Information\SPP\SppCbsHiveStore\{cd42efe1-f6f1-427c-b004-033192c625a4}{8D14E827-B5B7-4B3D-A276-8EE4F841A0DD} was cleared updating 1 keys and creating 1 modified pages.
Information,12/16/2021 1:14:02 AM,Microsoft-Windows-Kernel-General,16,None,The access history in hive \??\Volume{fee45b76-0000-0000-0000-602200000000}\System Volume Information\SPP\SppCbsHiveStore\{cd42efe1-f6f1-427c-b004-033192c625a4}{31A577E7-3314-4D31-83D7-B9F1F9128896} was cleared updating 248 keys and creating 16 modified pages.
Information,12/16/2021 1:14:01 AM,Microsoft-Windows-Kernel-General,16,None,The access history in hive \??\Volume{fee45b76-0000-0000-0000-602200000000}\System Volume Information\SPP\SppCbsHiveStore\{cd42efe1-f6f1-427c-b004-033192c625a4}{05BBF170-4501-43B0-931C-8589F8D31439} was cleared updating 93 keys and creating 11 modified pages.
Information,12/16/2021 1:14:01 AM,Microsoft-Windows-Kernel-General,15,None,Hive \??\Volume{fee45b76-0000-0000-0000-602200000000}\System Volume Information\SPP\SppCbsHiveStore\{cd42efe1-f6f1-427c-b004-033192c625a4}{FEFCFF8C-225D-447D-9EBF-251C5488BD3C} was reorganized with a starting size of 31469568 bytes and an ending size of 31432704 bytes.
Information,12/16/2021 1:13:54 AM,Microsoft-Windows-Kernel-General,11,None,"TxR init phase for hive \??\GLOBALROOT\Device\HarddiskVolumeShadowCopy4\WINDOWS\System32\config\DRIVERS (TM: {34de6947-5d6f-11ec-ae57-1c1b0d79dbe2}, RM: {34de6946-5d6f-11ec-ae57-1c1b0d79dbe2}) finished with result=0xC00000A2 (Internal code=7)."
Information,12/16/2021 1:13:54 AM,Microsoft-Windows-Kernel-General,11,None,"TxR init phase for hive \??\GLOBALROOT\Device\HarddiskVolumeShadowCopy4\WINDOWS\System32\config\SYSTEM (TM: {34de6944-5d6f-11ec-ae57-1c1b0d79dbe2}, RM: {34de6943-5d6f-11ec-ae57-1c1b0d79dbe2}) finished with result=0xC00000A2 (Internal code=7)."
Information,12/16/2021 1:13:54 AM,Microsoft-Windows-Kernel-General,15,None,Hive \??\GLOBALROOT\Device\HarddiskVolumeShadowCopy4\WINDOWS\System32\config\SYSTEM was reorganized with a starting size of 31469568 bytes and an ending size of 31432704 bytes.
Information,12/15/2021 9:31:42 PM,Microsoft-Windows-WindowsUpdateClient,19,Windows Update Agent,Installation Successful: Windows successfully installed the following update: 9WZDNCRFJBMP-MICROSOFT.WINDOWSSTORE
Information,12/15/2021 9:31:37 PM,Microsoft-Windows-WindowsUpdateClient,43,Windows Update Agent,Installation Started: Windows has started installing the following update: 9WZDNCRFJBMP-MICROSOFT.WINDOWSSTORE
Information,12/15/2021 9:31:31 PM,Microsoft-Windows-Kernel-General,16,None,The access history in hive \??\C:\ProgramData\Microsoft\Windows\AppRepository\Packages\Microsoft.WindowsStore_22112.1401.2.0_x64__8wekyb3d8bbwe\ActivationStore.dat was cleared updating 0 keys and creating 0 modified pages.
Information,12/15/2021 9:25:08 PM,Microsoft-Windows-WindowsUpdateClient,19,Windows Update Agent,Installation Successful: Windows successfully installed the following update: 9N4D0MSMP0PT-Microsoft.VP9VideoExtensions
Information,12/15/2021 9:25:08 PM,Microsoft-Windows-WindowsUpdateClient,43,Windows Update Agent,Installation Started: Windows has started installing the following update: 9N4D0MSMP0PT-Microsoft.VP9VideoExtensions
Information,12/15/2021 9:25:02 PM,Microsoft-Windows-Kernel-General,16,None,The access history in hive \??\C:\ProgramData\Microsoft\Windows\AppRepository\Packages\Microsoft.VP9VideoExtensions_1.0.42791.0_x64__8wekyb3d8bbwe\ActivationStore.dat was cleared updating 0 keys and creating 0 modified pages.
Information,12/15/2021 9:24:48 PM,Microsoft-Windows-WindowsUpdateClient,44,Windows Update Agent,Windows Update started downloading an update.
Information,12/15/2021 9:24:48 PM,Microsoft-Windows-WindowsUpdateClient,44,Windows Update Agent,Windows Update started downloading an update.
Information,12/15/2021 9:18:08 PM,Microsoft-Windows-Kernel-General,1,-5,"The system time has changed to 2021-12-15T15:18:08.601659500Z from 2021-12-15T15:18:08.601202200Z.

Change Reason: An application or system component changed the time.
Process: '\Device\HarddiskVolume6\Windows\System32\svchost.exe' (PID 4292)."
Information,12/15/2021 9:18:08 PM,Microsoft-Windows-Time-Service,35,None,"The time service is now synchronizing the system time with the time source time.windows.com,0x9 (ntp.m|0x9|0.0.0.0:123->51.145.123.29:123) with reference id 494637363. Current local stratum number is 4."
Information,12/15/2021 9:17:59 PM,Microsoft-Windows-Kernel-General,16,None,The access history in hive \??\C:\Users\SHOHID\AppData\Local\Packages\appleinc.itunes_nzyj5cx40ttqa\Settings\settings.dat was cleared updating 2 keys and creating 1 modified pages.
Information,12/15/2021 9:17:54 PM,Microsoft-Windows-Time-Service,37,None,"The time provider NtpClient is currently receiving valid time data from time.windows.com,0x9 (ntp.m|0x9|0.0.0.0:123->51.145.123.29:123)."
Information,12/15/2021 9:17:52 PM,Microsoft-Windows-Time-Service,158,None,The time provider 'VMICTimeProvider' has indicated that the current hardware and operating environment is not supported and has stopped. This behavior is expected for VMICTimeProvider on non-HyperV-guest environments. This may be the expected behavior for the current provider in the current operating environment as well.
Warning,12/15/2021 8:47:54 PM,Microsoft-Windows-DistributedCOM,10016,None,"The machine-default permission settings do not grant Local Activation permission for the COM Server application with CLSID 
{C2F03A33-21F5-47FA-B4BB-156362A2F239}
 and APPID 
{316CDED5-E4AE-4B15-9113-7055D84DCC97}
 to the user SHOHID-PC\SHOHID SID (S-1-5-21-2091211461-3178656723-4261672445-1001) from address LocalHost (Using LRPC) running in the application container Microsoft.Windows.ShellExperienceHost_10.0.18362.1171_neutral_neutral_cw5n1h2txyewy SID (S-1-15-2-155514346-2573954481-755741238-1654018636-1233331829-3075935687-2861478708). This security permission can be modified using the Component Services administrative tool."
Error,12/15/2021 8:30:21 PM,Microsoft-Windows-DistributedCOM,10010,None,The server Microsoft.SkypeApp_15.79.95.0_x86__kzf8qxf38zg5c!App.AppXtwmqn4em5r5dpafgj4t4yyxgjfe0hr50.mca did not register with DCOM within the required timeout.
Information,12/15/2021 7:12:38 PM,Service Control Manager,7045,None,"A service was installed in the system.

Service Name:  MpKsl8c8e99fc
Service File Name:  C:\ProgramData\Microsoft\Windows Defender\Definition Updates\{A05FA0A2-3B38-4246-966F-F74FC9AE4D2D}\MpKslDrv.sys
Service Type:  kernel mode driver
Service Start Type:  demand start
Service Account:  "
Warning,12/15/2021 7:12:13 PM,Microsoft-Windows-DistributedCOM,10016,None,"The machine-default permission settings do not grant Local Activation permission for the COM Server application with CLSID 
{C2F03A33-21F5-47FA-B4BB-156362A2F239}
 and APPID 
{316CDED5-E4AE-4B15-9113-7055D84DCC97}
 to the user SHOHID-PC\SHOHID SID (S-1-5-21-2091211461-3178656723-4261672445-1001) from address LocalHost (Using LRPC) running in the application container Microsoft.Windows.ShellExperienceHost_10.0.18362.1171_neutral_neutral_cw5n1h2txyewy SID (S-1-15-2-155514346-2573954481-755741238-1654018636-1233331829-3075935687-2861478708). This security permission can be modified using the Component Services administrative tool."
Information,12/15/2021 6:06:55 PM,Microsoft-Windows-WindowsUpdateClient,19,Windows Update Agent,Installation Successful: Windows successfully installed the following update: Security Intelligence Update for Microsoft Defender Antivirus - KB2267602 (Version 1.355.292.0)
Information,12/15/2021 6:06:42 PM,Microsoft-Windows-WindowsUpdateClient,43,Windows Update Agent,Installation Started: Windows has started installing the following update: Security Intelligence Update for Microsoft Defender Antivirus - KB2267602 (Version 1.355.292.0)
Information,12/15/2021 6:04:51 PM,Microsoft-Windows-WindowsUpdateClient,44,Windows Update Agent,Windows Update started downloading an update.
Warning,12/15/2021 1:23:53 PM,Microsoft-Windows-DNS-Client,1014,-1014,Name resolution for the name array806.prod.do.dsp.mp.microsoft.com timed out after none of the configured DNS servers responded.
Information,12/15/2021 12:00:00 PM,EventLog,6013,None,The system uptime is 679787 seconds.
Error,12/15/2021 8:30:21 AM,Microsoft-Windows-DistributedCOM,10010,None,The server Microsoft.SkypeApp_15.79.95.0_x86__kzf8qxf38zg5c!App.AppXtwmqn4em5r5dpafgj4t4yyxgjfe0hr50.mca did not register with DCOM within the required timeout.
Information,12/15/2021 4:23:56 AM,Microsoft-Windows-Kernel-General,1,-5,"The system time has changed to 2021-12-14T22:23:56.534770400Z from 2021-12-14T22:23:56.530252300Z.

Change Reason: An application or system component changed the time.
Process: '\Device\HarddiskVolume6\Windows\System32\svchost.exe' (PID 16732)."
Information,12/15/2021 4:23:56 AM,Microsoft-Windows-Kernel-General,1,-5,"The system time has changed to 2021-12-14T22:23:56.530252300Z from 2021-12-14T22:23:56.526216900Z.

Change Reason: An application or system component changed the time.
Process: '\Device\HarddiskVolume6\Windows\System32\svchost.exe' (PID 16732)."
Information,12/15/2021 4:23:56 AM,Microsoft-Windows-Time-Service,35,None,"The time service is now synchronizing the system time with the time source time.windows.com,0x9 (ntp.m|0x9|0.0.0.0:123->51.145.123.29:123) with reference id 494637363. Current local stratum number is 4."
Information,12/15/2021 4:23:56 AM,Microsoft-Windows-Kernel-General,1,-5,"The system time has changed to 2021-12-14T22:23:56.526216900Z from 2021-12-14T22:23:54.072071900Z.

Change Reason: An application or system component changed the time.
Process: '\Device\HarddiskVolume6\Windows\System32\svchost.exe' (PID 16732)."
Information,12/15/2021 4:23:39 AM,Microsoft-Windows-Time-Service,37,None,"The time provider NtpClient is currently receiving valid time data from time.windows.com,0x9 (ntp.m|0x9|0.0.0.0:123->51.145.123.29:123)."
Information,12/15/2021 3:38:01 AM,Microsoft-Windows-WindowsUpdateClient,19,Windows Update Agent,Installation Successful: Windows successfully installed the following update: 9NBLGGH18846-KING.COM.CANDYCRUSHSAGA
Information,12/15/2021 3:38:01 AM,Microsoft-Windows-WindowsUpdateClient,43,Windows Update Agent,Installation Started: Windows has started installing the following update: 9NBLGGH18846-KING.COM.CANDYCRUSHSAGA
Information,12/15/2021 3:37:53 AM,Microsoft-Windows-Kernel-General,16,None,The access history in hive \??\C:\ProgramData\Microsoft\Windows\AppRepository\Packages\king.com.CandyCrushSaga_1.2170.3.0_x86__kgqvnymyfvs32\ActivationStore.dat was cleared updating 0 keys and creating 0 modified pages.
Information,12/15/2021 3:37:48 AM,Microsoft-Windows-WindowsUpdateClient,19,Windows Update Agent,Installation Successful: Windows successfully installed the following update: 9NBLGGH5R558-Microsoft.Todos
Information,12/15/2021 3:37:48 AM,Microsoft-Windows-WindowsUpdateClient,43,Windows Update Agent,Installation Started: Windows has started installing the following update: 9NBLGGH5R558-Microsoft.Todos
Information,12/15/2021 3:37:42 AM,Microsoft-Windows-Kernel-General,16,None,The access history in hive \??\C:\ProgramData\Microsoft\Windows\AppRepository\Packages\Microsoft.Todos_2.59.43372.0_x64__8wekyb3d8bbwe\ActivationStore.dat was cleared updating 0 keys and creating 0 modified pages.
Information,12/15/2021 3:37:22 AM,Microsoft-Windows-WindowsUpdateClient,19,Windows Update Agent,Installation Successful: Windows successfully installed the following update: 9NBLGGH4QGHW-Microsoft.MicrosoftStickyNotes
Information,12/15/2021 3:37:22 AM,Microsoft-Windows-WindowsUpdateClient,43,Windows Update Agent,Installation Started: Windows has started installing the following update: 9NBLGGH4QGHW-Microsoft.MicrosoftStickyNotes
Information,12/15/2021 3:37:16 AM,Microsoft-Windows-Kernel-General,16,None,The access history in hive \??\C:\ProgramData\Microsoft\Windows\AppRepository\Packages\Microsoft.MicrosoftStickyNotes_4.2.2.0_x64__8wekyb3d8bbwe\ActivationStore.dat was cleared updating 0 keys and creating 0 modified pages.
Information,12/15/2021 3:37:10 AM,Microsoft-Windows-WindowsUpdateClient,44,Windows Update Agent,Windows Update started downloading an update.
Information,12/15/2021 3:37:06 AM,Microsoft-Windows-WindowsUpdateClient,19,Windows Update Agent,Installation Successful: Windows successfully installed the following update: 9NBLGGH4NNS1-Microsoft.DesktopAppInstaller
Information,12/15/2021 3:37:06 AM,Microsoft-Windows-WindowsUpdateClient,43,Windows Update Agent,Installation Started: Windows has started installing the following update: 9NBLGGH4NNS1-Microsoft.DesktopAppInstaller
Information,12/15/2021 3:36:56 AM,Microsoft-Windows-Kernel-General,16,None,The access history in hive \??\C:\ProgramData\Microsoft\Windows\AppRepository\Packages\Microsoft.DesktopAppInstaller_1.16.13405.0_x64__8wekyb3d8bbwe\ActivationStore.dat was cleared updating 0 keys and creating 0 modified pages.
Information,12/15/2021 3:36:38 AM,Microsoft-Windows-WindowsUpdateClient,44,Windows Update Agent,Windows Update started downloading an update.
Information,12/15/2021 3:36:38 AM,Microsoft-Windows-WindowsUpdateClient,44,Windows Update Agent,Windows Update started downloading an update.
Information,12/15/2021 3:36:38 AM,Microsoft-Windows-WindowsUpdateClient,44,Windows Update Agent,Windows Update started downloading an update.
Information,12/14/2021 10:44:58 PM,Microsoft-Windows-WindowsUpdateClient,19,Windows Update Agent,Installation Successful: Windows successfully installed the following update: Update for Skype for Business 2016 (KB5001940) 32-Bit Edition
Information,12/14/2021 10:44:22 PM,Microsoft-Windows-WindowsUpdateClient,43,Windows Update Agent,Installation Started: Windows has started installing the following update: Update for Skype for Business 2016 (KB5001940) 32-Bit Edition
Information,12/14/2021 10:44:20 PM,Microsoft-Windows-Ntfs,98,None,Volume ?? (\Device\HarddiskVolumeShadowCopy4) is healthy.  No action is needed.
Information,12/14/2021 10:44:18 PM,Volsnap,33,None,The oldest shadow copy of volume C: was deleted to keep disk space usage for shadow copies of volume C: below the user defined limit.
Information,12/14/2021 10:44:18 PM,Volsnap,33,None,The oldest shadow copy of volume C: was deleted to keep disk space usage for shadow copies of volume C: below the user defined limit.
Information,12/14/2021 10:31:49 PM,Microsoft-Windows-WindowsUpdateClient,44,Windows Update Agent,Windows Update started downloading an update.
Information,12/14/2021 9:26:52 PM,Microsoft-Windows-Kernel-General,16,None,The access history in hive \??\C:\Users\SHOHID\AppData\Local\Packages\Microsoft.AAD.BrokerPlugin_cw5n1h2txyewy\Settings\settings.dat was cleared updating 10 keys and creating 1 modified pages.
Error,12/14/2021 8:27:45 PM,Microsoft-Windows-DistributedCOM,10010,None,The server Microsoft.SkypeApp_15.79.95.0_x86__kzf8qxf38zg5c!App.AppXtwmqn4em5r5dpafgj4t4yyxgjfe0hr50.mca did not register with DCOM within the required timeout.
Information,12/14/2021 8:26:01 PM,Microsoft-Windows-Time-Service,158,None,The time provider 'VMICTimeProvider' has indicated that the current hardware and operating environment is not supported and has stopped. This behavior is expected for VMICTimeProvider on non-HyperV-guest environments. This may be the expected behavior for the current provider in the current operating environment as well.
Information,12/14/2021 8:08:57 PM,Microsoft-Windows-Time-Service,158,None,The time provider 'VMICTimeProvider' has indicated that the current hardware and operating environment is not supported and has stopped. This behavior is expected for VMICTimeProvider on non-HyperV-guest environments. This may be the expected behavior for the current provider in the current operating environment as well.
Information,12/14/2021 7:51:53 PM,Microsoft-Windows-Time-Service,158,None,The time provider 'VMICTimeProvider' has indicated that the current hardware and operating environment is not supported and has stopped. This behavior is expected for VMICTimeProvider on non-HyperV-guest environments. This may be the expected behavior for the current provider in the current operating environment as well.
Information,12/14/2021 7:34:49 PM,Microsoft-Windows-Time-Service,158,None,The time provider 'VMICTimeProvider' has indicated that the current hardware and operating environment is not supported and has stopped. This behavior is expected for VMICTimeProvider on non-HyperV-guest environments. This may be the expected behavior for the current provider in the current operating environment as well.
Information,12/14/2021 7:17:39 PM,Microsoft-Windows-Kernel-General,16,None,The access history in hive \??\C:\Users\SHOHID\AppData\Local\Packages\microsoft.storepurchaseapp_8wekyb3d8bbwe\Settings\settings.dat was cleared updating 2 keys and creating 1 modified pages.
Information,12/14/2021 7:17:31 PM,Microsoft-Windows-Time-Service,37,None,"The time provider NtpClient is currently receiving valid time data from time.windows.com,0x9 (ntp.m|0x9|0.0.0.0:123->51.145.123.29:123)."
Information,12/14/2021 7:17:29 PM,Microsoft-Windows-Time-Service,158,None,The time provider 'VMICTimeProvider' has indicated that the current hardware and operating environment is not supported and has stopped. This behavior is expected for VMICTimeProvider on non-HyperV-guest environments. This may be the expected behavior for the current provider in the current operating environment as well.
Information,12/14/2021 5:58:09 PM,Microsoft-Windows-Kernel-General,16,None,The access history in hive \??\C:\ProgramData\Microsoft\Provisioning\Microsoft-Desktop-Provisioning-Sequence.dat was cleared updating 0 keys and creating 0 modified pages.
Information,12/14/2021 5:52:31 PM,Microsoft-Windows-WindowsUpdateClient,19,Windows Update Agent,Installation Successful: Windows successfully installed the following update: Security Intelligence Update for Microsoft Defender Antivirus - KB2267602 (Version 1.355.236.0)
Information,12/14/2021 5:52:18 PM,Microsoft-Windows-WindowsUpdateClient,43,Windows Update Agent,Installation Started: Windows has started installing the following update: Security Intelligence Update for Microsoft Defender Antivirus - KB2267602 (Version 1.355.236.0)
Information,12/14/2021 5:52:18 PM,Microsoft-Windows-WindowsUpdateClient,19,Windows Update Agent,Installation Successful: Windows successfully installed the following update: Update for Microsoft Defender Antivirus antimalware platform - KB4052623 (Version 4.18.2111.5)
Information,12/14/2021 5:52:05 PM,Microsoft-Windows-FilterManager,6,None,"File System Filter 'WdFilter' (10.0, 2018-11-12T17:12:11.000000000Z) has successfully loaded and registered with Filter Manager."
Information,12/14/2021 5:51:57 PM,Microsoft-Windows-FilterManager,1,None,"File System Filter 'WdFilter' (Version 10.0, 2043-02-28T19:55:46.000000000Z) unloaded successfully."
Information,12/14/2021 5:51:49 PM,Microsoft-Windows-WindowsUpdateClient,43,Windows Update Agent,Installation Started: Windows has started installing the following update: Update for Microsoft Defender Antivirus antimalware platform - KB4052623 (Version 4.18.2111.5)
Information,12/14/2021 5:51:39 PM,Microsoft-Windows-WindowsUpdateClient,44,Windows Update Agent,Windows Update started downloading an update.
Information,12/14/2021 5:51:39 PM,Microsoft-Windows-WindowsUpdateClient,44,Windows Update Agent,Windows Update started downloading an update.
Information,12/14/2021 5:48:37 PM,Microsoft-Windows-Kernel-General,16,None,The access history in hive \??\C:\Users\SHOHID\AppData\Local\Packages\Microsoft.Todos_8wekyb3d8bbwe\Settings\settings.dat was cleared updating 8 keys and creating 1 modified pages.
Information,12/14/2021 5:48:36 PM,Microsoft-Windows-Kernel-General,16,None,The access history in hive \??\C:\Users\SHOHID\AppData\Local\Packages\Microsoft.MicrosoftOfficeHub_8wekyb3d8bbwe\Settings\settings.dat was cleared updating 4 keys and creating 2 modified pages.
Error,12/14/2021 5:48:35 PM,Microsoft-Windows-DistributedCOM,10010,None,The server Microsoft.SkypeApp_15.79.95.0_x86__kzf8qxf38zg5c!App.AppXtwmqn4em5r5dpafgj4t4yyxgjfe0hr50.mca did not register with DCOM within the required timeout.
Warning,12/14/2021 5:47:53 PM,Microsoft-Windows-DistributedCOM,10016,None,"The machine-default permission settings do not grant Local Activation permission for the COM Server application with CLSID 
{C2F03A33-21F5-47FA-B4BB-156362A2F239}
 and APPID 
{316CDED5-E4AE-4B15-9113-7055D84DCC97}
 to the user SHOHID-PC\SHOHID SID (S-1-5-21-2091211461-3178656723-4261672445-1001) from address LocalHost (Using LRPC) running in the application container Microsoft.Windows.ShellExperienceHost_10.0.18362.1171_neutral_neutral_cw5n1h2txyewy SID (S-1-15-2-155514346-2573954481-755741238-1654018636-1233331829-3075935687-2861478708). This security permission can be modified using the Component Services administrative tool."
Error,12/14/2021 5:47:43 PM,Microsoft-Windows-DistributedCOM,10010,None,The server Microsoft.SkypeApp_15.79.95.0_x86__kzf8qxf38zg5c!App.AppXtwmqn4em5r5dpafgj4t4yyxgjfe0hr50.mca did not register with DCOM within the required timeout.
Warning,12/14/2021 5:47:41 PM,Microsoft-Windows-DistributedCOM,10016,None,"The machine-default permission settings do not grant Local Activation permission for the COM Server application with CLSID 
{C2F03A33-21F5-47FA-B4BB-156362A2F239}
 and APPID 
{316CDED5-E4AE-4B15-9113-7055D84DCC97}
 to the user SHOHID-PC\SHOHID SID (S-1-5-21-2091211461-3178656723-4261672445-1001) from address LocalHost (Using LRPC) running in the application container Microsoft.Windows.ShellExperienceHost_10.0.18362.1171_neutral_neutral_cw5n1h2txyewy SID (S-1-15-2-155514346-2573954481-755741238-1654018636-1233331829-3075935687-2861478708). This security permission can be modified using the Component Services administrative tool."
Information,12/14/2021 5:47:22 PM,Microsoft-Windows-Winlogon,7001,-1101,User Logon Notification for Customer Experience Improvement Program
Information,12/14/2021 5:47:20 PM,Microsoft-Windows-Power-Troubleshooter,1,None,"The system has returned from a low power state.

Sleep Time: 2021-12-13T16:16:55.031926100Z
Wake Time: 2021-12-14T11:47:18.228932800Z

Wake Source: Unknown"
Information,12/14/2021 5:47:18 PM,Microsoft-Windows-Kernel-Boot,32,-58,The bootmgr spent 0 ms waiting for user input.
Information,12/14/2021 5:47:18 PM,Microsoft-Windows-Kernel-Boot,18,-57,There are 0x1 boot options on this system.
Information,12/14/2021 5:47:18 PM,Microsoft-Windows-Kernel-Boot,27,-33,The boot type was 0x1.
Information,12/14/2021 5:47:18 PM,Microsoft-Windows-Kernel-Boot,25,-32,The boot menu policy was 0x1.
Information,12/14/2021 5:47:18 PM,Microsoft-Windows-Kernel-Boot,30,-21,The firmware reported boot metrics.
Error,12/14/2021 5:47:17 PM,iaStorA,4102,None,Error log: Smart event occured on disk :X6GJEAPFS  
Information,12/14/2021 5:47:16 PM,Microsoft-Windows-Kernel-General,1,-5,"The system time has changed to 2021-12-14T11:47:16.500000000Z from 2021-12-13T16:16:58.840614100Z.

Change Reason: System time synchronized with the hardware clock.
Process: '' (PID 4)."
Information,12/13/2021 10:16:58 PM,Microsoft-Windows-Kernel-Power,107,-102,The system has resumed from sleep.
Information,12/14/2021 5:47:16 PM,EventLog,6013,None,The system uptime is 614225 seconds.
Information,12/13/2021 10:16:55 PM,Microsoft-Windows-Kernel-Power,42,-64,"The system is entering sleep.

Sleep Reason: Application API"
Information,12/13/2021 10:16:55 PM,Microsoft-Windows-Kernel-Power,187,-243,User-mode process attempted to change the system state by calling SetSuspendState or SetSystemPowerState APIs.
Information,12/13/2021 10:16:54 PM,Microsoft-Windows-Winlogon,7002,-1102,User Logoff Notification for Customer Experience Improvement Program
Error,12/13/2021 8:23:28 PM,Microsoft-Windows-DistributedCOM,10010,None,The server Microsoft.SkypeApp_15.79.95.0_x86__kzf8qxf38zg5c!App.AppXtwmqn4em5r5dpafgj4t4yyxgjfe0hr50.mca did not register with DCOM within the required timeout.
Information,12/13/2021 7:01:45 PM,Microsoft-Windows-Kernel-General,16,None,The access history in hive \??\C:\ProgramData\Microsoft\Provisioning\Microsoft-Desktop-Provisioning-Sequence.dat was cleared updating 0 keys and creating 0 modified pages.
Information,12/13/2021 6:44:22 PM,Microsoft-Windows-WindowsUpdateClient,19,Windows Update Agent,Installation Successful: Windows successfully installed the following update: Security Intelligence Update for Microsoft Defender Antivirus - KB2267602 (Version 1.355.184.0)
Information,12/13/2021 6:44:10 PM,Microsoft-Windows-WindowsUpdateClient,43,Windows Update Agent,Installation Started: Windows has started installing the following update: Security Intelligence Update for Microsoft Defender Antivirus - KB2267602 (Version 1.355.184.0)
Information,12/13/2021 6:44:01 PM,Microsoft-Windows-WindowsUpdateClient,44,Windows Update Agent,Windows Update started downloading an update.
Information,12/13/2021 6:42:25 PM,Microsoft-Windows-Kernel-General,16,None,The access history in hive \??\C:\WINDOWS\SysWOW64\config\systemprofile\AppData\Local\Microsoft\VisualStudio\16.0_197f77be\privateregistry.bin was cleared updating 9275 keys and creating 1244 modified pages.
Error,12/13/2021 6:41:38 PM,Microsoft-Windows-DistributedCOM,10010,None,The server Microsoft.SkypeApp_15.79.95.0_x86__kzf8qxf38zg5c!App.AppXtwmqn4em5r5dpafgj4t4yyxgjfe0hr50.mca did not register with DCOM within the required timeout.
Warning,12/13/2021 6:39:51 PM,Microsoft-Windows-DistributedCOM,10016,None,"The application-specific permission settings do not grant Local Activation permission for the COM Server application with CLSID 
{2593F8B9-4EAF-457C-B68A-50F6B8EA6B54}
 and APPID 
{15C20B67-12E7-4BB6-92BB-7AFF07997402}
 to the user SHOHID-PC\SHOHID SID (S-1-5-21-2091211461-3178656723-4261672445-1001) from address LocalHost (Using LRPC) running in the application container Unavailable SID (Unavailable). This security permission can be modified using the Component Services administrative tool."
Error,12/13/2021 6:39:41 PM,Microsoft-Windows-DistributedCOM,10010,None,The server Microsoft.SkypeApp_15.79.95.0_x86__kzf8qxf38zg5c!App.AppXtwmqn4em5r5dpafgj4t4yyxgjfe0hr50.mca did not register with DCOM within the required timeout.
Information,12/13/2021 6:39:33 PM,Microsoft-Windows-Kernel-General,1,-5,"The system time has changed to 2021-12-13T12:39:33.466763900Z from 2021-12-13T12:39:33.464165700Z.

Change Reason: An application or system component changed the time.
Process: '\Device\HarddiskVolume6\Windows\System32\svchost.exe' (PID 17640)."
Information,12/13/2021 6:39:33 PM,Microsoft-Windows-Kernel-General,1,-5,"The system time has changed to 2021-12-13T12:39:33.464165700Z from 2021-12-13T12:39:33.460081900Z.

Change Reason: An application or system component changed the time.
Process: '\Device\HarddiskVolume6\Windows\System32\svchost.exe' (PID 17640)."
Information,12/13/2021 6:39:33 PM,Microsoft-Windows-Time-Service,35,None,"The time service is now synchronizing the system time with the time source time.windows.com,0x9 (ntp.m|0x9|0.0.0.0:123->40.81.94.65:123) with reference id 1096700200. Current local stratum number is 4."
Information,12/13/2021 6:39:33 PM,Microsoft-Windows-Kernel-General,1,-5,"The system time has changed to 2021-12-13T12:39:33.460081900Z from 2021-12-13T12:39:28.786262800Z.

Change Reason: An application or system component changed the time.
Process: '\Device\HarddiskVolume6\Windows\System32\svchost.exe' (PID 17640)."
Information,12/13/2021 6:39:19 PM,Microsoft-Windows-Time-Service,37,None,"The time provider NtpClient is currently receiving valid time data from time.windows.com,0x9 (ntp.m|0x9|0.0.0.0:123->40.81.94.65:123)."
Information,12/13/2021 6:39:14 PM,Microsoft-Windows-Winlogon,7001,-1101,User Logon Notification for Customer Experience Improvement Program
Information,12/13/2021 6:39:12 PM,Microsoft-Windows-Power-Troubleshooter,1,None,"The system has returned from a low power state.

Sleep Time: 2021-12-12T18:38:31.400277500Z
Wake Time: 2021-12-13T12:39:09.602448600Z

Wake Source: Unknown"
Warning,12/13/2021 6:39:11 PM,Microsoft-Windows-Time-Service,134,None,"NtpClient was unable to set a manual peer to use as a time source because of DNS resolution error on 'time.windows.com,0x9'. NtpClient will try again in 15 minutes and double the reattempt interval thereafter. The error was: No such host is known. (0x80072AF9)"
Information,12/13/2021 6:39:09 PM,Microsoft-Windows-Kernel-Boot,32,-58,The bootmgr spent 0 ms waiting for user input.
Information,12/13/2021 6:39:09 PM,Microsoft-Windows-Kernel-Boot,18,-57,There are 0x1 boot options on this system.
Information,12/13/2021 6:39:09 PM,Microsoft-Windows-Kernel-Boot,27,-33,The boot type was 0x1.
Information,12/13/2021 6:39:09 PM,Microsoft-Windows-Kernel-Boot,25,-32,The boot menu policy was 0x1.
Information,12/13/2021 6:39:09 PM,Microsoft-Windows-Kernel-Boot,30,-21,The firmware reported boot metrics.
Warning,12/13/2021 6:39:09 PM,Microsoft-Windows-Time-Service,134,None,"NtpClient was unable to set a manual peer to use as a time source because of DNS resolution error on 'time.windows.com,0x9'. NtpClient will try again in 15 minutes and double the reattempt interval thereafter. The error was: No such host is known. (0x80072AF9)"
Error,12/13/2021 6:39:09 PM,iaStorA,4102,None,Error log: Smart event occured on disk :X6GJEAPFS  
Information,12/13/2021 6:39:08 PM,Microsoft-Windows-Kernel-General,1,-5,"The system time has changed to 2021-12-13T12:39:08.500000000Z from 2021-12-12T18:38:34.556200000Z.

Change Reason: System time synchronized with the hardware clock.
Process: '' (PID 4)."
Information,12/13/2021 12:38:34 AM,Microsoft-Windows-Kernel-Power,107,-102,The system has resumed from sleep.
Information,12/13/2021 6:39:09 PM,EventLog,6013,None,The system uptime is 530942 seconds.
Information,12/13/2021 12:38:32 AM,Microsoft-Windows-Kernel-Power,42,-64,"The system is entering sleep.

Sleep Reason: Application API"
Information,12/13/2021 12:38:31 AM,Microsoft-Windows-Kernel-Power,187,-243,User-mode process attempted to change the system state by calling SetSuspendState or SetSystemPowerState APIs.
Information,12/13/2021 12:38:30 AM,Microsoft-Windows-Winlogon,7002,-1102,User Logoff Notification for Customer Experience Improvement Program
Error,12/13/2021 12:38:29 AM,Microsoft-Windows-DistributedCOM,10010,None,The server {9BA05972-F6A8-11CF-A442-00A0C90A8F39} did not register with DCOM within the required timeout.
Error,12/13/2021 12:38:29 AM,Microsoft-Windows-DistributedCOM,10010,None,The server {9BA05972-F6A8-11CF-A442-00A0C90A8F39} did not register with DCOM within the required timeout.
Information,12/13/2021 12:12:13 AM,Microsoft-Windows-Time-Service,158,None,The time provider 'VMICTimeProvider' has indicated that the current hardware and operating environment is not supported and has stopped. This behavior is expected for VMICTimeProvider on non-HyperV-guest environments. This may be the expected behavior for the current provider in the current operating environment as well.
Information,12-12-2021 23:58,Microsoft-Windows-WindowsUpdateClient,19,Windows Update Agent,Installation Successful: Windows successfully installed the following update: 9NMPJ99VJBWV-Microsoft.YourPhone
Information,12-12-2021 23:58,Microsoft-Windows-WindowsUpdateClient,43,Windows Update Agent,Installation Started: Windows has started installing the following update: 9NMPJ99VJBWV-Microsoft.YourPhone
Error,12-12-2021 23:58,Microsoft-Windows-WindowsUpdateClient,20,Windows Update Agent,Installation Failure: Windows failed to install the following update with error 0x80073D02: 9WZDNCRFJ364-MICROSOFT.SKYPEAPP.
Information,12-12-2021 23:58,Microsoft-Windows-WindowsUpdateClient,43,Windows Update Agent,Installation Started: Windows has started installing the following update: 9WZDNCRFJ364-MICROSOFT.SKYPEAPP
Information,12-12-2021 23:58,Microsoft-Windows-Kernel-General,16,None,The access history in hive \??\C:\ProgramData\Microsoft\Windows\AppRepository\Packages\Microsoft.SkypeApp_15.79.95.0_x86__kzf8qxf38zg5c\ActivationStore.dat was cleared updating 0 keys and creating 0 modified pages.
Information,12-12-2021 23:57,Microsoft-Windows-Kernel-General,16,None,The access history in hive \??\C:\ProgramData\Microsoft\Windows\AppRepository\Packages\Microsoft.YourPhone_1.21111.123.0_x64__8wekyb3d8bbwe\ActivationStore.dat was cleared updating 0 keys and creating 0 modified pages.
Information,12-12-2021 23:56,Microsoft-Windows-WindowsUpdateClient,19,Windows Update Agent,Installation Successful: Windows successfully installed the following update: 9WZDNCRFJBMP-MICROSOFT.WINDOWSSTORE
Information,12-12-2021 23:56,Microsoft-Windows-WindowsUpdateClient,43,Windows Update Agent,Installation Started: Windows has started installing the following update: 9WZDNCRFJBMP-MICROSOFT.WINDOWSSTORE
Information,12-12-2021 23:56,Microsoft-Windows-Kernel-General,16,None,The access history in hive \??\C:\ProgramData\Microsoft\Windows\AppRepository\Packages\Microsoft.WindowsStore_22111.1401.1.0_x64__8wekyb3d8bbwe\ActivationStore.dat was cleared updating 0 keys and creating 0 modified pages.
Information,12-12-2021 23:56,Microsoft-Windows-WindowsUpdateClient,44,Windows Update Agent,Windows Update started downloading an update.
Information,12-12-2021 23:56,Microsoft-Windows-WindowsUpdateClient,19,Windows Update Agent,Installation Successful: Windows successfully installed the following update: 9WZDNCRD29V9-MICROSOFT.MICROSOFTOFFICEHUB
Information,12-12-2021 23:56,Microsoft-Windows-WindowsUpdateClient,43,Windows Update Agent,Installation Started: Windows has started installing the following update: 9WZDNCRD29V9-MICROSOFT.MICROSOFTOFFICEHUB
Information,12-12-2021 23:55,Microsoft-Windows-Kernel-General,16,None,The access history in hive \??\C:\ProgramData\Microsoft\Windows\AppRepository\Packages\Microsoft.MicrosoftOfficeHub_18.2110.13110.0_x64__8wekyb3d8bbwe\ActivationStore.dat was cleared updating 0 keys and creating 0 modified pages.
Information,12-12-2021 23:55,Microsoft-Windows-Time-Service,158,None,The time provider 'VMICTimeProvider' has indicated that the current hardware and operating environment is not supported and has stopped. This behavior is expected for VMICTimeProvider on non-HyperV-guest environments. This may be the expected behavior for the current provider in the current operating environment as well.
Information,12-12-2021 23:54,Microsoft-Windows-WindowsUpdateClient,44,Windows Update Agent,Windows Update started downloading an update.
Information,12-12-2021 23:54,Microsoft-Windows-WindowsUpdateClient,44,Windows Update Agent,Windows Update started downloading an update.
Information,12-12-2021 23:54,Microsoft-Windows-WindowsUpdateClient,44,Windows Update Agent,Windows Update started downloading an update.
Information,12-12-2021 23:38,Microsoft-Windows-Time-Service,158,None,The time provider 'VMICTimeProvider' has indicated that the current hardware and operating environment is not supported and has stopped. This behavior is expected for VMICTimeProvider on non-HyperV-guest environments. This may be the expected behavior for the current provider in the current operating environment as well.
Information,12-12-2021 23:21,Microsoft-Windows-Time-Service,158,None,The time provider 'VMICTimeProvider' has indicated that the current hardware and operating environment is not supported and has stopped. This behavior is expected for VMICTimeProvider on non-HyperV-guest environments. This may be the expected behavior for the current provider in the current operating environment as well.
Information,12-12-2021 23:03,Microsoft-Windows-Kernel-General,16,None,The access history in hive \??\C:\Users\SHOHID\AppData\Local\Packages\microsoft.windowsfeedbackhub_8wekyb3d8bbwe\Settings\settings.dat was cleared updating 4 keys and creating 1 modified pages.
Information,12-12-2021 23:03,Microsoft-Windows-Time-Service,158,None,The time provider 'VMICTimeProvider' has indicated that the current hardware and operating environment is not supported and has stopped. This behavior is expected for VMICTimeProvider on non-HyperV-guest environments. This may be the expected behavior for the current provider in the current operating environment as well.
Information,12-12-2021 22:09,Microsoft-Windows-Kernel-General,16,None,The access history in hive \??\C:\Users\SHOHID\AppData\Local\Packages\Microsoft.Office.OneNote_8wekyb3d8bbwe\Settings\settings.dat was cleared updating 235 keys and creating 61 modified pages.
Warning,12-12-2021 22:01,Microsoft-Windows-DistributedCOM,10016,None,"The application-specific permission settings do not grant Local Activation permission for the COM Server application with CLSID 
{2593F8B9-4EAF-457C-B68A-50F6B8EA6B54}
 and APPID 
{15C20B67-12E7-4BB6-92BB-7AFF07997402}
 to the user SHOHID-PC\SHOHID SID (S-1-5-21-2091211461-3178656723-4261672445-1001) from address LocalHost (Using LRPC) running in the application container Unavailable SID (Unavailable). This security permission can be modified using the Component Services administrative tool."
Warning,12-12-2021 21:30,Microsoft-Windows-DistributedCOM,10016,None,"The machine-default permission settings do not grant Local Activation permission for the COM Server application with CLSID 
{C2F03A33-21F5-47FA-B4BB-156362A2F239}
 and APPID 
{316CDED5-E4AE-4B15-9113-7055D84DCC97}
 to the user SHOHID-PC\SHOHID SID (S-1-5-21-2091211461-3178656723-4261672445-1001) from address LocalHost (Using LRPC) running in the application container Microsoft.Windows.ShellExperienceHost_10.0.18362.1171_neutral_neutral_cw5n1h2txyewy SID (S-1-15-2-155514346-2573954481-755741238-1654018636-1233331829-3075935687-2861478708). This security permission can be modified using the Component Services administrative tool."
Information,12-12-2021 21:02,Microsoft-Windows-Kernel-General,16,None,The access history in hive \??\C:\Users\SHOHID\AppData\Local\Packages\Microsoft.ZuneVideo_8wekyb3d8bbwe\Settings\settings.dat was cleared updating 12 keys and creating 2 modified pages.
Warning,12-12-2021 20:57,Microsoft-Windows-DistributedCOM,10016,None,"The machine-default permission settings do not grant Local Activation permission for the COM Server application with CLSID 
{C2F03A33-21F5-47FA-B4BB-156362A2F239}
 and APPID 
{316CDED5-E4AE-4B15-9113-7055D84DCC97}
 to the user SHOHID-PC\SHOHID SID (S-1-5-21-2091211461-3178656723-4261672445-1001) from address LocalHost (Using LRPC) running in the application container Microsoft.Windows.ShellExperienceHost_10.0.18362.1171_neutral_neutral_cw5n1h2txyewy SID (S-1-15-2-155514346-2573954481-755741238-1654018636-1233331829-3075935687-2861478708). This security permission can be modified using the Component Services administrative tool."
Warning,12-12-2021 20:57,Microsoft-Windows-DistributedCOM,10016,None,"The machine-default permission settings do not grant Local Activation permission for the COM Server application with CLSID 
{C2F03A33-21F5-47FA-B4BB-156362A2F239}
 and APPID 
{316CDED5-E4AE-4B15-9113-7055D84DCC97}
 to the user SHOHID-PC\SHOHID SID (S-1-5-21-2091211461-3178656723-4261672445-1001) from address LocalHost (Using LRPC) running in the application container Microsoft.Windows.ShellExperienceHost_10.0.18362.1171_neutral_neutral_cw5n1h2txyewy SID (S-1-15-2-155514346-2573954481-755741238-1654018636-1233331829-3075935687-2861478708). This security permission can be modified using the Component Services administrative tool."
Information,12-12-2021 20:37,WinDivert,12589,None,"The description for Event ID 12589 from source WinDivert cannot be found. Either the component that raises this event is not installed on your local computer or the installation is corrupted. You can install or repair the component on the local computer.

If the event originated on another computer, the display information had to be saved with the event.

The following information was included with the event: 

WinDivert2.2
LOAD
4048
"
Information,12-12-2021 20:37,Service Control Manager,7045,None,"A service was installed in the system.

Service Name:  WinDivert
Service File Name:  C:\Program Files\Cloudflare\Cloudflare WARP\WinDivert64.sys
Service Type:  kernel mode driver
Service Start Type:  demand start
Service Account:  "
Error,12-12-2021 20:30,Microsoft-Windows-DistributedCOM,10010,None,The server Microsoft.SkypeApp_15.78.159.0_x86__kzf8qxf38zg5c!App.AppXtwmqn4em5r5dpafgj4t4yyxgjfe0hr50.mca did not register with DCOM within the required timeout.
Warning,12-12-2021 20:21,Microsoft-Windows-DistributedCOM,10016,None,"The application-specific permission settings do not grant Local Activation permission for the COM Server application with CLSID 
{2593F8B9-4EAF-457C-B68A-50F6B8EA6B54}
 and APPID 
{15C20B67-12E7-4BB6-92BB-7AFF07997402}
 to the user SHOHID-PC\SHOHID SID (S-1-5-21-2091211461-3178656723-4261672445-1001) from address LocalHost (Using LRPC) running in the application container Microsoft.SkypeApp_15.78.159.0_x86__kzf8qxf38zg5c SID (Unavailable). This security permission can be modified using the Component Services administrative tool."
Information,12-12-2021 20:21,Microsoft-Windows-Kernel-General,16,None,The access history in hive \??\C:\Users\SHOHID\AppData\Local\Microsoft\VisualStudio\16.0_197f77be\privateregistry.bin was cleared updating 9937 keys and creating 1365 modified pages.
Error,12-12-2021 19:22,Microsoft-Windows-DistributedCOM,10010,None,The server Microsoft.SkypeApp_15.78.159.0_x86__kzf8qxf38zg5c!App.AppXtwmqn4em5r5dpafgj4t4yyxgjfe0hr50.mca did not register with DCOM within the required timeout.
Information,12-12-2021 19:22,Microsoft-Windows-WindowsUpdateClient,19,Windows Update Agent,Installation Successful: Windows successfully installed the following update: Security Intelligence Update for Microsoft Defender Antivirus - KB2267602 (Version 1.355.139.0)
Information,12-12-2021 19:22,Microsoft-Windows-WindowsUpdateClient,43,Windows Update Agent,Installation Started: Windows has started installing the following update: Security Intelligence Update for Microsoft Defender Antivirus - KB2267602 (Version 1.355.139.0)
Information,12-12-2021 19:22,Microsoft-Windows-WindowsUpdateClient,44,Windows Update Agent,Windows Update started downloading an update.
Warning,12-12-2021 19:18,Microsoft-Windows-DistributedCOM,10016,None,"The application-specific permission settings do not grant Local Activation permission for the COM Server application with CLSID 
{2593F8B9-4EAF-457C-B68A-50F6B8EA6B54}
 and APPID 
{15C20B67-12E7-4BB6-92BB-7AFF07997402}
 to the user SHOHID-PC\SHOHID SID (S-1-5-21-2091211461-3178656723-4261672445-1001) from address LocalHost (Using LRPC) running in the application container Unavailable SID (Unavailable). This security permission can be modified using the Component Services administrative tool."
Information,12-12-2021 19:18,Microsoft-Windows-Kernel-General,16,None,The access history in hive \??\C:\Users\SHOHID\AppData\Local\Packages\microsoft.windowscommunicationsapps_8wekyb3d8bbwe\Settings\settings.dat was cleared updating 130 keys and creating 21 modified pages.
Information,12-12-2021 19:18,Microsoft-Windows-Kernel-General,16,None,The access history in hive \??\C:\Users\SHOHID\AppData\Local\Packages\Microsoft.Windows.ShellExperienceHost_cw5n1h2txyewy\Settings\settings.dat was cleared updating 5 keys and creating 2 modified pages.
