Warning,11/29/2021 6:16:27 PM,Microsoft-Windows-DistributedCOM,10016,None,"The machine-default permission settings do not grant Local Activation permission for the COM Server application with CLSID 
{C2F03A33-21F5-47FA-B4BB-156362A2F239}
 and APPID 
{316CDED5-E4AE-4B15-9113-7055D84DCC97}
 to the user SHOHID-PC\SHOHID SID (S-1-5-21-2091211461-3178656723-4261672445-1001) from address LocalHost (Using LRPC) running in the application container Microsoft.Windows.ShellExperienceHost_10.0.18362.1171_neutral_neutral_cw5n1h2txyewy SID (S-1-15-2-155514346-2573954481-755741238-1654018636-1233331829-3075935687-2861478708). This security permission can be modified using the Component Services administrative tool."
Information,11/29/2021 6:16:10 PM,Microsoft-Windows-Winlogon,7001,-1101,User Logon Notification for Customer Experience Improvement Program
Information,11/29/2021 6:16:07 PM,Microsoft-Windows-Power-Troubleshooter,1,None,"The system has returned from a low power state.

Sleep Time: 2021-11-29T09:23:55.444848300Z
Wake Time: 2021-11-29T12:16:04.471094300Z

Wake Source: Unknown"
Information,11/29/2021 6:16:04 PM,Microsoft-Windows-Kernel-Boot,32,-58,The bootmgr spent 0 ms waiting for user input.
Information,11/29/2021 6:16:04 PM,Microsoft-Windows-Kernel-Boot,18,-57,There are 0x1 boot options on this system.
Information,11/29/2021 6:16:04 PM,Microsoft-Windows-Kernel-Boot,27,-33,The boot type was 0x1.
Information,11/29/2021 6:16:04 PM,Microsoft-Windows-Kernel-Boot,25,-32,The boot menu policy was 0x1.
Information,11/29/2021 6:16:04 PM,Microsoft-Windows-Kernel-Boot,30,-21,The firmware reported boot metrics.
Error,11/29/2021 6:16:04 PM,iaStorA,4102,None,Error log: Smart event occured on disk :X6GJEAPFS  
Information,11/29/2021 6:16:03 PM,Microsoft-Windows-Kernel-General,1,-5,"The system time has changed to 2021-11-29T12:16:03.500000000Z from 2021-11-29T09:23:58.363190900Z.

Change Reason: System time synchronized with the hardware clock.
Process: '' (PID 4)."
Information,11/29/2021 3:23:58 PM,Microsoft-Windows-Kernel-Power,107,-102,The system has resumed from sleep.
Information,11/29/2021 3:23:56 PM,Microsoft-Windows-Kernel-Power,42,-64,"The system is entering sleep.

Sleep Reason: Application API"
Information,11/29/2021 3:23:55 PM,Microsoft-Windows-Kernel-Power,187,-243,User-mode process attempted to change the system state by calling SetSuspendState or SetSystemPowerState APIs.
Information,11/29/2021 3:23:54 PM,Microsoft-Windows-Winlogon,7002,-1102,User Logoff Notification for Customer Experience Improvement Program
Information,11/29/2021 2:57:14 PM,Microsoft-Windows-Kernel-General,16,None,The access history in hive \??\C:\ProgramData\Microsoft\Provisioning\Microsoft-Desktop-Provisioning-Sequence.dat was cleared updating 0 keys and creating 0 modified pages.
Information,11/29/2021 2:56:48 PM,Service Control Manager,7045,None,"A service was installed in the system.

Service Name:  MpKsl143a619a
Service File Name:  C:\ProgramData\Microsoft\Windows Defender\Definition Updates\{29736F3E-28F0-49F3-B60E-28144710DE41}\MpKslDrv.sys
Service Type:  kernel mode driver
Service Start Type:  demand start
Service Account:  "
Warning,11/29/2021 2:16:38 PM,Microsoft-Windows-DNS-Client,1014,-1014,Name resolution for the name www.youtube.com timed out after none of the configured DNS servers responded.
Error,11/29/2021 2:16:37 PM,Microsoft-Windows-WLAN-AutoConfig,10000,None,"WLAN Extensibility Module has failed to start.

Module Path: C:\WINDOWS\system32\Rtlihvs.dll
Error Code: 126
"
Warning,11/29/2021 2:16:34 PM,Microsoft-Windows-WLAN-AutoConfig,4003,None,"WLAN AutoConfig detected limited connectivity, attempting automatic recovery.

Recovery Type: 4
Error Code: 0x0
Trigger Reason: 3
IP Family: 0
"
Warning,11/29/2021 2:16:31 PM,Microsoft-Windows-DNS-Client,1014,-1014,Name resolution for the name www.youtube.com timed out after none of the configured DNS servers responded.
Error,11/29/2021 2:13:26 PM,Microsoft-Windows-DistributedCOM,10010,None,The server Microsoft.SkypeApp_15.78.159.0_x86__kzf8qxf38zg5c!App.AppXtwmqn4em5r5dpafgj4t4yyxgjfe0hr50.mca did not register with DCOM within the required timeout.
Warning,11/29/2021 2:09:22 PM,Microsoft-Windows-DistributedCOM,10016,None,"The machine-default permission settings do not grant Local Activation permission for the COM Server application with CLSID 
{C2F03A33-21F5-47FA-B4BB-156362A2F239}
 and APPID 
{316CDED5-E4AE-4B15-9113-7055D84DCC97}
 to the user SHOHID-PC\SHOHID SID (S-1-5-21-2091211461-3178656723-4261672445-1001) from address LocalHost (Using LRPC) running in the application container Microsoft.Windows.ShellExperienceHost_10.0.18362.1171_neutral_neutral_cw5n1h2txyewy SID (S-1-15-2-155514346-2573954481-755741238-1654018636-1233331829-3075935687-2861478708). This security permission can be modified using the Component Services administrative tool."
Error,11/29/2021 2:09:06 PM,Microsoft-Windows-DistributedCOM,10010,None,The server Microsoft.SkypeApp_15.78.159.0_x86__kzf8qxf38zg5c!App.AppXtwmqn4em5r5dpafgj4t4yyxgjfe0hr50.mca did not register with DCOM within the required timeout.
Warning,11/29/2021 2:08:38 PM,Microsoft-Windows-DistributedCOM,10016,None,"The application-specific permission settings do not grant Local Activation permission for the COM Server application with CLSID 
{2593F8B9-4EAF-457C-B68A-50F6B8EA6B54}
 and APPID 
{15C20B67-12E7-4BB6-92BB-7AFF07997402}
 to the user SHOHID-PC\SHOHID SID (S-1-5-21-2091211461-3178656723-4261672445-1001) from address LocalHost (Using LRPC) running in the application container Unavailable SID (Unavailable). This security permission can be modified using the Component Services administrative tool."
Information,11/29/2021 2:08:22 PM,Microsoft-Windows-Winlogon,7001,-1101,User Logon Notification for Customer Experience Improvement Program
Information,11/29/2021 2:08:20 PM,Microsoft-Windows-Power-Troubleshooter,1,None,"The system has returned from a low power state.

Sleep Time: 2021-11-28T18:00:08.993140100Z
Wake Time: 2021-11-29T08:08:16.967288600Z

Wake Source: Unknown"
Information,11/29/2021 2:08:16 PM,Microsoft-Windows-Kernel-Boot,32,-58,The bootmgr spent 0 ms waiting for user input.
Information,11/29/2021 2:08:16 PM,Microsoft-Windows-Kernel-Boot,18,-57,There are 0x1 boot options on this system.
Information,11/29/2021 2:08:16 PM,Microsoft-Windows-Kernel-Boot,27,-33,The boot type was 0x1.
Information,11/29/2021 2:08:16 PM,Microsoft-Windows-Kernel-Boot,25,-32,The boot menu policy was 0x1.
Information,11/29/2021 2:08:16 PM,Microsoft-Windows-Kernel-Boot,30,-21,The firmware reported boot metrics.
Error,11/29/2021 2:08:16 PM,iaStorA,4102,None,Error log: Smart event occured on disk :X6GJEAPFS  
Information,11/29/2021 2:08:15 PM,Microsoft-Windows-Kernel-General,1,-5,"The system time has changed to 2021-11-29T08:08:15.500000000Z from 2021-11-28T18:00:13.679834800Z.

Change Reason: System time synchronized with the hardware clock.
Process: '' (PID 4)."
Information,11/29/2021 12:00:13 AM,Microsoft-Windows-Kernel-Power,107,-102,The system has resumed from sleep.
Information,11/29/2021 2:08:15 PM,EventLog,6013,None,The system uptime is 869315 seconds.
Information,11/29/2021 12:00:10 AM,Microsoft-Windows-Kernel-Power,42,-64,"The system is entering sleep.

Sleep Reason: Application API"
Information,11/29/2021 12:00:09 AM,Microsoft-Windows-Kernel-Power,187,-243,User-mode process attempted to change the system state by calling SetSuspendState or SetSystemPowerState APIs.
Information,11/29/2021 12:00:08 AM,Microsoft-Windows-Winlogon,7002,-1102,User Logoff Notification for Customer Experience Improvement Program
Warning,11/28/2021 11:40:20 PM,Microsoft-Windows-DNS-Client,1014,-1014,Name resolution for the name www.youtube.com timed out after none of the configured DNS servers responded.
Information,11/28/2021 11:30:25 PM,Microsoft-Windows-WindowsUpdateClient,19,Windows Update Agent,Installation Successful: Windows successfully installed the following update: Security Intelligence Update for Microsoft Defender Antivirus - KB2267602 (Version 1.353.1748.0)
Information,11/28/2021 11:29:59 PM,Microsoft-Windows-WindowsUpdateClient,43,Windows Update Agent,Installation Started: Windows has started installing the following update: Security Intelligence Update for Microsoft Defender Antivirus - KB2267602 (Version 1.353.1748.0)
Information,11/28/2021 11:29:59 PM,Microsoft-Windows-WindowsUpdateClient,44,Windows Update Agent,Windows Update started downloading an update.
Information,11/28/2021 11:21:45 PM,Service Control Manager,7045,None,"A service was installed in the system.

Service Name:  MpKsl237fedcb
Service File Name:  C:\ProgramData\Microsoft\Windows Defender\Definition Updates\{C9A104AA-6E7B-4184-8E4C-E9BD0700B0BA}\MpKslDrv.sys
Service Type:  kernel mode driver
Service Start Type:  demand start
Service Account:  "
Information,11/28/2021 11:21:31 PM,Microsoft-Windows-Kernel-General,16,None,The access history in hive \??\C:\Users\SHOHID\AppData\Local\Packages\microsoft.storepurchaseapp_8wekyb3d8bbwe\Settings\settings.dat was cleared updating 2 keys and creating 1 modified pages.
Information,11/28/2021 11:21:08 PM,Microsoft-Windows-Kernel-General,1,-5,"The system time has changed to 2021-11-28T17:21:08.048693100Z from 2021-11-28T17:21:08.048063800Z.

Change Reason: An application or system component changed the time.
Process: '\Device\HarddiskVolume6\Windows\System32\svchost.exe' (PID 1096)."
Information,11/28/2021 11:21:08 PM,Microsoft-Windows-Kernel-General,1,-5,"The system time has changed to 2021-11-28T17:21:08.047215200Z from 2021-11-28T17:21:08.047076000Z.

Change Reason: An application or system component changed the time.
Process: '\Device\HarddiskVolume6\Windows\System32\svchost.exe' (PID 1096)."
Information,11/28/2021 11:21:08 PM,Microsoft-Windows-Time-Service,35,None,"The time service is now synchronizing the system time with the time source time.windows.com,0x9 (ntp.m|0x9|0.0.0.0:123->40.81.94.65:123) with reference id 1096700200. Current local stratum number is 4."
Information,11/28/2021 11:21:08 PM,Microsoft-Windows-Kernel-General,1,-5,"The system time has changed to 2021-11-28T17:21:08.046303000Z from 2021-11-28T17:21:05.469166000Z.

Change Reason: An application or system component changed the time.
Process: '\Device\HarddiskVolume6\Windows\System32\svchost.exe' (PID 1096)."
Information,11/28/2021 11:20:51 PM,Microsoft-Windows-Time-Service,37,None,"The time provider NtpClient is currently receiving valid time data from time.windows.com,0x9 (ntp.m|0x9|0.0.0.0:123->40.81.94.65:123)."
Information,11/28/2021 11:20:49 PM,Microsoft-Windows-Time-Service,158,None,The time provider 'VMICTimeProvider' has indicated that the current hardware and operating environment is not supported and has stopped. This behavior is expected for VMICTimeProvider on non-HyperV-guest environments. This may be the expected behavior for the current provider in the current operating environment as well.
Warning,11/28/2021 11:06:29 PM,Microsoft-Windows-DNS-Client,1014,-1014,Name resolution for the name r6---sn-x5guiuxaxjvh-q5jd.googlevideo.com timed out after none of the configured DNS servers responded.
Warning,11/28/2021 10:51:09 PM,Microsoft-Windows-DNS-Client,1014,-1014,Name resolution for the name settings-win.data.microsoft.com timed out after none of the configured DNS servers responded.
Warning,11/28/2021 10:40:12 PM,Microsoft-Windows-DNS-Client,1014,-1014,Name resolution for the name 11.client-channel.google.com timed out after none of the configured DNS servers responded.
Warning,11/28/2021 10:28:48 PM,Microsoft-Windows-DNS-Client,1014,-1014,Name resolution for the name ssl.gstatic.com timed out after none of the configured DNS servers responded.
Warning,11/28/2021 10:20:10 PM,Microsoft-Windows-DNS-Client,1014,-1014,Name resolution for the name r4---sn-x5guiuxaxjvh-q5j6.googlevideo.com timed out after none of the configured DNS servers responded.
Warning,11/28/2021 9:57:26 PM,Microsoft-Windows-DistributedCOM,10016,None,"The application-specific permission settings do not grant Local Activation permission for the COM Server application with CLSID 
{2593F8B9-4EAF-457C-B68A-50F6B8EA6B54}
 and APPID 
{15C20B67-12E7-4BB6-92BB-7AFF07997402}
 to the user SHOHID-PC\SHOHID SID (S-1-5-21-2091211461-3178656723-4261672445-1001) from address LocalHost (Using LRPC) running in the application container Unavailable SID (Unavailable). This security permission can be modified using the Component Services administrative tool."
Information,11/28/2021 9:54:20 PM,Microsoft-Windows-Kernel-General,16,None,The access history in hive \??\C:\ProgramData\Microsoft\Provisioning\Microsoft-Desktop-Provisioning-Sequence.dat was cleared updating 0 keys and creating 0 modified pages.
Information,11/28/2021 9:33:15 PM,Microsoft-Windows-Kernel-General,16,None,The access history in hive \??\C:\Users\SHOHID\AppData\Local\Packages\Microsoft.WindowsFeedbackHub_8wekyb3d8bbwe\Settings\settings.dat was cleared updating 3 keys and creating 1 modified pages.
Error,11/28/2021 9:33:12 PM,Microsoft-Windows-DistributedCOM,10010,None,The server Microsoft.SkypeApp_15.78.159.0_x86__kzf8qxf38zg5c!App.AppXtwmqn4em5r5dpafgj4t4yyxgjfe0hr50.mca did not register with DCOM within the required timeout.
Warning,11/28/2021 9:30:00 PM,Microsoft-Windows-DistributedCOM,10016,None,"The machine-default permission settings do not grant Local Activation permission for the COM Server application with CLSID 
{C2F03A33-21F5-47FA-B4BB-156362A2F239}
 and APPID 
{316CDED5-E4AE-4B15-9113-7055D84DCC97}
 to the user SHOHID-PC\SHOHID SID (S-1-5-21-2091211461-3178656723-4261672445-1001) from address LocalHost (Using LRPC) running in the application container Microsoft.Windows.ShellExperienceHost_10.0.18362.1171_neutral_neutral_cw5n1h2txyewy SID (S-1-15-2-155514346-2573954481-755741238-1654018636-1233331829-3075935687-2861478708). This security permission can be modified using the Component Services administrative tool."
Information,11/28/2021 9:25:47 PM,Microsoft-Windows-WindowsUpdateClient,19,Windows Update Agent,Installation Successful: Windows successfully installed the following update: Security Intelligence Update for Microsoft Defender Antivirus - KB2267602 (Version 1.353.1740.0)
Information,11/28/2021 9:25:28 PM,Microsoft-Windows-WindowsUpdateClient,43,Windows Update Agent,Installation Started: Windows has started installing the following update: Security Intelligence Update for Microsoft Defender Antivirus - KB2267602 (Version 1.353.1740.0)
Information,11/28/2021 9:25:23 PM,Microsoft-Windows-WindowsUpdateClient,44,Windows Update Agent,Windows Update started downloading an update.
Error,11/28/2021 9:21:14 PM,Microsoft-Windows-DistributedCOM,10010,None,The server Microsoft.SkypeApp_15.78.159.0_x86__kzf8qxf38zg5c!App.AppXtwmqn4em5r5dpafgj4t4yyxgjfe0hr50.mca did not register with DCOM within the required timeout.
Information,11/28/2021 9:20:59 PM,Microsoft-Windows-Winlogon,7001,-1101,User Logon Notification for Customer Experience Improvement Program
Information,11/28/2021 9:20:58 PM,Microsoft-Windows-Power-Troubleshooter,1,None,"The system has returned from a low power state.

Sleep Time: 2021-11-28T07:55:24.113689900Z
Wake Time: 2021-11-28T15:20:54.567884700Z

Wake Source: Unknown"
Information,11/28/2021 9:20:54 PM,Microsoft-Windows-Kernel-Boot,32,-58,The bootmgr spent 0 ms waiting for user input.
Information,11/28/2021 9:20:54 PM,Microsoft-Windows-Kernel-Boot,18,-57,There are 0x1 boot options on this system.
Information,11/28/2021 9:20:54 PM,Microsoft-Windows-Kernel-Boot,27,-33,The boot type was 0x1.
Information,11/28/2021 9:20:54 PM,Microsoft-Windows-Kernel-Boot,25,-32,The boot menu policy was 0x1.
Information,11/28/2021 9:20:54 PM,Microsoft-Windows-Kernel-Boot,30,-21,The firmware reported boot metrics.
Error,11/28/2021 9:20:54 PM,iaStorA,4102,None,Error log: Smart event occured on disk :X6GJEAPFS  
Information,11/28/2021 9:20:53 PM,Microsoft-Windows-Kernel-General,1,-5,"The system time has changed to 2021-11-28T15:20:53.500000000Z from 2021-11-28T07:55:27.084886800Z.

Change Reason: System time synchronized with the hardware clock.
Process: '' (PID 4)."
Information,11/28/2021 1:55:27 PM,Microsoft-Windows-Kernel-Power,107,-102,The system has resumed from sleep.
Information,11/28/2021 1:55:25 PM,Microsoft-Windows-Kernel-Power,42,-64,"The system is entering sleep.

Sleep Reason: Application API"
Information,11/28/2021 1:55:24 PM,Microsoft-Windows-Kernel-Power,187,-243,User-mode process attempted to change the system state by calling SetSuspendState or SetSystemPowerState APIs.
Information,11/28/2021 1:55:22 PM,Microsoft-Windows-Winlogon,7002,-1102,User Logoff Notification for Customer Experience Improvement Program
Warning,11/28/2021 1:31:42 PM,Microsoft-Windows-DistributedCOM,10016,None,"The machine-default permission settings do not grant Local Activation permission for the COM Server application with CLSID 
{C2F03A33-21F5-47FA-B4BB-156362A2F239}
 and APPID 
{316CDED5-E4AE-4B15-9113-7055D84DCC97}
 to the user SHOHID-PC\SHOHID SID (S-1-5-21-2091211461-3178656723-4261672445-1001) from address LocalHost (Using LRPC) running in the application container Microsoft.Windows.ShellExperienceHost_10.0.18362.1171_neutral_neutral_cw5n1h2txyewy SID (S-1-15-2-155514346-2573954481-755741238-1654018636-1233331829-3075935687-2861478708). This security permission can be modified using the Component Services administrative tool."
Information,11/28/2021 1:31:22 PM,Microsoft-Windows-Kernel-General,16,None,The access history in hive \??\C:\WINDOWS\SysWOW64\config\systemprofile\AppData\Local\Microsoft\VisualStudio\16.0_197f77be\privateregistry.bin was cleared updating 9272 keys and creating 1255 modified pages.
Error,11/28/2021 1:30:09 PM,Microsoft-Windows-DistributedCOM,10010,None,The server Microsoft.SkypeApp_15.78.159.0_x86__kzf8qxf38zg5c!App.AppXtwmqn4em5r5dpafgj4t4yyxgjfe0hr50.mca did not register with DCOM within the required timeout.
Warning,11/28/2021 1:29:42 PM,Microsoft-Windows-DistributedCOM,10016,None,"The application-specific permission settings do not grant Local Activation permission for the COM Server application with CLSID 
{2593F8B9-4EAF-457C-B68A-50F6B8EA6B54}
 and APPID 
{15C20B67-12E7-4BB6-92BB-7AFF07997402}
 to the user SHOHID-PC\SHOHID SID (S-1-5-21-2091211461-3178656723-4261672445-1001) from address LocalHost (Using LRPC) running in the application container Unavailable SID (Unavailable). This security permission can be modified using the Component Services administrative tool."
Warning,11/28/2021 1:29:06 PM,Microsoft-Windows-DistributedCOM,10016,None,"The machine-default permission settings do not grant Local Activation permission for the COM Server application with CLSID 
{C2F03A33-21F5-47FA-B4BB-156362A2F239}
 and APPID 
{316CDED5-E4AE-4B15-9113-7055D84DCC97}
 to the user SHOHID-PC\SHOHID SID (S-1-5-21-2091211461-3178656723-4261672445-1001) from address LocalHost (Using LRPC) running in the application container Microsoft.Windows.ShellExperienceHost_10.0.18362.1171_neutral_neutral_cw5n1h2txyewy SID (S-1-15-2-155514346-2573954481-755741238-1654018636-1233331829-3075935687-2861478708). This security permission can be modified using the Component Services administrative tool."
Information,11/28/2021 1:28:16 PM,Microsoft-Windows-Winlogon,7001,-1101,User Logon Notification for Customer Experience Improvement Program
Information,11/28/2021 1:28:14 PM,Microsoft-Windows-Power-Troubleshooter,1,None,"The system has returned from a low power state.

Sleep Time: 2021-11-27T17:58:20.476957500Z
Wake Time: 2021-11-28T07:28:12.286007900Z

Wake Source: Unknown"
Error,11/28/2021 1:28:12 PM,iaStorA,4102,None,Error log: Smart event occured on disk :X6GJEAPFS  
Information,11/28/2021 1:28:12 PM,Microsoft-Windows-Kernel-Boot,32,-58,The bootmgr spent 0 ms waiting for user input.
Information,11/28/2021 1:28:12 PM,Microsoft-Windows-Kernel-Boot,18,-57,There are 0x1 boot options on this system.
Information,11/28/2021 1:28:12 PM,Microsoft-Windows-Kernel-Boot,27,-33,The boot type was 0x1.
Information,11/28/2021 1:28:12 PM,Microsoft-Windows-Kernel-Boot,25,-32,The boot menu policy was 0x1.
Information,11/28/2021 1:28:12 PM,Microsoft-Windows-Kernel-Boot,30,-21,The firmware reported boot metrics.
Information,11/28/2021 1:28:11 PM,Microsoft-Windows-Kernel-General,1,-5,"The system time has changed to 2021-11-28T07:28:11.500000000Z from 2021-11-27T17:58:23.321140300Z.

Change Reason: System time synchronized with the hardware clock.
Process: '' (PID 4)."
Information,11/27/2021 11:58:23 PM,Microsoft-Windows-Kernel-Power,107,-102,The system has resumed from sleep.
Information,11/28/2021 1:28:12 PM,EventLog,6013,None,The system uptime is 780514 seconds.
Information,11/27/2021 11:58:21 PM,Microsoft-Windows-Kernel-Power,42,-64,"The system is entering sleep.

Sleep Reason: Application API"
Information,11/27/2021 11:58:20 PM,Microsoft-Windows-Kernel-Power,187,-243,User-mode process attempted to change the system state by calling SetSuspendState or SetSystemPowerState APIs.
Information,11/27/2021 11:58:19 PM,Microsoft-Windows-Winlogon,7002,-1102,User Logoff Notification for Customer Experience Improvement Program
Warning,11/27/2021 11:50:50 PM,Microsoft-Windows-DNS-Client,1014,-1014,Name resolution for the name clients4.google.com timed out after none of the configured DNS servers responded.
Warning,11/27/2021 11:42:09 PM,Microsoft-Windows-DNS-Client,1014,-1014,Name resolution for the name www.youtube.com timed out after none of the configured DNS servers responded.
Warning,11/27/2021 11:22:04 PM,Microsoft-Windows-DNS-Client,1014,-1014,Name resolution for the name r5---sn-npoldn7s.googlevideo.com timed out after none of the configured DNS servers responded.
Warning,11/27/2021 11:15:17 PM,Microsoft-Windows-DNS-Client,1014,-1014,Name resolution for the name d27xxe7juh1us6.cloudfront.net timed out after none of the configured DNS servers responded.
Warning,11/27/2021 11:04:09 PM,Microsoft-Windows-DNS-Client,1014,-1014,Name resolution for the name clients4.google.com timed out after none of the configured DNS servers responded.
Warning,11/27/2021 10:46:18 PM,Microsoft-Windows-DNS-Client,1014,-1014,Name resolution for the name r5---sn-x5guiuxaxjvh-q5j6.googlevideo.com timed out after none of the configured DNS servers responded.
Information,11/27/2021 9:59:57 PM,Microsoft-Windows-Kernel-General,16,None,The access history in hive \??\C:\ProgramData\Microsoft\Provisioning\Microsoft-Desktop-Provisioning-Sequence.dat was cleared updating 0 keys and creating 0 modified pages.
Warning,11/27/2021 9:47:50 PM,Microsoft-Windows-DistributedCOM,10016,None,"The application-specific permission settings do not grant Local Activation permission for the COM Server application with CLSID 
{2593F8B9-4EAF-457C-B68A-50F6B8EA6B54}
 and APPID 
{15C20B67-12E7-4BB6-92BB-7AFF07997402}
 to the user SHOHID-PC\SHOHID SID (S-1-5-21-2091211461-3178656723-4261672445-1001) from address LocalHost (Using LRPC) running in the application container Unavailable SID (Unavailable). This security permission can be modified using the Component Services administrative tool."
Warning,11/27/2021 9:44:00 PM,Microsoft-Windows-DNS-Client,1014,-1014,Name resolution for the name vortex.data.microsoft.com timed out after none of the configured DNS servers responded.
Information,11/27/2021 9:26:04 PM,Microsoft-Windows-WindowsUpdateClient,19,Windows Update Agent,Installation Successful: Windows successfully installed the following update: Security Intelligence Update for Microsoft Defender Antivirus - KB2267602 (Version 1.353.1695.0)
Information,11/27/2021 9:25:47 PM,Microsoft-Windows-WindowsUpdateClient,43,Windows Update Agent,Installation Started: Windows has started installing the following update: Security Intelligence Update for Microsoft Defender Antivirus - KB2267602 (Version 1.353.1695.0)
Information,11/27/2021 9:25:40 PM,Microsoft-Windows-WindowsUpdateClient,44,Windows Update Agent,Windows Update started downloading an update.
Warning,11/27/2021 9:24:45 PM,Microsoft-Windows-DistributedCOM,10016,None,"The application-specific permission settings do not grant Local Activation permission for the COM Server application with CLSID 
{2593F8B9-4EAF-457C-B68A-50F6B8EA6B54}
 and APPID 
{15C20B67-12E7-4BB6-92BB-7AFF07997402}
 to the user SHOHID-PC\SHOHID SID (S-1-5-21-2091211461-3178656723-4261672445-1001) from address LocalHost (Using LRPC) running in the application container Unavailable SID (Unavailable). This security permission can be modified using the Component Services administrative tool."
Information,11/27/2021 9:22:53 PM,Microsoft-Windows-Kernel-General,16,None,The access history in hive \??\C:\Users\SHOHID\AppData\Local\Packages\Microsoft.ZuneVideo_8wekyb3d8bbwe\Settings\settings.dat was cleared updating 12 keys and creating 2 modified pages.
Error,11/27/2021 9:22:52 PM,Microsoft-Windows-DistributedCOM,10010,None,The server Microsoft.SkypeApp_15.78.159.0_x86__kzf8qxf38zg5c!App.AppXtwmqn4em5r5dpafgj4t4yyxgjfe0hr50.mca did not register with DCOM within the required timeout.
Information,11/27/2021 9:21:23 PM,Microsoft-Windows-Kernel-General,16,None,The access history in hive \??\C:\Users\SHOHID\AppData\Local\Packages\microsoft.windowscommunicationsapps_8wekyb3d8bbwe\Settings\settings.dat was cleared updating 147 keys and creating 20 modified pages.
Warning,11/27/2021 9:20:59 PM,Microsoft-Windows-DistributedCOM,10016,None,"The application-specific permission settings do not grant Local Activation permission for the COM Server application with CLSID 
{2593F8B9-4EAF-457C-B68A-50F6B8EA6B54}
 and APPID 
{15C20B67-12E7-4BB6-92BB-7AFF07997402}
 to the user SHOHID-PC\SHOHID SID (S-1-5-21-2091211461-3178656723-4261672445-1001) from address LocalHost (Using LRPC) running in the application container Unavailable SID (Unavailable). This security permission can be modified using the Component Services administrative tool."
Error,11/27/2021 9:20:53 PM,Microsoft-Windows-DistributedCOM,10010,None,The server Microsoft.SkypeApp_15.78.159.0_x86__kzf8qxf38zg5c!App.AppXtwmqn4em5r5dpafgj4t4yyxgjfe0hr50.mca did not register with DCOM within the required timeout.
Information,11/27/2021 9:20:52 PM,Microsoft-Windows-Kernel-General,16,None,The access history in hive \??\C:\Users\SHOHID\AppData\Local\Packages\Microsoft.YourPhone_8wekyb3d8bbwe\Settings\settings.dat was cleared updating 28 keys and creating 11 modified pages.
Information,11/27/2021 9:20:49 PM,Microsoft-Windows-Kernel-General,16,None,The access history in hive \??\C:\Users\SHOHID\AppData\Local\Packages\Microsoft.People_8wekyb3d8bbwe\Settings\settings.dat was cleared updating 2 keys and creating 1 modified pages.
Information,11/27/2021 9:20:45 PM,Microsoft-Windows-Kernel-General,16,None,The access history in hive \??\C:\Users\SHOHID\AppData\Local\Packages\Microsoft.Windows.Cortana_cw5n1h2txyewy\Settings\settings.dat was cleared updating 47 keys and creating 10 modified pages.
Information,11/27/2021 9:20:44 PM,Microsoft-Windows-Kernel-General,16,None,The access history in hive \??\C:\Users\SHOHID\AppData\Local\Packages\Microsoft.Windows.StartMenuExperienceHost_cw5n1h2txyewy\Settings\settings.dat was cleared updating 4 keys and creating 1 modified pages.
Information,11/27/2021 9:20:40 PM,Microsoft-Windows-Kernel-General,15,None,Hive \??\C:\Users\SHOHID\AppData\Local\Microsoft\Windows\UsrClass.dat was reorganized with a starting size of 15126528 bytes and an ending size of 15085568 bytes.
Information,11/27/2021 9:20:37 PM,Microsoft-Windows-Kernel-General,15,None,Hive \??\C:\Users\SHOHID\ntuser.dat was reorganized with a starting size of 37502976 bytes and an ending size of 37134336 bytes.
Information,11/27/2021 9:20:36 PM,Microsoft-Windows-Winlogon,7001,-1101,User Logon Notification for Customer Experience Improvement Program
Information,11/27/2021 9:20:34 PM,Microsoft-Windows-Power-Troubleshooter,1,None,"The system has returned from a low power state.

Sleep Time: 2021-11-27T09:32:30.649785000Z
Wake Time: 2021-11-27T15:20:30.988380900Z

Wake Source: Unknown"
Information,11/27/2021 9:20:34 PM,Microsoft-Windows-Kernel-General,16,None,The access history in hive \Device\HarddiskVolume5\Boot\BCD was cleared updating 49 keys and creating 7 modified pages.
Information,11/27/2021 9:20:30 PM,Microsoft-Windows-Kernel-Boot,32,-58,The bootmgr spent 0 ms waiting for user input.
Information,11/27/2021 9:20:30 PM,Microsoft-Windows-Kernel-Boot,18,-57,There are 0x1 boot options on this system.
Information,11/27/2021 9:20:30 PM,Microsoft-Windows-Kernel-Boot,27,-33,The boot type was 0x1.
Information,11/27/2021 9:20:30 PM,Microsoft-Windows-Kernel-Boot,25,-32,The boot menu policy was 0x1.
Information,11/27/2021 9:20:30 PM,Microsoft-Windows-Kernel-Boot,30,-21,The firmware reported boot metrics.
Error,11/27/2021 9:20:30 PM,iaStorA,4102,None,Error log: Smart event occured on disk :X6GJEAPFS  
Information,11/27/2021 9:20:29 PM,Microsoft-Windows-Kernel-General,1,-5,"The system time has changed to 2021-11-27T15:20:29.500000000Z from 2021-11-27T09:32:35.259755200Z.

Change Reason: System time synchronized with the hardware clock.
Process: '' (PID 4)."
Information,11/27/2021 3:32:35 PM,Microsoft-Windows-Kernel-Power,107,-102,The system has resumed from sleep.
Information,11/27/2021 3:32:31 PM,Microsoft-Windows-Kernel-Power,42,-64,"The system is entering sleep.

Sleep Reason: Application API"
Information,11/27/2021 3:32:30 PM,Microsoft-Windows-Kernel-Power,187,-243,User-mode process attempted to change the system state by calling SetSuspendState or SetSystemPowerState APIs.
Information,11/27/2021 3:32:30 PM,Microsoft-Windows-Winlogon,7002,-1102,User Logoff Notification for Customer Experience Improvement Program
Error,11/27/2021 3:11:52 PM,Schannel,36882,None,"The certificate received from the remote server was issued by an untrusted certificate authority. Because of this, none of the data contained in the certificate can be validated. The TLS connection request has failed. The attached data contains the server certificate."
Error,11/27/2021 3:11:44 PM,Schannel,36882,None,"The certificate received from the remote server was issued by an untrusted certificate authority. Because of this, none of the data contained in the certificate can be validated. The TLS connection request has failed. The attached data contains the server certificate."
Error,11/27/2021 3:11:36 PM,Schannel,36882,None,"The certificate received from the remote server was issued by an untrusted certificate authority. Because of this, none of the data contained in the certificate can be validated. The TLS connection request has failed. The attached data contains the server certificate."
Error,11/27/2021 3:11:23 PM,Schannel,36882,None,"The certificate received from the remote server was issued by an untrusted certificate authority. Because of this, none of the data contained in the certificate can be validated. The TLS connection request has failed. The attached data contains the server certificate."
Error,11/27/2021 3:09:10 PM,Schannel,36882,None,"The certificate received from the remote server was issued by an untrusted certificate authority. Because of this, none of the data contained in the certificate can be validated. The TLS connection request has failed. The attached data contains the server certificate."
Error,11/27/2021 3:09:09 PM,Schannel,36882,None,"The certificate received from the remote server was issued by an untrusted certificate authority. Because of this, none of the data contained in the certificate can be validated. The TLS connection request has failed. The attached data contains the server certificate."
Error,11/27/2021 12:14:57 PM,Server,2505,None,The server could not bind to the transport \Device\NetBT_Tcpip_{B27132D1-1E13-40A4-9B37-00805F75ABC1} because another computer on the network has the same name.  The server could not start.
Error,11/27/2021 12:14:57 PM,Server,2505,None,The server could not bind to the transport \Device\NetBT_Tcpip_{923C8C90-5DC7-4F32-A601-2D7B218CB204} because another computer on the network has the same name.  The server could not start.
Warning,11/27/2021 12:12:24 PM,Microsoft-Windows-DNS-Client,1014,-1014,Name resolution for the name relay-fa663288.net.anydesk.com timed out after none of the configured DNS servers responded.
Information,11/27/2021 12:00:00 PM,EventLog,6013,None,The system uptime is 688822 seconds.
Information,11/27/2021 11:30:34 AM,Microsoft-Windows-Kernel-General,16,None,The access history in hive \??\C:\ProgramData\Microsoft\Provisioning\Microsoft-Desktop-Provisioning-Sequence.dat was cleared updating 0 keys and creating 0 modified pages.
Information,11/27/2021 11:30:28 AM,Microsoft-Windows-Kernel-General,1,-5,"The system time has changed to 2021-11-27T05:30:28.067158500Z from 2021-11-27T05:30:28.066387300Z.

Change Reason: An application or system component changed the time.
Process: '\Device\HarddiskVolume6\Windows\System32\svchost.exe' (PID 8760)."
Information,11/27/2021 11:30:28 AM,Microsoft-Windows-Kernel-General,1,-5,"The system time has changed to 2021-11-27T05:30:28.065647400Z from 2021-11-27T05:30:28.065397700Z.

Change Reason: An application or system component changed the time.
Process: '\Device\HarddiskVolume6\Windows\System32\svchost.exe' (PID 8760)."
Information,11/27/2021 11:30:28 AM,Microsoft-Windows-Time-Service,35,None,"The time service is now synchronizing the system time with the time source time.windows.com,0x9 (ntp.m|0x9|0.0.0.0:123->40.81.94.65:123) with reference id 1096700200. Current local stratum number is 4."
Information,11/27/2021 11:30:28 AM,Microsoft-Windows-Kernel-General,1,-5,"The system time has changed to 2021-11-27T05:30:28.064626100Z from 2021-11-27T05:30:26.417195900Z.

Change Reason: An application or system component changed the time.
Process: '\Device\HarddiskVolume6\Windows\System32\svchost.exe' (PID 8760)."
Information,11/27/2021 11:30:12 AM,Microsoft-Windows-Time-Service,37,None,"The time provider NtpClient is currently receiving valid time data from time.windows.com,0x9 (ntp.m|0x9|0.0.0.0:123->40.81.94.65:123)."
Information,11/27/2021 11:30:10 AM,Microsoft-Windows-Time-Service,158,None,The time provider 'VMICTimeProvider' has indicated that the current hardware and operating environment is not supported and has stopped. This behavior is expected for VMICTimeProvider on non-HyperV-guest environments. This may be the expected behavior for the current provider in the current operating environment as well.
Warning,11/27/2021 11:16:11 AM,Microsoft-Windows-DNS-Client,1014,-1014,Name resolution for the name www.youtube.com timed out after none of the configured DNS servers responded.
Warning,11/27/2021 11:05:11 AM,Microsoft-Windows-DistributedCOM,10016,None,"The machine-default permission settings do not grant Local Activation permission for the COM Server application with CLSID 
{C2F03A33-21F5-47FA-B4BB-156362A2F239}
 and APPID 
{316CDED5-E4AE-4B15-9113-7055D84DCC97}
 to the user SHOHID-PC\SHOHID SID (S-1-5-21-2091211461-3178656723-4261672445-1001) from address LocalHost (Using LRPC) running in the application container Microsoft.Windows.ShellExperienceHost_10.0.18362.1171_neutral_neutral_cw5n1h2txyewy SID (S-1-15-2-155514346-2573954481-755741238-1654018636-1233331829-3075935687-2861478708). This security permission can be modified using the Component Services administrative tool."
Warning,11/27/2021 10:54:07 AM,Microsoft-Windows-DNS-Client,1014,-1014,Name resolution for the name router9.teamviewer.com timed out after none of the configured DNS servers responded.
Warning,11/27/2021 10:39:34 AM,Microsoft-Windows-DNS-Client,1014,-1014,Name resolution for the name router6.teamviewer.com timed out after none of the configured DNS servers responded.
Warning,11/27/2021 10:34:25 AM,Microsoft-Windows-DNS-Client,1014,-1014,Name resolution for the name web.whatsapp.com timed out after none of the configured DNS servers responded.
Warning,11/27/2021 10:33:40 AM,Microsoft-Windows-DistributedCOM,10016,None,"The machine-default permission settings do not grant Local Activation permission for the COM Server application with CLSID 
{C2F03A33-21F5-47FA-B4BB-156362A2F239}
 and APPID 
{316CDED5-E4AE-4B15-9113-7055D84DCC97}
 to the user SHOHID-PC\SHOHID SID (S-1-5-21-2091211461-3178656723-4261672445-1001) from address LocalHost (Using LRPC) running in the application container Microsoft.Windows.ShellExperienceHost_10.0.18362.1171_neutral_neutral_cw5n1h2txyewy SID (S-1-15-2-155514346-2573954481-755741238-1654018636-1233331829-3075935687-2861478708). This security permission can be modified using the Component Services administrative tool."
Warning,11/27/2021 10:28:00 AM,Microsoft-Windows-DistributedCOM,10016,None,"The application-specific permission settings do not grant Local Activation permission for the COM Server application with CLSID 
{2593F8B9-4EAF-457C-B68A-50F6B8EA6B54}
 and APPID 
{15C20B67-12E7-4BB6-92BB-7AFF07997402}
 to the user SHOHID-PC\SHOHID SID (S-1-5-21-2091211461-3178656723-4261672445-1001) from address LocalHost (Using LRPC) running in the application container Unavailable SID (Unavailable). This security permission can be modified using the Component Services administrative tool."
Warning,11/27/2021 10:24:39 AM,Microsoft-Windows-DNS-Client,1014,-1014,Name resolution for the name 29.client-channel.google.com timed out after none of the configured DNS servers responded.
Warning,11/27/2021 10:11:01 AM,Microsoft-Windows-DNS-Client,1014,-1014,Name resolution for the name ssl.gstatic.com timed out after none of the configured DNS servers responded.
Warning,11/27/2021 9:50:47 AM,Microsoft-Windows-DNS-Client,1014,-1014,Name resolution for the name settings-win.data.microsoft.com timed out after none of the configured DNS servers responded.
Warning,11/27/2021 9:48:37 AM,Microsoft-Windows-DNS-Client,1014,-1014,Name resolution for the name v10.events.data.microsoft.com timed out after none of the configured DNS servers responded.
Warning,11/27/2021 9:34:28 AM,Microsoft-Windows-DistributedCOM,10016,None,"The machine-default permission settings do not grant Local Activation permission for the COM Server application with CLSID 
{C2F03A33-21F5-47FA-B4BB-156362A2F239}
 and APPID 
{316CDED5-E4AE-4B15-9113-7055D84DCC97}
 to the user SHOHID-PC\SHOHID SID (S-1-5-21-2091211461-3178656723-4261672445-1001) from address LocalHost (Using LRPC) running in the application container Microsoft.Windows.ShellExperienceHost_10.0.18362.1171_neutral_neutral_cw5n1h2txyewy SID (S-1-15-2-155514346-2573954481-755741238-1654018636-1233331829-3075935687-2861478708). This security permission can be modified using the Component Services administrative tool."
Warning,11/27/2021 9:33:51 AM,Microsoft-Windows-DistributedCOM,10016,None,"The application-specific permission settings do not grant Local Activation permission for the COM Server application with CLSID 
{2593F8B9-4EAF-457C-B68A-50F6B8EA6B54}
 and APPID 
{15C20B67-12E7-4BB6-92BB-7AFF07997402}
 to the user SHOHID-PC\SHOHID SID (S-1-5-21-2091211461-3178656723-4261672445-1001) from address LocalHost (Using LRPC) running in the application container Microsoft.SkypeApp_15.78.159.0_x86__kzf8qxf38zg5c SID (Unavailable). This security permission can be modified using the Component Services administrative tool."
Warning,11/27/2021 9:33:36 AM,Microsoft-Windows-DNS-Client,1014,-1014,Name resolution for the name roaming.officeapps.live.com timed out after none of the configured DNS servers responded.
Warning,11/27/2021 8:52:29 AM,Microsoft-Windows-DNS-Client,1014,-1014,Name resolution for the name docs.google.com timed out after none of the configured DNS servers responded.
Warning,11/27/2021 8:50:17 AM,Microsoft-Windows-DNS-Client,1014,-1014,Name resolution for the name substrate.office.com timed out after none of the configured DNS servers responded.
Warning,11/27/2021 8:46:00 AM,Microsoft-Windows-DistributedCOM,10016,None,"The application-specific permission settings do not grant Local Activation permission for the COM Server application with CLSID 
{2593F8B9-4EAF-457C-B68A-50F6B8EA6B54}
 and APPID 
{15C20B67-12E7-4BB6-92BB-7AFF07997402}
 to the user SHOHID-PC\SHOHID SID (S-1-5-21-2091211461-3178656723-4261672445-1001) from address LocalHost (Using LRPC) running in the application container Unavailable SID (Unavailable). This security permission can be modified using the Component Services administrative tool."
Warning,11/27/2021 8:24:24 AM,Microsoft-Windows-DistributedCOM,10016,None,"The machine-default permission settings do not grant Local Activation permission for the COM Server application with CLSID 
{C2F03A33-21F5-47FA-B4BB-156362A2F239}
 and APPID 
{316CDED5-E4AE-4B15-9113-7055D84DCC97}
 to the user SHOHID-PC\SHOHID SID (S-1-5-21-2091211461-3178656723-4261672445-1001) from address LocalHost (Using LRPC) running in the application container Microsoft.Windows.ShellExperienceHost_10.0.18362.1171_neutral_neutral_cw5n1h2txyewy SID (S-1-15-2-155514346-2573954481-755741238-1654018636-1233331829-3075935687-2861478708). This security permission can be modified using the Component Services administrative tool."
Information,11/27/2021 8:24:23 AM,Microsoft-Windows-Kernel-General,16,None,The access history in hive \??\c:\users\nextgen\AppData\Local\Microsoft\Windows\usrclass.dat was cleared updating 6 keys and creating 1 modified pages.
Warning,11/27/2021 8:23:25 AM,Microsoft-Windows-DistributedCOM,10016,None,"The machine-default permission settings do not grant Local Activation permission for the COM Server application with CLSID 
{C2F03A33-21F5-47FA-B4BB-156362A2F239}
 and APPID 
{316CDED5-E4AE-4B15-9113-7055D84DCC97}
 to the user SHOHID-PC\SHOHID SID (S-1-5-21-2091211461-3178656723-4261672445-1001) from address LocalHost (Using LRPC) running in the application container Microsoft.Windows.ShellExperienceHost_10.0.18362.1171_neutral_neutral_cw5n1h2txyewy SID (S-1-15-2-155514346-2573954481-755741238-1654018636-1233331829-3075935687-2861478708). This security permission can be modified using the Component Services administrative tool."
Warning,11/27/2021 8:23:11 AM,Microsoft-Windows-DistributedCOM,10016,None,"The machine-default permission settings do not grant Local Activation permission for the COM Server application with CLSID 
{C2F03A33-21F5-47FA-B4BB-156362A2F239}
 and APPID 
{316CDED5-E4AE-4B15-9113-7055D84DCC97}
 to the user SHOHID-PC\SHOHID SID (S-1-5-21-2091211461-3178656723-4261672445-1001) from address LocalHost (Using LRPC) running in the application container Microsoft.Windows.ShellExperienceHost_10.0.18362.1171_neutral_neutral_cw5n1h2txyewy SID (S-1-15-2-155514346-2573954481-755741238-1654018636-1233331829-3075935687-2861478708). This security permission can be modified using the Component Services administrative tool."
Error,11/27/2021 8:22:18 AM,Microsoft-Windows-DistributedCOM,10010,None,The server Microsoft.SkypeApp_15.78.159.0_x86__kzf8qxf38zg5c!App.AppXtwmqn4em5r5dpafgj4t4yyxgjfe0hr50.mca did not register with DCOM within the required timeout.
Warning,11/27/2021 8:15:45 AM,Microsoft-Windows-DNS-Client,1014,-1014,Name resolution for the name login.live.com timed out after none of the configured DNS servers responded.
Warning,11/27/2021 8:07:38 AM,Microsoft-Windows-DistributedCOM,10016,None,"The application-specific permission settings do not grant Local Activation permission for the COM Server application with CLSID 
{2593F8B9-4EAF-457C-B68A-50F6B8EA6B54}
 and APPID 
{15C20B67-12E7-4BB6-92BB-7AFF07997402}
 to the user SHOHID-PC\SHOHID SID (S-1-5-21-2091211461-3178656723-4261672445-1001) from address LocalHost (Using LRPC) running in the application container Unavailable SID (Unavailable). This security permission can be modified using the Component Services administrative tool."
Warning,11/27/2021 8:06:01 AM,Microsoft-Windows-DistributedCOM,10016,None,"The machine-default permission settings do not grant Local Activation permission for the COM Server application with CLSID 
{C2F03A33-21F5-47FA-B4BB-156362A2F239}
 and APPID 
{316CDED5-E4AE-4B15-9113-7055D84DCC97}
 to the user SHOHID-PC\SHOHID SID (S-1-5-21-2091211461-3178656723-4261672445-1001) from address LocalHost (Using LRPC) running in the application container Microsoft.Windows.ShellExperienceHost_10.0.18362.1171_neutral_neutral_cw5n1h2txyewy SID (S-1-15-2-155514346-2573954481-755741238-1654018636-1233331829-3075935687-2861478708). This security permission can be modified using the Component Services administrative tool."
Error,11/27/2021 8:05:57 AM,Microsoft-Windows-DistributedCOM,10010,None,The server Microsoft.SkypeApp_15.78.159.0_x86__kzf8qxf38zg5c!App.AppXtwmqn4em5r5dpafgj4t4yyxgjfe0hr50.mca did not register with DCOM within the required timeout.
Information,11/27/2021 8:05:40 AM,Microsoft-Windows-Winlogon,7001,-1101,User Logon Notification for Customer Experience Improvement Program
Information,11/27/2021 8:05:39 AM,Microsoft-Windows-Power-Troubleshooter,1,None,"The system has returned from a low power state.

Sleep Time: 2021-11-26T18:13:04.654322800Z
Wake Time: 2021-11-27T02:05:35.574545000Z

Wake Source: Unknown"
Information,11/27/2021 8:05:35 AM,Microsoft-Windows-Kernel-Boot,32,-58,The bootmgr spent 0 ms waiting for user input.
Information,11/27/2021 8:05:35 AM,Microsoft-Windows-Kernel-Boot,18,-57,There are 0x1 boot options on this system.
Information,11/27/2021 8:05:35 AM,Microsoft-Windows-Kernel-Boot,27,-33,The boot type was 0x1.
Information,11/27/2021 8:05:35 AM,Microsoft-Windows-Kernel-Boot,25,-32,The boot menu policy was 0x1.
Information,11/27/2021 8:05:35 AM,Microsoft-Windows-Kernel-Boot,30,-21,The firmware reported boot metrics.
Error,11/27/2021 8:05:35 AM,iaStorA,4102,None,Error log: Smart event occured on disk :X6GJEAPFS  
Information,11/27/2021 8:05:34 AM,Microsoft-Windows-Kernel-General,1,-5,"The system time has changed to 2021-11-27T02:05:34.500000000Z from 2021-11-26T18:13:07.973055600Z.

Change Reason: System time synchronized with the hardware clock.
Process: '' (PID 4)."
Information,11/27/2021 12:13:07 AM,Microsoft-Windows-Kernel-Power,107,-102,The system has resumed from sleep.
Information,11/27/2021 12:13:05 AM,Microsoft-Windows-Kernel-Power,42,-64,"The system is entering sleep.

Sleep Reason: Application API"
Information,11/27/2021 12:13:04 AM,Microsoft-Windows-Kernel-Power,187,-243,User-mode process attempted to change the system state by calling SetSuspendState or SetSystemPowerState APIs.
Information,11/27/2021 12:13:03 AM,Microsoft-Windows-Winlogon,7002,-1102,User Logoff Notification for Customer Experience Improvement Program
Information,11/26/2021 11:38:28 PM,Microsoft-Windows-Kernel-General,16,None,The access history in hive \??\C:\Users\SHOHID\AppData\Local\Packages\Microsoft.XboxGamingOverlay_8wekyb3d8bbwe\Settings\settings.dat was cleared updating 9 keys and creating 1 modified pages.
Information,11/26/2021 11:34:50 PM,Microsoft-Windows-WindowsUpdateClient,19,Windows Update Agent,Installation Successful: Windows successfully installed the following update: 9NBLGGH1ZRPV-KING.COM.CANDYCRUSHSODASAGA
Information,11/26/2021 11:34:44 PM,Microsoft-Windows-WindowsUpdateClient,43,Windows Update Agent,Installation Started: Windows has started installing the following update: 9NBLGGH1ZRPV-KING.COM.CANDYCRUSHSODASAGA
Information,11/26/2021 11:34:34 PM,Microsoft-Windows-Kernel-General,16,None,The access history in hive \??\C:\ProgramData\Microsoft\Windows\AppRepository\Packages\king.com.CandyCrushSodaSaga_1.207.400.0_x86__kgqvnymyfvs32\ActivationStore.dat was cleared updating 0 keys and creating 0 modified pages.
Information,11/26/2021 11:33:07 PM,Microsoft-Windows-WindowsUpdateClient,44,Windows Update Agent,Windows Update started downloading an update.
Information,11/26/2021 11:26:47 PM,Microsoft-Windows-Kernel-General,16,None,The access history in hive \??\C:\ProgramData\Microsoft\Provisioning\Microsoft-Desktop-Provisioning-Sequence.dat was cleared updating 0 keys and creating 0 modified pages.
Information,11/26/2021 10:39:15 PM,Microsoft-Windows-WindowsUpdateClient,19,Windows Update Agent,Installation Successful: Windows successfully installed the following update: Security Intelligence Update for Microsoft Defender Antivirus - KB2267602 (Version 1.353.1638.0)
Information,11/26/2021 10:39:01 PM,Microsoft-Windows-WindowsUpdateClient,43,Windows Update Agent,Installation Started: Windows has started installing the following update: Security Intelligence Update for Microsoft Defender Antivirus - KB2267602 (Version 1.353.1638.0)
Information,11/26/2021 10:38:53 PM,Microsoft-Windows-WindowsUpdateClient,44,Windows Update Agent,Windows Update started downloading an update.
Information,11/26/2021 9:26:36 PM,Service Control Manager,7045,None,"A service was installed in the system.

Service Name:  TeamViewer
Service File Name:  ""C:\Program Files (x86)\TeamViewer\TeamViewer_Service.exe""
Service Type:  user mode service
Service Start Type:  auto start
Service Account:  LocalSystem"
Information,11/26/2021 9:26:21 PM,Microsoft-Windows-Kernel-General,16,None,The access history in hive \??\C:\Users\NextGen\NTUSER.DAT was cleared updating 15 keys and creating 6 modified pages.
Information,11/26/2021 9:26:21 PM,Microsoft-Windows-Kernel-General,16,None,The access history in hive \??\C:\Users\DEFAUL~1.IIS\NTUSER.DAT was cleared updating 14 keys and creating 6 modified pages.
Information,11/26/2021 9:26:21 PM,Microsoft-Windows-Kernel-General,16,None,The access history in hive \??\C:\Users\NETV2~1.0CL\NTUSER.DAT was cleared updating 14 keys and creating 7 modified pages.
Information,11/26/2021 9:26:21 PM,Microsoft-Windows-Kernel-General,16,None,The access history in hive \??\C:\Users\NETV4~1.5CL\NTUSER.DAT was cleared updating 14 keys and creating 7 modified pages.
Information,11/26/2021 9:26:21 PM,Microsoft-Windows-Kernel-General,16,None,The access history in hive \??\C:\Users\NETV2~1.0\NTUSER.DAT was cleared updating 14 keys and creating 7 modified pages.
