Information,12-07-2021 21:06,Microsoft-Windows-WindowsUpdateClient,19,Windows Update Agent,Installation Successful: Windows successfully installed the following update: Security Intelligence Update for Microsoft Defender Antivirus - KB2267602 (Version 1.353.2226.0)
Information,12-07-2021 21:06,Microsoft-Windows-WindowsUpdateClient,43,Windows Update Agent,Installation Started: Windows has started installing the following update: Security Intelligence Update for Microsoft Defender Antivirus - KB2267602 (Version 1.353.2226.0)
Information,12-07-2021 21:06,Microsoft-Windows-WindowsUpdateClient,44,Windows Update Agent,Windows Update started downloading an update.
Warning,12-07-2021 20:59,Microsoft-Windows-DistributedCOM,10016,None,"The application-specific permission settings do not grant Local Activation permission for the COM Server application with CLSID 
{2593F8B9-4EAF-457C-B68A-50F6B8EA6B54}
 and APPID 
{15C20B67-12E7-4BB6-92BB-7AFF07997402}
 to the user SHOHID-PC\SHOHID SID (S-1-5-21-2091211461-3178656723-4261672445-1001) from address LocalHost (Using LRPC) running in the application container Microsoft.SkypeApp_15.78.159.0_x86__kzf8qxf38zg5c SID (Unavailable). This security permission can be modified using the Component Services administrative tool."
Warning,12-07-2021 20:30,Microsoft-Windows-DistributedCOM,10016,None,"The machine-default permission settings do not grant Local Activation permission for the COM Server application with CLSID 
{C2F03A33-21F5-47FA-B4BB-156362A2F239}
 and APPID 
{316CDED5-E4AE-4B15-9113-7055D84DCC97}
 to the user SHOHID-PC\SHOHID SID (S-1-5-21-2091211461-3178656723-4261672445-1001) from address LocalHost (Using LRPC) running in the application container Microsoft.Windows.ShellExperienceHost_10.0.18362.1171_neutral_neutral_cw5n1h2txyewy SID (S-1-15-2-155514346-2573954481-755741238-1654018636-1233331829-3075935687-2861478708). This security permission can be modified using the Component Services administrative tool."
Error,12-07-2021 20:25,Microsoft-Windows-DistributedCOM,10010,None,The server Microsoft.SkypeApp_15.78.159.0_x86__kzf8qxf38zg5c!App.AppXtwmqn4em5r5dpafgj4t4yyxgjfe0hr50.mca did not register with DCOM within the required timeout.
Warning,12-07-2021 19:48,Microsoft-Windows-DistributedCOM,10016,None,"The machine-default permission settings do not grant Local Activation permission for the COM Server application with CLSID 
{C2F03A33-21F5-47FA-B4BB-156362A2F239}
 and APPID 
{316CDED5-E4AE-4B15-9113-7055D84DCC97}
 to the user SHOHID-PC\SHOHID SID (S-1-5-21-2091211461-3178656723-4261672445-1001) from address LocalHost (Using LRPC) running in the application container Microsoft.Windows.ShellExperienceHost_10.0.18362.1171_neutral_neutral_cw5n1h2txyewy SID (S-1-15-2-155514346-2573954481-755741238-1654018636-1233331829-3075935687-2861478708). This security permission can be modified using the Component Services administrative tool."
Warning,12-07-2021 19:44,Microsoft-Windows-DistributedCOM,10016,None,"The application-specific permission settings do not grant Local Activation permission for the COM Server application with CLSID 
{2593F8B9-4EAF-457C-B68A-50F6B8EA6B54}
 and APPID 
{15C20B67-12E7-4BB6-92BB-7AFF07997402}
 to the user SHOHID-PC\SHOHID SID (S-1-5-21-2091211461-3178656723-4261672445-1001) from address LocalHost (Using LRPC) running in the application container Unavailable SID (Unavailable). This security permission can be modified using the Component Services administrative tool."
Warning,12-07-2021 19:38,Microsoft-Windows-DistributedCOM,10016,None,"The application-specific permission settings do not grant Local Activation permission for the COM Server application with CLSID 
{2593F8B9-4EAF-457C-B68A-50F6B8EA6B54}
 and APPID 
{15C20B67-12E7-4BB6-92BB-7AFF07997402}
 to the user SHOHID-PC\SHOHID SID (S-1-5-21-2091211461-3178656723-4261672445-1001) from address LocalHost (Using LRPC) running in the application container Unavailable SID (Unavailable). This security permission can be modified using the Component Services administrative tool."
Warning,12-07-2021 19:38,Microsoft-Windows-DistributedCOM,10016,None,"The application-specific permission settings do not grant Local Activation permission for the COM Server application with CLSID 
{2593F8B9-4EAF-457C-B68A-50F6B8EA6B54}
 and APPID 
{15C20B67-12E7-4BB6-92BB-7AFF07997402}
 to the user SHOHID-PC\SHOHID SID (S-1-5-21-2091211461-3178656723-4261672445-1001) from address LocalHost (Using LRPC) running in the application container Unavailable SID (Unavailable). This security permission can be modified using the Component Services administrative tool."
Information,12-07-2021 19:38,Microsoft-Windows-Kernel-General,16,None,The access history in hive \??\C:\Users\SHOHID\AppData\Local\Packages\Microsoft.AAD.BrokerPlugin_cw5n1h2txyewy\Settings\settings.dat was cleared updating 10 keys and creating 1 modified pages.
Warning,12-07-2021 17:55,Microsoft-Windows-DistributedCOM,10016,None,"The machine-default permission settings do not grant Local Activation permission for the COM Server application with CLSID 
{C2F03A33-21F5-47FA-B4BB-156362A2F239}
 and APPID 
{316CDED5-E4AE-4B15-9113-7055D84DCC97}
 to the user SHOHID-PC\SHOHID SID (S-1-5-21-2091211461-3178656723-4261672445-1001) from address LocalHost (Using LRPC) running in the application container Microsoft.Windows.ShellExperienceHost_10.0.18362.1171_neutral_neutral_cw5n1h2txyewy SID (S-1-15-2-155514346-2573954481-755741238-1654018636-1233331829-3075935687-2861478708). This security permission can be modified using the Component Services administrative tool."
Warning,12-07-2021 17:50,Microsoft-Windows-DistributedCOM,10016,None,"The application-specific permission settings do not grant Local Activation permission for the COM Server application with CLSID 
{2593F8B9-4EAF-457C-B68A-50F6B8EA6B54}
 and APPID 
{15C20B67-12E7-4BB6-92BB-7AFF07997402}
 to the user SHOHID-PC\SHOHID SID (S-1-5-21-2091211461-3178656723-4261672445-1001) from address LocalHost (Using LRPC) running in the application container Unavailable SID (Unavailable). This security permission can be modified using the Component Services administrative tool."
Warning,12-07-2021 16:57,Microsoft-Windows-DistributedCOM,10016,None,"The machine-default permission settings do not grant Local Activation permission for the COM Server application with CLSID 
{C2F03A33-21F5-47FA-B4BB-156362A2F239}
 and APPID 
{316CDED5-E4AE-4B15-9113-7055D84DCC97}
 to the user SHOHID-PC\SHOHID SID (S-1-5-21-2091211461-3178656723-4261672445-1001) from address LocalHost (Using LRPC) running in the application container Microsoft.Windows.ShellExperienceHost_10.0.18362.1171_neutral_neutral_cw5n1h2txyewy SID (S-1-15-2-155514346-2573954481-755741238-1654018636-1233331829-3075935687-2861478708). This security permission can be modified using the Component Services administrative tool."
Warning,12-07-2021 16:10,disk,52,None,The driver has detected that device \Device\Harddisk0\DR0 has predicted that it will fail. Immediately back up your data and replace your hard disk drive. A failure may be imminent.
Information,12-07-2021 15:45,Microsoft-Windows-Kernel-General,16,None,The access history in hive \??\C:\ProgramData\Microsoft\Provisioning\Microsoft-Desktop-Provisioning-Sequence.dat was cleared updating 0 keys and creating 0 modified pages.
Information,12-07-2021 15:21,Microsoft-Windows-WindowsUpdateClient,19,Windows Update Agent,Installation Successful: Windows successfully installed the following update: Security Intelligence Update for Microsoft Defender Antivirus - KB2267602 (Version 1.353.2213.0)
Information,12-07-2021 15:20,Microsoft-Windows-WindowsUpdateClient,43,Windows Update Agent,Installation Started: Windows has started installing the following update: Security Intelligence Update for Microsoft Defender Antivirus - KB2267602 (Version 1.353.2213.0)
Information,12-07-2021 15:20,Microsoft-Windows-WindowsUpdateClient,44,Windows Update Agent,Windows Update started downloading an update.
Error,12-07-2021 15:16,Microsoft-Windows-DistributedCOM,10010,None,The server Microsoft.SkypeApp_15.78.159.0_x86__kzf8qxf38zg5c!App.AppXtwmqn4em5r5dpafgj4t4yyxgjfe0hr50.mca did not register with DCOM within the required timeout.
Warning,12-07-2021 15:15,Microsoft-Windows-DistributedCOM,10016,None,"The application-specific permission settings do not grant Local Activation permission for the COM Server application with CLSID 
{2593F8B9-4EAF-457C-B68A-50F6B8EA6B54}
 and APPID 
{15C20B67-12E7-4BB6-92BB-7AFF07997402}
 to the user SHOHID-PC\SHOHID SID (S-1-5-21-2091211461-3178656723-4261672445-1001) from address LocalHost (Using LRPC) running in the application container Unavailable SID (Unavailable). This security permission can be modified using the Component Services administrative tool."
Information,12-07-2021 15:14,Microsoft-Windows-FilterManager,6,None,"File System Filter 'bindflt' (10.0, 2067-08-24T02:59:11.000000000Z) has successfully loaded and registered with Filter Manager."
Warning,12-07-2021 15:14,Microsoft-Windows-DNS-Client,1014,-1014,Name resolution for the name router5.teamviewer.com timed out after none of the configured DNS servers responded.
Warning,12-07-2021 15:13,Microsoft-Windows-DNS-Client,1014,-1014,Name resolution for the name router3.teamviewer.com timed out after none of the configured DNS servers responded.
Warning,12-07-2021 15:12,Microsoft-Windows-DistributedCOM,10016,None,"The application-specific permission settings do not grant Local Launch permission for the COM Server application with CLSID 
Windows.SecurityCenter.WscDataProtection
 and APPID 
Unavailable
 to the user NT AUTHORITY\SYSTEM SID (S-1-5-18) from address LocalHost (Using LRPC) running in the application container Unavailable SID (Unavailable). This security permission can be modified using the Component Services administrative tool."
Warning,12-07-2021 15:12,Microsoft-Windows-DistributedCOM,10016,None,"The application-specific permission settings do not grant Local Launch permission for the COM Server application with CLSID 
Windows.SecurityCenter.SecurityAppBroker
 and APPID 
Unavailable
 to the user NT AUTHORITY\SYSTEM SID (S-1-5-18) from address LocalHost (Using LRPC) running in the application container Unavailable SID (Unavailable). This security permission can be modified using the Component Services administrative tool."
Warning,12-07-2021 15:12,Microsoft-Windows-DistributedCOM,10016,None,"The application-specific permission settings do not grant Local Launch permission for the COM Server application with CLSID 
Windows.SecurityCenter.WscBrokerManager
 and APPID 
Unavailable
 to the user NT AUTHORITY\SYSTEM SID (S-1-5-18) from address LocalHost (Using LRPC) running in the application container Unavailable SID (Unavailable). This security permission can be modified using the Component Services administrative tool."
Warning,12-07-2021 15:11,Microsoft-Windows-DistributedCOM,10016,None,"The application-specific permission settings do not grant Local Activation permission for the COM Server application with CLSID 
{2593F8B9-4EAF-457C-B68A-50F6B8EA6B54}
 and APPID 
{15C20B67-12E7-4BB6-92BB-7AFF07997402}
 to the user SHOHID-PC\SHOHID SID (S-1-5-21-2091211461-3178656723-4261672445-1001) from address LocalHost (Using LRPC) running in the application container Unavailable SID (Unavailable). This security permission can be modified using the Component Services administrative tool."
Information,12-07-2021 15:11,Microsoft-Windows-Winlogon,7001,-1101,User Logon Notification for Customer Experience Improvement Program
Error,12-07-2021 15:10,Service Control Manager,7034,None,The ArcGIS License Manager service terminated unexpectedly.  It has done this 1 time(s).
Information,12-07-2021 15:10,Service Control Manager,7026,None,"The following boot-start or system-start driver(s) did not load: 
dam"
Information,12-07-2021 15:10,Microsoft-Windows-WMPNSS-Service,14204,None,Service 'WMPNetworkSvc' started.
Information,12-07-2021 15:10,IntelHaxm,4,None,HAXM is loaded successfully
Information,12-07-2021 15:10,vmx86,34,None,"The description for Event ID 34 from source vmx86 cannot be found. Either the component that raises this event is not installed on your local computer or the installation is corrupted. You can install or repair the component on the local computer.

If the event originated on another computer, the display information had to be saved with the event.

The following information was included with the event: 

VMX86.SYS: begin DriverEntry
"
Error,12-07-2021 15:10,Microsoft-Windows-WLAN-AutoConfig,10000,None,"WLAN Extensibility Module has failed to start.

Module Path: C:\WINDOWS\system32\Rtlihvs.dll
Error Code: 126
"
Information,12-07-2021 15:10,Microsoft-Windows-WLAN-AutoConfig,4000,None,"WLAN AutoConfig service has successfully started.
"
Information,12-07-2021 15:10,VMnetuserif,1,None,() Starting up the User Interface Driver for VMware Virtual Networks.
Information,12-07-2021 15:10,VMnetBridge,10,None,() Starting up the Bridge Driver for VMware Virtual Networks.
Information,12-07-2021 15:10,Microsoft-Windows-DHCPv6-Client,51046,Service State Event,DHCPv6 client service is started
Information,12-07-2021 15:10,Microsoft-Windows-Dhcp-Client,50103,Service State Event,DHCPv4 client registered for shutdown notification
Information,12-07-2021 15:10,Microsoft-Windows-Dhcp-Client,50036,Service State Event,DHCPv4 client service is started
Information,12-07-2021 15:10,Microsoft-Windows-FilterManager,6,None,"File System Filter 'storqosflt' (10.0, 2084-07-24T11:29:44.000000000Z) has successfully loaded and registered with Filter Manager."
Information,12-07-2021 15:10,Microsoft-Windows-FilterManager,6,None,"File System Filter 'CldFlt' (10.0, 2052-03-25T04:36:04.000000000Z) has successfully loaded and registered with Filter Manager."
Information,12-07-2021 15:10,Microsoft-Windows-FilterManager,1,None,"File System Filter 'CldFlt' (Version 10.0, 2052-03-25T04:36:04.000000000Z) unloaded successfully."
Information,12-07-2021 15:10,Microsoft-Windows-FilterManager,6,None,"File System Filter 'CldFlt' (10.0, 2052-03-25T04:36:04.000000000Z) has successfully loaded and registered with Filter Manager."
Information,12-07-2021 15:10,Microsoft-Windows-FilterManager,6,None,"File System Filter 'luafv' (10.0, 1987-05-06T02:17:50.000000000Z) has successfully loaded and registered with Filter Manager."
Information,12-07-2021 15:10,Microsoft-Windows-WAS,5211,None,The Windows Process Activation Service (WAS) started with 'Classic' mode using 'ConfigurationSystem'
Information,12-07-2021 15:10,Microsoft-Windows-FilterManager,6,None,"File System Filter 'wcifs' (10.0, 2011-08-26T04:27:29.000000000Z) has successfully loaded and registered with Filter Manager."
Warning,12-07-2021 15:10,Server,2511,None,"The server service was unable to recreate the share SHARMIN because the directory E:\Users\SHARMIN no longer exists.  Please run ""net share SHARMIN /delete"" to delete the share, or recreate the directory E:\Users\SHARMIN."
Information,12-07-2021 15:10,Microsoft-Windows-Directory-Services-SAM,16977,None,"The domain is configured with the following minimum password length-related settings.

MinimumPasswordLength: 0

MinimumPasswordLengthAudit: -1

For more information see https://go.microsoft.com/fwlink/?LinkId=2097191.
"
Information,12-07-2021 15:10,Microsoft-Windows-Directory-Services-SAM,16962,None,"Remote calls to the SAM database are being restricted using the default security descriptor: O:SYG:SYD:(A;;RC;;;BA).
For more information please see http://go.microsoft.com/fwlink/?LinkId=787651."
Information,12-07-2021 15:10,Microsoft-Windows-Wininit,14,None,"Credential Guard configuration: 0x0, 0"
Error,12-07-2021 15:10,Ntfs,137,-2,The default transaction resource manager on volume G: encountered a non-retryable error and could not start.  The data contains the error code.
Error,12-07-2021 15:10,disk,7,None,"The device, \Device\Harddisk0\DR0, has a bad block."
Error,12-07-2021 15:10,disk,7,None,"The device, \Device\Harddisk0\DR0, has a bad block."
Information,12-07-2021 15:10,Microsoft-Windows-Ntfs,98,None,Volume G: (\Device\HarddiskVolume2) is healthy.  No action is needed.
Information,12-07-2021 15:10,Microsoft-Windows-Ntfs,98,None,Volume D: (\Device\HarddiskVolume1) is healthy.  No action is needed.
Information,12-07-2021 15:10,Microsoft-Windows-Ntfs,98,None,Volume F: (\Device\HarddiskVolume4) is healthy.  No action is needed.
Information,12-07-2021 15:10,Microsoft-Windows-Ntfs,98,None,Volume E: (\Device\HarddiskVolume3) is healthy.  No action is needed.
Information,12-07-2021 15:10,MEIx64,2,None,Intel(R) Trusted Execution Engine Interface driver has started successfully.
Information,12-07-2021 15:10,Microsoft-Windows-Kernel-Processor-Power,55,-47,"Processor 3 in group 0 exposes the following power management capabilities:

Idle state type: ACPI Idle (C) States (3 state(s))

Performance state type: ACPI Performance (P) / Throttle (T) States
Nominal Frequency (MHz): 3700
Maximum performance percentage: 100
Minimum performance percentage: 21
Minimum throttle percentage: 21"
Information,12-07-2021 15:10,Microsoft-Windows-Kernel-Processor-Power,55,-47,"Processor 1 in group 0 exposes the following power management capabilities:

Idle state type: ACPI Idle (C) States (3 state(s))

Performance state type: ACPI Performance (P) / Throttle (T) States
Nominal Frequency (MHz): 3700
Maximum performance percentage: 100
Minimum performance percentage: 21
Minimum throttle percentage: 21"
Information,12-07-2021 15:10,Microsoft-Windows-Kernel-Processor-Power,55,-47,"Processor 2 in group 0 exposes the following power management capabilities:

Idle state type: ACPI Idle (C) States (3 state(s))

Performance state type: ACPI Performance (P) / Throttle (T) States
Nominal Frequency (MHz): 3700
Maximum performance percentage: 100
Minimum performance percentage: 21
Minimum throttle percentage: 21"
Information,12-07-2021 15:10,Microsoft-Windows-Kernel-Processor-Power,55,-47,"Processor 0 in group 0 exposes the following power management capabilities:

Idle state type: ACPI Idle (C) States (3 state(s))

Performance state type: ACPI Performance (P) / Throttle (T) States
Nominal Frequency (MHz): 3700
Maximum performance percentage: 100
Minimum performance percentage: 21
Minimum throttle percentage: 21"
Information,12-07-2021 15:10,VMnetAdapter,36,None,() Starting up the Adapter Driver for VMware Virtual Networks.
Information,12-07-2021 15:10,Microsoft-Windows-Kernel-Power,172,-203,"Connectivity state in standby: Disconnected, Reason: NIC compliance"
Critical,12-07-2021 15:10,Microsoft-Windows-Kernel-Power,41,-63,"The system has rebooted without cleanly shutting down first. This error could be caused if the system stopped responding, crashed, or lost power unexpectedly."
Information,12-07-2021 15:10,Microsoft-Windows-Ntfs,98,None,Volume \\?\Volume{fee45b76-0000-0000-0000-100000000000} (\Device\HarddiskVolume5) is healthy.  No action is needed.
Information,12-07-2021 15:10,Microsoft-Windows-FilterManager,6,None,"File System Filter 'npsvctrig' (10.0, 1977-09-12T21:19:34.000000000Z) has successfully loaded and registered with Filter Manager."
Information,12-07-2021 15:10,Microsoft-Windows-FilterManager,6,None,"File System Filter 'FileCrypt' (10.0, 2011-10-30T21:56:49.000000000Z) has successfully loaded and registered with Filter Manager."
Information,12-07-2021 15:10,Microsoft-Windows-Ntfs,98,None,Volume C: (\Device\HarddiskVolume6) is healthy.  No action is needed.
Error,12-07-2021 15:10,iaStorA,4102,None,Error log: Smart event occured on disk :X6GJEAPFS  
Information,12-07-2021 15:10,EventLog,6013,None,The system uptime is 11 seconds.
Information,12-07-2021 15:10,EventLog,6005,None,The Event log service was started.
Information,12-07-2021 15:10,EventLog,6009,None,Microsoft (R) Windows (R) 10.00. 18363 Service Pack 1 Multiprocessor Free.
Error,12-07-2021 15:10,EventLog,6008,None,The previous system shutdown at 2:54:32 PM on 12/7/2021 was unexpected.
Information,12-07-2021 15:10,Microsoft-Windows-FilterManager,6,None,"File System Filter 'WdFilter' (10.0, 2043-02-28T19:55:46.000000000Z) has successfully loaded and registered with Filter Manager."
Information,12-07-2021 15:10,Microsoft-Windows-FilterManager,6,None,"File System Filter 'Wof' (10.0, 2045-05-29T21:42:55.000000000Z) has successfully loaded and registered with Filter Manager."
Information,12-07-2021 15:10,Microsoft-Windows-FilterManager,6,None,"File System Filter 'FileInfo' (10.0, 1989-07-13T07:15:12.000000000Z) has successfully loaded and registered with Filter Manager."
Information,12-07-2021 15:10,Microsoft-Windows-Kernel-General,20,-6,"The leap second configuration has been updated.
Reason: Leap second data initialized from registry during boot
Leap seconds enabled: true
New leap second count: 0
Old leap second count: 0"
Information,12-07-2021 15:10,Microsoft-Windows-Kernel-Boot,30,-21,The firmware reported boot metrics.
Information,12-07-2021 15:10,Microsoft-Windows-Kernel-Boot,32,-58,The bootmgr spent 0 ms waiting for user input.
Information,12-07-2021 15:10,Microsoft-Windows-Kernel-Boot,18,-57,There are 0x1 boot options on this system.
Information,12-07-2021 15:10,Microsoft-Windows-Kernel-Boot,27,-33,The boot type was 0x0.
Information,12-07-2021 15:10,Microsoft-Windows-Kernel-Boot,25,-32,The boot menu policy was 0x1.
Information,12-07-2021 15:10,Microsoft-Windows-Kernel-Boot,20,-31,The last shutdown's success status was false. The last boot's success status was true.
Information,12-07-2021 15:10,Microsoft-Windows-Kernel-Boot,153,-62,Virtualization-based security (policies: 0) is disabled.
Information,12-07-2021 15:10,Microsoft-Windows-Kernel-General,12,-1,The operating system started at system time 2021-12-07T09:09:59.500000000Z.
Information,12-07-2021 14:14,Microsoft-Windows-Kernel-General,16,None,The access history in hive \??\C:\ProgramData\Microsoft\Provisioning\Microsoft-Desktop-Provisioning-Sequence.dat was cleared updating 0 keys and creating 0 modified pages.
Information,12-07-2021 14:14,Microsoft-Windows-Kernel-General,1,-5,"The system time has changed to 2021-12-07T08:14:36.202971000Z from 2021-12-07T08:14:36.202751700Z.

Change Reason: An application or system component changed the time.
Process: '\Device\HarddiskVolume6\Windows\System32\svchost.exe' (PID 6096)."
Information,12-07-2021 14:14,Microsoft-Windows-Kernel-General,1,-5,"The system time has changed to 2021-12-07T08:14:36.201868300Z from 2021-12-07T08:14:36.201762300Z.

Change Reason: An application or system component changed the time.
Process: '\Device\HarddiskVolume6\Windows\System32\svchost.exe' (PID 6096)."
Information,12-07-2021 14:14,Microsoft-Windows-Time-Service,35,None,"The time service is now synchronizing the system time with the time source time.windows.com,0x9 (ntp.m|0x9|0.0.0.0:123->40.81.94.65:123) with reference id 1096700200. Current local stratum number is 4."
Information,12-07-2021 14:14,Microsoft-Windows-Kernel-General,1,-5,"The system time has changed to 2021-12-07T08:14:36.200945700Z from 2021-12-07T08:14:33.690274500Z.

Change Reason: An application or system component changed the time.
Process: '\Device\HarddiskVolume6\Windows\System32\svchost.exe' (PID 6096)."
Information,12-07-2021 14:14,Microsoft-Windows-Time-Service,37,None,"The time provider NtpClient is currently receiving valid time data from time.windows.com,0x9 (ntp.m|0x9|0.0.0.0:123->40.81.94.65:123)."
Information,12-07-2021 14:14,Microsoft-Windows-Time-Service,158,None,The time provider 'VMICTimeProvider' has indicated that the current hardware and operating environment is not supported and has stopped. This behavior is expected for VMICTimeProvider on non-HyperV-guest environments. This may be the expected behavior for the current provider in the current operating environment as well.
Information,12-07-2021 13:42,Microsoft-Windows-WindowsUpdateClient,19,Windows Update Agent,Installation Successful: Windows successfully installed the following update: Security Intelligence Update for Microsoft Defender Antivirus - KB2267602 (Version 1.353.2204.0)
Information,12-07-2021 13:42,Microsoft-Windows-WindowsUpdateClient,43,Windows Update Agent,Installation Started: Windows has started installing the following update: Security Intelligence Update for Microsoft Defender Antivirus - KB2267602 (Version 1.353.2204.0)
Information,12-07-2021 13:42,Microsoft-Windows-WindowsUpdateClient,44,Windows Update Agent,Windows Update started downloading an update.
Warning,12-07-2021 13:35,Microsoft-Windows-DistributedCOM,10016,None,"The application-specific permission settings do not grant Local Activation permission for the COM Server application with CLSID 
{2593F8B9-4EAF-457C-B68A-50F6B8EA6B54}
 and APPID 
{15C20B67-12E7-4BB6-92BB-7AFF07997402}
 to the user SHOHID-PC\SHOHID SID (S-1-5-21-2091211461-3178656723-4261672445-1001) from address LocalHost (Using LRPC) running in the application container Unavailable SID (Unavailable). This security permission can be modified using the Component Services administrative tool."
Error,12-07-2021 13:33,Microsoft-Windows-DistributedCOM,10010,None,The server Microsoft.SkypeApp_15.78.159.0_x86__kzf8qxf38zg5c!App.AppXtwmqn4em5r5dpafgj4t4yyxgjfe0hr50.mca did not register with DCOM within the required timeout.
Error,12-07-2021 13:32,Microsoft-Windows-DistributedCOM,10010,None,The server Microsoft.SkypeApp_15.78.159.0_x86__kzf8qxf38zg5c!App.AppXtwmqn4em5r5dpafgj4t4yyxgjfe0hr50.mca did not register with DCOM within the required timeout.
Information,12-07-2021 13:31,Microsoft-Windows-Power-Troubleshooter,1,None,"The system has returned from a low power state.

Sleep Time: 2021-12-06T19:25:10.873562200Z
Wake Time: 2021-12-07T07:31:46.227707200Z

Wake Source: Unknown"
Information,12-07-2021 13:31,Microsoft-Windows-Winlogon,7001,-1101,User Logon Notification for Customer Experience Improvement Program
Error,12-07-2021 13:31,iaStorA,4102,None,Error log: Smart event occured on disk :X6GJEAPFS  
Information,12-07-2021 13:31,Microsoft-Windows-Kernel-Boot,32,-58,The bootmgr spent 0 ms waiting for user input.
Information,12-07-2021 13:31,Microsoft-Windows-Kernel-Boot,18,-57,There are 0x1 boot options on this system.
Information,12-07-2021 13:31,Microsoft-Windows-Kernel-Boot,27,-33,The boot type was 0x1.
Information,12-07-2021 13:31,Microsoft-Windows-Kernel-Boot,25,-32,The boot menu policy was 0x1.
Information,12-07-2021 13:31,Microsoft-Windows-Kernel-Boot,30,-21,The firmware reported boot metrics.
Information,12-07-2021 13:31,Microsoft-Windows-Kernel-General,1,-5,"The system time has changed to 2021-12-07T07:31:45.500000000Z from 2021-12-06T19:25:14.670547600Z.

Change Reason: System time synchronized with the hardware clock.
Process: '' (PID 4)."
Information,12-07-2021 01:25,Microsoft-Windows-Kernel-Power,107,-102,The system has resumed from sleep.
Information,12-07-2021 13:31,EventLog,6013,None,The system uptime is 588433 seconds.
Information,12-07-2021 01:25,Microsoft-Windows-Kernel-Power,42,-64,"The system is entering sleep.

Sleep Reason: Application API"
Information,12-07-2021 01:25,Microsoft-Windows-Kernel-Power,187,-243,User-mode process attempted to change the system state by calling SetSuspendState or SetSystemPowerState APIs.
Information,12-07-2021 01:25,Microsoft-Windows-Winlogon,7002,-1102,User Logoff Notification for Customer Experience Improvement Program
Error,12-07-2021 01:25,Microsoft-Windows-DistributedCOM,10005,None,"DCOM got error ""1053"" attempting to start the service BcastDVRUserService_1e0468b1 with arguments ""Unavailable"" in order to run the server:
Windows.Media.Capture.Internal.AppCaptureShell"
Error,12-07-2021 01:25,Service Control Manager,7000,None,"The GameDVR and Broadcast User Service_1e0468b1 service failed to start due to the following error: 
The service did not respond to the start or control request in a timely fashion."
Error,12-07-2021 01:25,Service Control Manager,7009,None,A timeout was reached (30000 milliseconds) while waiting for the GameDVR and Broadcast User Service_1e0468b1 service to connect.
Warning,12-07-2021 00:57,Microsoft-Windows-DNS-Client,1014,-1014,Name resolution for the name 9.client-channel.google.com timed out after none of the configured DNS servers responded.
Information,12-07-2021 00:32,Microsoft-Windows-Kernel-General,16,None,The access history in hive \??\C:\Users\SHOHID\AppData\Local\Packages\Microsoft.MicrosoftOfficeHub_8wekyb3d8bbwe\Settings\settings.dat was cleared updating 4 keys and creating 2 modified pages.
Information,12-06-2021 22:47,Microsoft-Windows-Kernel-General,16,None,The access history in hive \??\C:\Users\SHOHID\AppData\Local\Packages\Microsoft.Todos_8wekyb3d8bbwe\Settings\settings.dat was cleared updating 8 keys and creating 1 modified pages.
Warning,12-06-2021 22:01,Microsoft-Windows-DistributedCOM,10016,None,"The machine-default permission settings do not grant Local Activation permission for the COM Server application with CLSID 
{C2F03A33-21F5-47FA-B4BB-156362A2F239}
 and APPID 
{316CDED5-E4AE-4B15-9113-7055D84DCC97}
 to the user SHOHID-PC\SHOHID SID (S-1-5-21-2091211461-3178656723-4261672445-1001) from address LocalHost (Using LRPC) running in the application container Microsoft.Windows.ShellExperienceHost_10.0.18362.1171_neutral_neutral_cw5n1h2txyewy SID (S-1-15-2-155514346-2573954481-755741238-1654018636-1233331829-3075935687-2861478708). This security permission can be modified using the Component Services administrative tool."
Warning,12-06-2021 21:57,Microsoft-Windows-DNS-Client,1014,-1014,Name resolution for the name megapath.speedtestcustom.com timed out after none of the configured DNS servers responded.
Warning,12-06-2021 21:55,Microsoft-Windows-DistributedCOM,10016,None,"The machine-default permission settings do not grant Local Activation permission for the COM Server application with CLSID 
{C2F03A33-21F5-47FA-B4BB-156362A2F239}
 and APPID 
{316CDED5-E4AE-4B15-9113-7055D84DCC97}
 to the user SHOHID-PC\SHOHID SID (S-1-5-21-2091211461-3178656723-4261672445-1001) from address LocalHost (Using LRPC) running in the application container Microsoft.Windows.ShellExperienceHost_10.0.18362.1171_neutral_neutral_cw5n1h2txyewy SID (S-1-15-2-155514346-2573954481-755741238-1654018636-1233331829-3075935687-2861478708). This security permission can be modified using the Component Services administrative tool."
Warning,12-06-2021 21:55,Microsoft-Windows-DNS-Client,1014,-1014,Name resolution for the name relay-fa663288.net.anydesk.com timed out after none of the configured DNS servers responded.
Warning,12-06-2021 21:27,Microsoft-Windows-DistributedCOM,10016,None,"The machine-default permission settings do not grant Local Activation permission for the COM Server application with CLSID 
{C2F03A33-21F5-47FA-B4BB-156362A2F239}
 and APPID 
{316CDED5-E4AE-4B15-9113-7055D84DCC97}
 to the user SHOHID-PC\SHOHID SID (S-1-5-21-2091211461-3178656723-4261672445-1001) from address LocalHost (Using LRPC) running in the application container Microsoft.Windows.ShellExperienceHost_10.0.18362.1171_neutral_neutral_cw5n1h2txyewy SID (S-1-15-2-155514346-2573954481-755741238-1654018636-1233331829-3075935687-2861478708). This security permission can be modified using the Component Services administrative tool."
Warning,12-06-2021 21:26,Microsoft-Windows-DistributedCOM,10016,None,"The machine-default permission settings do not grant Local Activation permission for the COM Server application with CLSID 
{C2F03A33-21F5-47FA-B4BB-156362A2F239}
 and APPID 
{316CDED5-E4AE-4B15-9113-7055D84DCC97}
 to the user SHOHID-PC\SHOHID SID (S-1-5-21-2091211461-3178656723-4261672445-1001) from address LocalHost (Using LRPC) running in the application container Microsoft.Windows.ShellExperienceHost_10.0.18362.1171_neutral_neutral_cw5n1h2txyewy SID (S-1-15-2-155514346-2573954481-755741238-1654018636-1233331829-3075935687-2861478708). This security permission can be modified using the Component Services administrative tool."
Warning,12-06-2021 21:26,Microsoft-Windows-DistributedCOM,10016,None,"The machine-default permission settings do not grant Local Activation permission for the COM Server application with CLSID 
{C2F03A33-21F5-47FA-B4BB-156362A2F239}
 and APPID 
{316CDED5-E4AE-4B15-9113-7055D84DCC97}
 to the user SHOHID-PC\SHOHID SID (S-1-5-21-2091211461-3178656723-4261672445-1001) from address LocalHost (Using LRPC) running in the application container Microsoft.Windows.ShellExperienceHost_10.0.18362.1171_neutral_neutral_cw5n1h2txyewy SID (S-1-15-2-155514346-2573954481-755741238-1654018636-1233331829-3075935687-2861478708). This security permission can be modified using the Component Services administrative tool."
Warning,12-06-2021 21:13,Microsoft-Windows-DistributedCOM,10016,None,"The machine-default permission settings do not grant Local Activation permission for the COM Server application with CLSID 
{C2F03A33-21F5-47FA-B4BB-156362A2F239}
 and APPID 
{316CDED5-E4AE-4B15-9113-7055D84DCC97}
 to the user SHOHID-PC\SHOHID SID (S-1-5-21-2091211461-3178656723-4261672445-1001) from address LocalHost (Using LRPC) running in the application container Microsoft.Windows.ShellExperienceHost_10.0.18362.1171_neutral_neutral_cw5n1h2txyewy SID (S-1-15-2-155514346-2573954481-755741238-1654018636-1233331829-3075935687-2861478708). This security permission can be modified using the Component Services administrative tool."
Warning,12-06-2021 20:33,Microsoft-Windows-DNS-Client,1014,-1014,Name resolution for the name boot-02.net.anydesk.com timed out after none of the configured DNS servers responded.
Warning,12-06-2021 20:31,Microsoft-Windows-DNS-Client,1014,-1014,Name resolution for the name mail.google.com timed out after none of the configured DNS servers responded.
Warning,12-06-2021 20:31,Microsoft-Windows-DNS-Client,1014,-1014,Name resolution for the name trouter-azsc-asse-0-b.trouter.skype.com timed out after none of the configured DNS servers responded.
Warning,12-06-2021 20:30,Microsoft-Windows-DNS-Client,1014,-1014,Name resolution for the name fonts.gstatic.com timed out after none of the configured DNS servers responded.
Warning,12-06-2021 20:30,Microsoft-Windows-DNS-Client,1014,-1014,Name resolution for the name gateway.facebook.com timed out after none of the configured DNS servers responded.
Warning,12-06-2021 20:30,Microsoft-Windows-DNS-Client,1014,-1014,Name resolution for the name azwcus1-client-s.gateway.messenger.live.com timed out after none of the configured DNS servers responded.
Warning,12-06-2021 20:26,Microsoft-Windows-DNS-Client,1014,-1014,Name resolution for the name r5---sn-x5guiuxaxjvh-q5j6.googlevideo.com timed out after none of the configured DNS servers responded.
Error,12-06-2021 20:21,Microsoft-Windows-DistributedCOM,10010,None,The server Microsoft.SkypeApp_15.78.159.0_x86__kzf8qxf38zg5c!App.AppXtwmqn4em5r5dpafgj4t4yyxgjfe0hr50.mca did not register with DCOM within the required timeout.
Warning,12-06-2021 19:17,Microsoft-Windows-DistributedCOM,10016,None,"The application-specific permission settings do not grant Local Activation permission for the COM Server application with CLSID 
{2593F8B9-4EAF-457C-B68A-50F6B8EA6B54}
 and APPID 
{15C20B67-12E7-4BB6-92BB-7AFF07997402}
 to the user SHOHID-PC\SHOHID SID (S-1-5-21-2091211461-3178656723-4261672445-1001) from address LocalHost (Using LRPC) running in the application container Microsoft.SkypeApp_15.78.159.0_x86__kzf8qxf38zg5c SID (Unavailable). This security permission can be modified using the Component Services administrative tool."
Warning,12-06-2021 19:09,Microsoft-Windows-DistributedCOM,10016,None,"The application-specific permission settings do not grant Local Activation permission for the COM Server application with CLSID 
{2593F8B9-4EAF-457C-B68A-50F6B8EA6B54}
 and APPID 
{15C20B67-12E7-4BB6-92BB-7AFF07997402}
 to the user SHOHID-PC\SHOHID SID (S-1-5-21-2091211461-3178656723-4261672445-1001) from address LocalHost (Using LRPC) running in the application container Unavailable SID (Unavailable). This security permission can be modified using the Component Services administrative tool."
Warning,12-06-2021 18:34,Microsoft-Windows-DNS-Client,1014,-1014,Name resolution for the name boot-02.net.anydesk.com timed out after none of the configured DNS servers responded.
Warning,12-06-2021 18:34,Microsoft-Windows-DNS-Client,1014,-1014,Name resolution for the name beacons.gcp.gvt2.com timed out after none of the configured DNS servers responded.
Warning,12-06-2021 18:16,Microsoft-Windows-DNS-Client,1014,-1014,Name resolution for the name clients2.google.com timed out after none of the configured DNS servers responded.
Warning,12-06-2021 18:16,Microsoft-Windows-DistributedCOM,10016,None,"The application-specific permission settings do not grant Local Activation permission for the COM Server application with CLSID 
{2593F8B9-4EAF-457C-B68A-50F6B8EA6B54}
 and APPID 
{15C20B67-12E7-4BB6-92BB-7AFF07997402}
 to the user SHOHID-PC\SHOHID SID (S-1-5-21-2091211461-3178656723-4261672445-1001) from address LocalHost (Using LRPC) running in the application container Unavailable SID (Unavailable). This security permission can be modified using the Component Services administrative tool."
Warning,12-06-2021 16:48,Microsoft-Windows-DistributedCOM,10016,None,"The machine-default permission settings do not grant Local Activation permission for the COM Server application with CLSID 
{C2F03A33-21F5-47FA-B4BB-156362A2F239}
 and APPID 
{316CDED5-E4AE-4B15-9113-7055D84DCC97}
 to the user SHOHID-PC\SHOHID SID (S-1-5-21-2091211461-3178656723-4261672445-1001) from address LocalHost (Using LRPC) running in the application container Microsoft.Windows.ShellExperienceHost_10.0.18362.1171_neutral_neutral_cw5n1h2txyewy SID (S-1-15-2-155514346-2573954481-755741238-1654018636-1233331829-3075935687-2861478708). This security permission can be modified using the Component Services administrative tool."
Warning,12-06-2021 15:54,Microsoft-Windows-DistributedCOM,10016,None,"The machine-default permission settings do not grant Local Activation permission for the COM Server application with CLSID 
{C2F03A33-21F5-47FA-B4BB-156362A2F239}
 and APPID 
{316CDED5-E4AE-4B15-9113-7055D84DCC97}
 to the user SHOHID-PC\SHOHID SID (S-1-5-21-2091211461-3178656723-4261672445-1001) from address LocalHost (Using LRPC) running in the application container Microsoft.Windows.ShellExperienceHost_10.0.18362.1171_neutral_neutral_cw5n1h2txyewy SID (S-1-15-2-155514346-2573954481-755741238-1654018636-1233331829-3075935687-2861478708). This security permission can be modified using the Component Services administrative tool."
Information,12-06-2021 14:48,Microsoft-Windows-Kernel-General,16,None,The access history in hive \??\C:\ProgramData\Microsoft\Provisioning\Microsoft-Desktop-Provisioning-Sequence.dat was cleared updating 0 keys and creating 0 modified pages.
Warning,12-06-2021 14:07,Microsoft-Windows-DistributedCOM,10016,None,"The application-specific permission settings do not grant Local Activation permission for the COM Server application with CLSID 
{2593F8B9-4EAF-457C-B68A-50F6B8EA6B54}
 and APPID 
{15C20B67-12E7-4BB6-92BB-7AFF07997402}
 to the user SHOHID-PC\SHOHID SID (S-1-5-21-2091211461-3178656723-4261672445-1001) from address LocalHost (Using LRPC) running in the application container Unavailable SID (Unavailable). This security permission can be modified using the Component Services administrative tool."
Error,12-06-2021 14:07,Microsoft-Windows-DistributedCOM,10010,None,The server Microsoft.SkypeApp_15.78.159.0_x86__kzf8qxf38zg5c!App.AppXtwmqn4em5r5dpafgj4t4yyxgjfe0hr50.mca did not register with DCOM within the required timeout.
Information,12-06-2021 14:07,Microsoft-Windows-Power-Troubleshooter,1,None,"The system has returned from a low power state.

Sleep Time: 2021-12-06T06:45:36.278490400Z
Wake Time: 2021-12-06T08:07:27.885392300Z

Wake Source: Unknown"
Information,12-06-2021 14:07,Microsoft-Windows-Winlogon,7001,-1101,User Logon Notification for Customer Experience Improvement Program
Information,12-06-2021 14:07,Microsoft-Windows-Kernel-Boot,32,-58,The bootmgr spent 0 ms waiting for user input.
Information,12-06-2021 14:07,Microsoft-Windows-Kernel-Boot,18,-57,There are 0x1 boot options on this system.
Information,12-06-2021 14:07,Microsoft-Windows-Kernel-Boot,27,-33,The boot type was 0x1.
Information,12-06-2021 14:07,Microsoft-Windows-Kernel-Boot,25,-32,The boot menu policy was 0x1.
Information,12-06-2021 14:07,Microsoft-Windows-Kernel-Boot,30,-21,The firmware reported boot metrics.
Error,12-06-2021 14:07,iaStorA,4102,None,Error log: Smart event occured on disk :X6GJEAPFS  
Information,12-06-2021 14:07,Microsoft-Windows-Kernel-General,1,-5,"The system time has changed to 2021-12-06T08:07:26.500000000Z from 2021-12-06T06:45:40.751064600Z.

Change Reason: System time synchronized with the hardware clock.
Process: '' (PID 4)."
Information,12-06-2021 12:45,Microsoft-Windows-Kernel-Power,107,-102,The system has resumed from sleep.
Information,12-06-2021 12:45,Microsoft-Windows-Kernel-Power,42,-64,"The system is entering sleep.

Sleep Reason: Application API"
Information,12-06-2021 12:45,Microsoft-Windows-Kernel-Power,187,-243,User-mode process attempted to change the system state by calling SetSuspendState or SetSystemPowerState APIs.
Information,12-06-2021 12:45,Microsoft-Windows-Winlogon,7002,-1102,User Logoff Notification for Customer Experience Improvement Program
Warning,12-06-2021 12:14,Microsoft-Windows-DistributedCOM,10016,None,"The machine-default permission settings do not grant Local Activation permission for the COM Server application with CLSID 
{C2F03A33-21F5-47FA-B4BB-156362A2F239}
 and APPID 
{316CDED5-E4AE-4B15-9113-7055D84DCC97}
 to the user SHOHID-PC\SHOHID SID (S-1-5-21-2091211461-3178656723-4261672445-1001) from address LocalHost (Using LRPC) running in the application container Microsoft.Windows.ShellExperienceHost_10.0.18362.1171_neutral_neutral_cw5n1h2txyewy SID (S-1-15-2-155514346-2573954481-755741238-1654018636-1233331829-3075935687-2861478708). This security permission can be modified using the Component Services administrative tool."
Information,12-06-2021 12:12,Microsoft-Windows-Kernel-General,1,-5,"The system time has changed to 2021-12-06T06:12:30.511479400Z from 2021-12-06T06:12:30.511056100Z.

Change Reason: An application or system component changed the time.
Process: '\Device\HarddiskVolume6\Windows\System32\svchost.exe' (PID 11788)."
Information,12-06-2021 12:12,Microsoft-Windows-Time-Service,35,None,"The time service is now synchronizing the system time with the time source time.windows.com,0x9 (ntp.m|0x9|0.0.0.0:123->40.81.94.65:123) with reference id 1096700200. Current local stratum number is 4."
Information,12-06-2021 12:12,Microsoft-Windows-Kernel-General,16,None,The access history in hive \??\C:\Users\SHOHID\AppData\Local\Packages\microsoft.storepurchaseapp_8wekyb3d8bbwe\Settings\settings.dat was cleared updating 2 keys and creating 1 modified pages.
Information,12-06-2021 12:12,Microsoft-Windows-Time-Service,37,None,"The time provider NtpClient is currently receiving valid time data from time.windows.com,0x9 (ntp.m|0x9|0.0.0.0:123->40.81.94.65:123)."
Information,12-06-2021 12:12,Microsoft-Windows-Time-Service,158,None,The time provider 'VMICTimeProvider' has indicated that the current hardware and operating environment is not supported and has stopped. This behavior is expected for VMICTimeProvider on non-HyperV-guest environments. This may be the expected behavior for the current provider in the current operating environment as well.
Information,12-06-2021 12:11,Microsoft-Windows-Kernel-General,16,None,The access history in hive \??\Volume{fee45b76-0000-0000-0000-602200000000}\System Volume Information\SPP\SppCbsHiveStore\{cd42efe1-f6f1-427c-b004-033192c625a4}{AF600DA0-9DB7-44E7-BB0F-F39D37D0F8D4} was cleared updating 15896 keys and creating 2708 modified pages.
Information,12-06-2021 12:11,Microsoft-Windows-Kernel-General,11,None,"TxR init phase for hive \??\GLOBALROOT\Device\HarddiskVolumeShadowCopy2\WINDOWS\System32\config\DRIVERS (TM: {dff14879-559a-11ec-ae56-1c1b0d79dbe2}, RM: {dff14878-559a-11ec-ae56-1c1b0d79dbe2}) finished with result=0xC00000A2 (Internal code=7)."
Information,12-06-2021 12:11,Microsoft-Windows-Kernel-General,11,None,"TxR init phase for hive \??\GLOBALROOT\Device\HarddiskVolumeShadowCopy2\WINDOWS\System32\config\SYSTEM (TM: {dff14876-559a-11ec-ae56-1c1b0d79dbe2}, RM: {dff14875-559a-11ec-ae56-1c1b0d79dbe2}) finished with result=0xC00000A2 (Internal code=7)."
Information,12-06-2021 12:11,Microsoft-Windows-Kernel-General,16,None,The access history in hive \??\C:\ProgramData\Microsoft\Provisioning\Microsoft-Desktop-Provisioning-Sequence.dat was cleared updating 0 keys and creating 0 modified pages.
Information,12-06-2021 12:10,Microsoft-Windows-WindowsUpdateClient,19,Windows Update Agent,Installation Successful: Windows successfully installed the following update: Security Intelligence Update for Microsoft Defender Antivirus - KB2267602 (Version 1.353.2151.0)
Information,12-06-2021 12:10,Microsoft-Windows-WindowsUpdateClient,43,Windows Update Agent,Installation Started: Windows has started installing the following update: Security Intelligence Update for Microsoft Defender Antivirus - KB2267602 (Version 1.353.2151.0)
Information,12-06-2021 12:10,Microsoft-Windows-WindowsUpdateClient,44,Windows Update Agent,Windows Update started downloading an update.
Information,12-06-2021 12:03,Microsoft-Windows-Kernel-General,15,None,Hive \??\C:\WINDOWS\SysWOW64\config\systemprofile\AppData\Local\Microsoft\VisualStudio\16.0_197f77be\privateregistry.bin was reorganized with a starting size of 6565888 bytes and an ending size of 5787648 bytes.
Warning,12-06-2021 12:01,Microsoft-Windows-DistributedCOM,10016,None,"The application-specific permission settings do not grant Local Activation permission for the COM Server application with CLSID 
{2593F8B9-4EAF-457C-B68A-50F6B8EA6B54}
 and APPID 
{15C20B67-12E7-4BB6-92BB-7AFF07997402}
 to the user SHOHID-PC\SHOHID SID (S-1-5-21-2091211461-3178656723-4261672445-1001) from address LocalHost (Using LRPC) running in the application container Unavailable SID (Unavailable). This security permission can be modified using the Component Services administrative tool."
Error,12-06-2021 12:01,Microsoft-Windows-DistributedCOM,10010,None,The server Microsoft.SkypeApp_15.78.159.0_x86__kzf8qxf38zg5c!App.AppXtwmqn4em5r5dpafgj4t4yyxgjfe0hr50.mca did not register with DCOM within the required timeout.
Error,12-06-2021 12:00,Microsoft-Windows-DistributedCOM,10010,None,The server Microsoft.SkypeApp_15.78.159.0_x86__kzf8qxf38zg5c!App.AppXtwmqn4em5r5dpafgj4t4yyxgjfe0hr50.mca did not register with DCOM within the required timeout.
Information,12-06-2021 12:00,Microsoft-Windows-Winlogon,7001,-1101,User Logon Notification for Customer Experience Improvement Program
Information,12-06-2021 12:00,Microsoft-Windows-Power-Troubleshooter,1,None,"The system has returned from a low power state.

Sleep Time: 2021-12-05T17:52:15.399719700Z
Wake Time: 2021-12-06T06:00:02.869083400Z

Wake Source: Unknown"
Information,12-06-2021 12:00,Microsoft-Windows-Kernel-Boot,32,-58,The bootmgr spent 0 ms waiting for user input.
Information,12-06-2021 12:00,Microsoft-Windows-Kernel-Boot,18,-57,There are 0x1 boot options on this system.
Information,12-06-2021 12:00,Microsoft-Windows-Kernel-Boot,27,-33,The boot type was 0x1.
Information,12-06-2021 12:00,Microsoft-Windows-Kernel-Boot,25,-32,The boot menu policy was 0x1.
Information,12-06-2021 12:00,Microsoft-Windows-Kernel-Boot,30,-21,The firmware reported boot metrics.
Error,12-06-2021 12:00,iaStorA,4102,None,Error log: Smart event occured on disk :X6GJEAPFS  
Information,12-06-2021 12:00,Microsoft-Windows-Kernel-General,1,-5,"The system time has changed to 2021-12-06T06:00:00.500000000Z from 2021-12-05T17:52:18.352278400Z.

Change Reason: System time synchronized with the hardware clock.
Process: '' (PID 4)."
Information,12-05-2021 23:52,Microsoft-Windows-Kernel-Power,107,-102,The system has resumed from sleep.
Information,12-06-2021 12:00,EventLog,6013,None,The system uptime is 496528 seconds.
Information,12-05-2021 23:52,Microsoft-Windows-Kernel-Power,42,-64,"The system is entering sleep.

Sleep Reason: Application API"
Information,12-05-2021 23:52,Microsoft-Windows-Kernel-Power,187,-243,User-mode process attempted to change the system state by calling SetSuspendState or SetSystemPowerState APIs.
Information,12-05-2021 23:52,Microsoft-Windows-Winlogon,7002,-1102,User Logoff Notification for Customer Experience Improvement Program
Warning,12-05-2021 23:31,Microsoft-Windows-DistributedCOM,10016,None,"The machine-default permission settings do not grant Local Activation permission for the COM Server application with CLSID 
{C2F03A33-21F5-47FA-B4BB-156362A2F239}
 and APPID 
{316CDED5-E4AE-4B15-9113-7055D84DCC97}
 to the user SHOHID-PC\SHOHID SID (S-1-5-21-2091211461-3178656723-4261672445-1001) from address LocalHost (Using LRPC) running in the application container Microsoft.Windows.ShellExperienceHost_10.0.18362.1171_neutral_neutral_cw5n1h2txyewy SID (S-1-15-2-155514346-2573954481-755741238-1654018636-1233331829-3075935687-2861478708). This security permission can be modified using the Component Services administrative tool."
