Information,11/19/2021 8:19:49 AM,Microsoft-Windows-Kernel-General,16,None,The access history in hive \??\C:\Users\SHOHID\AppData\Local\Packages\613ebcea.polarrphotoeditoracademicedition_jb41c8remg0x2\Settings\settings.dat was cleared updating 2 keys and creating 1 modified pages.
Information,11/19/2021 8:19:49 AM,Microsoft-Windows-Kernel-General,16,None,The access history in hive \??\C:\Users\SHOHID\AppData\Local\Packages\27bd39b1-f5a8-48d7-8f8d-7e42667d7ea4_40p48qrhvc7w8\Settings\settings.dat was cleared updating 2 keys and creating 1 modified pages.
Information,11/19/2021 8:19:49 AM,Microsoft-Windows-Kernel-General,16,None,The access history in hive \??\C:\Users\SHOHID\AppData\Local\Packages\1527c705-839a-4832-9118-54d4bd6a0c89_cw5n1h2txyewy\Settings\settings.dat was cleared updating 2 keys and creating 1 modified pages.
Information,11/19/2021 8:19:48 AM,Microsoft-Windows-Time-Service,37,None,"The time provider NtpClient is currently receiving valid time data from time.windows.com,0x9 (ntp.m|0x9|0.0.0.0:123->52.148.114.188:123)."
Information,11/19/2021 8:19:47 AM,Microsoft-Windows-Time-Service,158,None,The time provider 'VMICTimeProvider' has indicated that the current hardware and operating environment is not supported and has stopped. This behavior is expected for VMICTimeProvider on non-HyperV-guest environments. This may be the expected behavior for the current provider in the current operating environment as well.
Information,11/19/2021 8:19:46 AM,Microsoft-Windows-Kernel-General,16,None,The access history in hive \??\C:\ProgramData\Microsoft\Provisioning\Microsoft-Desktop-Provisioning-Sequence.dat was cleared updating 0 keys and creating 0 modified pages.
Information,11/19/2021 8:14:38 AM,Microsoft-Windows-WindowsUpdateClient,19,Windows Update Agent,Installation Successful: Windows successfully installed the following update: Security Intelligence Update for Microsoft Defender Antivirus - KB2267602 (Version 1.353.1227.0)
Information,11/19/2021 8:14:18 AM,Microsoft-Windows-WindowsUpdateClient,43,Windows Update Agent,Installation Started: Windows has started installing the following update: Security Intelligence Update for Microsoft Defender Antivirus - KB2267602 (Version 1.353.1227.0)
Information,11/19/2021 8:14:10 AM,Microsoft-Windows-WindowsUpdateClient,44,Windows Update Agent,Windows Update started downloading an update.
Error,11/19/2021 8:13:58 AM,Microsoft-Windows-DistributedCOM,10010,None,The server Microsoft.SkypeApp_15.78.159.0_x86__kzf8qxf38zg5c!App.AppXtwmqn4em5r5dpafgj4t4yyxgjfe0hr50.mca did not register with DCOM within the required timeout.
Error,11/19/2021 8:10:28 AM,Microsoft-Windows-DistributedCOM,10010,None,The server Microsoft.SkypeApp_15.78.159.0_x86__kzf8qxf38zg5c!App.AppXtwmqn4em5r5dpafgj4t4yyxgjfe0hr50.mca did not register with DCOM within the required timeout.
Warning,11/19/2021 8:09:51 AM,Microsoft-Windows-DistributedCOM,10016,None,"The application-specific permission settings do not grant Local Activation permission for the COM Server application with CLSID 
{2593F8B9-4EAF-457C-B68A-50F6B8EA6B54}
 and APPID 
{15C20B67-12E7-4BB6-92BB-7AFF07997402}
 to the user SHOHID-PC\SHOHID SID (S-1-5-21-2091211461-3178656723-4261672445-1001) from address LocalHost (Using LRPC) running in the application container Unavailable SID (Unavailable). This security permission can be modified using the Component Services administrative tool."
Information,11/19/2021 8:09:41 AM,Microsoft-Windows-Kernel-General,16,None,The access history in hive \??\C:\Users\SHOHID\AppData\Local\Packages\Microsoft.WindowsCalculator_8wekyb3d8bbwe\Settings\settings.dat was cleared updating 3 keys and creating 1 modified pages.
Information,11/19/2021 8:09:22 AM,Microsoft-Windows-Kernel-General,16,None,The access history in hive \SystemRoot\System32\config\DRIVERS was cleared updating 1354 keys and creating 126 modified pages.
Information,11/19/2021 8:09:01 AM,Microsoft-Windows-Kernel-General,16,None,The access history in hive \??\C:\Users\SHOHID\AppData\Local\Packages\Microsoft.Windows.ContentDeliveryManager_cw5n1h2txyewy\Settings\settings.dat was cleared updating 3673 keys and creating 149 modified pages.
Information,11/19/2021 8:08:57 AM,Microsoft-Windows-Kernel-General,16,None,The access history in hive \??\C:\Users\SHOHID\AppData\Local\Packages\microsoft.windows.cortana_cw5n1h2txyewy\AC\GEH\POF.dat was cleared updating 5 keys and creating 1 modified pages.
Information,11/19/2021 8:08:49 AM,Microsoft-Windows-Power-Troubleshooter,1,None,"The system has returned from a low power state.

Sleep Time: 2021-11-18T10:03:41.070986700Z
Wake Time: 2021-11-19T02:08:48.282367600Z

Wake Source: Unknown"
Information,11/19/2021 8:08:49 AM,Microsoft-Windows-Winlogon,7001,-1101,User Logon Notification for Customer Experience Improvement Program
Information,11/19/2021 8:08:47 AM,Microsoft-Windows-Kernel-Boot,32,-58,The bootmgr spent 0 ms waiting for user input.
Information,11/19/2021 8:08:47 AM,Microsoft-Windows-Kernel-Boot,18,-57,There are 0x1 boot options on this system.
Information,11/19/2021 8:08:47 AM,Microsoft-Windows-Kernel-Boot,27,-33,The boot type was 0x1.
Information,11/19/2021 8:08:47 AM,Microsoft-Windows-Kernel-Boot,25,-32,The boot menu policy was 0x1.
Information,11/19/2021 8:08:47 AM,Microsoft-Windows-Kernel-Boot,30,-21,The firmware reported boot metrics.
Error,11/19/2021 8:08:47 AM,iaStorA,4102,None,Error log: Smart event occured on disk :X6GJEAPFS  
Information,11/19/2021 8:08:46 AM,Microsoft-Windows-Kernel-General,1,-5,"The system time has changed to 2021-11-19T02:08:46.500000000Z from 2021-11-18T10:03:44.053245600Z.

Change Reason: System time synchronized with the hardware clock.
Process: '' (PID 4)."
Information,11/18/2021 4:03:44 PM,Microsoft-Windows-Kernel-Power,107,-102,The system has resumed from sleep.
Information,11/18/2021 4:03:41 PM,Microsoft-Windows-Kernel-Power,42,-64,"The system is entering sleep.

Sleep Reason: Application API"
Information,11/18/2021 4:03:41 PM,Microsoft-Windows-Kernel-General,16,None,The access history in hive \??\C:\ProgramData\Microsoft\Provisioning\Microsoft-Desktop-Provisioning-Sequence.dat was cleared updating 0 keys and creating 0 modified pages.
Information,11/18/2021 4:03:41 PM,Microsoft-Windows-Kernel-Power,187,-243,User-mode process attempted to change the system state by calling SetSuspendState or SetSystemPowerState APIs.
Information,11/18/2021 4:03:40 PM,Microsoft-Windows-Winlogon,7002,-1102,User Logoff Notification for Customer Experience Improvement Program
Warning,11/18/2021 4:02:26 PM,Microsoft-Windows-DNS-Client,1014,-1014,Name resolution for the name ssl.gstatic.com timed out after none of the configured DNS servers responded.
Warning,11/18/2021 3:47:07 PM,Microsoft-Windows-DNS-Client,1014,-1014,Name resolution for the name epicunitscan.info timed out after none of the configured DNS servers responded.
Error,11/18/2021 3:40:48 PM,Microsoft-Windows-DistributedCOM,10010,None,The server Microsoft.SkypeApp_15.78.159.0_x86__kzf8qxf38zg5c!App.AppXtwmqn4em5r5dpafgj4t4yyxgjfe0hr50.mca did not register with DCOM within the required timeout.
Warning,11/18/2021 3:38:42 PM,Microsoft-Windows-DistributedCOM,10016,None,"The machine-default permission settings do not grant Local Activation permission for the COM Server application with CLSID 
{C2F03A33-21F5-47FA-B4BB-156362A2F239}
 and APPID 
{316CDED5-E4AE-4B15-9113-7055D84DCC97}
 to the user SHOHID-PC\SHOHID SID (S-1-5-21-2091211461-3178656723-4261672445-1001) from address LocalHost (Using LRPC) running in the application container Microsoft.Windows.ShellExperienceHost_10.0.18362.1171_neutral_neutral_cw5n1h2txyewy SID (S-1-15-2-155514346-2573954481-755741238-1654018636-1233331829-3075935687-2861478708). This security permission can be modified using the Component Services administrative tool."
Error,11/18/2021 3:38:32 PM,Microsoft-Windows-DistributedCOM,10010,None,The server Microsoft.SkypeApp_15.78.159.0_x86__kzf8qxf38zg5c!App.AppXtwmqn4em5r5dpafgj4t4yyxgjfe0hr50.mca did not register with DCOM within the required timeout.
Warning,11/18/2021 3:38:26 PM,Microsoft-Windows-DistributedCOM,10016,None,"The application-specific permission settings do not grant Local Activation permission for the COM Server application with CLSID 
{2593F8B9-4EAF-457C-B68A-50F6B8EA6B54}
 and APPID 
{15C20B67-12E7-4BB6-92BB-7AFF07997402}
 to the user SHOHID-PC\SHOHID SID (S-1-5-21-2091211461-3178656723-4261672445-1001) from address LocalHost (Using LRPC) running in the application container Unavailable SID (Unavailable). This security permission can be modified using the Component Services administrative tool."
Information,11/18/2021 3:38:13 PM,Microsoft-Windows-Power-Troubleshooter,1,None,"The system has returned from a low power state.

Sleep Time: 2021-11-17T17:10:59.375133700Z
Wake Time: 2021-11-18T09:38:12.057685400Z

Wake Source: Unknown"
Information,11/18/2021 3:38:12 PM,Microsoft-Windows-Winlogon,7001,-1101,User Logon Notification for Customer Experience Improvement Program
Error,11/18/2021 3:38:11 PM,iaStorA,4102,None,Error log: Smart event occured on disk :X6GJEAPFS  
Information,11/18/2021 3:38:11 PM,Microsoft-Windows-Kernel-Boot,32,-58,The bootmgr spent 0 ms waiting for user input.
Information,11/18/2021 3:38:11 PM,Microsoft-Windows-Kernel-Boot,18,-57,There are 0x1 boot options on this system.
Information,11/18/2021 3:38:11 PM,Microsoft-Windows-Kernel-Boot,27,-33,The boot type was 0x1.
Information,11/18/2021 3:38:11 PM,Microsoft-Windows-Kernel-Boot,25,-32,The boot menu policy was 0x1.
Information,11/18/2021 3:38:11 PM,Microsoft-Windows-Kernel-Boot,30,-21,The firmware reported boot metrics.
Information,11/18/2021 3:38:10 PM,Microsoft-Windows-Kernel-General,1,-5,"The system time has changed to 2021-11-18T09:38:10.500000000Z from 2021-11-17T17:11:02.088695000Z.

Change Reason: System time synchronized with the hardware clock.
Process: '' (PID 4)."
Information,11/17/2021 11:11:02 PM,Microsoft-Windows-Kernel-Power,107,-102,The system has resumed from sleep.
Information,11/18/2021 3:38:11 PM,EventLog,6013,None,The system uptime is 158044 seconds.
Information,11/17/2021 11:11:00 PM,Microsoft-Windows-Kernel-Power,42,-64,"The system is entering sleep.

Sleep Reason: Application API"
Information,11/17/2021 11:10:59 PM,Microsoft-Windows-Kernel-Power,187,-243,User-mode process attempted to change the system state by calling SetSuspendState or SetSystemPowerState APIs.
Information,11/17/2021 11:10:57 PM,Microsoft-Windows-Winlogon,7002,-1102,User Logoff Notification for Customer Experience Improvement Program
Error,11/17/2021 9:59:32 PM,Schannel,36882,None,"The certificate received from the remote server was issued by an untrusted certificate authority. Because of this, none of the data contained in the certificate can be validated. The TLS connection request has failed. The attached data contains the server certificate."
Error,11/17/2021 9:59:32 PM,Schannel,36882,None,"The certificate received from the remote server was issued by an untrusted certificate authority. Because of this, none of the data contained in the certificate can be validated. The TLS connection request has failed. The attached data contains the server certificate."
Error,11/17/2021 9:08:36 PM,Schannel,36882,None,"The certificate received from the remote server was issued by an untrusted certificate authority. Because of this, none of the data contained in the certificate can be validated. The TLS connection request has failed. The attached data contains the server certificate."
Error,11/17/2021 9:08:35 PM,Schannel,36882,None,"The certificate received from the remote server was issued by an untrusted certificate authority. Because of this, none of the data contained in the certificate can be validated. The TLS connection request has failed. The attached data contains the server certificate."
Warning,11/17/2021 9:01:40 PM,Microsoft-Windows-DistributedCOM,10016,None,"The application-specific permission settings do not grant Local Activation permission for the COM Server application with CLSID 
{2593F8B9-4EAF-457C-B68A-50F6B8EA6B54}
 and APPID 
{15C20B67-12E7-4BB6-92BB-7AFF07997402}
 to the user SHOHID-PC\SHOHID SID (S-1-5-21-2091211461-3178656723-4261672445-1001) from address LocalHost (Using LRPC) running in the application container Unavailable SID (Unavailable). This security permission can be modified using the Component Services administrative tool."
Warning,11/17/2021 8:58:32 PM,Microsoft-Windows-DistributedCOM,10016,None,"The application-specific permission settings do not grant Local Activation permission for the COM Server application with CLSID 
{2593F8B9-4EAF-457C-B68A-50F6B8EA6B54}
 and APPID 
{15C20B67-12E7-4BB6-92BB-7AFF07997402}
 to the user SHOHID-PC\SHOHID SID (S-1-5-21-2091211461-3178656723-4261672445-1001) from address LocalHost (Using LRPC) running in the application container Unavailable SID (Unavailable). This security permission can be modified using the Component Services administrative tool."
Warning,11/17/2021 8:56:51 PM,Microsoft-Windows-DistributedCOM,10016,None,"The application-specific permission settings do not grant Local Activation permission for the COM Server application with CLSID 
{2593F8B9-4EAF-457C-B68A-50F6B8EA6B54}
 and APPID 
{15C20B67-12E7-4BB6-92BB-7AFF07997402}
 to the user SHOHID-PC\SHOHID SID (S-1-5-21-2091211461-3178656723-4261672445-1001) from address LocalHost (Using LRPC) running in the application container Unavailable SID (Unavailable). This security permission can be modified using the Component Services administrative tool."
Information,11/17/2021 8:47:17 PM,Microsoft-Windows-Kernel-General,16,None,The access history in hive \??\C:\ProgramData\Microsoft\Provisioning\Microsoft-Desktop-Provisioning-Sequence.dat was cleared updating 0 keys and creating 0 modified pages.
Information,11/17/2021 8:29:12 PM,Service Control Manager,7045,None,"A service was installed in the system.

Service Name:  TeamViewer
Service File Name:  ""C:\Program Files (x86)\TeamViewer\TeamViewer_Service.exe""
Service Type:  user mode service
Service Start Type:  auto start
Service Account:  LocalSystem"
Information,11/17/2021 8:28:43 PM,Microsoft-Windows-Kernel-General,16,None,The access history in hive \??\C:\Users\NextGen\NTUSER.DAT was cleared updating 15 keys and creating 6 modified pages.
Information,11/17/2021 8:28:43 PM,Microsoft-Windows-Kernel-General,16,None,The access history in hive \??\C:\Users\DEFAUL~1.IIS\NTUSER.DAT was cleared updating 33 keys and creating 10 modified pages.
Information,11/17/2021 8:28:43 PM,Microsoft-Windows-Kernel-General,16,None,The access history in hive \??\C:\Users\NETV2~1.0CL\NTUSER.DAT was cleared updating 14 keys and creating 7 modified pages.
Information,11/17/2021 8:28:43 PM,Microsoft-Windows-Kernel-General,16,None,The access history in hive \??\C:\Users\NETV4~1.5CL\NTUSER.DAT was cleared updating 14 keys and creating 7 modified pages.
Information,11/17/2021 8:28:43 PM,Microsoft-Windows-Kernel-General,16,None,The access history in hive \??\C:\Users\NETV2~1.0\NTUSER.DAT was cleared updating 14 keys and creating 7 modified pages.
Information,11/17/2021 8:28:43 PM,Microsoft-Windows-Kernel-General,16,None,The access history in hive \??\C:\Users\VMS\NTUSER.DAT was cleared updating 15 keys and creating 6 modified pages.
Information,11/17/2021 8:28:43 PM,Microsoft-Windows-Kernel-General,16,None,The access history in hive \??\C:\Users\MEP_NEW\NTUSER.DAT was cleared updating 15 keys and creating 7 modified pages.
Information,11/17/2021 8:28:42 PM,Microsoft-Windows-Kernel-General,16,None,The access history in hive \??\C:\Users\DEFAUL~2\NTUSER.DAT was cleared updating 14 keys and creating 6 modified pages.
Information,11/17/2021 8:28:42 PM,Microsoft-Windows-Kernel-General,16,None,The access history in hive \??\C:\Users\NETV4~1.5\NTUSER.DAT was cleared updating 14 keys and creating 7 modified pages.
Information,11/17/2021 8:28:42 PM,Microsoft-Windows-Kernel-General,16,None,The access history in hive \??\C:\Users\GIS\NTUSER.DAT was cleared updating 19 keys and creating 8 modified pages.
Information,11/17/2021 8:28:42 PM,Microsoft-Windows-Kernel-General,16,None,The access history in hive \??\C:\Users\AMS\NTUSER.DAT was cleared updating 19 keys and creating 8 modified pages.
Information,11/17/2021 8:28:42 PM,Microsoft-Windows-Kernel-General,16,None,The access history in hive \??\C:\Users\MEP\NTUSER.DAT was cleared updating 19 keys and creating 8 modified pages.
Information,11/17/2021 8:28:42 PM,Microsoft-Windows-Kernel-General,16,None,The access history in hive \??\C:\Users\IWMSEC~1\NTUSER.DAT was cleared updating 669 keys and creating 42 modified pages.
Information,11/17/2021 8:28:42 PM,Microsoft-Windows-Kernel-General,16,None,The access history in hive \??\C:\Users\IWMSER~1\NTUSER.DAT was cleared updating 668 keys and creating 42 modified pages.
Information,11/17/2021 8:28:42 PM,Microsoft-Windows-Kernel-General,16,None,The access history in hive \??\C:\Users\ONLINE~1\NTUSER.DAT was cleared updating 18 keys and creating 9 modified pages.
Information,11/17/2021 8:28:42 PM,Microsoft-Windows-Kernel-General,16,None,The access history in hive \??\C:\Users\CLASSI~1.NET\NTUSER.DAT was cleared updating 18 keys and creating 9 modified pages.
Information,11/17/2021 8:28:42 PM,Microsoft-Windows-Kernel-General,16,None,The access history in hive \??\C:\Users\UPDATU~1.DES\NTUSER.DAT was cleared updating 22 keys and creating 8 modified pages.
Information,11/17/2021 8:28:42 PM,Microsoft-Windows-Kernel-General,16,None,The access history in hive \??\C:\Users\UPDATU~1\NTUSER.DAT was cleared updating 22 keys and creating 8 modified pages.
Error,11/17/2021 8:22:08 PM,Microsoft-Windows-DistributedCOM,10010,None,The server Microsoft.SkypeApp_15.78.159.0_x86__kzf8qxf38zg5c!App.AppXtwmqn4em5r5dpafgj4t4yyxgjfe0hr50.mca did not register with DCOM within the required timeout.
Information,11/17/2021 8:19:27 PM,Microsoft-Windows-WindowsUpdateClient,19,Windows Update Agent,Installation Successful: Windows successfully installed the following update: Security Intelligence Update for Microsoft Defender Antivirus - KB2267602 (Version 1.353.1142.0)
Information,11/17/2021 8:19:15 PM,Microsoft-Windows-WindowsUpdateClient,43,Windows Update Agent,Installation Started: Windows has started installing the following update: Security Intelligence Update for Microsoft Defender Antivirus - KB2267602 (Version 1.353.1142.0)
Information,11/17/2021 8:19:10 PM,Microsoft-Windows-WindowsUpdateClient,44,Windows Update Agent,Windows Update started downloading an update.
Warning,11/17/2021 8:17:03 PM,Microsoft-Windows-DistributedCOM,10016,None,"The application-specific permission settings do not grant Local Activation permission for the COM Server application with CLSID 
{2593F8B9-4EAF-457C-B68A-50F6B8EA6B54}
 and APPID 
{15C20B67-12E7-4BB6-92BB-7AFF07997402}
 to the user SHOHID-PC\SHOHID SID (S-1-5-21-2091211461-3178656723-4261672445-1001) from address LocalHost (Using LRPC) running in the application container Unavailable SID (Unavailable). This security permission can be modified using the Component Services administrative tool."
Error,11/17/2021 8:14:17 PM,Microsoft-Windows-DistributedCOM,10010,None,The server Microsoft.SkypeApp_15.78.159.0_x86__kzf8qxf38zg5c!App.AppXtwmqn4em5r5dpafgj4t4yyxgjfe0hr50.mca did not register with DCOM within the required timeout.
Warning,11/17/2021 8:14:10 PM,Microsoft-Windows-DNS-Client,1014,-1014,Name resolution for the name v10.events.data.microsoft.com timed out after none of the configured DNS servers responded.
Information,11/17/2021 8:14:01 PM,Microsoft-Windows-Power-Troubleshooter,1,None,"The system has returned from a low power state.

Sleep Time: 2021-11-17T07:14:46.012504300Z
Wake Time: 2021-11-17T14:13:59.525699000Z

Wake Source: Unknown"
Information,11/17/2021 8:14:00 PM,Microsoft-Windows-Winlogon,7001,-1101,User Logon Notification for Customer Experience Improvement Program
Information,11/17/2021 8:13:59 PM,Microsoft-Windows-Kernel-Boot,32,-58,The bootmgr spent 0 ms waiting for user input.
Information,11/17/2021 8:13:59 PM,Microsoft-Windows-Kernel-Boot,18,-57,There are 0x1 boot options on this system.
Information,11/17/2021 8:13:59 PM,Microsoft-Windows-Kernel-Boot,27,-33,The boot type was 0x1.
Information,11/17/2021 8:13:59 PM,Microsoft-Windows-Kernel-Boot,25,-32,The boot menu policy was 0x1.
Information,11/17/2021 8:13:59 PM,Microsoft-Windows-Kernel-Boot,30,-21,The firmware reported boot metrics.
Error,11/17/2021 8:13:59 PM,iaStorA,4102,None,Error log: Smart event occured on disk :X6GJEAPFS  
Information,11/17/2021 8:13:58 PM,Microsoft-Windows-Kernel-General,1,-5,"The system time has changed to 2021-11-17T14:13:58.500000000Z from 2021-11-17T07:14:48.687391900Z.

Change Reason: System time synchronized with the hardware clock.
Process: '' (PID 4)."
Information,11/17/2021 1:14:48 PM,Microsoft-Windows-Kernel-Power,107,-102,The system has resumed from sleep.
Information,11/17/2021 1:14:46 PM,Microsoft-Windows-Kernel-Power,42,-64,"The system is entering sleep.

Sleep Reason: Application API"
Information,11/17/2021 1:14:46 PM,Microsoft-Windows-Kernel-Power,187,-243,User-mode process attempted to change the system state by calling SetSuspendState or SetSystemPowerState APIs.
Information,11/17/2021 1:14:45 PM,Microsoft-Windows-Winlogon,7002,-1102,User Logoff Notification for Customer Experience Improvement Program
Warning,11/17/2021 12:31:50 PM,Microsoft-Windows-DNS-Client,1014,-1014,Name resolution for the name www.bing.com timed out after none of the configured DNS servers responded.
Information,11/17/2021 12:00:00 PM,EventLog,6013,None,The system uptime is 58553 seconds.
Warning,11/17/2021 10:43:09 AM,Microsoft-Windows-DNS-Client,1014,-1014,Name resolution for the name epicunitscan.info timed out after none of the configured DNS servers responded.
Warning,11/17/2021 10:40:54 AM,Microsoft-Windows-DistributedCOM,10016,None,"The application-specific permission settings do not grant Local Activation permission for the COM Server application with CLSID 
{2593F8B9-4EAF-457C-B68A-50F6B8EA6B54}
 and APPID 
{15C20B67-12E7-4BB6-92BB-7AFF07997402}
 to the user SHOHID-PC\SHOHID SID (S-1-5-21-2091211461-3178656723-4261672445-1001) from address LocalHost (Using LRPC) running in the application container Unavailable SID (Unavailable). This security permission can be modified using the Component Services administrative tool."
Warning,11/17/2021 10:03:21 AM,Microsoft-Windows-DNS-Client,1014,-1014,Name resolution for the name settings-win.data.microsoft.com timed out after none of the configured DNS servers responded.
Error,11/17/2021 8:31:39 AM,Microsoft-Windows-DistributedCOM,10010,None,The server Microsoft.SkypeApp_15.78.159.0_x86__kzf8qxf38zg5c!App.AppXtwmqn4em5r5dpafgj4t4yyxgjfe0hr50.mca did not register with DCOM within the required timeout.
Information,11/17/2021 7:49:31 AM,Service Control Manager,7045,None,"A service was installed in the system.

Service Name:  MpKsl081aa37e
Service File Name:  C:\ProgramData\Microsoft\Windows Defender\Definition Updates\{F7C79BB5-4484-44CB-8A80-363814BC513D}\MpKslDrv.sys
Service Type:  kernel mode driver
Service Start Type:  demand start
Service Account:  "
Information,11/17/2021 7:49:20 AM,Microsoft-Windows-Kernel-General,1,-5,"The system time has changed to 2021-11-17T01:49:20.802271600Z from 2021-11-17T01:49:20.801282600Z.

Change Reason: An application or system component changed the time.
Process: '\Device\HarddiskVolume6\Windows\System32\svchost.exe' (PID 13996)."
Information,11/17/2021 7:49:20 AM,Microsoft-Windows-Kernel-General,1,-5,"The system time has changed to 2021-11-17T01:49:20.801282600Z from 2021-11-17T01:49:20.800469800Z.

Change Reason: An application or system component changed the time.
Process: '\Device\HarddiskVolume6\Windows\System32\svchost.exe' (PID 13996)."
Information,11/17/2021 7:49:20 AM,Microsoft-Windows-Time-Service,35,None,"The time service is now synchronizing the system time with the time source time.windows.com,0x9 (ntp.m|0x9|0.0.0.0:123->52.148.114.188:123) with reference id 3161625652. Current local stratum number is 4."
Information,11/17/2021 7:49:20 AM,Microsoft-Windows-Kernel-General,1,-5,"The system time has changed to 2021-11-17T01:49:20.800469800Z from 2021-11-17T01:49:19.031409100Z.

Change Reason: An application or system component changed the time.
Process: '\Device\HarddiskVolume6\Windows\System32\svchost.exe' (PID 13996)."
Information,11/17/2021 7:49:04 AM,Microsoft-Windows-Time-Service,37,None,"The time provider NtpClient is currently receiving valid time data from time.windows.com,0x9 (ntp.m|0x9|0.0.0.0:123->52.148.114.188:123)."
Information,11/17/2021 7:49:02 AM,Microsoft-Windows-Time-Service,158,None,The time provider 'VMICTimeProvider' has indicated that the current hardware and operating environment is not supported and has stopped. This behavior is expected for VMICTimeProvider on non-HyperV-guest environments. This may be the expected behavior for the current provider in the current operating environment as well.
Warning,11/17/2021 7:17:43 AM,Microsoft-Windows-DNS-Client,1014,-1014,Name resolution for the name clientservices.googleapis.com timed out after none of the configured DNS servers responded.
Warning,11/17/2021 7:17:32 AM,Microsoft-Windows-DistributedCOM,10016,None,"The application-specific permission settings do not grant Local Activation permission for the COM Server application with CLSID 
{2593F8B9-4EAF-457C-B68A-50F6B8EA6B54}
 and APPID 
{15C20B67-12E7-4BB6-92BB-7AFF07997402}
 to the user SHOHID-PC\SHOHID SID (S-1-5-21-2091211461-3178656723-4261672445-1001) from address LocalHost (Using LRPC) running in the application container Unavailable SID (Unavailable). This security permission can be modified using the Component Services administrative tool."
Information,11/17/2021 7:12:15 AM,Microsoft-Windows-Kernel-General,16,None,The access history in hive \??\C:\ProgramData\Microsoft\Provisioning\Microsoft-Desktop-Provisioning-Sequence.dat was cleared updating 0 keys and creating 0 modified pages.
Information,11/17/2021 7:07:46 AM,Microsoft-Windows-Kernel-General,16,None,The access history in hive \??\C:\Users\ReportServer$MSSQLSERVER14\AppData\Local\Microsoft\VisualStudio\16.0_197f77be\privateregistry.bin was cleared updating 9294 keys and creating 1247 modified pages.
Information,11/17/2021 7:07:46 AM,Microsoft-Windows-Kernel-General,15,None,Hive \??\C:\Users\MsDtsServer120\AppData\Local\Microsoft\VisualStudio\16.0_197f77be\privateregistry.bin was reorganized with a starting size of 5771264 bytes and an ending size of 5767168 bytes.
Information,11/17/2021 7:07:45 AM,Microsoft-Windows-Kernel-General,16,None,The access history in hive \??\C:\Users\MSSQLSERVER\AppData\Local\Microsoft\VisualStudio\16.0_197f77be\privateregistry.bin was cleared updating 14 keys and creating 2 modified pages.
Information,11/17/2021 7:07:44 AM,Microsoft-Windows-Kernel-General,16,None,The access history in hive \??\C:\Users\ReportServer\AppData\Local\Microsoft\VisualStudio\16.0_197f77be\privateregistry.bin was cleared updating 14 keys and creating 2 modified pages.
Information,11/17/2021 7:07:44 AM,Microsoft-Windows-Kernel-General,16,None,The access history in hive \??\C:\Users\MSSQLFDLauncher$MSSQLSERVER14\AppData\Local\Microsoft\VisualStudio\16.0_197f77be\privateregistry.bin was cleared updating 14 keys and creating 2 modified pages.
Information,11/17/2021 7:07:44 AM,Microsoft-Windows-Kernel-General,16,None,The access history in hive \??\C:\Users\MSOLAP$MSSQLSERVER14\AppData\Local\Microsoft\VisualStudio\16.0_197f77be\privateregistry.bin was cleared updating 9598 keys and creating 1280 modified pages.
Information,11/17/2021 7:07:44 AM,Microsoft-Windows-Kernel-General,16,None,The access history in hive \??\C:\Users\SQLSERVERAGENT\AppData\Local\Microsoft\VisualStudio\16.0_197f77be\privateregistry.bin was cleared updating 15 keys and creating 2 modified pages.
Information,11/17/2021 7:07:44 AM,Microsoft-Windows-Kernel-General,16,None,The access history in hive \??\C:\Users\MSSQLFDLauncher\AppData\Local\Microsoft\VisualStudio\16.0_197f77be\privateregistry.bin was cleared updating 15 keys and creating 2 modified pages.
Information,11/17/2021 7:07:44 AM,Microsoft-Windows-Kernel-General,16,None,The access history in hive \??\C:\Users\MsDtsServer110\AppData\Local\Microsoft\VisualStudio\16.0_197f77be\privateregistry.bin was cleared updating 15 keys and creating 2 modified pages.
Information,11/17/2021 7:07:44 AM,Microsoft-Windows-Kernel-General,16,None,The access history in hive \??\C:\WINDOWS\ServiceProfiles\SQLAgent$MSSQLSERVER14\AppData\Local\Microsoft\VisualStudio\16.0_197f77be\privateregistry.bin was cleared updating 15 keys and creating 2 modified pages.
Information,11/17/2021 7:07:44 AM,Microsoft-Windows-Kernel-General,16,None,The access history in hive \??\C:\Users\MSSQLServerOLAPService\AppData\Local\Microsoft\VisualStudio\16.0_197f77be\privateregistry.bin was cleared updating 15 keys and creating 2 modified pages.
Information,11/17/2021 7:07:44 AM,Microsoft-Windows-Kernel-General,16,None,The access history in hive \??\C:\Users\MSSQL$MSSQLSERVER14\AppData\Local\Microsoft\VisualStudio\16.0_197f77be\privateregistry.bin was cleared updating 15 keys and creating 2 modified pages.
Information,11/17/2021 7:07:41 AM,Microsoft-Windows-Kernel-General,16,None,The access history in hive \??\C:\Users\ReportServer$MSSQLSERVER14\AppData\Local\Microsoft\Windows\UsrClass.dat was cleared updating 5 keys and creating 1 modified pages.
Information,11/17/2021 7:07:41 AM,Microsoft-Windows-Kernel-General,16,None,The access history in hive \??\C:\Users\ReportServer$MSSQLSERVER14\ntuser.dat was cleared updating 90 keys and creating 22 modified pages.
Information,11/17/2021 7:07:41 AM,Microsoft-Windows-Kernel-General,16,None,The access history in hive \??\C:\Users\MsDtsServer120\AppData\Local\Microsoft\Windows\UsrClass.dat was cleared updating 5 keys and creating 1 modified pages.
Information,11/17/2021 7:07:41 AM,Microsoft-Windows-Kernel-General,16,None,The access history in hive \??\C:\Users\MsDtsServer120\ntuser.dat was cleared updating 84 keys and creating 21 modified pages.
Information,11/17/2021 7:07:41 AM,Microsoft-Windows-Kernel-General,16,None,The access history in hive \??\C:\Users\SQLSERVERAGENT\AppData\Local\Microsoft\Windows\UsrClass.dat was cleared updating 5 keys and creating 1 modified pages.
Information,11/17/2021 7:07:40 AM,Microsoft-Windows-Kernel-General,16,None,The access history in hive \??\C:\Users\SQLSERVERAGENT\ntuser.dat was cleared updating 92 keys and creating 21 modified pages.
Information,11/17/2021 7:07:40 AM,Microsoft-Windows-Kernel-General,16,None,The access history in hive \??\C:\Users\ReportServer\AppData\Local\Microsoft\Windows\UsrClass.dat was cleared updating 5 keys and creating 1 modified pages.
Information,11/17/2021 7:07:40 AM,Microsoft-Windows-Kernel-General,16,None,The access history in hive \??\C:\Users\ReportServer\ntuser.dat was cleared updating 90 keys and creating 21 modified pages.
Information,11/17/2021 7:07:40 AM,Microsoft-Windows-Kernel-General,16,None,The access history in hive \??\C:\Users\MSSQLServerOLAPService\AppData\Local\Microsoft\Windows\UsrClass.dat was cleared updating 9 keys and creating 1 modified pages.
Information,11/17/2021 7:07:39 AM,Microsoft-Windows-Kernel-General,16,None,The access history in hive \??\C:\Users\MSSQLServerOLAPService\ntuser.dat was cleared updating 112 keys and creating 25 modified pages.
Information,11/17/2021 7:07:39 AM,Microsoft-Windows-Kernel-General,16,None,The access history in hive \??\C:\Users\MSOLAP$MSSQLSERVER14\AppData\Local\Microsoft\Windows\UsrClass.dat was cleared updating 5 keys and creating 2 modified pages.
Information,11/17/2021 7:07:39 AM,Microsoft-Windows-Kernel-General,16,None,The access history in hive \??\C:\Users\MSOLAP$MSSQLSERVER14\ntuser.dat was cleared updating 84 keys and creating 21 modified pages.
Information,11/17/2021 7:07:39 AM,Microsoft-Windows-Kernel-General,16,None,The access history in hive \??\C:\WINDOWS\ServiceProfiles\SQLAgent$MSSQLSERVER14\AppData\Local\Microsoft\Windows\UsrClass.dat was cleared updating 5 keys and creating 1 modified pages.
Information,11/17/2021 7:07:38 AM,Microsoft-Windows-Kernel-General,16,None,The access history in hive \??\C:\WINDOWS\ServiceProfiles\SQLAgent$MSSQLSERVER14\ntuser.dat was cleared updating 90 keys and creating 22 modified pages.
Information,11/17/2021 7:07:38 AM,Microsoft-Windows-Kernel-General,16,None,The access history in hive \??\C:\Users\MsDtsServer110\AppData\Local\Microsoft\Windows\UsrClass.dat was cleared updating 5 keys and creating 1 modified pages.
Information,11/17/2021 7:07:38 AM,Microsoft-Windows-Kernel-General,16,None,The access history in hive \??\C:\Users\MsDtsServer110\ntuser.dat was cleared updating 84 keys and creating 21 modified pages.
Warning,11/17/2021 7:01:42 AM,Microsoft-Windows-DistributedCOM,10016,None,"The machine-default permission settings do not grant Local Activation permission for the COM Server application with CLSID 
{C2F03A33-21F5-47FA-B4BB-156362A2F239}
 and APPID 
{316CDED5-E4AE-4B15-9113-7055D84DCC97}
 to the user SHOHID-PC\SHOHID SID (S-1-5-21-2091211461-3178656723-4261672445-1001) from address LocalHost (Using LRPC) running in the application container Microsoft.Windows.ShellExperienceHost_10.0.18362.1171_neutral_neutral_cw5n1h2txyewy SID (S-1-15-2-155514346-2573954481-755741238-1654018636-1233331829-3075935687-2861478708). This security permission can be modified using the Component Services administrative tool."
Error,11/17/2021 7:01:33 AM,Microsoft-Windows-DistributedCOM,10010,None,The server Microsoft.SkypeApp_15.78.159.0_x86__kzf8qxf38zg5c!App.AppXtwmqn4em5r5dpafgj4t4yyxgjfe0hr50.mca did not register with DCOM within the required timeout.
Warning,11/17/2021 7:01:24 AM,Microsoft-Windows-DNS-Client,1014,-1014,Name resolution for the name router2.teamviewer.com timed out after none of the configured DNS servers responded.
Information,11/17/2021 7:01:21 AM,Microsoft-Windows-Power-Troubleshooter,1,None,"The system has returned from a low power state.

Sleep Time: 2021-11-16T17:29:03.271039000Z
Wake Time: 2021-11-17T01:01:20.099376900Z

Wake Source: Unknown"
Information,11/17/2021 7:01:20 AM,Microsoft-Windows-Winlogon,7001,-1101,User Logon Notification for Customer Experience Improvement Program
Information,11/17/2021 7:01:19 AM,Microsoft-Windows-Kernel-Boot,32,-58,The bootmgr spent 0 ms waiting for user input.
Information,11/17/2021 7:01:19 AM,Microsoft-Windows-Kernel-Boot,18,-57,There are 0x1 boot options on this system.
Information,11/17/2021 7:01:19 AM,Microsoft-Windows-Kernel-Boot,27,-33,The boot type was 0x1.
Information,11/17/2021 7:01:19 AM,Microsoft-Windows-Kernel-Boot,25,-32,The boot menu policy was 0x1.
Information,11/17/2021 7:01:19 AM,Microsoft-Windows-Kernel-Boot,30,-21,The firmware reported boot metrics.
Error,11/17/2021 7:01:19 AM,iaStorA,4102,None,Error log: Smart event occured on disk :X6GJEAPFS  
Information,11/17/2021 7:01:18 AM,Microsoft-Windows-Kernel-General,1,-5,"The system time has changed to 2021-11-17T01:01:18.500000000Z from 2021-11-16T17:29:05.995493900Z.

Change Reason: System time synchronized with the hardware clock.
Process: '' (PID 4)."
Information,11/16/2021 11:29:05 PM,Microsoft-Windows-Kernel-Power,107,-102,The system has resumed from sleep.
Information,11/16/2021 11:29:04 PM,Microsoft-Windows-Kernel-Power,42,-64,"The system is entering sleep.

Sleep Reason: Application API"
Information,11/16/2021 11:29:03 PM,Microsoft-Windows-Kernel-Power,187,-243,User-mode process attempted to change the system state by calling SetSuspendState or SetSystemPowerState APIs.
Information,11/16/2021 11:29:02 PM,Microsoft-Windows-Winlogon,7002,-1102,User Logoff Notification for Customer Experience Improvement Program
Information,11/16/2021 11:29:01 PM,User32,1074,None,"The process C:\Windows\System32\RuntimeBroker.exe (SHOHID-PC) has initiated the power off of computer SHOHID-PC on behalf of user SHOHID-PC\SHOHID for the following reason: Other (Unplanned)
 Reason Code: 0x0
 Shutdown Type: power off
 Comment: "
Warning,11/16/2021 11:14:55 PM,Microsoft-Windows-DNS-Client,1014,-1014,Name resolution for the name a.nel.cloudflare.com timed out after none of the configured DNS servers responded.
Warning,11/16/2021 11:14:43 PM,Microsoft-Windows-DNS-Client,1014,-1014,Name resolution for the name a.nel.cloudflare.com timed out after none of the configured DNS servers responded.
Warning,11/16/2021 10:44:47 PM,Microsoft-Windows-DNS-Client,1014,-1014,Name resolution for the name router1.teamviewer.com timed out after none of the configured DNS servers responded.
Warning,11/16/2021 10:44:36 PM,Microsoft-Windows-DNS-Client,1014,-1014,Name resolution for the name a.nel.cloudflare.com timed out after none of the configured DNS servers responded.
Warning,11/16/2021 10:26:27 PM,Microsoft-Windows-DNS-Client,1014,-1014,Name resolution for the name router5.teamviewer.com timed out after none of the configured DNS servers responded.
Warning,11/16/2021 10:25:24 PM,Microsoft-Windows-DNS-Client,1014,-1014,Name resolution for the name router11.teamviewer.com timed out after none of the configured DNS servers responded.
Warning,11/16/2021 10:24:42 PM,Microsoft-Windows-DNS-Client,1014,-1014,Name resolution for the name relay-1ec46041.net.anydesk.com timed out after none of the configured DNS servers responded.
Warning,11/16/2021 10:24:37 PM,Microsoft-Windows-DNS-Client,1014,-1014,Name resolution for the name router12.teamviewer.com timed out after none of the configured DNS servers responded.
Error,11/16/2021 10:24:36 PM,Microsoft-Windows-WLAN-AutoConfig,10000,None,"WLAN Extensibility Module has failed to start.

Module Path: C:\WINDOWS\system32\Rtlihvs.dll
Error Code: 126
"
Warning,11/16/2021 10:24:34 PM,Microsoft-Windows-WLAN-AutoConfig,4003,None,"WLAN AutoConfig detected limited connectivity, attempting automatic recovery.

Recovery Type: 4
Error Code: 0x0
Trigger Reason: 1
IP Family: 0
"
Warning,11/16/2021 10:24:21 PM,Microsoft-Windows-DNS-Client,1014,-1014,Name resolution for the name router12.teamviewer.com timed out after none of the configured DNS servers responded.
Warning,11/16/2021 10:18:47 PM,Microsoft-Windows-DNS-Client,1014,-1014,Name resolution for the name ip-info.ff.avast.com timed out after none of the configured DNS servers responded.
Warning,11/16/2021 9:46:42 PM,Microsoft-Windows-DNS-Client,1014,-1014,Name resolution for the name client.wns.windows.com timed out after none of the configured DNS servers responded.
Warning,11/16/2021 9:44:41 PM,Microsoft-Windows-DNS-Client,1014,-1014,Name resolution for the name client.wns.windows.com timed out after none of the configured DNS servers responded.
Warning,11/16/2021 9:41:59 PM,Microsoft-Windows-DNS-Client,1014,-1014,Name resolution for the name router14.teamviewer.com timed out after none of the configured DNS servers responded.
Warning,11/16/2021 9:41:01 PM,Microsoft-Windows-DNS-Client,1014,-1014,Name resolution for the name boot-02.net.anydesk.com timed out after none of the configured DNS servers responded.
Warning,11/16/2021 9:36:59 PM,Microsoft-Windows-DNS-Client,1014,-1014,Name resolution for the name www.youtube.com timed out after none of the configured DNS servers responded.
Warning,11/16/2021 9:16:09 PM,Microsoft-Windows-DNS-Client,1014,-1014,Name resolution for the name www.googleapis.com timed out after none of the configured DNS servers responded.
Warning,11/16/2021 8:44:12 PM,disk,52,None,The driver has detected that device \Device\Harddisk0\DR0 has predicted that it will fail. Immediately back up your data and replace your hard disk drive. A failure may be imminent.
Error,11/16/2021 8:32:58 PM,Microsoft-Windows-DistributedCOM,10010,None,The server Microsoft.SkypeApp_15.78.159.0_x86__kzf8qxf38zg5c!App.AppXtwmqn4em5r5dpafgj4t4yyxgjfe0hr50.mca did not register with DCOM within the required timeout.
Warning,11/16/2021 8:32:39 PM,Microsoft-Windows-DNS-Client,1014,-1014,Name resolution for the name ssl.gstatic.com timed out after none of the configured DNS servers responded.
Warning,11/16/2021 8:32:21 PM,Microsoft-Windows-DNS-Client,1014,-1014,Name resolution for the name a.nel.cloudflare.com timed out after none of the configured DNS servers responded.
Warning,11/16/2021 8:31:43 PM,Microsoft-Windows-DNS-Client,1014,-1014,Name resolution for the name a.nel.cloudflare.com timed out after none of the configured DNS servers responded.
Warning,11/16/2021 8:31:11 PM,Microsoft-Windows-DNS-Client,1014,-1014,Name resolution for the name a.nel.cloudflare.com timed out after none of the configured DNS servers responded.
Warning,11/16/2021 8:30:33 PM,Microsoft-Windows-DNS-Client,1014,-1014,Name resolution for the name a.nel.cloudflare.com timed out after none of the configured DNS servers responded.
Warning,11/16/2021 8:29:45 PM,Microsoft-Windows-DNS-Client,1014,-1014,Name resolution for the name router7.teamviewer.com timed out after none of the configured DNS servers responded.
Warning,11/16/2021 8:29:45 PM,Microsoft-Windows-DNS-Client,1014,-1014,Name resolution for the name a.nel.cloudflare.com timed out after none of the configured DNS servers responded.
Warning,11/16/2021 8:29:26 PM,Microsoft-Windows-DNS-Client,1014,-1014,Name resolution for the name www.google.com timed out after none of the configured DNS servers responded.
Warning,11/16/2021 8:29:19 PM,Microsoft-Windows-DNS-Client,1014,-1014,Name resolution for the name a.nel.cloudflare.com timed out after none of the configured DNS servers responded.
Warning,11/16/2021 8:29:09 PM,Microsoft-Windows-DNS-Client,1014,-1014,Name resolution for the name clients4.google.com timed out after none of the configured DNS servers responded.
Warning,11/16/2021 8:29:07 PM,Microsoft-Windows-DNS-Client,1014,-1014,Name resolution for the name a.nel.cloudflare.com timed out after none of the configured DNS servers responded.
Warning,11/16/2021 8:28:29 PM,Microsoft-Windows-DNS-Client,1014,-1014,Name resolution for the name a.nel.cloudflare.com timed out after none of the configured DNS servers responded.
Warning,11/16/2021 8:28:13 PM,Microsoft-Windows-DNS-Client,1014,-1014,Name resolution for the name www.google.com timed out after none of the configured DNS servers responded.
Warning,11/16/2021 8:27:52 PM,Microsoft-Windows-DNS-Client,1014,-1014,Name resolution for the name a.nel.cloudflare.com timed out after none of the configured DNS servers responded.
Warning,11/16/2021 8:27:07 PM,Microsoft-Windows-DNS-Client,1014,-1014,Name resolution for the name a.nel.cloudflare.com timed out after none of the configured DNS servers responded.
Warning,11/16/2021 8:27:01 PM,Microsoft-Windows-DNS-Client,1014,-1014,Name resolution for the name r3---sn-30a7yn7k.googlevideo.com timed out after none of the configured DNS servers responded.
Warning,11/16/2021 8:26:58 PM,Microsoft-Windows-DNS-Client,1014,-1014,Name resolution for the name r3---sn-npoldn7l.googlevideo.com timed out after none of the configured DNS servers responded.
Warning,11/16/2021 8:26:55 PM,Microsoft-Windows-DNS-Client,1014,-1014,Name resolution for the name a.nel.cloudflare.com timed out after none of the configured DNS servers responded.
Warning,11/16/2021 8:26:09 PM,Microsoft-Windows-DNS-Client,1014,-1014,Name resolution for the name router14.teamviewer.com timed out after none of the configured DNS servers responded.
Information,11/16/2021 8:14:37 PM,Microsoft-Windows-FilterManager,6,None,"File System Filter 'bindflt' (10.0, 2067-08-24T02:59:11.000000000Z) has successfully loaded and registered with Filter Manager."
Warning,11/16/2021 8:12:06 PM,Microsoft-Windows-DNS-Client,1014,-1014,Name resolution for the name router13.teamviewer.com timed out after none of the configured DNS servers responded.
Information,11/16/2021 8:11:19 PM,Microsoft-Windows-Kernel-General,16,None,The access history in hive \??\C:\ProgramData\Microsoft\Provisioning\Microsoft-Desktop-Provisioning-Sequence.dat was cleared updating 0 keys and creating 0 modified pages.
Warning,11/16/2021 8:09:47 PM,Microsoft-Windows-DNS-Client,1014,-1014,Name resolution for the name router12.teamviewer.com timed out after none of the configured DNS servers responded.
Warning,11/16/2021 8:08:42 PM,Microsoft-Windows-DNS-Client,1014,-1014,Name resolution for the name router12.teamviewer.com timed out after none of the configured DNS servers responded.
Information,11/16/2021 7:55:09 PM,Microsoft-Windows-WindowsUpdateClient,19,Windows Update Agent,Installation Successful: Windows successfully installed the following update: Security Intelligence Update for Microsoft Defender Antivirus - KB2267602 (Version 1.353.1059.0)
Information,11/16/2021 7:54:56 PM,Microsoft-Windows-WindowsUpdateClient,43,Windows Update Agent,Installation Started: Windows has started installing the following update: Security Intelligence Update for Microsoft Defender Antivirus - KB2267602 (Version 1.353.1059.0)
Information,11/16/2021 7:54:56 PM,Microsoft-Windows-WindowsUpdateClient,44,Windows Update Agent,Windows Update started downloading an update.
Error,11/16/2021 7:47:45 PM,Microsoft-Windows-DistributedCOM,10010,None,The server Microsoft.SkypeApp_15.78.159.0_x86__kzf8qxf38zg5c!App.AppXtwmqn4em5r5dpafgj4t4yyxgjfe0hr50.mca did not register with DCOM within the required timeout.
Warning,11/16/2021 7:46:41 PM,Microsoft-Windows-DistributedCOM,10016,None,"The application-specific permission settings do not grant Local Launch permission for the COM Server application with CLSID 
Windows.SecurityCenter.SecurityAppBroker
 and APPID 
Unavailable
 to the user NT AUTHORITY\SYSTEM SID (S-1-5-18) from address LocalHost (Using LRPC) running in the application container Unavailable SID (Unavailable). This security permission can be modified using the Component Services administrative tool."
Warning,11/16/2021 7:46:41 PM,Microsoft-Windows-DistributedCOM,10016,None,"The application-specific permission settings do not grant Local Launch permission for the COM Server application with CLSID 
Windows.SecurityCenter.WscDataProtection
 and APPID 
Unavailable
 to the user NT AUTHORITY\SYSTEM SID (S-1-5-18) from address LocalHost (Using LRPC) running in the application container Unavailable SID (Unavailable). This security permission can be modified using the Component Services administrative tool."
Warning,11/16/2021 7:46:41 PM,Microsoft-Windows-DistributedCOM,10016,None,"The application-specific permission settings do not grant Local Launch permission for the COM Server application with CLSID 
Windows.SecurityCenter.WscBrokerManager
 and APPID 
Unavailable
 to the user NT AUTHORITY\SYSTEM SID (S-1-5-18) from address LocalHost (Using LRPC) running in the application container Unavailable SID (Unavailable). This security permission can be modified using the Component Services administrative tool."
Information,11/16/2021 7:46:38 PM,Microsoft-Windows-Kernel-General,16,None,The access history in hive \??\C:\Users\MSSQLFDLauncher\AppData\Local\Microsoft\Windows\UsrClass.dat was cleared updating 5 keys and creating 1 modified pages.
Information,11/16/2021 7:46:37 PM,Microsoft-Windows-Kernel-General,16,None,The access history in hive \??\C:\Users\MSSQLFDLauncher\ntuser.dat was cleared updating 54 keys and creating 17 modified pages.
Information,11/16/2021 7:46:36 PM,Microsoft-Windows-Kernel-General,16,None,The access history in hive \??\C:\Users\MSSQLSERVER\AppData\Local\Microsoft\Windows\UsrClass.dat was cleared updating 8 keys and creating 1 modified pages.
Information,11/16/2021 7:46:36 PM,Microsoft-Windows-Kernel-General,16,None,The access history in hive \??\C:\Users\MSSQLFDLauncher$MSSQLSERVER14\AppData\Local\Microsoft\Windows\UsrClass.dat was cleared updating 5 keys and creating 1 modified pages.
Information,11/16/2021 7:46:35 PM,Microsoft-Windows-Kernel-General,16,None,The access history in hive \??\C:\Users\MSSQLSERVER\ntuser.dat was cleared updating 79 keys and creating 19 modified pages.
Information,11/16/2021 7:46:35 PM,Microsoft-Windows-Kernel-General,16,None,The access history in hive \??\C:\Users\MSSQLFDLauncher$MSSQLSERVER14\ntuser.dat was cleared updating 54 keys and creating 18 modified pages.
Information,11/16/2021 7:46:33 PM,Microsoft-Windows-Kernel-General,16,None,The access history in hive \??\C:\Users\MSSQL$MSSQLSERVER14\AppData\Local\Microsoft\Windows\UsrClass.dat was cleared updating 8 keys and creating 1 modified pages.
Information,11/16/2021 7:46:32 PM,Microsoft-Windows-Kernel-General,16,None,The access history in hive \??\C:\Users\MSSQL$MSSQLSERVER14\ntuser.dat was cleared updating 83 keys and creating 21 modified pages.
Information,11/16/2021 7:46:32 PM,Microsoft-Windows-Kernel-General,16,None,The access history in hive \??\C:\WINDOWS\ServiceProfiles\NetworkService\AppData\Local\Microsoft\Windows\DeliveryOptimization\State\dosvcState.dat was cleared updating 18 keys and creating 5 modified pages.
Error,11/16/2021 7:44:55 PM,Microsoft-Windows-DistributedCOM,10010,None,The server Microsoft.SkypeApp_15.78.159.0_x86__kzf8qxf38zg5c!App.AppXtwmqn4em5r5dpafgj4t4yyxgjfe0hr50.mca did not register with DCOM within the required timeout.
Warning,11/16/2021 7:44:48 PM,Microsoft-Windows-DistributedCOM,10016,None,"The application-specific permission settings do not grant Local Activation permission for the COM Server application with CLSID 
{2593F8B9-4EAF-457C-B68A-50F6B8EA6B54}
 and APPID 
{15C20B67-12E7-4BB6-92BB-7AFF07997402}
 to the user SHOHID-PC\SHOHID SID (S-1-5-21-2091211461-3178656723-4261672445-1001) from address LocalHost (Using LRPC) running in the application container Unavailable SID (Unavailable). This security permission can be modified using the Component Services administrative tool."
Error,11/16/2021 7:44:34 PM,Service Control Manager,7034,None,The ArcGIS License Manager service terminated unexpectedly.  It has done this 1 time(s).
