Warning,1/14/2022 9:20:11 PM,Microsoft-Windows-DNS-Client,1014,-1014,Name resolution for the name dns.msftncsi.com timed out after none of the configured DNS servers responded.
Warning,1/14/2022 9:18:40 PM,Microsoft-Windows-DNS-Client,1014,-1014,Name resolution for the name dns.msftncsi.com timed out after none of the configured DNS servers responded.
Warning,1/14/2022 9:18:15 PM,Microsoft-Windows-DistributedCOM,10016,None,"The machine-default permission settings do not grant Local Activation permission for the COM Server application with CLSID 
{C2F03A33-21F5-47FA-B4BB-156362A2F239}
 and APPID 
{316CDED5-E4AE-4B15-9113-7055D84DCC97}
 to the user SHOHID-PC\SHOHID SID (S-1-5-21-2091211461-3178656723-4261672445-1001) from address LocalHost (Using LRPC) running in the application container Microsoft.Windows.ShellExperienceHost_10.0.18362.1171_neutral_neutral_cw5n1h2txyewy SID (S-1-15-2-155514346-2573954481-755741238-1654018636-1233331829-3075935687-2861478708). This security permission can be modified using the Component Services administrative tool."
Warning,1/14/2022 8:49:03 PM,disk,52,None,The driver has detected that device \Device\Harddisk0\DR0 has predicted that it will fail. Immediately back up your data and replace your hard disk drive. A failure may be imminent.
Error,1/14/2022 8:22:34 PM,Microsoft-Windows-DistributedCOM,10010,None,The server Microsoft.SkypeApp_15.79.95.0_x86__kzf8qxf38zg5c!App.AppXtwmqn4em5r5dpafgj4t4yyxgjfe0hr50.mca did not register with DCOM within the required timeout.
Information,1/14/2022 8:21:38 PM,Microsoft-Windows-Kernel-General,16,None,The access history in hive \??\C:\ProgramData\Microsoft\Provisioning\Microsoft-Desktop-Provisioning-Sequence.dat was cleared updating 0 keys and creating 0 modified pages.
Information,1/14/2022 8:01:35 PM,Microsoft-Windows-FilterManager,6,None,"File System Filter 'bindflt' (10.0, 2067-08-24T02:59:11.000000000Z) has successfully loaded and registered with Filter Manager."
Information,1/14/2022 8:00:29 PM,Microsoft-Windows-WindowsUpdateClient,19,Windows Update Agent,Installation Successful: Windows successfully installed the following update: Security Intelligence Update for Microsoft Defender Antivirus - KB2267602 (Version 1.355.1904.0)
Information,1/14/2022 8:00:15 PM,Microsoft-Windows-WindowsUpdateClient,43,Windows Update Agent,Installation Started: Windows has started installing the following update: Security Intelligence Update for Microsoft Defender Antivirus - KB2267602 (Version 1.355.1904.0)
Information,1/14/2022 8:00:15 PM,Microsoft-Windows-WindowsUpdateClient,44,Windows Update Agent,Windows Update started downloading an update.
Error,1/14/2022 7:52:50 PM,Microsoft-Windows-DistributedCOM,10010,None,The server Microsoft.SkypeApp_15.79.95.0_x86__kzf8qxf38zg5c!App.AppXtwmqn4em5r5dpafgj4t4yyxgjfe0hr50.mca did not register with DCOM within the required timeout.
Warning,1/14/2022 7:51:35 PM,Microsoft-Windows-DistributedCOM,10016,None,"The application-specific permission settings do not grant Local Launch permission for the COM Server application with CLSID 
Windows.SecurityCenter.WscDataProtection
 and APPID 
Unavailable
 to the user NT AUTHORITY\SYSTEM SID (S-1-5-18) from address LocalHost (Using LRPC) running in the application container Unavailable SID (Unavailable). This security permission can be modified using the Component Services administrative tool."
Warning,1/14/2022 7:51:35 PM,Microsoft-Windows-DistributedCOM,10016,None,"The application-specific permission settings do not grant Local Launch permission for the COM Server application with CLSID 
Windows.SecurityCenter.WscBrokerManager
 and APPID 
Unavailable
 to the user NT AUTHORITY\SYSTEM SID (S-1-5-18) from address LocalHost (Using LRPC) running in the application container Unavailable SID (Unavailable). This security permission can be modified using the Component Services administrative tool."
Warning,1/14/2022 7:51:35 PM,Microsoft-Windows-DistributedCOM,10016,None,"The application-specific permission settings do not grant Local Launch permission for the COM Server application with CLSID 
Windows.SecurityCenter.SecurityAppBroker
 and APPID 
Unavailable
 to the user NT AUTHORITY\SYSTEM SID (S-1-5-18) from address LocalHost (Using LRPC) running in the application container Unavailable SID (Unavailable). This security permission can be modified using the Component Services administrative tool."
Information,1/14/2022 7:51:33 PM,Microsoft-Windows-Kernel-General,16,None,The access history in hive \??\C:\Users\MSSQLFDLauncher\AppData\Local\Microsoft\Windows\UsrClass.dat was cleared updating 5 keys and creating 1 modified pages.
Information,1/14/2022 7:51:32 PM,Microsoft-Windows-Kernel-General,16,None,The access history in hive \??\C:\Users\MSSQLFDLauncher\ntuser.dat was cleared updating 89 keys and creating 21 modified pages.
Information,1/14/2022 7:51:30 PM,Microsoft-Windows-Kernel-General,16,None,The access history in hive \??\C:\Users\MSSQLFDLauncher$MSSQLSERVER14\AppData\Local\Microsoft\Windows\UsrClass.dat was cleared updating 5 keys and creating 1 modified pages.
Information,1/14/2022 7:51:30 PM,Microsoft-Windows-Kernel-General,16,None,The access history in hive \??\C:\Users\MSSQLSERVER\AppData\Local\Microsoft\Windows\UsrClass.dat was cleared updating 8 keys and creating 1 modified pages.
Information,1/14/2022 7:51:29 PM,Microsoft-Windows-Kernel-General,16,None,The access history in hive \??\C:\Users\MSSQLFDLauncher$MSSQLSERVER14\ntuser.dat was cleared updating 89 keys and creating 22 modified pages.
Information,1/14/2022 7:51:29 PM,Microsoft-Windows-Kernel-General,16,None,The access history in hive \??\C:\Users\MSSQLSERVER\ntuser.dat was cleared updating 114 keys and creating 22 modified pages.
Information,1/14/2022 7:51:28 PM,Microsoft-Windows-Kernel-General,16,None,The access history in hive \??\C:\Users\MSSQL$MSSQLSERVER14\AppData\Local\Microsoft\Windows\UsrClass.dat was cleared updating 8 keys and creating 1 modified pages.
Information,1/14/2022 7:51:27 PM,Microsoft-Windows-Kernel-General,16,None,The access history in hive \??\C:\Users\MSSQL$MSSQLSERVER14\ntuser.dat was cleared updating 118 keys and creating 25 modified pages.
Information,1/14/2022 7:51:26 PM,Microsoft-Windows-Kernel-General,16,None,The access history in hive \??\C:\WINDOWS\ServiceProfiles\NetworkService\AppData\Local\Microsoft\Windows\DeliveryOptimization\State\dosvcState.dat was cleared updating 11 keys and creating 2 modified pages.
Error,1/14/2022 7:49:50 PM,Microsoft-Windows-DistributedCOM,10010,None,The server Microsoft.SkypeApp_15.79.95.0_x86__kzf8qxf38zg5c!App.AppXtwmqn4em5r5dpafgj4t4yyxgjfe0hr50.mca did not register with DCOM within the required timeout.
Information,1/14/2022 7:49:41 PM,Microsoft-Windows-Kernel-General,16,None,The access history in hive \??\C:\Users\SHOHID\AppData\Local\Microsoft\VisualStudio\16.0_197f77be\privateregistry.bin was cleared updating 9952 keys and creating 1363 modified pages.
Error,1/14/2022 7:49:29 PM,Service Control Manager,7034,None,The ArcGIS License Manager service terminated unexpectedly.  It has done this 1 time(s).
Information,1/14/2022 7:49:28 PM,Microsoft-Windows-Kernel-General,16,None,The access history in hive \??\C:\WINDOWS\AppCompat\Programs\Amcache.hve was cleared updating 6816 keys and creating 2856 modified pages.
Information,1/14/2022 7:49:25 PM,Service Control Manager,7026,None,"The following boot-start or system-start driver(s) did not load: 
dam"
Information,1/14/2022 7:49:25 PM,Microsoft-Windows-WMPNSS-Service,14204,None,Service 'WMPNetworkSvc' started.
Information,1/14/2022 7:49:23 PM,Microsoft-Windows-Kernel-General,16,None,The access history in hive \??\C:\WINDOWS\ServiceProfiles\MSSQL$MSSQLSERVER01\AppData\Local\Microsoft\Windows\UsrClass.dat was cleared updating 7 keys and creating 1 modified pages.
Information,1/14/2022 7:49:22 PM,Microsoft-Windows-Kernel-General,16,None,The access history in hive \??\C:\WINDOWS\ServiceProfiles\SQLTELEMETRY$MSSQLSERVER01\AppData\Local\Microsoft\Windows\UsrClass.dat was cleared updating 7 keys and creating 1 modified pages.
Information,1/14/2022 7:49:22 PM,Microsoft-Windows-Kernel-General,16,None,The access history in hive \??\C:\WINDOWS\ServiceProfiles\SQLTELEMETRY$MSSQLSERVER01\ntuser.dat was cleared updating 53 keys and creating 16 modified pages.
Information,1/14/2022 7:49:22 PM,Microsoft-Windows-Kernel-General,16,None,The access history in hive \??\C:\WINDOWS\ServiceProfiles\MSSQL$MSSQLSERVER01\ntuser.dat was cleared updating 79 keys and creating 18 modified pages.
Information,1/14/2022 7:49:22 PM,IntelHaxm,4,None,HAXM is loaded successfully
Information,1/14/2022 7:49:22 PM,vmx86,34,None,"The description for Event ID 34 from source vmx86 cannot be found. Either the component that raises this event is not installed on your local computer or the installation is corrupted. You can install or repair the component on the local computer.

If the event originated on another computer, the display information had to be saved with the event.

The following information was included with the event: 

VMX86.SYS: begin DriverEntry
"
Warning,1/14/2022 7:49:23 PM,Server,2511,None,"The server service was unable to recreate the share SHARMIN because the directory E:\Users\SHARMIN no longer exists.  Please run ""net share SHARMIN /delete"" to delete the share, or recreate the directory E:\Users\SHARMIN."
Information,1/14/2022 7:49:23 PM,Microsoft-Windows-WAS,5211,None,The Windows Process Activation Service (WAS) started with 'Classic' mode using 'ConfigurationSystem'
Error,1/14/2022 7:49:21 PM,Microsoft-Windows-WLAN-AutoConfig,10000,None,"WLAN Extensibility Module has failed to start.

Module Path: C:\WINDOWS\system32\Rtlihvs.dll
Error Code: 126
"
Information,1/14/2022 7:49:21 PM,Microsoft-Windows-WLAN-AutoConfig,4000,None,"WLAN AutoConfig service has successfully started.
"
Information,1/14/2022 7:49:21 PM,VMnetuserif,1,None,() Starting up the User Interface Driver for VMware Virtual Networks.
Information,1/14/2022 7:49:21 PM,VMnetBridge,10,None,() Starting up the Bridge Driver for VMware Virtual Networks.
Information,1/14/2022 7:49:20 PM,Microsoft-Windows-Winlogon,7001,-1101,User Logon Notification for Customer Experience Improvement Program
Information,1/14/2022 7:49:20 PM,Microsoft-Windows-DHCPv6-Client,51046,Service State Event,DHCPv6 client service is started
Information,1/14/2022 7:49:20 PM,Microsoft-Windows-Dhcp-Client,50103,Service State Event,DHCPv4 client registered for shutdown notification
Information,1/14/2022 7:49:20 PM,Microsoft-Windows-Dhcp-Client,50036,Service State Event,DHCPv4 client service is started
Information,1/14/2022 7:49:20 PM,Microsoft-Windows-FilterManager,6,None,"File System Filter 'storqosflt' (10.0, 2084-07-24T11:29:44.000000000Z) has successfully loaded and registered with Filter Manager."
Information,1/14/2022 7:49:20 PM,Microsoft-Windows-FilterManager,6,None,"File System Filter 'CldFlt' (10.0, 2052-03-25T04:36:04.000000000Z) has successfully loaded and registered with Filter Manager."
Information,1/14/2022 7:49:20 PM,Microsoft-Windows-FilterManager,1,None,"File System Filter 'CldFlt' (Version 10.0, 2052-03-25T04:36:04.000000000Z) unloaded successfully."
Information,1/14/2022 7:49:20 PM,Microsoft-Windows-FilterManager,6,None,"File System Filter 'CldFlt' (10.0, 2052-03-25T04:36:04.000000000Z) has successfully loaded and registered with Filter Manager."
Information,1/14/2022 7:49:20 PM,Microsoft-Windows-FilterManager,6,None,"File System Filter 'luafv' (10.0, 1987-05-06T02:17:50.000000000Z) has successfully loaded and registered with Filter Manager."
Information,1/14/2022 7:49:20 PM,Microsoft-Windows-Kernel-General,16,None,The access history in hive \SystemRoot\System32\Config\bbimigrate\BBI was cleared updating 1 keys and creating 1 modified pages.
Information,1/14/2022 7:49:20 PM,Microsoft-Windows-FilterManager,6,None,"File System Filter 'wcifs' (10.0, 2011-08-26T04:27:29.000000000Z) has successfully loaded and registered with Filter Manager."
Information,1/14/2022 7:49:19 PM,Microsoft-Windows-Kernel-General,16,None,The access history in hive \SystemRoot\System32\Config\BBI was cleared updating 432 keys and creating 94 modified pages.
Information,1/14/2022 7:49:19 PM,Microsoft-Windows-Kernel-General,16,None,The access history in hive \??\C:\WINDOWS\ServiceProfiles\NetworkService\NTUSER.DAT was cleared updating 124 keys and creating 21 modified pages.
Information,1/14/2022 7:49:19 PM,Microsoft-Windows-Kernel-General,16,None,The access history in hive \??\C:\WINDOWS\ServiceProfiles\LocalService\NTUSER.DAT was cleared updating 91 keys and creating 19 modified pages.
Information,1/14/2022 7:49:19 PM,Microsoft-Windows-Directory-Services-SAM,16977,None,"The domain is configured with the following minimum password length-related settings.

MinimumPasswordLength: 0

MinimumPasswordLengthAudit: -1

For more information see https://go.microsoft.com/fwlink/?LinkId=2097191.
"
Information,1/14/2022 7:49:19 PM,Microsoft-Windows-Directory-Services-SAM,16962,None,"Remote calls to the SAM database are being restricted using the default security descriptor: O:SYG:SYD:(A;;RC;;;BA).
For more information please see http://go.microsoft.com/fwlink/?LinkId=787651."
Information,1/14/2022 7:49:18 PM,Microsoft-Windows-Wininit,14,None,"Credential Guard configuration: 0x0, 0"
Information,1/14/2022 7:49:15 PM,Microsoft-Windows-Kernel-General,16,None,The access history in hive \SystemRoot\System32\Config\SAM was cleared updating 93 keys and creating 10 modified pages.
Information,1/14/2022 7:49:15 PM,Microsoft-Windows-Kernel-General,16,None,The access history in hive \SystemRoot\System32\Config\SECURITY was cleared updating 260 keys and creating 17 modified pages.
Information,1/14/2022 7:49:15 PM,Microsoft-Windows-Kernel-General,15,None,Hive \SystemRoot\System32\Config\DEFAULT was reorganized with a starting size of 12410880 bytes and an ending size of 12341248 bytes.
Information,1/14/2022 7:49:13 PM,Microsoft-Windows-Kernel-General,15,None,Hive \SystemRoot\System32\Config\SOFTWARE was reorganized with a starting size of 270905344 bytes and an ending size of 249184256 bytes.
Error,1/14/2022 7:49:06 PM,Ntfs,137,-2,The default transaction resource manager on volume G: encountered a non-retryable error and could not start.  The data contains the error code.
Error,1/14/2022 7:49:06 PM,disk,7,None,"The device, \Device\Harddisk0\DR0, has a bad block."
Error,1/14/2022 7:49:05 PM,disk,7,None,"The device, \Device\Harddisk0\DR0, has a bad block."
Information,1/14/2022 7:49:05 PM,Microsoft-Windows-Ntfs,98,None,Volume G: (\Device\HarddiskVolume2) is healthy.  No action is needed.
Information,1/14/2022 7:49:04 PM,Microsoft-Windows-Ntfs,98,None,Volume D: (\Device\HarddiskVolume1) is healthy.  No action is needed.
Warning,1/14/2022 7:49:04 PM,Microsoft-Windows-Kernel-PnP,219,-212,The driver \Driver\WudfRd failed to load for the device USB\VID_04E8&PID_6860&MS_COMP_MTP&SAMSUNG_Android\7&2b18560d&6&0000.
Information,1/14/2022 7:49:04 PM,Microsoft-Windows-DriverFrameworks-UserMode,10118,Startup of the UMDF reflector,"UMDF reflector is unable to connect to service control manager (SCM). This is expected during boot, when SCM has not started yet. Will retry when it starts."
Information,1/14/2022 7:49:04 PM,Microsoft-Windows-Ntfs,98,None,Volume F: (\Device\HarddiskVolume4) is healthy.  No action is needed.
Information,1/14/2022 7:49:03 PM,Microsoft-Windows-Ntfs,98,None,Volume E: (\Device\HarddiskVolume3) is healthy.  No action is needed.
Information,1/14/2022 7:49:02 PM,MEIx64,2,None,Intel(R) Trusted Execution Engine Interface driver has started successfully.
Information,1/14/2022 7:49:02 PM,Microsoft-Windows-Kernel-Processor-Power,55,-47,"Processor 3 in group 0 exposes the following power management capabilities:

Idle state type: ACPI Idle (C) States (3 state(s))

Performance state type: ACPI Performance (P) / Throttle (T) States
Nominal Frequency (MHz): 3700
Maximum performance percentage: 100
Minimum performance percentage: 21
Minimum throttle percentage: 21"
Information,1/14/2022 7:49:02 PM,Microsoft-Windows-Kernel-Processor-Power,55,-47,"Processor 1 in group 0 exposes the following power management capabilities:

Idle state type: ACPI Idle (C) States (3 state(s))

Performance state type: ACPI Performance (P) / Throttle (T) States
Nominal Frequency (MHz): 3700
Maximum performance percentage: 100
Minimum performance percentage: 21
Minimum throttle percentage: 21"
Information,1/14/2022 7:49:02 PM,Microsoft-Windows-Kernel-Processor-Power,55,-47,"Processor 2 in group 0 exposes the following power management capabilities:

Idle state type: ACPI Idle (C) States (3 state(s))

Performance state type: ACPI Performance (P) / Throttle (T) States
Nominal Frequency (MHz): 3700
Maximum performance percentage: 100
Minimum performance percentage: 21
Minimum throttle percentage: 21"
Information,1/14/2022 7:49:02 PM,Microsoft-Windows-Kernel-Processor-Power,55,-47,"Processor 0 in group 0 exposes the following power management capabilities:

Idle state type: ACPI Idle (C) States (3 state(s))

Performance state type: ACPI Performance (P) / Throttle (T) States
Nominal Frequency (MHz): 3700
Maximum performance percentage: 100
Minimum performance percentage: 21
Minimum throttle percentage: 21"
Information,1/14/2022 7:49:02 PM,VMnetAdapter,36,None,() Starting up the Adapter Driver for VMware Virtual Networks.
Information,1/14/2022 7:49:02 PM,Microsoft-Windows-Kernel-Power,172,-203,"Connectivity state in standby: Disconnected, Reason: NIC compliance"
Information,1/14/2022 7:49:01 PM,Microsoft-Windows-Ntfs,98,None,Volume \\?\Volume{fee45b76-0000-0000-0000-100000000000} (\Device\HarddiskVolume5) is healthy.  No action is needed.
Information,1/14/2022 7:49:01 PM,Microsoft-Windows-FilterManager,6,None,"File System Filter 'npsvctrig' (10.0, 1977-09-12T21:19:34.000000000Z) has successfully loaded and registered with Filter Manager."
Information,1/14/2022 7:49:01 PM,Microsoft-Windows-FilterManager,6,None,"File System Filter 'FileCrypt' (10.0, 2011-10-30T21:56:49.000000000Z) has successfully loaded and registered with Filter Manager."
Information,1/14/2022 7:49:01 PM,Microsoft-Windows-Ntfs,98,None,Volume C: (\Device\HarddiskVolume6) is healthy.  No action is needed.
Error,1/14/2022 7:49:00 PM,iaStorA,4102,None,Error log: Smart event occured on disk :X6GJEAPFS  
Information,1/14/2022 7:49:00 PM,Microsoft-Windows-FilterManager,6,None,"File System Filter 'WdFilter' (10.0, 2018-11-12T17:12:11.000000000Z) has successfully loaded and registered with Filter Manager."
Information,1/14/2022 7:49:00 PM,Microsoft-Windows-FilterManager,6,None,"File System Filter 'Wof' (10.0, 2045-05-29T21:42:55.000000000Z) has successfully loaded and registered with Filter Manager."
Information,1/14/2022 7:49:00 PM,Microsoft-Windows-FilterManager,6,None,"File System Filter 'FileInfo' (10.0, 1989-07-13T07:15:12.000000000Z) has successfully loaded and registered with Filter Manager."
Information,1/14/2022 7:48:59 PM,Microsoft-Windows-Kernel-General,20,-6,"The leap second configuration has been updated.
Reason: Leap second data initialized from registry during boot
Leap seconds enabled: true
New leap second count: 0
Old leap second count: 0"
Information,1/14/2022 7:48:59 PM,Microsoft-Windows-Kernel-Boot,30,-21,The firmware reported boot metrics.
Information,1/14/2022 7:48:59 PM,Microsoft-Windows-Kernel-Boot,32,-58,The bootmgr spent 0 ms waiting for user input.
Information,1/14/2022 7:48:59 PM,Microsoft-Windows-Kernel-Boot,18,-57,There are 0x1 boot options on this system.
Information,1/14/2022 7:48:59 PM,Microsoft-Windows-Kernel-Boot,27,-33,The boot type was 0x0.
Information,1/14/2022 7:48:59 PM,Microsoft-Windows-Kernel-Boot,25,-32,The boot menu policy was 0x1.
Information,1/14/2022 7:48:59 PM,Microsoft-Windows-Kernel-Boot,20,-31,The last shutdown's success status was true. The last boot's success status was true.
Information,1/14/2022 7:48:59 PM,Microsoft-Windows-Kernel-Boot,153,-62,Virtualization-based security (policies: 0) is disabled.
Information,1/14/2022 7:48:59 PM,Microsoft-Windows-Kernel-General,12,-1,The operating system started at system time 2022-01-14T13:48:58.500000000Z.
Information,1/14/2022 7:48:47 PM,Microsoft-Windows-Kernel-General,13,-2,The operating system is shutting down at system time 2022-01-14T13:48:47.932417600Z.
Information,1/14/2022 7:48:41 PM,Microsoft-Windows-Kernel-Power,109,-103,"The kernel power manager has initiated a shutdown transition.

Shutdown Reason: Kernel API"
Information,1/14/2022 7:48:38 PM,Microsoft-Windows-WLAN-AutoConfig,4001,None,"WLAN AutoConfig service has successfully stopped.
"
Information,1/14/2022 7:49:20 PM,EventLog,6013,None,The system uptime is 21 seconds.
Information,1/14/2022 7:49:20 PM,EventLog,6005,None,The Event log service was started.
Information,1/14/2022 7:49:20 PM,EventLog,6009,None,Microsoft (R) Windows (R) 10.00. 18363 Service Pack 1 Multiprocessor Free.
Information,1/14/2022 7:48:36 PM,Microsoft-Windows-Dhcp-Client,50037,Service State Event,DHCPv4 client service is stopped. ShutDown Flag value is 1
Information,1/14/2022 7:48:36 PM,Microsoft-Windows-DHCPv6-Client,51057,Service State Event,DHCPv6 client service stop is almost done.DHCP Context Ref count is 1
Information,1/14/2022 7:48:36 PM,Microsoft-Windows-DHCPv6-Client,51057,Service State Event,DHCPv6 client service stop is almost done.DHCP Context Ref count is 1
Information,1/14/2022 7:48:36 PM,Microsoft-Windows-DHCPv6-Client,51047,Service State Event,DHCPv6 client service is stopped. ShutDown Flag value is 1
Information,1/14/2022 7:48:36 PM,Microsoft-Windows-Dhcp-Client,50106,Service State Event,DHCPv4 is waiting on DHCPv6 service to stop
Information,1/14/2022 7:48:36 PM,Microsoft-Windows-Dhcp-Client,50105,Service State Event,DHCPv4 client ProcessDHCPRequestForever received TERMINATE_EVENT
Information,1/14/2022 7:48:36 PM,Microsoft-Windows-Dhcp-Client,50104,Service State Event,DHCPv4 client received shutdown notification
Information,1/14/2022 7:48:37 PM,EventLog,6006,None,The Event log service was stopped.
Information,1/14/2022 7:48:35 PM,Microsoft-Windows-Winlogon,7002,-1102,User Logoff Notification for Customer Experience Improvement Program
Information,1/14/2022 7:48:32 PM,Microsoft-Windows-Kernel-General,16,None,The access history in hive \??\C:\Users\SHOHID\AppData\Local\Packages\microsoft.windows.cortana_cw5n1h2txyewy\AC\GEH\POF.dat was cleared updating 5 keys and creating 1 modified pages.
Warning,1/14/2022 7:47:09 PM,Microsoft-Windows-DNS-Client,1014,-1014,Name resolution for the name signaler-pa.clients6.google.com timed out after none of the configured DNS servers responded.
Information,1/14/2022 7:03:05 PM,Microsoft-Windows-Kernel-General,15,None,Hive \??\Volume{fee45b76-0000-0000-0000-602200000000}\System Volume Information\SPP\SppCbsHiveStore\{cd42efe1-f6f1-427c-b004-033192c625a4}{8341C3B7-028C-4654-AF17-4DB18702EF85} was reorganized with a starting size of 270905344 bytes and an ending size of 249192448 bytes.
Information,1/14/2022 7:02:54 PM,Microsoft-Windows-Kernel-General,15,None,Hive \??\Volume{fee45b76-0000-0000-0000-602200000000}\System Volume Information\SPP\SppCbsHiveStore\{cd42efe1-f6f1-427c-b004-033192c625a4}{3B9BA857-2E11-4305-B82F-085ED8CF725E} was reorganized with a starting size of 12410880 bytes and an ending size of 12341248 bytes.
Information,1/14/2022 7:02:53 PM,Microsoft-Windows-Kernel-General,16,None,The access history in hive \??\Volume{fee45b76-0000-0000-0000-602200000000}\System Volume Information\SPP\SppCbsHiveStore\{cd42efe1-f6f1-427c-b004-033192c625a4}{D929C6A1-082A-42FA-A048-2E50C26F950A} was cleared updating 1 keys and creating 1 modified pages.
Information,1/14/2022 7:02:52 PM,Microsoft-Windows-Kernel-General,16,None,The access history in hive \??\Volume{fee45b76-0000-0000-0000-602200000000}\System Volume Information\SPP\SppCbsHiveStore\{cd42efe1-f6f1-427c-b004-033192c625a4}{8FA3586A-D816-4842-AE48-C5481AFAF07D} was cleared updating 248 keys and creating 16 modified pages.
Information,1/14/2022 7:02:52 PM,Microsoft-Windows-Kernel-General,16,None,The access history in hive \??\Volume{fee45b76-0000-0000-0000-602200000000}\System Volume Information\SPP\SppCbsHiveStore\{cd42efe1-f6f1-427c-b004-033192c625a4}{DD78BA84-F4A4-4DF6-A676-40D683F7675C} was cleared updating 93 keys and creating 10 modified pages.
Information,1/14/2022 7:02:52 PM,Microsoft-Windows-Kernel-General,15,None,Hive \??\Volume{fee45b76-0000-0000-0000-602200000000}\System Volume Information\SPP\SppCbsHiveStore\{cd42efe1-f6f1-427c-b004-033192c625a4}{55A08EFB-564F-4E39-A250-B1F27F415A14} was reorganized with a starting size of 31596544 bytes and an ending size of 31506432 bytes.
Information,1/14/2022 7:02:41 PM,Microsoft-Windows-Kernel-General,11,None,"TxR init phase for hive \??\GLOBALROOT\Device\HarddiskVolumeShadowCopy3\WINDOWS\System32\config\DRIVERS (TM: {20feba7c-7504-11ec-ae5a-1c1b0d79dbe2}, RM: {20feba7b-7504-11ec-ae5a-1c1b0d79dbe2}) finished with result=0xC00000A2 (Internal code=7)."
Information,1/14/2022 7:02:39 PM,Microsoft-Windows-Kernel-General,11,None,"TxR init phase for hive \??\GLOBALROOT\Device\HarddiskVolumeShadowCopy3\WINDOWS\System32\config\SYSTEM (TM: {20feba79-7504-11ec-ae5a-1c1b0d79dbe2}, RM: {20feba78-7504-11ec-ae5a-1c1b0d79dbe2}) finished with result=0xC00000A2 (Internal code=7)."
Information,1/14/2022 7:02:39 PM,Microsoft-Windows-Kernel-General,15,None,Hive \??\GLOBALROOT\Device\HarddiskVolumeShadowCopy3\WINDOWS\System32\config\SYSTEM was reorganized with a starting size of 31596544 bytes and an ending size of 31506432 bytes.
Information,1/14/2022 7:02:31 PM,Microsoft-Windows-Ntfs,98,None,Volume ?? (\Device\HarddiskVolumeShadowCopy3) is healthy.  No action is needed.
Information,1/14/2022 2:06:10 PM,Microsoft-Windows-WindowsUpdateClient,19,Windows Update Agent,Installation Successful: Windows successfully installed the following update: 9NBLGGH1ZRPV-KING.COM.CANDYCRUSHSODASAGA
Information,1/14/2022 2:06:05 PM,Microsoft-Windows-WindowsUpdateClient,43,Windows Update Agent,Installation Started: Windows has started installing the following update: 9NBLGGH1ZRPV-KING.COM.CANDYCRUSHSODASAGA
Information,1/14/2022 2:05:58 PM,Microsoft-Windows-Kernel-General,16,None,The access history in hive \??\C:\ProgramData\Microsoft\Windows\AppRepository\Packages\king.com.CandyCrushSodaSaga_1.209.700.0_x86__kgqvnymyfvs32\ActivationStore.dat was cleared updating 0 keys and creating 0 modified pages.
Information,1/14/2022 2:04:35 PM,Microsoft-Windows-WindowsUpdateClient,44,Windows Update Agent,Windows Update started downloading an update.
Error,1/14/2022 12:36:27 PM,Volsnap,36,None,The shadow copies of volume C: were aborted because the shadow copy storage could not grow due to a user imposed limit.
Warning,1/14/2022 12:01:20 PM,Microsoft-Windows-DistributedCOM,10016,None,"The machine-default permission settings do not grant Local Activation permission for the COM Server application with CLSID 
{C2F03A33-21F5-47FA-B4BB-156362A2F239}
 and APPID 
{316CDED5-E4AE-4B15-9113-7055D84DCC97}
 to the user SHOHID-PC\SHOHID SID (S-1-5-21-2091211461-3178656723-4261672445-1001) from address LocalHost (Using LRPC) running in the application container Microsoft.Windows.ShellExperienceHost_10.0.18362.1171_neutral_neutral_cw5n1h2txyewy SID (S-1-15-2-155514346-2573954481-755741238-1654018636-1233331829-3075935687-2861478708). This security permission can be modified using the Component Services administrative tool."
Warning,1/14/2022 12:01:15 PM,Microsoft-Windows-DistributedCOM,10016,None,"The machine-default permission settings do not grant Local Activation permission for the COM Server application with CLSID 
{C2F03A33-21F5-47FA-B4BB-156362A2F239}
 and APPID 
{316CDED5-E4AE-4B15-9113-7055D84DCC97}
 to the user SHOHID-PC\SHOHID SID (S-1-5-21-2091211461-3178656723-4261672445-1001) from address LocalHost (Using LRPC) running in the application container Microsoft.Windows.ShellExperienceHost_10.0.18362.1171_neutral_neutral_cw5n1h2txyewy SID (S-1-15-2-155514346-2573954481-755741238-1654018636-1233331829-3075935687-2861478708). This security permission can be modified using the Component Services administrative tool."
Warning,1/14/2022 12:00:42 PM,Microsoft-Windows-DistributedCOM,10016,None,"The machine-default permission settings do not grant Local Activation permission for the COM Server application with CLSID 
{C2F03A33-21F5-47FA-B4BB-156362A2F239}
 and APPID 
{316CDED5-E4AE-4B15-9113-7055D84DCC97}
 to the user SHOHID-PC\SHOHID SID (S-1-5-21-2091211461-3178656723-4261672445-1001) from address LocalHost (Using LRPC) running in the application container Microsoft.Windows.ShellExperienceHost_10.0.18362.1171_neutral_neutral_cw5n1h2txyewy SID (S-1-15-2-155514346-2573954481-755741238-1654018636-1233331829-3075935687-2861478708). This security permission can be modified using the Component Services administrative tool."
Information,1/14/2022 12:00:00 PM,EventLog,6013,None,The system uptime is 241112 seconds.
Information,1/14/2022 11:27:05 AM,Volsnap,33,None,The oldest shadow copy of volume C: was deleted to keep disk space usage for shadow copies of volume C: below the user defined limit.
Information,1/14/2022 11:19:07 AM,Microsoft-Windows-WindowsUpdateClient,19,Windows Update Agent,Installation Successful: Windows successfully installed the following update: Security Intelligence Update for Microsoft Defender Antivirus - KB2267602 (Version 1.355.1876.0)
Information,1/14/2022 11:18:53 AM,Microsoft-Windows-WindowsUpdateClient,43,Windows Update Agent,Installation Started: Windows has started installing the following update: Security Intelligence Update for Microsoft Defender Antivirus - KB2267602 (Version 1.355.1876.0)
Information,1/14/2022 11:18:53 AM,Microsoft-Windows-WindowsUpdateClient,44,Windows Update Agent,Windows Update started downloading an update.
Information,1/14/2022 11:18:09 AM,Microsoft-Windows-Kernel-General,16,None,The access history in hive \??\C:\Users\SHOHID\AppData\Local\Packages\Microsoft.Windows.ContentDeliveryManager_cw5n1h2txyewy\Settings\settings.dat was cleared updating 4005 keys and creating 160 modified pages.
Warning,1/14/2022 9:50:13 AM,Microsoft-Windows-DistributedCOM,10016,None,"The application-specific permission settings do not grant Local Activation permission for the COM Server application with CLSID 
{2593F8B9-4EAF-457C-B68A-50F6B8EA6B54}
 and APPID 
{15C20B67-12E7-4BB6-92BB-7AFF07997402}
 to the user SHOHID-PC\SHOHID SID (S-1-5-21-2091211461-3178656723-4261672445-1001) from address LocalHost (Using LRPC) running in the application container Unavailable SID (Unavailable). This security permission can be modified using the Component Services administrative tool."
Warning,1/14/2022 8:30:00 AM,Microsoft-Windows-DistributedCOM,10016,None,"The machine-default permission settings do not grant Local Activation permission for the COM Server application with CLSID 
{C2F03A33-21F5-47FA-B4BB-156362A2F239}
 and APPID 
{316CDED5-E4AE-4B15-9113-7055D84DCC97}
 to the user SHOHID-PC\SHOHID SID (S-1-5-21-2091211461-3178656723-4261672445-1001) from address LocalHost (Using LRPC) running in the application container Microsoft.Windows.ShellExperienceHost_10.0.18362.1171_neutral_neutral_cw5n1h2txyewy SID (S-1-15-2-155514346-2573954481-755741238-1654018636-1233331829-3075935687-2861478708). This security permission can be modified using the Component Services administrative tool."
Error,1/14/2022 8:22:24 AM,Microsoft-Windows-DistributedCOM,10010,None,The server Microsoft.SkypeApp_15.79.95.0_x86__kzf8qxf38zg5c!App.AppXtwmqn4em5r5dpafgj4t4yyxgjfe0hr50.mca did not register with DCOM within the required timeout.
Warning,1/14/2022 8:20:21 AM,Microsoft-Windows-DistributedCOM,10016,None,"The application-specific permission settings do not grant Local Activation permission for the COM Server application with CLSID 
{2593F8B9-4EAF-457C-B68A-50F6B8EA6B54}
 and APPID 
{15C20B67-12E7-4BB6-92BB-7AFF07997402}
 to the user SHOHID-PC\SHOHID SID (S-1-5-21-2091211461-3178656723-4261672445-1001) from address LocalHost (Using LRPC) running in the application container Microsoft.SkypeApp_15.79.95.0_x86__kzf8qxf38zg5c SID (Unavailable). This security permission can be modified using the Component Services administrative tool."
Error,1/14/2022 8:13:41 AM,Microsoft-Windows-DistributedCOM,10010,None,The server Microsoft.SkypeApp_15.79.95.0_x86__kzf8qxf38zg5c!App.AppXtwmqn4em5r5dpafgj4t4yyxgjfe0hr50.mca did not register with DCOM within the required timeout.
Information,1/14/2022 8:13:22 AM,Microsoft-Windows-Power-Troubleshooter,1,None,"The system has returned from a low power state.

Sleep Time: 2022-01-13T19:00:55.011095600Z
Wake Time: 2022-01-14T02:13:20.994746800Z

Wake Source: Unknown"
Information,1/14/2022 8:13:21 AM,Microsoft-Windows-Winlogon,7001,-1101,User Logon Notification for Customer Experience Improvement Program
Information,1/14/2022 8:13:20 AM,Microsoft-Windows-Kernel-Boot,32,-58,The bootmgr spent 0 ms waiting for user input.
Information,1/14/2022 8:13:20 AM,Microsoft-Windows-Kernel-Boot,18,-57,There are 0x1 boot options on this system.
Information,1/14/2022 8:13:20 AM,Microsoft-Windows-Kernel-Boot,27,-33,The boot type was 0x1.
Information,1/14/2022 8:13:20 AM,Microsoft-Windows-Kernel-Boot,25,-32,The boot menu policy was 0x1.
Information,1/14/2022 8:13:20 AM,Microsoft-Windows-Kernel-Boot,30,-21,The firmware reported boot metrics.
Error,1/14/2022 8:13:20 AM,iaStorA,4102,None,Error log: Smart event occured on disk :X6GJEAPFS  
Information,1/14/2022 8:13:19 AM,Microsoft-Windows-Kernel-General,1,-5,"The system time has changed to 2022-01-14T02:13:19.500000000Z from 2022-01-13T19:00:59.797260300Z.

Change Reason: System time synchronized with the hardware clock.
Process: '' (PID 4)."
Information,1/14/2022 1:00:59 AM,Microsoft-Windows-Kernel-Power,107,-102,The system has resumed from sleep.
Information,1/14/2022 1:00:56 AM,Microsoft-Windows-Kernel-Power,42,-64,"The system is entering sleep.

Sleep Reason: Application API"
Information,1/14/2022 1:00:55 AM,Microsoft-Windows-Kernel-Power,187,-243,User-mode process attempted to change the system state by calling SetSuspendState or SetSystemPowerState APIs.
Information,1/14/2022 1:00:53 AM,Microsoft-Windows-Winlogon,7002,-1102,User Logoff Notification for Customer Experience Improvement Program
Error,1/14/2022 12:49:14 AM,Microsoft-Windows-DistributedCOM,10010,None,The server Microsoft.SkypeApp_15.79.95.0_x86__kzf8qxf38zg5c!App.AppXtwmqn4em5r5dpafgj4t4yyxgjfe0hr50.mca did not register with DCOM within the required timeout.
Information,1/14/2022 12:49:01 AM,Microsoft-Windows-Power-Troubleshooter,1,None,"The system has returned from a low power state.

Sleep Time: 2022-01-13T17:14:38.401935400Z
Wake Time: 2022-01-13T18:48:59.549937000Z

Wake Source: Unknown"
Information,1/14/2022 12:49:00 AM,Microsoft-Windows-Winlogon,7001,-1101,User Logon Notification for Customer Experience Improvement Program
Information,1/14/2022 12:48:59 AM,Microsoft-Windows-Kernel-Boot,32,-58,The bootmgr spent 0 ms waiting for user input.
Information,1/14/2022 12:48:59 AM,Microsoft-Windows-Kernel-Boot,18,-57,There are 0x1 boot options on this system.
Information,1/14/2022 12:48:59 AM,Microsoft-Windows-Kernel-Boot,27,-33,The boot type was 0x1.
Information,1/14/2022 12:48:59 AM,Microsoft-Windows-Kernel-Boot,25,-32,The boot menu policy was 0x1.
Information,1/14/2022 12:48:59 AM,Microsoft-Windows-Kernel-Boot,30,-21,The firmware reported boot metrics.
Error,1/14/2022 12:48:59 AM,iaStorA,4102,None,Error log: Smart event occured on disk :X6GJEAPFS  
Information,1/14/2022 12:48:58 AM,Microsoft-Windows-Kernel-General,1,-5,"The system time has changed to 2022-01-13T18:48:58.500000000Z from 2022-01-13T17:14:41.137134400Z.

Change Reason: System time synchronized with the hardware clock.
Process: '' (PID 4)."
Information,1/13/2022 11:14:41 PM,Microsoft-Windows-Kernel-Power,107,-102,The system has resumed from sleep.
Information,1/13/2022 11:14:39 PM,Microsoft-Windows-Kernel-Power,42,-64,"The system is entering sleep.

Sleep Reason: Application API"
Information,1/13/2022 11:14:38 PM,Microsoft-Windows-Kernel-Power,187,-243,User-mode process attempted to change the system state by calling SetSuspendState or SetSystemPowerState APIs.
Information,1/13/2022 11:14:37 PM,Microsoft-Windows-Winlogon,7002,-1102,User Logoff Notification for Customer Experience Improvement Program
Warning,1/13/2022 11:12:52 PM,Microsoft-Windows-DistributedCOM,10016,None,"The machine-default permission settings do not grant Local Activation permission for the COM Server application with CLSID 
{C2F03A33-21F5-47FA-B4BB-156362A2F239}
 and APPID 
{316CDED5-E4AE-4B15-9113-7055D84DCC97}
 to the user SHOHID-PC\SHOHID SID (S-1-5-21-2091211461-3178656723-4261672445-1001) from address LocalHost (Using LRPC) running in the application container Microsoft.Windows.ShellExperienceHost_10.0.18362.1171_neutral_neutral_cw5n1h2txyewy SID (S-1-15-2-155514346-2573954481-755741238-1654018636-1233331829-3075935687-2861478708). This security permission can be modified using the Component Services administrative tool."
Warning,1/13/2022 11:09:08 PM,Microsoft-Windows-DNS-Client,1014,-1014,Name resolution for the name dns.msftncsi.com timed out after none of the configured DNS servers responded.
Warning,1/13/2022 11:08:42 PM,Microsoft-Windows-DistributedCOM,10016,None,"The machine-default permission settings do not grant Local Activation permission for the COM Server application with CLSID 
{C2F03A33-21F5-47FA-B4BB-156362A2F239}
 and APPID 
{316CDED5-E4AE-4B15-9113-7055D84DCC97}
 to the user SHOHID-PC\SHOHID SID (S-1-5-21-2091211461-3178656723-4261672445-1001) from address LocalHost (Using LRPC) running in the application container Microsoft.Windows.ShellExperienceHost_10.0.18362.1171_neutral_neutral_cw5n1h2txyewy SID (S-1-15-2-155514346-2573954481-755741238-1654018636-1233331829-3075935687-2861478708). This security permission can be modified using the Component Services administrative tool."
Warning,1/13/2022 10:48:48 PM,Microsoft-Windows-DistributedCOM,10016,None,"The application-specific permission settings do not grant Local Activation permission for the COM Server application with CLSID 
{2593F8B9-4EAF-457C-B68A-50F6B8EA6B54}
 and APPID 
{15C20B67-12E7-4BB6-92BB-7AFF07997402}
 to the user SHOHID-PC\SHOHID SID (S-1-5-21-2091211461-3178656723-4261672445-1001) from address LocalHost (Using LRPC) running in the application container Microsoft.SkypeApp_15.79.95.0_x86__kzf8qxf38zg5c SID (Unavailable). This security permission can be modified using the Component Services administrative tool."
Error,1/13/2022 10:44:01 PM,Microsoft-Windows-DistributedCOM,10010,None,The server Microsoft.SkypeApp_15.79.95.0_x86__kzf8qxf38zg5c!App.AppXtwmqn4em5r5dpafgj4t4yyxgjfe0hr50.mca did not register with DCOM within the required timeout.
Information,1/13/2022 10:43:43 PM,Microsoft-Windows-Winlogon,7001,-1101,User Logon Notification for Customer Experience Improvement Program
Information,1/13/2022 10:43:42 PM,Microsoft-Windows-Power-Troubleshooter,1,None,"The system has returned from a low power state.

Sleep Time: 2022-01-13T14:51:02.434876400Z
Wake Time: 2022-01-13T16:43:40.722782100Z

Wake Source: Unknown"
Information,1/13/2022 10:43:40 PM,Microsoft-Windows-Kernel-Boot,32,-58,The bootmgr spent 0 ms waiting for user input.
Information,1/13/2022 10:43:40 PM,Microsoft-Windows-Kernel-Boot,18,-57,There are 0x1 boot options on this system.
Information,1/13/2022 10:43:40 PM,Microsoft-Windows-Kernel-Boot,27,-33,The boot type was 0x1.
Information,1/13/2022 10:43:40 PM,Microsoft-Windows-Kernel-Boot,25,-32,The boot menu policy was 0x1.
Information,1/13/2022 10:43:40 PM,Microsoft-Windows-Kernel-Boot,30,-21,The firmware reported boot metrics.
Error,1/13/2022 10:43:40 PM,iaStorA,4102,None,Error log: Smart event occured on disk :X6GJEAPFS  
Information,1/13/2022 10:43:39 PM,Microsoft-Windows-Kernel-General,1,-5,"The system time has changed to 2022-01-13T16:43:39.500000000Z from 2022-01-13T14:51:05.507952700Z.

Change Reason: System time synchronized with the hardware clock.
Process: '' (PID 4)."
Information,1/13/2022 8:51:05 PM,Microsoft-Windows-Kernel-Power,107,-102,The system has resumed from sleep.
Information,1/13/2022 8:51:03 PM,Microsoft-Windows-Kernel-Power,42,-64,"The system is entering sleep.

Sleep Reason: Application API"
Information,1/13/2022 8:51:02 PM,Microsoft-Windows-Kernel-Power,187,-243,User-mode process attempted to change the system state by calling SetSuspendState or SetSystemPowerState APIs.
Information,1/13/2022 8:51:01 PM,Microsoft-Windows-Winlogon,7002,-1102,User Logoff Notification for Customer Experience Improvement Program
Error,1/13/2022 8:21:56 PM,Microsoft-Windows-DistributedCOM,10010,None,The server Microsoft.SkypeApp_15.79.95.0_x86__kzf8qxf38zg5c!App.AppXtwmqn4em5r5dpafgj4t4yyxgjfe0hr50.mca did not register with DCOM within the required timeout.
Information,1/13/2022 8:07:27 PM,Microsoft-Windows-Kernel-General,1,-5,"The system time has changed to 2022-01-13T14:07:27.595472800Z from 2022-01-13T14:07:27.594841100Z.

Change Reason: An application or system component changed the time.
Process: '\Device\HarddiskVolume6\Windows\System32\svchost.exe' (PID 2772)."
Information,1/13/2022 8:07:27 PM,Microsoft-Windows-Kernel-General,1,-5,"The system time has changed to 2022-01-13T14:07:27.593975900Z from 2022-01-13T14:07:27.593850800Z.

Change Reason: An application or system component changed the time.
Process: '\Device\HarddiskVolume6\Windows\System32\svchost.exe' (PID 2772)."
Information,1/13/2022 8:07:27 PM,Microsoft-Windows-Time-Service,35,None,"The time service is now synchronizing the system time with the time source time.windows.com,0x9 (ntp.m|0x9|0.0.0.0:123->40.81.94.65:123) with reference id 1096700200. Current local stratum number is 4."
Information,1/13/2022 8:07:27 PM,Microsoft-Windows-Kernel-General,1,-5,"The system time has changed to 2022-01-13T14:07:27.593036500Z from 2022-01-13T14:07:25.124548900Z.

Change Reason: An application or system component changed the time.
Process: '\Device\HarddiskVolume6\Windows\System32\svchost.exe' (PID 2772)."
Information,1/13/2022 8:07:14 PM,Microsoft-Windows-Kernel-General,16,None,The access history in hive \??\C:\ProgramData\Microsoft\Provisioning\Microsoft-Desktop-Provisioning-Sequence.dat was cleared updating 0 keys and creating 0 modified pages.
Information,1/13/2022 8:07:13 PM,Microsoft-Windows-Kernel-General,16,None,The access history in hive \??\C:\Users\SHOHID\AppData\Local\Packages\microsoft.storepurchaseapp_8wekyb3d8bbwe\Settings\settings.dat was cleared updating 2 keys and creating 1 modified pages.
Information,1/13/2022 8:07:13 PM,Microsoft-Windows-Kernel-General,16,None,The access history in hive \??\C:\Users\SHOHID\AppData\Local\Packages\microsoft.office.onenote_8wekyb3d8bbwe\Settings\settings.dat was cleared updating 237 keys and creating 60 modified pages.
Information,1/13/2022 8:07:10 PM,Microsoft-Windows-Time-Service,37,None,"The time provider NtpClient is currently receiving valid time data from time.windows.com,0x9 (ntp.m|0x9|0.0.0.0:123->40.81.94.65:123)."
Information,1/13/2022 8:07:09 PM,Microsoft-Windows-Time-Service,158,None,The time provider 'VMICTimeProvider' has indicated that the current hardware and operating environment is not supported and has stopped. This behavior is expected for VMICTimeProvider on non-HyperV-guest environments. This may be the expected behavior for the current provider in the current operating environment as well.
Information,1/13/2022 6:17:26 PM,Microsoft-Windows-WindowsUpdateClient,19,Windows Update Agent,Installation Successful: Windows successfully installed the following update: Security Intelligence Update for Microsoft Defender Antivirus - KB2267602 (Version 1.355.1831.0)
Information,1/13/2022 6:17:26 PM,Microsoft-Windows-WindowsUpdateClient,19,Windows Update Agent,Installation Successful: Windows successfully installed the following update: Windows Malicious Software Removal Tool x64 - v5.97 (KB890830)
Information,1/13/2022 6:13:41 PM,Microsoft-Windows-WindowsUpdateClient,43,Windows Update Agent,Installation Started: Windows has started installing the following update: Windows Malicious Software Removal Tool x64 - v5.97 (KB890830)
Information,1/13/2022 6:13:41 PM,Microsoft-Windows-WindowsUpdateClient,19,Windows Update Agent,Installation Successful: Windows successfully installed the following update: Security Update for Microsoft Word 2016 (KB5002057) 32-Bit Edition
Information,1/13/2022 6:13:20 PM,Microsoft-Windows-WindowsUpdateClient,43,Windows Update Agent,Installation Started: Windows has started installing the following update: Security Update for Microsoft Word 2016 (KB5002057) 32-Bit Edition
Information,1/13/2022 6:13:20 PM,Microsoft-Windows-WindowsUpdateClient,19,Windows Update Agent,Installation Successful: Windows successfully installed the following update: Security Update for Microsoft Office 2016 (KB5002052) 32-Bit Edition
Information,1/13/2022 6:13:05 PM,Microsoft-Windows-WindowsUpdateClient,43,Windows Update Agent,Installation Started: Windows has started installing the following update: Security Update for Microsoft Office 2016 (KB5002052) 32-Bit Edition
Information,1/13/2022 6:13:05 PM,Microsoft-Windows-WindowsUpdateClient,19,Windows Update Agent,Installation Successful: Windows successfully installed the following update: Security Update for Microsoft Office 2016 (KB5002116) 32-Bit Edition
Information,1/13/2022 6:12:45 PM,Microsoft-Windows-WindowsUpdateClient,43,Windows Update Agent,Installation Started: Windows has started installing the following update: Security Update for Microsoft Office 2016 (KB5002116) 32-Bit Edition
Information,1/13/2022 6:12:45 PM,Microsoft-Windows-WindowsUpdateClient,19,Windows Update Agent,Installation Successful: Windows successfully installed the following update: Security Update for Microsoft Office 2016 (KB5002060) 32-Bit Edition
Information,1/13/2022 6:12:29 PM,Microsoft-Windows-WindowsUpdateClient,43,Windows Update Agent,Installation Started: Windows has started installing the following update: Security Update for Microsoft Office 2016 (KB5002060) 32-Bit Edition
Information,1/13/2022 6:12:29 PM,Microsoft-Windows-WindowsUpdateClient,19,Windows Update Agent,Installation Successful: Windows successfully installed the following update: Security Update for Microsoft Excel 2016 (KB5002114) 32-Bit Edition
Information,1/13/2022 6:11:47 PM,Microsoft-Windows-WindowsUpdateClient,43,Windows Update Agent,Installation Started: Windows has started installing the following update: Security Update for Microsoft Excel 2016 (KB5002114) 32-Bit Edition
Information,1/13/2022 6:11:47 PM,Microsoft-Windows-WindowsUpdateClient,19,Windows Update Agent,Installation Successful: Windows successfully installed the following update: Security Update for Microsoft Office 2016 (KB5002115) 32-Bit Edition
Information,1/13/2022 6:11:31 PM,Microsoft-Windows-WindowsUpdateClient,43,Windows Update Agent,Installation Started: Windows has started installing the following update: Security Update for Microsoft Office 2016 (KB5002115) 32-Bit Edition
Information,1/13/2022 6:10:02 PM,Microsoft-Windows-WindowsUpdateClient,19,Windows Update Agent,Installation Successful: Windows successfully installed the following update: Security Intelligence Update for Microsoft Defender Antivirus - KB2267602 (Version 1.355.1831.0)
Information,1/13/2022 6:09:48 PM,Microsoft-Windows-WindowsUpdateClient,43,Windows Update Agent,Installation Started: Windows has started installing the following update: Security Intelligence Update for Microsoft Defender Antivirus - KB2267602 (Version 1.355.1831.0)
Information,1/13/2022 6:05:25 PM,Microsoft-Windows-WindowsUpdateClient,44,Windows Update Agent,Windows Update started downloading an update.
Information,1/13/2022 6:05:24 PM,Microsoft-Windows-WindowsUpdateClient,44,Windows Update Agent,Windows Update started downloading an update.
Information,1/13/2022 6:05:24 PM,Microsoft-Windows-WindowsUpdateClient,44,Windows Update Agent,Windows Update started downloading an update.
Information,1/13/2022 6:05:24 PM,Microsoft-Windows-WindowsUpdateClient,44,Windows Update Agent,Windows Update started downloading an update.
Information,1/13/2022 6:05:24 PM,Microsoft-Windows-WindowsUpdateClient,44,Windows Update Agent,Windows Update started downloading an update.
Information,1/13/2022 6:05:24 PM,Microsoft-Windows-WindowsUpdateClient,44,Windows Update Agent,Windows Update started downloading an update.
Information,1/13/2022 6:05:24 PM,Microsoft-Windows-WindowsUpdateClient,44,Windows Update Agent,Windows Update started downloading an update.
Information,1/13/2022 6:05:24 PM,Microsoft-Windows-WindowsUpdateClient,44,Windows Update Agent,Windows Update started downloading an update.
Warning,1/13/2022 6:05:17 PM,Microsoft-Windows-DistributedCOM,10016,None,"The machine-default permission settings do not grant Local Activation permission for the COM Server application with CLSID 
{C2F03A33-21F5-47FA-B4BB-156362A2F239}
 and APPID 
{316CDED5-E4AE-4B15-9113-7055D84DCC97}
 to the user SHOHID-PC\SHOHID SID (S-1-5-21-2091211461-3178656723-4261672445-1001) from address LocalHost (Using LRPC) running in the application container Microsoft.Windows.ShellExperienceHost_10.0.18362.1171_neutral_neutral_cw5n1h2txyewy SID (S-1-15-2-155514346-2573954481-755741238-1654018636-1233331829-3075935687-2861478708). This security permission can be modified using the Component Services administrative tool."
Information,1/13/2022 6:02:56 PM,Microsoft-Windows-Kernel-General,16,None,The access history in hive \??\C:\WINDOWS\SysWOW64\config\systemprofile\AppData\Local\Microsoft\VisualStudio\16.0_197f77be\privateregistry.bin was cleared updating 9275 keys and creating 1241 modified pages.
