Level,Date and Time,Source,Event ID,Task Category,Description
Warning,02-11-2022 08:50,Microsoft-Windows-DistributedCOM,10016,None,"The machine-default permission settings do not grant Local Activation permission for the COM Server application with CLSID 
{C2F03A33-21F5-47FA-B4BB-156362A2F239}
 and APPID 
{316CDED5-E4AE-4B15-9113-7055D84DCC97}
 to the user SHOHID-PC\SHOHID SID (S-1-5-21-2091211461-3178656723-4261672445-1001) from address LocalHost (Using LRPC) running in the application container Microsoft.Windows.ShellExperienceHost_10.0.18362.1171_neutral_neutral_cw5n1h2txyewy SID (S-1-15-2-155514346-2573954481-755741238-1654018636-1233331829-3075935687-2861478708). This security permission can be modified using the Component Services administrative tool."
Warning,02-11-2022 08:49,Microsoft-Windows-DistributedCOM,10016,None,"The machine-default permission settings do not grant Local Activation permission for the COM Server application with CLSID 
{C2F03A33-21F5-47FA-B4BB-156362A2F239}
 and APPID 
{316CDED5-E4AE-4B15-9113-7055D84DCC97}
 to the user SHOHID-PC\SHOHID SID (S-1-5-21-2091211461-3178656723-4261672445-1001) from address LocalHost (Using LRPC) running in the application container Microsoft.Windows.ShellExperienceHost_10.0.18362.1171_neutral_neutral_cw5n1h2txyewy SID (S-1-15-2-155514346-2573954481-755741238-1654018636-1233331829-3075935687-2861478708). This security permission can be modified using the Component Services administrative tool."
Warning,02-11-2022 08:49,Microsoft-Windows-DistributedCOM,10016,None,"The machine-default permission settings do not grant Local Activation permission for the COM Server application with CLSID 
{C2F03A33-21F5-47FA-B4BB-156362A2F239}
 and APPID 
{316CDED5-E4AE-4B15-9113-7055D84DCC97}
 to the user SHOHID-PC\SHOHID SID (S-1-5-21-2091211461-3178656723-4261672445-1001) from address LocalHost (Using LRPC) running in the application container Microsoft.Windows.ShellExperienceHost_10.0.18362.1171_neutral_neutral_cw5n1h2txyewy SID (S-1-15-2-155514346-2573954481-755741238-1654018636-1233331829-3075935687-2861478708). This security permission can be modified using the Component Services administrative tool."
Warning,02-11-2022 08:49,Microsoft-Windows-DistributedCOM,10016,None,"The machine-default permission settings do not grant Local Activation permission for the COM Server application with CLSID 
{C2F03A33-21F5-47FA-B4BB-156362A2F239}
 and APPID 
{316CDED5-E4AE-4B15-9113-7055D84DCC97}
 to the user SHOHID-PC\SHOHID SID (S-1-5-21-2091211461-3178656723-4261672445-1001) from address LocalHost (Using LRPC) running in the application container Microsoft.Windows.ShellExperienceHost_10.0.18362.1171_neutral_neutral_cw5n1h2txyewy SID (S-1-15-2-155514346-2573954481-755741238-1654018636-1233331829-3075935687-2861478708). This security permission can be modified using the Component Services administrative tool."
Information,02-11-2022 08:48,Microsoft-Windows-WindowsUpdateClient,19,Windows Update Agent,Installation Successful: Windows successfully installed the following update: Intel - SoftwareComponent - 2130.1.16.1
Warning,02-11-2022 08:48,Microsoft-Windows-DistributedCOM,10016,None,"The machine-default permission settings do not grant Local Activation permission for the COM Server application with CLSID 
{C2F03A33-21F5-47FA-B4BB-156362A2F239}
 and APPID 
{316CDED5-E4AE-4B15-9113-7055D84DCC97}
 to the user SHOHID-PC\SHOHID SID (S-1-5-21-2091211461-3178656723-4261672445-1001) from address LocalHost (Using LRPC) running in the application container Microsoft.Windows.ShellExperienceHost_10.0.18362.1171_neutral_neutral_cw5n1h2txyewy SID (S-1-15-2-155514346-2573954481-755741238-1654018636-1233331829-3075935687-2861478708). This security permission can be modified using the Component Services administrative tool."
Information,02-11-2022 08:48,Microsoft-Windows-UserPnp,20001,-7005,Driver Management concluded the process to install driver lms.inf_amd64_fddb643595e0b8d0 for Device Instance ID SWD\DRIVERENUM\OEM_LMS_COMPONENT&4&1F2A6A18&0 with the following status: 0x0.
Information,02-11-2022 08:48,Service Control Manager,7045,None,"A service was installed in the system.

Service Name:  Intel(R) Management and Security Application Local Management Service
Service File Name:  %SystemRoot%\System32\DriverStore\FileRepository\lms.inf_amd64_fddb643595e0b8d0\LMS.exe
Service Type:  user mode service
Service Start Type:  auto start
Service Account:  LocalSystem"
Information,02-11-2022 08:48,Microsoft-Windows-WindowsUpdateClient,43,Windows Update Agent,Installation Started: Windows has started installing the following update: Intel - SoftwareComponent - 2130.1.16.1
Information,02-11-2022 08:48,Microsoft-Windows-WindowsUpdateClient,44,Windows Update Agent,Windows Update started downloading an update.
Information,02-11-2022 08:48,Microsoft-Windows-WindowsUpdateClient,19,Windows Update Agent,Installation Successful: Windows successfully installed the following update: Intel - SoftwareComponent - 1.41.2021.121
Information,02-11-2022 08:48,Microsoft-Windows-WindowsUpdateClient,43,Windows Update Agent,Installation Started: Windows has started installing the following update: Intel - SoftwareComponent - 1.41.2021.121
Information,02-11-2022 08:48,Microsoft-Windows-UserPnp,20001,-7005,Driver Management concluded the process to install driver dal.inf_amd64_b5484efd38adbe8d for Device Instance ID SWD\DRIVERENUM\OEM_DAL_COMPONENT&4&1F2A6A18&0 with the following status: 0x0.
Information,02-11-2022 08:48,Service Control Manager,7045,None,"A service was installed in the system.

Service Name:  Intel(R) Dynamic Application Loader Host Interface Service
Service File Name:  %SystemRoot%\System32\DriverStore\FileRepository\dal.inf_amd64_b5484efd38adbe8d\jhi_service.exe
Service Type:  user mode service
Service Start Type:  auto start
Service Account:  LocalSystem"
Information,02-11-2022 08:48,Microsoft-Windows-WindowsUpdateClient,44,Windows Update Agent,Windows Update started downloading an update.
Information,02-11-2022 08:48,Microsoft-Windows-WindowsUpdateClient,19,Windows Update Agent,Installation Successful: Windows successfully installed the following update: Intel - SoftwareComponent - 1.63.1155.1
Information,02-11-2022 08:48,Microsoft-Windows-WindowsUpdateClient,43,Windows Update Agent,Installation Started: Windows has started installing the following update: Intel - SoftwareComponent - 1.63.1155.1
Information,02-11-2022 08:48,Microsoft-Windows-UserPnp,20001,-7005,Driver Management concluded the process to install driver iclsclient.inf_amd64_76523213b78d9046 for Device Instance ID SWD\DRIVERENUM\OEM_ICLS_COMPONENT&4&1F2A6A18&0 with the following status: 0x0.
Information,02-11-2022 08:48,Service Control Manager,7045,None,"A service was installed in the system.

Service Name:  Intel(R) TPM Provisioning Service
Service File Name:  %SystemRoot%\System32\DriverStore\FileRepository\iclsclient.inf_amd64_76523213b78d9046\lib\TPMProvisioningService.exe
Service Type:  user mode service
Service Start Type:  auto start
Service Account:  LocalSystem"
Information,02-11-2022 08:48,Service Control Manager,7045,None,"A service was installed in the system.

Service Name:  Intel(R) Capability Licensing Service TCP IP Interface
Service File Name:  %SystemRoot%\System32\DriverStore\FileRepository\iclsclient.inf_amd64_76523213b78d9046\lib\SocketHeciServer.exe
Service Type:  user mode service
Service Start Type:  auto start
Service Account:  LocalSystem"
Information,02-11-2022 08:48,Microsoft-Windows-WindowsUpdateClient,44,Windows Update Agent,Windows Update started downloading an update.
Information,02-11-2022 08:47,Microsoft-Windows-UserPnp,20001,-7005,Driver Management concluded the process to install driver rt640x64.inf_amd64_792ec22022b6b0f5 for Device Instance ID PCI\VEN_10EC&DEV_8168&SUBSYS_E0001458&REV_0C\4&3704E371&0&00E0 with the following status: 0x0.
Information,02-11-2022 08:47,Microsoft-Windows-UserPnp,20001,-7005,Driver Management concluded the process to install driver heci.inf_amd64_5876ecc7532159d7 for Device Instance ID PCI\VEN_8086&DEV_A13A&SUBSYS_1C3A1458&REV_31\3&11583659&0&B0 with the following status: 0x0.
Information,02-11-2022 08:47,MEIx64,2,None,Intel(R) Trusted Execution Engine Interface driver has started successfully.
Warning,02-11-2022 08:47,MEIx64,4,None,The Intel(R) Trusted Execution Engine Interface is being disabled.
Information,02-11-2022 08:47,Microsoft-Windows-UserPnp,20001,-7005,Driver Management concluded the process to install driver sunrisepoint-hsystem.inf_amd64_bcf3029f12c9eb1b for Device Instance ID PCI\VEN_8086&DEV_A121&SUBSYS_50011458&REV_31\3&11583659&0&FA with the following status: 0x0.
Information,02-11-2022 08:47,Microsoft-Windows-UserPnp,20001,-7005,Driver Management concluded the process to install driver sunrisepoint-hsystem.inf_amd64_bcf3029f12c9eb1b for Device Instance ID PCI\VEN_8086&DEV_A115&SUBSYS_50011458&REV_F1\3&11583659&0&E5 with the following status: 0x0.
Information,02-11-2022 08:47,Microsoft-Windows-UserPnp,20001,-7005,Driver Management concluded the process to install driver sunrisepoint-hsystem.inf_amd64_bcf3029f12c9eb1b for Device Instance ID PCI\VEN_8086&DEV_A118&SUBSYS_50011458&REV_F1\3&11583659&0&E8 with the following status: 0x0.
Information,02-11-2022 08:47,Microsoft-Windows-UserPnp,20001,-7005,Driver Management concluded the process to install driver sunrisepoint-hsystem.inf_amd64_bcf3029f12c9eb1b for Device Instance ID PCI\VEN_8086&DEV_A123&SUBSYS_50011458&REV_31\3&11583659&0&FC with the following status: 0x0.
Information,02-11-2022 08:47,Microsoft-Windows-UserPnp,20001,-7005,Driver Management concluded the process to install driver sunrisepoint-hsystem.inf_amd64_bcf3029f12c9eb1b for Device Instance ID PCI\VEN_8086&DEV_A143&SUBSYS_50011458&REV_31\3&11583659&0&F8 with the following status: 0x0.
Information,02-11-2022 08:47,Microsoft-Windows-UserPnp,20001,-7005,Driver Management concluded the process to install driver sunrisepoint-hsystem.inf_amd64_bcf3029f12c9eb1b for Device Instance ID PCI\VEN_8086&DEV_A114&SUBSYS_50011458&REV_F1\3&11583659&0&E0 with the following status: 0x0.
Information,02-11-2022 08:47,Microsoft-Windows-UserPnp,20001,-7005,Driver Management concluded the process to install driver intcdaud.inf_amd64_7383627629a7d914 for Device Instance ID HDAUDIO\FUNC_01&VEN_8086&DEV_2809&SUBSYS_80860101&REV_1000\4&11D6FE01&0&0201 with the following status: 0x0.
Information,02-11-2022 08:44,Microsoft-Windows-UserPnp,20001,-7005,Driver Management concluded the process to install driver xtuacpidriver.inf_amd64_3980d21753a6d40f for Device Instance ID ACPI\INT3394\2&DABA3FF&0 with the following status: 0x0.
Information,02-11-2022 08:43,Microsoft-Windows-UserPnp,20001,-7005,Driver Management concluded the process to install driver sunrisepoint-hsystem.inf_amd64_bcf3029f12c9eb1b for Device Instance ID PCI\VEN_8086&DEV_A121&SUBSYS_50011458&REV_31\3&11583659&0&FA with the following status: 0x0.
Information,02-11-2022 08:43,Microsoft-Windows-UserPnp,20001,-7005,Driver Management concluded the process to install driver sunrisepoint-hsystem.inf_amd64_bcf3029f12c9eb1b for Device Instance ID PCI\VEN_8086&DEV_A115&SUBSYS_50011458&REV_F1\3&11583659&0&E5 with the following status: 0x0.
Information,02-11-2022 08:43,Microsoft-Windows-UserPnp,20001,-7005,Driver Management concluded the process to install driver sunrisepoint-hsystem.inf_amd64_bcf3029f12c9eb1b for Device Instance ID PCI\VEN_8086&DEV_A118&SUBSYS_50011458&REV_F1\3&11583659&0&E8 with the following status: 0x0.
Information,02-11-2022 08:43,Microsoft-Windows-UserPnp,20001,-7005,Driver Management concluded the process to install driver sunrisepoint-hsystem.inf_amd64_bcf3029f12c9eb1b for Device Instance ID PCI\VEN_8086&DEV_A123&SUBSYS_50011458&REV_31\3&11583659&0&FC with the following status: 0x0.
Information,02-11-2022 08:43,Microsoft-Windows-UserPnp,20001,-7005,Driver Management concluded the process to install driver sunrisepoint-hsystem.inf_amd64_bcf3029f12c9eb1b for Device Instance ID PCI\VEN_8086&DEV_A143&SUBSYS_50011458&REV_31\3&11583659&0&F8 with the following status: 0x0.
Information,02-11-2022 08:43,Microsoft-Windows-UserPnp,20001,-7005,Driver Management concluded the process to install driver sunrisepoint-hsystem.inf_amd64_bcf3029f12c9eb1b for Device Instance ID PCI\VEN_8086&DEV_A114&SUBSYS_50011458&REV_F1\3&11583659&0&E0 with the following status: 0x0.
Information,02-11-2022 08:43,Microsoft-Windows-UserPnp,20001,-7005,Driver Management concluded the process to install driver sunrisepoint-hsystem.inf_amd64_bcf3029f12c9eb1b for Device Instance ID PCI\VEN_8086&DEV_A121&SUBSYS_50011458&REV_31\3&11583659&0&FA with the following status: 0x0.
Information,02-11-2022 08:43,Microsoft-Windows-UserPnp,20001,-7005,Driver Management concluded the process to install driver sunrisepoint-hsystem.inf_amd64_bcf3029f12c9eb1b for Device Instance ID PCI\VEN_8086&DEV_A115&SUBSYS_50011458&REV_F1\3&11583659&0&E5 with the following status: 0x0.
Information,02-11-2022 08:43,Microsoft-Windows-UserPnp,20001,-7005,Driver Management concluded the process to install driver sunrisepoint-hsystem.inf_amd64_bcf3029f12c9eb1b for Device Instance ID PCI\VEN_8086&DEV_A118&SUBSYS_50011458&REV_F1\3&11583659&0&E8 with the following status: 0x0.
Information,02-11-2022 08:43,Microsoft-Windows-UserPnp,20001,-7005,Driver Management concluded the process to install driver sunrisepoint-hsystem.inf_amd64_bcf3029f12c9eb1b for Device Instance ID PCI\VEN_8086&DEV_A123&SUBSYS_50011458&REV_31\3&11583659&0&FC with the following status: 0x0.
Information,02-11-2022 08:43,Microsoft-Windows-UserPnp,20001,-7005,Driver Management concluded the process to install driver sunrisepoint-hsystem.inf_amd64_bcf3029f12c9eb1b for Device Instance ID PCI\VEN_8086&DEV_A143&SUBSYS_50011458&REV_31\3&11583659&0&F8 with the following status: 0x0.
Information,02-11-2022 08:43,Microsoft-Windows-UserPnp,20001,-7005,Driver Management concluded the process to install driver sunrisepoint-hsystem.inf_amd64_bcf3029f12c9eb1b for Device Instance ID PCI\VEN_8086&DEV_A114&SUBSYS_50011458&REV_F1\3&11583659&0&E0 with the following status: 0x0.
Information,02-11-2022 08:43,Microsoft-Windows-UserPnp,20001,-7005,Driver Management concluded the process to install driver iaahci.inf_amd64_86c6a9f869a36c68 for Device Instance ID PCI\VEN_8086&DEV_A102&SUBSYS_B0051458&REV_31\3&11583659&0&B8 with the following status: 0x0.
Warning,02-11-2022 08:43,Microsoft-Windows-Kernel-PnP,225,-223,The application \Device\HarddiskVolume6\Program Files\Google\Chrome\Application\chrome.exe with process id 24512 stopped the removal or ejection for the device PCI\VEN_8086&DEV_A102&SUBSYS_B0051458&REV_31\3&11583659&0&B8.
Warning,02-11-2022 08:43,Microsoft-Windows-Kernel-PnP,225,-223,The application \Device\HarddiskVolume6\Program Files\Google\Chrome\Application\chrome.exe with process id 24476 stopped the removal or ejection for the device PCI\VEN_8086&DEV_A102&SUBSYS_B0051458&REV_31\3&11583659&0&B8.
Warning,02-11-2022 08:43,Microsoft-Windows-Kernel-PnP,225,-223,The application \Device\HarddiskVolume6\Windows\System32\svchost.exe with process id 24372 stopped the removal or ejection for the device PCI\VEN_8086&DEV_A102&SUBSYS_B0051458&REV_31\3&11583659&0&B8.
Warning,02-11-2022 08:43,Microsoft-Windows-Kernel-PnP,225,-223,The application \Device\HarddiskVolume6\Windows\System32\svchost.exe with process id 24280 stopped the removal or ejection for the device PCI\VEN_8086&DEV_A102&SUBSYS_B0051458&REV_31\3&11583659&0&B8.
Warning,02-11-2022 08:43,Microsoft-Windows-Kernel-PnP,225,-223,The application \Device\HarddiskVolume6\Windows\System32\svchost.exe with process id 24100 stopped the removal or ejection for the device PCI\VEN_8086&DEV_A102&SUBSYS_B0051458&REV_31\3&11583659&0&B8.
Warning,02-11-2022 08:43,Microsoft-Windows-Kernel-PnP,225,-223,The application \Device\HarddiskVolume6\Windows\SystemApps\Microsoft.Windows.Cortana_cw5n1h2txyewy\SearchUI.exe with process id 24048 stopped the removal or ejection for the device PCI\VEN_8086&DEV_A102&SUBSYS_B0051458&REV_31\3&11583659&0&B8.
Warning,02-11-2022 08:43,Microsoft-Windows-Kernel-PnP,225,-223,The application \Device\HarddiskVolume6\Windows\System32\svchost.exe with process id 24040 stopped the removal or ejection for the device PCI\VEN_8086&DEV_A102&SUBSYS_B0051458&REV_31\3&11583659&0&B8.
Warning,02-11-2022 08:43,Microsoft-Windows-Kernel-PnP,225,-223,The application \Device\HarddiskVolume6\Program Files\CCleaner\CCleaner64.exe with process id 23972 stopped the removal or ejection for the device PCI\VEN_8086&DEV_A102&SUBSYS_B0051458&REV_31\3&11583659&0&B8.
Warning,02-11-2022 08:43,Microsoft-Windows-Kernel-PnP,225,-223,The application \Device\HarddiskVolume6\Windows\System32\csrss.exe with process id 23852 stopped the removal or ejection for the device PCI\VEN_8086&DEV_A102&SUBSYS_B0051458&REV_31\3&11583659&0&B8.
Warning,02-11-2022 08:43,Microsoft-Windows-Kernel-PnP,225,-223,The application \Device\HarddiskVolume6\Program Files\WindowsApps\microsoft.windowscommunicationsapps_16005.14326.20544.0_x64__8wekyb3d8bbwe\HxTsr.exe with process id 23604 stopped the removal or ejection for the device PCI\VEN_8086&DEV_A102&SUBSYS_B0051458&REV_31\3&11583659&0&B8.
Warning,02-11-2022 08:43,Microsoft-Windows-Kernel-PnP,225,-223,The application \Device\HarddiskVolume6\Windows\System32\SrTasks.exe with process id 23500 stopped the removal or ejection for the device PCI\VEN_8086&DEV_A102&SUBSYS_B0051458&REV_31\3&11583659&0&B8.
Warning,02-11-2022 08:43,Microsoft-Windows-Kernel-PnP,225,-223,The application \Device\HarddiskVolume6\Program Files\WindowsApps\microsoft.windowscommunicationsapps_16005.14326.20544.0_x64__8wekyb3d8bbwe\HxCalendarAppImm.exe with process id 23380 stopped the removal or ejection for the device PCI\VEN_8086&DEV_A102&SUBSYS_B0051458&REV_31\3&11583659&0&B8.
Warning,02-11-2022 08:43,Microsoft-Windows-Kernel-PnP,225,-223,The application \Device\HarddiskVolume6\Windows\System32\svchost.exe with process id 23172 stopped the removal or ejection for the device PCI\VEN_8086&DEV_A102&SUBSYS_B0051458&REV_31\3&11583659&0&B8.
Warning,02-11-2022 08:43,Microsoft-Windows-Kernel-PnP,225,-223,The application \Device\HarddiskVolume6\Program Files\Google\Chrome\Application\chrome.exe with process id 23068 stopped the removal or ejection for the device PCI\VEN_8086&DEV_A102&SUBSYS_B0051458&REV_31\3&11583659&0&B8.
Warning,02-11-2022 08:43,Microsoft-Windows-Kernel-PnP,225,-223,The application \Device\HarddiskVolume6\Program Files\Google\Chrome\Application\chrome.exe with process id 22764 stopped the removal or ejection for the device PCI\VEN_8086&DEV_A102&SUBSYS_B0051458&REV_31\3&11583659&0&B8.
Warning,02-11-2022 08:43,Microsoft-Windows-Kernel-PnP,225,-223,The application \Device\HarddiskVolume6\Windows\System32\RuntimeBroker.exe with process id 22744 stopped the removal or ejection for the device PCI\VEN_8086&DEV_A102&SUBSYS_B0051458&REV_31\3&11583659&0&B8.
Warning,02-11-2022 08:43,Microsoft-Windows-Kernel-PnP,225,-223,The application \Device\HarddiskVolume6\Windows\System32\audiodg.exe with process id 22632 stopped the removal or ejection for the device PCI\VEN_8086&DEV_A102&SUBSYS_B0051458&REV_31\3&11583659&0&B8.
Warning,02-11-2022 08:43,Microsoft-Windows-Kernel-PnP,225,-223,The application \Device\HarddiskVolume6\Windows\System32\fontdrvhost.exe with process id 22560 stopped the removal or ejection for the device PCI\VEN_8086&DEV_A102&SUBSYS_B0051458&REV_31\3&11583659&0&B8.
Warning,02-11-2022 08:43,Microsoft-Windows-Kernel-PnP,225,-223,The application \Device\HarddiskVolume6\Windows\System32\winlogon.exe with process id 22496 stopped the removal or ejection for the device PCI\VEN_8086&DEV_A102&SUBSYS_B0051458&REV_31\3&11583659&0&B8.
Warning,02-11-2022 08:43,Microsoft-Windows-Kernel-PnP,225,-223,The application \Device\HarddiskVolume6\Windows\System32\RuntimeBroker.exe with process id 22492 stopped the removal or ejection for the device PCI\VEN_8086&DEV_A102&SUBSYS_B0051458&REV_31\3&11583659&0&B8.
Warning,02-11-2022 08:43,Microsoft-Windows-Kernel-PnP,225,-223,The application \Device\HarddiskVolume6\Program Files\Google\Chrome\Application\chrome.exe with process id 22268 stopped the removal or ejection for the device PCI\VEN_8086&DEV_A102&SUBSYS_B0051458&REV_31\3&11583659&0&B8.
Warning,02-11-2022 08:43,Microsoft-Windows-Kernel-PnP,225,-223,The application \Device\HarddiskVolume6\Program Files\Google\Chrome\Application\chrome.exe with process id 22152 stopped the removal or ejection for the device PCI\VEN_8086&DEV_A102&SUBSYS_B0051458&REV_31\3&11583659&0&B8.
Warning,02-11-2022 08:43,Microsoft-Windows-Kernel-PnP,225,-223,The application \Device\HarddiskVolume6\Windows\System32\svchost.exe with process id 22148 stopped the removal or ejection for the device PCI\VEN_8086&DEV_A102&SUBSYS_B0051458&REV_31\3&11583659&0&B8.
Warning,02-11-2022 08:43,Microsoft-Windows-Kernel-PnP,225,-223,The application \Device\HarddiskVolume6\Windows\System32\ctfmon.exe with process id 21780 stopped the removal or ejection for the device PCI\VEN_8086&DEV_A102&SUBSYS_B0051458&REV_31\3&11583659&0&B8.
Warning,02-11-2022 08:43,Microsoft-Windows-Kernel-PnP,225,-223,The application \Device\HarddiskVolume6\Program Files\Google\Chrome\Application\chrome.exe with process id 21748 stopped the removal or ejection for the device PCI\VEN_8086&DEV_A102&SUBSYS_B0051458&REV_31\3&11583659&0&B8.
Warning,02-11-2022 08:43,Microsoft-Windows-Kernel-PnP,225,-223,The application \Device\HarddiskVolume6\Windows\System32\dllhost.exe with process id 21656 stopped the removal or ejection for the device PCI\VEN_8086&DEV_A102&SUBSYS_B0051458&REV_31\3&11583659&0&B8.
Warning,02-11-2022 08:43,Microsoft-Windows-Kernel-PnP,225,-223,The application \Device\HarddiskVolume6\Program Files\Google\Chrome\Application\chrome.exe with process id 21432 stopped the removal or ejection for the device PCI\VEN_8086&DEV_A102&SUBSYS_B0051458&REV_31\3&11583659&0&B8.
Warning,02-11-2022 08:43,Microsoft-Windows-Kernel-PnP,225,-223,The application \Device\HarddiskVolume6\Program Files\Google\Chrome\Application\chrome.exe with process id 21256 stopped the removal or ejection for the device PCI\VEN_8086&DEV_A102&SUBSYS_B0051458&REV_31\3&11583659&0&B8.
Warning,02-11-2022 08:43,Microsoft-Windows-Kernel-PnP,225,-223,The application \Device\HarddiskVolume6\Windows\System32\ApplicationFrameHost.exe with process id 20828 stopped the removal or ejection for the device PCI\VEN_8086&DEV_A102&SUBSYS_B0051458&REV_31\3&11583659&0&B8.
Warning,02-11-2022 08:43,Microsoft-Windows-Kernel-PnP,225,-223,The application \Device\HarddiskVolume6\Windows\System32\DriverStore\FileRepository\cui_dch.inf_amd64_f3a64c75ee4defb7\igfxEM.exe with process id 20652 stopped the removal or ejection for the device PCI\VEN_8086&DEV_A102&SUBSYS_B0051458&REV_31\3&11583659&0&B8.
Warning,02-11-2022 08:43,Microsoft-Windows-Kernel-PnP,225,-223,The application \Device\HarddiskVolume6\Windows\System32\drvinst.exe with process id 20456 stopped the removal or ejection for the device PCI\VEN_8086&DEV_A102&SUBSYS_B0051458&REV_31\3&11583659&0&B8.
Warning,02-11-2022 08:43,Microsoft-Windows-Kernel-PnP,225,-223,The application \Device\HarddiskVolume6\Windows\System32\svchost.exe with process id 20304 stopped the removal or ejection for the device PCI\VEN_8086&DEV_A102&SUBSYS_B0051458&REV_31\3&11583659&0&B8.
Warning,02-11-2022 08:43,Microsoft-Windows-Kernel-PnP,225,-223,The application \Device\HarddiskVolume6\ProgramData\Microsoft\Windows Defender\Platform\4.18.2201.10-0\MpCopyAccelerator.exe with process id 20272 stopped the removal or ejection for the device PCI\VEN_8086&DEV_A102&SUBSYS_B0051458&REV_31\3&11583659&0&B8.
Warning,02-11-2022 08:43,Microsoft-Windows-Kernel-PnP,225,-223,The application \Device\HarddiskVolume6\Windows\SystemApps\Microsoft.Windows.StartMenuExperienceHost_cw5n1h2txyewy\StartMenuExperienceHost.exe with process id 20004 stopped the removal or ejection for the device PCI\VEN_8086&DEV_A102&SUBSYS_B0051458&REV_31\3&11583659&0&B8.
Warning,02-11-2022 08:43,Microsoft-Windows-Kernel-PnP,225,-223,The application \Device\HarddiskVolume6\Windows\SystemApps\ShellExperienceHost_cw5n1h2txyewy\ShellExperienceHost.exe with process id 19720 stopped the removal or ejection for the device PCI\VEN_8086&DEV_A102&SUBSYS_B0051458&REV_31\3&11583659&0&B8.
Warning,02-11-2022 08:43,Microsoft-Windows-Kernel-PnP,225,-223,The application \Device\HarddiskVolume6\Program Files\Google\Chrome\Application\chrome.exe with process id 19252 stopped the removal or ejection for the device PCI\VEN_8086&DEV_A102&SUBSYS_B0051458&REV_31\3&11583659&0&B8.
Warning,02-11-2022 08:43,Microsoft-Windows-Kernel-PnP,225,-223,The application \Device\HarddiskVolume6\Program Files\WindowsApps\Microsoft.SkypeApp_15.79.95.0_x86__kzf8qxf38zg5c\Skype\Skype.exe with process id 19212 stopped the removal or ejection for the device PCI\VEN_8086&DEV_A102&SUBSYS_B0051458&REV_31\3&11583659&0&B8.
Warning,02-11-2022 08:43,Microsoft-Windows-Kernel-PnP,225,-223,The application \Device\HarddiskVolume6\Windows\System32\svchost.exe with process id 19208 stopped the removal or ejection for the device PCI\VEN_8086&DEV_A102&SUBSYS_B0051458&REV_31\3&11583659&0&B8.
Warning,02-11-2022 08:43,Microsoft-Windows-Kernel-PnP,225,-223,The application \Device\HarddiskVolume6\Program Files (x86)\TeamViewer\TeamViewer_Service.exe with process id 18664 stopped the removal or ejection for the device PCI\VEN_8086&DEV_A102&SUBSYS_B0051458&REV_31\3&11583659&0&B8.
Warning,02-11-2022 08:43,Microsoft-Windows-Kernel-PnP,225,-223,The application \Device\HarddiskVolume6\Program Files\WindowsApps\Microsoft.SkypeApp_15.79.95.0_x86__kzf8qxf38zg5c\Skype\Skype.exe with process id 18604 stopped the removal or ejection for the device PCI\VEN_8086&DEV_A102&SUBSYS_B0051458&REV_31\3&11583659&0&B8.
Warning,02-11-2022 08:43,Microsoft-Windows-Kernel-PnP,225,-223,The application \Device\HarddiskVolume6\Windows\System32\SettingSyncHost.exe with process id 18468 stopped the removal or ejection for the device PCI\VEN_8086&DEV_A102&SUBSYS_B0051458&REV_31\3&11583659&0&B8.
Warning,02-11-2022 08:43,Microsoft-Windows-Kernel-PnP,225,-223,The application \Device\HarddiskVolume6\Program Files\Google\Chrome\Application\chrome.exe with process id 18368 stopped the removal or ejection for the device PCI\VEN_8086&DEV_A102&SUBSYS_B0051458&REV_31\3&11583659&0&B8.
Warning,02-11-2022 08:43,Microsoft-Windows-Kernel-PnP,225,-223,The application \Device\HarddiskVolume6\Windows\System32\svchost.exe with process id 18328 stopped the removal or ejection for the device PCI\VEN_8086&DEV_A102&SUBSYS_B0051458&REV_31\3&11583659&0&B8.
Warning,02-11-2022 08:43,Microsoft-Windows-Kernel-PnP,225,-223,The application \Device\HarddiskVolume6\Program Files\Google\Chrome\Application\chrome.exe with process id 18176 stopped the removal or ejection for the device PCI\VEN_8086&DEV_A102&SUBSYS_B0051458&REV_31\3&11583659&0&B8.
Warning,02-11-2022 08:43,Microsoft-Windows-Kernel-PnP,225,-223,The application \Device\HarddiskVolume6\Program Files\CCleaner\CCleaner64.exe with process id 18160 stopped the removal or ejection for the device PCI\VEN_8086&DEV_A102&SUBSYS_B0051458&REV_31\3&11583659&0&B8.
Warning,02-11-2022 08:43,Microsoft-Windows-Kernel-PnP,225,-223,The application \Device\HarddiskVolume6\Windows\System32\RuntimeBroker.exe with process id 18072 stopped the removal or ejection for the device PCI\VEN_8086&DEV_A102&SUBSYS_B0051458&REV_31\3&11583659&0&B8.
Warning,02-11-2022 08:43,Microsoft-Windows-Kernel-PnP,225,-223,The application \Device\HarddiskVolume6\Windows\System32\svchost.exe with process id 17860 stopped the removal or ejection for the device PCI\VEN_8086&DEV_A102&SUBSYS_B0051458&REV_31\3&11583659&0&B8.
Warning,02-11-2022 08:43,Microsoft-Windows-Kernel-PnP,225,-223,The application \Device\HarddiskVolume6\Windows\System32\svchost.exe with process id 17620 stopped the removal or ejection for the device PCI\VEN_8086&DEV_A102&SUBSYS_B0051458&REV_31\3&11583659&0&B8.
Warning,02-11-2022 08:43,Microsoft-Windows-Kernel-PnP,225,-223,The application \Device\HarddiskVolume6\Program Files (x86)\AnyDesk\AnyDesk.exe with process id 17508 stopped the removal or ejection for the device PCI\VEN_8086&DEV_A102&SUBSYS_B0051458&REV_31\3&11583659&0&B8.
Warning,02-11-2022 08:43,Microsoft-Windows-Kernel-PnP,225,-223,The application \Device\HarddiskVolume6\Windows\System32\VSSVC.exe with process id 16948 stopped the removal or ejection for the device PCI\VEN_8086&DEV_A102&SUBSYS_B0051458&REV_31\3&11583659&0&B8.
Warning,02-11-2022 08:43,Microsoft-Windows-Kernel-PnP,225,-223,The application \Device\HarddiskVolume6\Program Files\Intel\Intel(R) Rapid Storage Technology\IAStorIcon.exe with process id 16812 stopped the removal or ejection for the device PCI\VEN_8086&DEV_A102&SUBSYS_B0051458&REV_31\3&11583659&0&B8.
Warning,02-11-2022 08:43,Microsoft-Windows-Kernel-PnP,225,-223,The application \Device\HarddiskVolume6\Program Files\Microsoft SQL Server\MSSQL11.MSSQLSERVER\MSSQL\Binn\fdhost.exe with process id 16372 stopped the removal or ejection for the device PCI\VEN_8086&DEV_A102&SUBSYS_B0051458&REV_31\3&11583659&0&B8.
Warning,02-11-2022 08:43,Microsoft-Windows-Kernel-PnP,225,-223,The application \Device\HarddiskVolume6\Program Files\Google\Chrome\Application\chrome.exe with process id 15840 stopped the removal or ejection for the device PCI\VEN_8086&DEV_A102&SUBSYS_B0051458&REV_31\3&11583659&0&B8.
Warning,02-11-2022 08:43,Microsoft-Windows-Kernel-PnP,225,-223,The application \Device\HarddiskVolume6\Windows\System32\SgrmBroker.exe with process id 15828 stopped the removal or ejection for the device PCI\VEN_8086&DEV_A102&SUBSYS_B0051458&REV_31\3&11583659&0&B8.
Warning,02-11-2022 08:43,Microsoft-Windows-Kernel-PnP,225,-223,The application \Device\HarddiskVolume6\Program Files\Microsoft SQL Server\MSSQL12.MSSQLSERVER14\MSSQL\Binn\fdhost.exe with process id 15688 stopped the removal or ejection for the device PCI\VEN_8086&DEV_A102&SUBSYS_B0051458&REV_31\3&11583659&0&B8.
Warning,02-11-2022 08:43,Microsoft-Windows-Kernel-PnP,225,-223,The application \Device\HarddiskVolume6\Program Files\Microsoft SQL Server\MSSQL11.MSSQLSERVER\MSSQL\Binn\sqlservr.exe with process id 15540 stopped the removal or ejection for the device PCI\VEN_8086&DEV_A102&SUBSYS_B0051458&REV_31\3&11583659&0&B8.
Warning,02-11-2022 08:43,Microsoft-Windows-Kernel-PnP,225,-223,The application \Device\HarddiskVolume6\Windows\System32\RuntimeBroker.exe with process id 15384 stopped the removal or ejection for the device PCI\VEN_8086&DEV_A102&SUBSYS_B0051458&REV_31\3&11583659&0&B8.
Warning,02-11-2022 08:43,Microsoft-Windows-Kernel-PnP,225,-223,The application \Device\HarddiskVolume6\Program Files\Intel\Intel(R) Rapid Storage Technology\IAStorDataMgrSvc.exe with process id 15340 stopped the removal or ejection for the device PCI\VEN_8086&DEV_A102&SUBSYS_B0051458&REV_31\3&11583659&0&B8.
Warning,02-11-2022 08:43,Microsoft-Windows-Kernel-PnP,225,-223,The application \Device\HarddiskVolume6\Windows\System32\SearchProtocolHost.exe with process id 15332 stopped the removal or ejection for the device PCI\VEN_8086&DEV_A102&SUBSYS_B0051458&REV_31\3&11583659&0&B8.
Warning,02-11-2022 08:43,Microsoft-Windows-Kernel-PnP,225,-223,The application \Device\HarddiskVolume6\Program Files\Google\Chrome\Application\chrome.exe with process id 15304 stopped the removal or ejection for the device PCI\VEN_8086&DEV_A102&SUBSYS_B0051458&REV_31\3&11583659&0&B8.
Warning,02-11-2022 08:43,Microsoft-Windows-Kernel-PnP,225,-223,The application \Device\HarddiskVolume6\Windows\System32\svchost.exe with process id 14968 stopped the removal or ejection for the device PCI\VEN_8086&DEV_A102&SUBSYS_B0051458&REV_31\3&11583659&0&B8.
Warning,02-11-2022 08:43,Microsoft-Windows-Kernel-PnP,225,-223,The application \Device\HarddiskVolume6\Program Files\Fortinet\FortiClient\FortiTray.exe with process id 14772 stopped the removal or ejection for the device PCI\VEN_8086&DEV_A102&SUBSYS_B0051458&REV_31\3&11583659&0&B8.
Warning,02-11-2022 08:43,Microsoft-Windows-Kernel-PnP,225,-223,The application \Device\HarddiskVolume6\Windows\System32\RuntimeBroker.exe with process id 14536 stopped the removal or ejection for the device PCI\VEN_8086&DEV_A102&SUBSYS_B0051458&REV_31\3&11583659&0&B8.
Warning,02-11-2022 08:43,Microsoft-Windows-Kernel-PnP,225,-223,The application \Device\HarddiskVolume6\Windows\System32\sppsvc.exe with process id 14320 stopped the removal or ejection for the device PCI\VEN_8086&DEV_A102&SUBSYS_B0051458&REV_31\3&11583659&0&B8.
Warning,02-11-2022 08:43,Microsoft-Windows-Kernel-PnP,225,-223,The application \Device\HarddiskVolume6\Program Files\WindowsApps\Microsoft.SkypeApp_15.79.95.0_x86__kzf8qxf38zg5c\Skype\Skype.exe with process id 14184 stopped the removal or ejection for the device PCI\VEN_8086&DEV_A102&SUBSYS_B0051458&REV_31\3&11583659&0&B8.
Warning,02-11-2022 08:43,Microsoft-Windows-Kernel-PnP,225,-223,The application \Device\HarddiskVolume6\Windows\System32\svchost.exe with process id 14116 stopped the removal or ejection for the device PCI\VEN_8086&DEV_A102&SUBSYS_B0051458&REV_31\3&11583659&0&B8.
Warning,02-11-2022 08:43,Microsoft-Windows-Kernel-PnP,225,-223,The application \Device\HarddiskVolume6\Windows\System32\SecurityHealthService.exe with process id 14068 stopped the removal or ejection for the device PCI\VEN_8086&DEV_A102&SUBSYS_B0051458&REV_31\3&11583659&0&B8.
Warning,02-11-2022 08:43,Microsoft-Windows-Kernel-PnP,225,-223,The application \Device\HarddiskVolume6\Windows\System32\svchost.exe with process id 13940 stopped the removal or ejection for the device PCI\VEN_8086&DEV_A102&SUBSYS_B0051458&REV_31\3&11583659&0&B8.
Warning,02-11-2022 08:43,Microsoft-Windows-Kernel-PnP,225,-223,The application \Device\HarddiskVolume6\Windows\System32\svchost.exe with process id 13520 stopped the removal or ejection for the device PCI\VEN_8086&DEV_A102&SUBSYS_B0051458&REV_31\3&11583659&0&B8.
Warning,02-11-2022 08:43,Microsoft-Windows-Kernel-PnP,225,-223,The application \Device\HarddiskVolume6\Windows\System32\RuntimeBroker.exe with process id 13332 stopped the removal or ejection for the device PCI\VEN_8086&DEV_A102&SUBSYS_B0051458&REV_31\3&11583659&0&B8.
Warning,02-11-2022 08:43,Microsoft-Windows-Kernel-PnP,225,-223,The application \Device\HarddiskVolume6\Windows\System32\conhost.exe with process id 13300 stopped the removal or ejection for the device PCI\VEN_8086&DEV_A102&SUBSYS_B0051458&REV_31\3&11583659&0&B8.
Warning,02-11-2022 08:43,Microsoft-Windows-Kernel-PnP,225,-223,The application \Device\HarddiskVolume6\Program Files\Microsoft SQL Server\MSSQL10_50.SQLEXPRESS2008\MSSQL\Binn\fdhost.exe with process id 13292 stopped the removal or ejection for the device PCI\VEN_8086&DEV_A102&SUBSYS_B0051458&REV_31\3&11583659&0&B8.
Warning,02-11-2022 08:43,Microsoft-Windows-Kernel-PnP,225,-223,The application \Device\HarddiskVolume6\Program Files\WindowsApps\Microsoft.SkypeApp_15.79.95.0_x86__kzf8qxf38zg5c\Skype\Skype.exe with process id 13020 stopped the removal or ejection for the device PCI\VEN_8086&DEV_A102&SUBSYS_B0051458&REV_31\3&11583659&0&B8.
Warning,02-11-2022 08:43,Microsoft-Windows-Kernel-PnP,225,-223,The application \Device\HarddiskVolume6\Windows\System32\conhost.exe with process id 13012 stopped the removal or ejection for the device PCI\VEN_8086&DEV_A102&SUBSYS_B0051458&REV_31\3&11583659&0&B8.
Warning,02-11-2022 08:43,Microsoft-Windows-Kernel-PnP,225,-223,The application \Device\HarddiskVolume6\Program Files\Microsoft SQL Server\MSSQL10_50.SQLEXPRESS2008\MSSQL\Binn\fdlauncher.exe with process id 13004 stopped the removal or ejection for the device PCI\VEN_8086&DEV_A102&SUBSYS_B0051458&REV_31\3&11583659&0&B8.
Warning,02-11-2022 08:43,Microsoft-Windows-Kernel-PnP,225,-223,The application \Device\HarddiskVolume6\Program Files\Microsoft SQL Server\MSSQL12.MSSQLSERVER14\MSSQL\Binn\fdlauncher.exe with process id 12732 stopped the removal or ejection for the device PCI\VEN_8086&DEV_A102&SUBSYS_B0051458&REV_31\3&11583659&0&B8.
Warning,02-11-2022 08:43,Microsoft-Windows-Kernel-PnP,225,-223,The application \Device\HarddiskVolume6\Windows\System32\conhost.exe with process id 12688 stopped the removal or ejection for the device PCI\VEN_8086&DEV_A102&SUBSYS_B0051458&REV_31\3&11583659&0&B8.
Warning,02-11-2022 08:43,Microsoft-Windows-Kernel-PnP,225,-223,The application \Device\HarddiskVolume6\Windows\System32\backgroundTaskHost.exe with process id 12592 stopped the removal or ejection for the device PCI\VEN_8086&DEV_A102&SUBSYS_B0051458&REV_31\3&11583659&0&B8.
Warning,02-11-2022 08:43,Microsoft-Windows-Kernel-PnP,225,-223,The application \Device\HarddiskVolume6\Windows\System32\svchost.exe with process id 12556 stopped the removal or ejection for the device PCI\VEN_8086&DEV_A102&SUBSYS_B0051458&REV_31\3&11583659&0&B8.
Warning,02-11-2022 08:43,Microsoft-Windows-Kernel-PnP,225,-223,The application \Device\HarddiskVolume6\Program Files\Google\Chrome\Application\chrome.exe with process id 12016 stopped the removal or ejection for the device PCI\VEN_8086&DEV_A102&SUBSYS_B0051458&REV_31\3&11583659&0&B8.
Warning,02-11-2022 08:43,Microsoft-Windows-Kernel-PnP,225,-223,The application \Device\HarddiskVolume6\Windows\System32\svchost.exe with process id 11808 stopped the removal or ejection for the device PCI\VEN_8086&DEV_A102&SUBSYS_B0051458&REV_31\3&11583659&0&B8.
Warning,02-11-2022 08:43,Microsoft-Windows-Kernel-PnP,225,-223,The application \Device\HarddiskVolume6\Windows\System32\svchost.exe with process id 11656 stopped the removal or ejection for the device PCI\VEN_8086&DEV_A102&SUBSYS_B0051458&REV_31\3&11583659&0&B8.
Warning,02-11-2022 08:43,Microsoft-Windows-Kernel-PnP,225,-223,The application \Device\HarddiskVolume6\Windows\System32\usocoreworker.exe with process id 11268 stopped the removal or ejection for the device PCI\VEN_8086&DEV_A102&SUBSYS_B0051458&REV_31\3&11583659&0&B8.
Warning,02-11-2022 08:43,Microsoft-Windows-Kernel-PnP,225,-223,The application \Device\HarddiskVolume6\Program Files\Google\Chrome\Application\chrome.exe with process id 11148 stopped the removal or ejection for the device PCI\VEN_8086&DEV_A102&SUBSYS_B0051458&REV_31\3&11583659&0&B8.
Warning,02-11-2022 08:43,Microsoft-Windows-Kernel-PnP,225,-223,The application \Device\HarddiskVolume6\ProgramData\Microsoft\Windows Defender\Platform\4.18.2201.10-0\NisSrv.exe with process id 11136 stopped the removal or ejection for the device PCI\VEN_8086&DEV_A102&SUBSYS_B0051458&REV_31\3&11583659&0&B8.
Warning,02-11-2022 08:43,Microsoft-Windows-Kernel-PnP,225,-223,The application \Device\HarddiskVolume6\Program Files\Google\Chrome\Application\chrome.exe with process id 10924 stopped the removal or ejection for the device PCI\VEN_8086&DEV_A102&SUBSYS_B0051458&REV_31\3&11583659&0&B8.
Warning,02-11-2022 08:43,Microsoft-Windows-Kernel-PnP,225,-223,The application \Device\HarddiskVolume6\Program Files\Google\Chrome\Application\chrome.exe with process id 10888 stopped the removal or ejection for the device PCI\VEN_8086&DEV_A102&SUBSYS_B0051458&REV_31\3&11583659&0&B8.
Warning,02-11-2022 08:43,Microsoft-Windows-Kernel-PnP,225,-223,The application \Device\HarddiskVolume6\Windows\System32\svchost.exe with process id 10716 stopped the removal or ejection for the device PCI\VEN_8086&DEV_A102&SUBSYS_B0051458&REV_31\3&11583659&0&B8.
Warning,02-11-2022 08:43,Microsoft-Windows-Kernel-PnP,225,-223,The application \Device\HarddiskVolume6\Windows\System32\svchost.exe with process id 10708 stopped the removal or ejection for the device PCI\VEN_8086&DEV_A102&SUBSYS_B0051458&REV_31\3&11583659&0&B8.
Warning,02-11-2022 08:43,Microsoft-Windows-Kernel-PnP,225,-223,The application \Device\HarddiskVolume6\Windows\System32\RuntimeBroker.exe with process id 10608 stopped the removal or ejection for the device PCI\VEN_8086&DEV_A102&SUBSYS_B0051458&REV_31\3&11583659&0&B8.
Warning,02-11-2022 08:43,Microsoft-Windows-Kernel-PnP,225,-223,The application \Device\HarddiskVolume6\Program Files\Google\Chrome\Application\chrome.exe with process id 10528 stopped the removal or ejection for the device PCI\VEN_8086&DEV_A102&SUBSYS_B0051458&REV_31\3&11583659&0&B8.
Warning,02-11-2022 08:43,Microsoft-Windows-Kernel-PnP,225,-223,The application \Device\HarddiskVolume6\Program Files (x86)\VMware\VMware Player\vmware-authd.exe with process id 10236 stopped the removal or ejection for the device PCI\VEN_8086&DEV_A102&SUBSYS_B0051458&REV_31\3&11583659&0&B8.
Warning,02-11-2022 08:43,Microsoft-Windows-Kernel-PnP,225,-223,The application \Device\HarddiskVolume6\Windows\System32\wbem\WmiPrvSE.exe with process id 10156 stopped the removal or ejection for the device PCI\VEN_8086&DEV_A102&SUBSYS_B0051458&REV_31\3&11583659&0&B8.
Warning,02-11-2022 08:43,Microsoft-Windows-Kernel-PnP,225,-223,The application \Device\HarddiskVolume6\Program Files\Google\Chrome\Application\chrome.exe with process id 10068 stopped the removal or ejection for the device PCI\VEN_8086&DEV_A102&SUBSYS_B0051458&REV_31\3&11583659&0&B8.
Warning,02-11-2022 08:43,Microsoft-Windows-Kernel-PnP,225,-223,The application \Device\HarddiskVolume6\Windows\System32\svchost.exe with process id 9848 stopped the removal or ejection for the device PCI\VEN_8086&DEV_A102&SUBSYS_B0051458&REV_31\3&11583659&0&B8.
Warning,02-11-2022 08:43,Microsoft-Windows-Kernel-PnP,225,-223,The application \Device\HarddiskVolume6\Program Files (x86)\AnyDesk\AnyDesk.exe with process id 9836 stopped the removal or ejection for the device PCI\VEN_8086&DEV_A102&SUBSYS_B0051458&REV_31\3&11583659&0&B8.
Warning,02-11-2022 08:43,Microsoft-Windows-Kernel-PnP,225,-223,The application \Device\HarddiskVolume6\Windows\System32\RuntimeBroker.exe with process id 9804 stopped the removal or ejection for the device PCI\VEN_8086&DEV_A102&SUBSYS_B0051458&REV_31\3&11583659&0&B8.
Warning,02-11-2022 08:43,Microsoft-Windows-Kernel-PnP,225,-223,The application \Device\HarddiskVolume6\Windows\System32\svchost.exe with process id 9684 stopped the removal or ejection for the device PCI\VEN_8086&DEV_A102&SUBSYS_B0051458&REV_31\3&11583659&0&B8.
Warning,02-11-2022 08:43,Microsoft-Windows-Kernel-PnP,225,-223,The application \Device\HarddiskVolume6\Windows\System32\svchost.exe with process id 9516 stopped the removal or ejection for the device PCI\VEN_8086&DEV_A102&SUBSYS_B0051458&REV_31\3&11583659&0&B8.
Warning,02-11-2022 08:43,Microsoft-Windows-Kernel-PnP,225,-223,The application \Device\HarddiskVolume6\Windows\System32\svchost.exe with process id 9352 stopped the removal or ejection for the device PCI\VEN_8086&DEV_A102&SUBSYS_B0051458&REV_31\3&11583659&0&B8.
Warning,02-11-2022 08:43,Microsoft-Windows-Kernel-PnP,225,-223,The application \Device\HarddiskVolume6\Windows\System32\svchost.exe with process id 9260 stopped the removal or ejection for the device PCI\VEN_8086&DEV_A102&SUBSYS_B0051458&REV_31\3&11583659&0&B8.
Warning,02-11-2022 08:43,Microsoft-Windows-Kernel-PnP,225,-223,The application \Device\HarddiskVolume6\Windows\Microsoft.NET\Framework64\v3.0\WPF\PresentationFontCache.exe with process id 9248 stopped the removal or ejection for the device PCI\VEN_8086&DEV_A102&SUBSYS_B0051458&REV_31\3&11583659&0&B8.
Warning,02-11-2022 08:43,Microsoft-Windows-Kernel-PnP,225,-223,The application \Device\HarddiskVolume6\Windows\System32\svchost.exe with process id 9144 stopped the removal or ejection for the device PCI\VEN_8086&DEV_A102&SUBSYS_B0051458&REV_31\3&11583659&0&B8.
Warning,02-11-2022 08:43,Microsoft-Windows-Kernel-PnP,225,-223,The application \Device\HarddiskVolume6\Program Files\Microsoft SQL Server\MSSQL11.MSSQLSERVER\MSSQL\Binn\fdlauncher.exe with process id 9044 stopped the removal or ejection for the device PCI\VEN_8086&DEV_A102&SUBSYS_B0051458&REV_31\3&11583659&0&B8.
Warning,02-11-2022 08:43,Microsoft-Windows-Kernel-PnP,225,-223,The application \Device\HarddiskVolume6\Program Files\Fortinet\FortiClient\FCDBLog.exe with process id 9012 stopped the removal or ejection for the device PCI\VEN_8086&DEV_A102&SUBSYS_B0051458&REV_31\3&11583659&0&B8.
Warning,02-11-2022 08:43,Microsoft-Windows-Kernel-PnP,225,-223,The application \Device\HarddiskVolume6\Windows\System32\wbem\unsecapp.exe with process id 8932 stopped the removal or ejection for the device PCI\VEN_8086&DEV_A102&SUBSYS_B0051458&REV_31\3&11583659&0&B8.
Warning,02-11-2022 08:43,Microsoft-Windows-Kernel-PnP,225,-223,The application \Device\HarddiskVolume6\Windows\System32\svchost.exe with process id 8792 stopped the removal or ejection for the device PCI\VEN_8086&DEV_A102&SUBSYS_B0051458&REV_31\3&11583659&0&B8.
Warning,02-11-2022 08:43,Microsoft-Windows-Kernel-PnP,225,-223,The application \Device\HarddiskVolume6\Windows\System32\svchost.exe with process id 8744 stopped the removal or ejection for the device PCI\VEN_8086&DEV_A102&SUBSYS_B0051458&REV_31\3&11583659&0&B8.
Warning,02-11-2022 08:43,Microsoft-Windows-Kernel-PnP,225,-223,The application \Device\HarddiskVolume6\Windows\System32\SearchFilterHost.exe with process id 8456 stopped the removal or ejection for the device PCI\VEN_8086&DEV_A102&SUBSYS_B0051458&REV_31\3&11583659&0&B8.
Warning,02-11-2022 08:43,Microsoft-Windows-Kernel-PnP,225,-223,The application \Device\HarddiskVolume6\Program Files\WindowsApps\Microsoft.SkypeApp_15.79.95.0_x86__kzf8qxf38zg5c\Skype\Skype.exe with process id 8432 stopped the removal or ejection for the device PCI\VEN_8086&DEV_A102&SUBSYS_B0051458&REV_31\3&11583659&0&B8.
Warning,02-11-2022 08:43,Microsoft-Windows-Kernel-PnP,225,-223,The application \Device\HarddiskVolume6\Windows\System32\svchost.exe with process id 8264 stopped the removal or ejection for the device PCI\VEN_8086&DEV_A102&SUBSYS_B0051458&REV_31\3&11583659&0&B8.
Warning,02-11-2022 08:43,Microsoft-Windows-Kernel-PnP,225,-223,The application \Device\HarddiskVolume6\Program Files\Fortinet\FortiClient\FortiSSLVPNdaemon.exe with process id 8172 stopped the removal or ejection for the device PCI\VEN_8086&DEV_A102&SUBSYS_B0051458&REV_31\3&11583659&0&B8.
Warning,02-11-2022 08:43,Microsoft-Windows-Kernel-PnP,225,-223,The application \Device\HarddiskVolume6\Program Files\Fortinet\FortiClient\FortiSettings.exe with process id 8168 stopped the removal or ejection for the device PCI\VEN_8086&DEV_A102&SUBSYS_B0051458&REV_31\3&11583659&0&B8.
Warning,02-11-2022 08:43,Microsoft-Windows-Kernel-PnP,225,-223,The application \Device\HarddiskVolume6\Program Files\WindowsApps\Microsoft.SkypeApp_15.79.95.0_x86__kzf8qxf38zg5c\Skype\Skype.exe with process id 7700 stopped the removal or ejection for the device PCI\VEN_8086&DEV_A102&SUBSYS_B0051458&REV_31\3&11583659&0&B8.
Warning,02-11-2022 08:43,Microsoft-Windows-Kernel-PnP,225,-223,The application \Device\HarddiskVolume6\Windows\System32\RuntimeBroker.exe with process id 7416 stopped the removal or ejection for the device PCI\VEN_8086&DEV_A102&SUBSYS_B0051458&REV_31\3&11583659&0&B8.
Warning,02-11-2022 08:43,Microsoft-Windows-Kernel-PnP,225,-223,The application \Device\HarddiskVolume6\Program Files\Microsoft SQL Server\90\Shared\sqlwriter.exe with process id 7248 stopped the removal or ejection for the device PCI\VEN_8086&DEV_A102&SUBSYS_B0051458&REV_31\3&11583659&0&B8.
Warning,02-11-2022 08:43,Microsoft-Windows-Kernel-PnP,225,-223,The application \Device\HarddiskVolume6\Windows\System32\svchost.exe with process id 7204 stopped the removal or ejection for the device PCI\VEN_8086&DEV_A102&SUBSYS_B0051458&REV_31\3&11583659&0&B8.
Warning,02-11-2022 08:43,Microsoft-Windows-Kernel-PnP,225,-223,The application \Device\HarddiskVolume6\Program Files\WindowsApps\Microsoft.YourPhone_1.21121.256.0_x64__8wekyb3d8bbwe\YourPhone.exe with process id 7068 stopped the removal or ejection for the device PCI\VEN_8086&DEV_A102&SUBSYS_B0051458&REV_31\3&11583659&0&B8.
Warning,02-11-2022 08:43,Microsoft-Windows-Kernel-PnP,225,-223,The application \Device\HarddiskVolume6\Windows\System32\svchost.exe with process id 6952 stopped the removal or ejection for the device PCI\VEN_8086&DEV_A102&SUBSYS_B0051458&REV_31\3&11583659&0&B8.
Warning,02-11-2022 08:43,Microsoft-Windows-Kernel-PnP,225,-223,The application \Device\HarddiskVolume6\Program Files\Windows Media Player\wmpnetwk.exe with process id 6424 stopped the removal or ejection for the device PCI\VEN_8086&DEV_A102&SUBSYS_B0051458&REV_31\3&11583659&0&B8.
Warning,02-11-2022 08:43,Microsoft-Windows-Kernel-PnP,225,-223,The application \Device\HarddiskVolume6\ProgramData\Microsoft\Windows Defender\Platform\4.18.2201.10-0\MsMpEng.exe with process id 6120 stopped the removal or ejection for the device PCI\VEN_8086&DEV_A102&SUBSYS_B0051458&REV_31\3&11583659&0&B8.
Warning,02-11-2022 08:43,Microsoft-Windows-Kernel-PnP,225,-223,The application \Device\HarddiskVolume6\Windows\System32\svchost.exe with process id 6112 stopped the removal or ejection for the device PCI\VEN_8086&DEV_A102&SUBSYS_B0051458&REV_31\3&11583659&0&B8.
Warning,02-11-2022 08:43,Microsoft-Windows-Kernel-PnP,225,-223,The application \Device\HarddiskVolume6\Windows\System32\svchost.exe with process id 6108 stopped the removal or ejection for the device PCI\VEN_8086&DEV_A102&SUBSYS_B0051458&REV_31\3&11583659&0&B8.
Warning,02-11-2022 08:43,Microsoft-Windows-Kernel-PnP,225,-223,The application \Device\HarddiskVolume6\Windows\explorer.exe with process id 6076 stopped the removal or ejection for the device PCI\VEN_8086&DEV_A102&SUBSYS_B0051458&REV_31\3&11583659&0&B8.
Warning,02-11-2022 08:43,Microsoft-Windows-Kernel-PnP,225,-223,The application \Device\HarddiskVolume6\Windows\System32\SecurityHealthSystray.exe with process id 6012 stopped the removal or ejection for the device PCI\VEN_8086&DEV_A102&SUBSYS_B0051458&REV_31\3&11583659&0&B8.
Warning,02-11-2022 08:43,Microsoft-Windows-Kernel-PnP,225,-223,The application \Device\HarddiskVolume6\Windows\System32\conhost.exe with process id 5904 stopped the removal or ejection for the device PCI\VEN_8086&DEV_A102&SUBSYS_B0051458&REV_31\3&11583659&0&B8.
