Warning,01-04-2022 06:48,Microsoft-Windows-DistributedCOM,10016,None,"The application-specific permission settings do not grant Local Activation permission for the COM Server application with CLSID 
{2593F8B9-4EAF-457C-B68A-50F6B8EA6B54}
 and APPID 
{15C20B67-12E7-4BB6-92BB-7AFF07997402}
 to the user SHOHID-PC\SHOHID SID (S-1-5-21-2091211461-3178656723-4261672445-1001) from address LocalHost (Using LRPC) running in the application container Unavailable SID (Unavailable). This security permission can be modified using the Component Services administrative tool."
Information,01-04-2022 06:48,Microsoft-Windows-Winlogon,7001,-1101,User Logon Notification for Customer Experience Improvement Program
Information,01-04-2022 06:48,Microsoft-Windows-Power-Troubleshooter,1,None,"The system has returned from a low power state.

Sleep Time: 2022-01-03T23:33:26.792578700Z
Wake Time: 2022-01-04T00:48:10.612815400Z

Wake Source: Unknown"
Information,01-04-2022 06:48,Microsoft-Windows-Kernel-Boot,32,-58,The bootmgr spent 0 ms waiting for user input.
Information,01-04-2022 06:48,Microsoft-Windows-Kernel-Boot,18,-57,There are 0x1 boot options on this system.
Information,01-04-2022 06:48,Microsoft-Windows-Kernel-Boot,27,-33,The boot type was 0x1.
Information,01-04-2022 06:48,Microsoft-Windows-Kernel-Boot,25,-32,The boot menu policy was 0x1.
Information,01-04-2022 06:48,Microsoft-Windows-Kernel-Boot,30,-21,The firmware reported boot metrics.
Error,01-04-2022 06:48,iaStorA,4102,None,Error log: Smart event occured on disk :X6GJEAPFS  
Information,01-04-2022 06:48,Microsoft-Windows-Kernel-General,1,-5,"The system time has changed to 2022-01-04T00:48:09.500000000Z from 2022-01-03T23:33:31.293249600Z.

Change Reason: System time synchronized with the hardware clock.
Process: '' (PID 4)."
Information,01-04-2022 05:33,Microsoft-Windows-Kernel-Power,107,-102,The system has resumed from sleep.
Information,01-04-2022 05:33,Microsoft-Windows-Kernel-Power,42,-64,"The system is entering sleep.

Sleep Reason: Application API"
Information,01-04-2022 05:33,Microsoft-Windows-Kernel-Power,187,-243,User-mode process attempted to change the system state by calling SetSuspendState or SetSystemPowerState APIs.
Information,01-04-2022 05:33,Microsoft-Windows-Winlogon,7002,-1102,User Logoff Notification for Customer Experience Improvement Program
Warning,01-04-2022 05:32,Microsoft-Windows-DistributedCOM,10016,None,"The application-specific permission settings do not grant Local Activation permission for the COM Server application with CLSID 
{2593F8B9-4EAF-457C-B68A-50F6B8EA6B54}
 and APPID 
{15C20B67-12E7-4BB6-92BB-7AFF07997402}
 to the user SHOHID-PC\SHOHID SID (S-1-5-21-2091211461-3178656723-4261672445-1001) from address LocalHost (Using LRPC) running in the application container Microsoft.SkypeApp_15.79.95.0_x86__kzf8qxf38zg5c SID (Unavailable). This security permission can be modified using the Component Services administrative tool."
Warning,01-04-2022 04:36,Microsoft-Windows-DistributedCOM,10016,None,"The application-specific permission settings do not grant Local Activation permission for the COM Server application with CLSID 
{2593F8B9-4EAF-457C-B68A-50F6B8EA6B54}
 and APPID 
{15C20B67-12E7-4BB6-92BB-7AFF07997402}
 to the user SHOHID-PC\SHOHID SID (S-1-5-21-2091211461-3178656723-4261672445-1001) from address LocalHost (Using LRPC) running in the application container Microsoft.SkypeApp_15.79.95.0_x86__kzf8qxf38zg5c SID (Unavailable). This security permission can be modified using the Component Services administrative tool."
Warning,01-04-2022 04:22,Microsoft-Windows-DistributedCOM,10016,None,"The application-specific permission settings do not grant Local Activation permission for the COM Server application with CLSID 
{2593F8B9-4EAF-457C-B68A-50F6B8EA6B54}
 and APPID 
{15C20B67-12E7-4BB6-92BB-7AFF07997402}
 to the user SHOHID-PC\SHOHID SID (S-1-5-21-2091211461-3178656723-4261672445-1001) from address LocalHost (Using LRPC) running in the application container Unavailable SID (Unavailable). This security permission can be modified using the Component Services administrative tool."
Error,01-04-2022 04:22,Microsoft-Windows-DistributedCOM,10010,None,The server Microsoft.SkypeApp_15.79.95.0_x86__kzf8qxf38zg5c!App.AppXtwmqn4em5r5dpafgj4t4yyxgjfe0hr50.mca did not register with DCOM within the required timeout.
Information,01-04-2022 04:22,Microsoft-Windows-Winlogon,7001,-1101,User Logon Notification for Customer Experience Improvement Program
Information,01-04-2022 04:21,Microsoft-Windows-Power-Troubleshooter,1,None,"The system has returned from a low power state.

Sleep Time: 2022-01-03T16:39:21.874846100Z
Wake Time: 2022-01-03T22:21:57.449263200Z

Wake Source: Unknown"
Error,01-04-2022 04:21,iaStorA,4102,None,Error log: Smart event occured on disk :X6GJEAPFS  
Information,01-04-2022 04:21,Microsoft-Windows-Kernel-Boot,32,-58,The bootmgr spent 0 ms waiting for user input.
Information,01-04-2022 04:21,Microsoft-Windows-Kernel-Boot,18,-57,There are 0x1 boot options on this system.
Information,01-04-2022 04:21,Microsoft-Windows-Kernel-Boot,27,-33,The boot type was 0x1.
Information,01-04-2022 04:21,Microsoft-Windows-Kernel-Boot,25,-32,The boot menu policy was 0x1.
Information,01-04-2022 04:21,Microsoft-Windows-Kernel-Boot,30,-21,The firmware reported boot metrics.
Information,01-04-2022 04:21,Microsoft-Windows-Kernel-General,1,-5,"The system time has changed to 2022-01-03T22:21:56.500000000Z from 2022-01-03T16:39:24.977127500Z.

Change Reason: System time synchronized with the hardware clock.
Process: '' (PID 4)."
Information,01-03-2022 22:39,Microsoft-Windows-Kernel-Power,107,-102,The system has resumed from sleep.
Information,01-03-2022 22:39,Microsoft-Windows-Kernel-Power,42,-64,"The system is entering sleep.

Sleep Reason: Application API"
Information,01-03-2022 22:39,Microsoft-Windows-Kernel-Power,187,-243,User-mode process attempted to change the system state by calling SetSuspendState or SetSystemPowerState APIs.
Information,01-03-2022 22:39,Microsoft-Windows-Winlogon,7002,-1102,User Logoff Notification for Customer Experience Improvement Program
Information,01-03-2022 21:10,Microsoft-Windows-Kernel-General,1,-5,"The system time has changed to 2022-01-03T15:10:32.720727600Z from 2022-01-03T15:10:32.720360200Z.

Change Reason: An application or system component changed the time.
Process: '\Device\HarddiskVolume6\Windows\System32\svchost.exe' (PID 27416)."
Information,01-03-2022 21:10,Microsoft-Windows-Time-Service,35,None,"The time service is now synchronizing the system time with the time source time.windows.com,0x9 (ntp.m|0x9|0.0.0.0:123->40.81.94.65:123) with reference id 1096700200. Current local stratum number is 4."
Information,01-03-2022 21:10,Microsoft-Windows-Time-Service,37,None,"The time provider NtpClient is currently receiving valid time data from time.windows.com,0x9 (ntp.m|0x9|0.0.0.0:123->40.81.94.65:123)."
Information,01-03-2022 21:10,Microsoft-Windows-Time-Service,158,None,The time provider 'VMICTimeProvider' has indicated that the current hardware and operating environment is not supported and has stopped. This behavior is expected for VMICTimeProvider on non-HyperV-guest environments. This may be the expected behavior for the current provider in the current operating environment as well.
Information,01-03-2022 20:55,Microsoft-Windows-Kernel-General,16,None,The access history in hive \??\C:\Users\SHOHID\AppData\Local\Packages\Microsoft.ZuneVideo_8wekyb3d8bbwe\Settings\settings.dat was cleared updating 12 keys and creating 2 modified pages.
Error,01-03-2022 20:44,Microsoft-Windows-DistributedCOM,10010,None,The server Microsoft.SkypeApp_15.79.95.0_x86__kzf8qxf38zg5c!App.AppXtwmqn4em5r5dpafgj4t4yyxgjfe0hr50.mca did not register with DCOM within the required timeout.
Information,01-03-2022 19:03,Microsoft-Windows-Kernel-General,16,None,The access history in hive \??\C:\ProgramData\Microsoft\Provisioning\Microsoft-Desktop-Provisioning-Sequence.dat was cleared updating 0 keys and creating 0 modified pages.
Information,01-03-2022 18:48,Microsoft-Windows-Kernel-General,16,None,The access history in hive \??\C:\Users\SHOHID\AppData\Local\Packages\microsoft.windows.photos_8wekyb3d8bbwe\AC\GEH\POF.dat was cleared updating 1 keys and creating 1 modified pages.
Information,01-03-2022 18:48,Microsoft-Windows-Kernel-General,16,None,The access history in hive \??\C:\Users\SHOHID\AppData\Local\Packages\Microsoft.Windows.Photos_8wekyb3d8bbwe\Settings\settings.dat was cleared updating 29 keys and creating 11 modified pages.
Warning,01-03-2022 18:43,Microsoft-Windows-DistributedCOM,10016,None,"The machine-default permission settings do not grant Local Activation permission for the COM Server application with CLSID 
{C2F03A33-21F5-47FA-B4BB-156362A2F239}
 and APPID 
{316CDED5-E4AE-4B15-9113-7055D84DCC97}
 to the user SHOHID-PC\SHOHID SID (S-1-5-21-2091211461-3178656723-4261672445-1001) from address LocalHost (Using LRPC) running in the application container Microsoft.Windows.ShellExperienceHost_10.0.18362.1171_neutral_neutral_cw5n1h2txyewy SID (S-1-15-2-155514346-2573954481-755741238-1654018636-1233331829-3075935687-2861478708). This security permission can be modified using the Component Services administrative tool."
Warning,01-03-2022 18:42,Microsoft-Windows-DistributedCOM,10016,None,"The application-specific permission settings do not grant Local Activation permission for the COM Server application with CLSID 
{2593F8B9-4EAF-457C-B68A-50F6B8EA6B54}
 and APPID 
{15C20B67-12E7-4BB6-92BB-7AFF07997402}
 to the user SHOHID-PC\SHOHID SID (S-1-5-21-2091211461-3178656723-4261672445-1001) from address LocalHost (Using LRPC) running in the application container Unavailable SID (Unavailable). This security permission can be modified using the Component Services administrative tool."
Error,01-03-2022 18:42,Microsoft-Windows-DistributedCOM,10010,None,The server Microsoft.SkypeApp_15.79.95.0_x86__kzf8qxf38zg5c!App.AppXtwmqn4em5r5dpafgj4t4yyxgjfe0hr50.mca did not register with DCOM within the required timeout.
Information,01-03-2022 18:42,Microsoft-Windows-Power-Troubleshooter,1,None,"The system has returned from a low power state.

Sleep Time: 2022-01-03T09:09:36.095011200Z
Wake Time: 2022-01-03T12:42:13.614130900Z

Wake Source: Unknown"
Information,01-03-2022 18:42,Microsoft-Windows-Winlogon,7001,-1101,User Logon Notification for Customer Experience Improvement Program
Information,01-03-2022 18:42,Microsoft-Windows-Kernel-Boot,32,-58,The bootmgr spent 0 ms waiting for user input.
Information,01-03-2022 18:42,Microsoft-Windows-Kernel-Boot,18,-57,There are 0x1 boot options on this system.
Information,01-03-2022 18:42,Microsoft-Windows-Kernel-Boot,27,-33,The boot type was 0x1.
Information,01-03-2022 18:42,Microsoft-Windows-Kernel-Boot,25,-32,The boot menu policy was 0x1.
Information,01-03-2022 18:42,Microsoft-Windows-Kernel-Boot,30,-21,The firmware reported boot metrics.
Error,01-03-2022 18:42,iaStorA,4102,None,Error log: Smart event occured on disk :X6GJEAPFS  
Information,01-03-2022 18:42,Microsoft-Windows-Kernel-General,1,-5,"The system time has changed to 2022-01-03T12:42:12.500000000Z from 2022-01-03T09:09:38.692361900Z.

Change Reason: System time synchronized with the hardware clock.
Process: '' (PID 4)."
Information,01-03-2022 15:09,Microsoft-Windows-Kernel-Power,107,-102,The system has resumed from sleep.
Information,01-03-2022 15:09,Microsoft-Windows-Kernel-Power,42,-64,"The system is entering sleep.

Sleep Reason: Application API"
Information,01-03-2022 15:09,Microsoft-Windows-Kernel-Power,187,-243,User-mode process attempted to change the system state by calling SetSuspendState or SetSystemPowerState APIs.
Information,01-03-2022 15:09,Microsoft-Windows-Winlogon,7002,-1102,User Logoff Notification for Customer Experience Improvement Program
Information,01-03-2022 13:47,Microsoft-Windows-WAS,5186,None,A worker process with process id of '20428' serving application pool 'Default' was shutdown due to inactivity.  Application Pool timeout configuration was set to 20 minutes.  A new worker process will be started when needed.
Information,01-03-2022 12:00,EventLog,6013,None,The system uptime is 2321369 seconds.
Information,01-03-2022 11:40,Microsoft-Windows-Kernel-General,16,None,The access history in hive \??\C:\ProgramData\Packages\Microsoft.SkypeApp_kzf8qxf38zg5c\S-1-5-21-2091211461-3178656723-4261672445-1001\SystemAppData\Helium\UserClasses.dat was cleared updating 6 keys and creating 2 modified pages.
Information,01-03-2022 11:40,Microsoft-Windows-Kernel-General,16,None,The access history in hive \??\C:\ProgramData\Packages\Microsoft.SkypeApp_kzf8qxf38zg5c\S-1-5-21-2091211461-3178656723-4261672445-1001\SystemAppData\Helium\User.dat was cleared updating 16 keys and creating 3 modified pages.
Information,01-03-2022 11:20,Microsoft-Windows-WindowsUpdateClient,19,Windows Update Agent,Installation Successful: Windows successfully installed the following update: Security Intelligence Update for Microsoft Defender Antivirus - KB2267602 (Version 1.355.1320.0)
Information,01-03-2022 11:19,Microsoft-Windows-WindowsUpdateClient,43,Windows Update Agent,Installation Started: Windows has started installing the following update: Security Intelligence Update for Microsoft Defender Antivirus - KB2267602 (Version 1.355.1320.0)
Information,01-03-2022 11:19,Microsoft-Windows-WindowsUpdateClient,44,Windows Update Agent,Windows Update started downloading an update.
Information,01-03-2022 09:59,Microsoft-Windows-Kernel-General,16,None,The access history in hive \??\C:\Users\SHOHID\AppData\Local\Packages\windows.printdialog_cw5n1h2txyewy\Settings\settings.dat was cleared updating 2 keys and creating 1 modified pages.
Information,01-03-2022 09:59,Microsoft-Windows-Kernel-General,16,None,The access history in hive \??\C:\Users\SHOHID\AppData\Local\Packages\windows.immersivecontrolpanel_cw5n1h2txyewy\Settings\settings.dat was cleared updating 2 keys and creating 1 modified pages.
Information,01-03-2022 09:59,Microsoft-Windows-Kernel-General,16,None,The access history in hive \??\C:\Users\SHOHID\AppData\Local\Packages\windows.cbspreview_cw5n1h2txyewy\Settings\settings.dat was cleared updating 2 keys and creating 1 modified pages.
Information,01-03-2022 09:59,Microsoft-Windows-Kernel-General,16,None,The access history in hive \??\C:\Users\SHOHID\AppData\Local\Packages\pythonsoftwarefoundation.python.3.8_qbz5n2kfra8p0\Settings\settings.dat was cleared updating 2 keys and creating 1 modified pages.
Information,01-03-2022 09:59,Microsoft-Windows-Kernel-General,16,None,The access history in hive \??\C:\Users\SHOHID\AppData\Local\Packages\microsoft.zunemusic_8wekyb3d8bbwe\Settings\settings.dat was cleared updating 2 keys and creating 1 modified pages.
Information,01-03-2022 09:59,Microsoft-Windows-Kernel-General,16,None,The access history in hive \??\C:\Users\SHOHID\AppData\Local\Packages\microsoft.xboxspeechtotextoverlay_8wekyb3d8bbwe\Settings\settings.dat was cleared updating 2 keys and creating 1 modified pages.
Information,01-03-2022 09:59,Microsoft-Windows-Kernel-General,16,None,The access history in hive \??\C:\Users\SHOHID\AppData\Local\Packages\microsoft.xboxidentityprovider_8wekyb3d8bbwe\Settings\settings.dat was cleared updating 2 keys and creating 1 modified pages.
Information,01-03-2022 09:59,Microsoft-Windows-Kernel-General,16,None,The access history in hive \??\C:\Users\SHOHID\AppData\Local\Packages\microsoft.xboxgameoverlay_8wekyb3d8bbwe\Settings\settings.dat was cleared updating 2 keys and creating 1 modified pages.
Information,01-03-2022 09:59,Microsoft-Windows-Kernel-General,16,None,The access history in hive \??\C:\Users\SHOHID\AppData\Local\Packages\microsoft.xboxgamecallableui_cw5n1h2txyewy\Settings\settings.dat was cleared updating 2 keys and creating 1 modified pages.
Information,01-03-2022 09:59,Microsoft-Windows-Kernel-General,16,None,The access history in hive \??\C:\Users\SHOHID\AppData\Local\Packages\microsoft.xboxapp_8wekyb3d8bbwe\Settings\settings.dat was cleared updating 2 keys and creating 1 modified pages.
Information,01-03-2022 09:59,Microsoft-Windows-Kernel-General,16,None,The access history in hive \??\C:\Users\SHOHID\AppData\Local\Packages\microsoft.xbox.tcui_8wekyb3d8bbwe\Settings\settings.dat was cleared updating 2 keys and creating 1 modified pages.
Information,01-03-2022 09:59,Microsoft-Windows-Kernel-General,16,None,The access history in hive \??\C:\Users\SHOHID\AppData\Local\Packages\microsoft.windowssoundrecorder_8wekyb3d8bbwe\Settings\settings.dat was cleared updating 2 keys and creating 1 modified pages.
Information,01-03-2022 09:59,Microsoft-Windows-Kernel-General,16,None,The access history in hive \??\C:\Users\SHOHID\AppData\Local\Packages\microsoft.windowsmaps_8wekyb3d8bbwe\Settings\settings.dat was cleared updating 4 keys and creating 1 modified pages.
Information,01-03-2022 09:59,Microsoft-Windows-Kernel-General,16,None,The access history in hive \??\C:\Users\SHOHID\AppData\Local\Packages\microsoft.windowscamera_8wekyb3d8bbwe\Settings\settings.dat was cleared updating 2 keys and creating 1 modified pages.
Information,01-03-2022 09:59,Microsoft-Windows-Kernel-General,16,None,The access history in hive \??\C:\Users\SHOHID\AppData\Local\Packages\microsoft.windowscalculator_8wekyb3d8bbwe\Settings\settings.dat was cleared updating 2 keys and creating 1 modified pages.
Information,01-03-2022 09:59,Microsoft-Windows-Kernel-General,16,None,The access history in hive \??\C:\Users\SHOHID\AppData\Local\Packages\microsoft.windowsalarms_8wekyb3d8bbwe\Settings\settings.dat was cleared updating 2 keys and creating 1 modified pages.
Information,01-03-2022 09:59,Microsoft-Windows-Kernel-General,16,None,The access history in hive \??\C:\Users\SHOHID\AppData\Local\Packages\microsoft.windows.xgpuejectdialog_cw5n1h2txyewy\Settings\settings.dat was cleared updating 2 keys and creating 1 modified pages.
Information,01-03-2022 09:59,Microsoft-Windows-Kernel-General,16,None,The access history in hive \??\C:\Users\SHOHID\AppData\Local\Packages\microsoft.windows.secureassessmentbrowser_cw5n1h2txyewy\Settings\settings.dat was cleared updating 2 keys and creating 1 modified pages.
Information,01-03-2022 09:59,Microsoft-Windows-Kernel-General,16,None,The access history in hive \??\C:\Users\SHOHID\AppData\Local\Packages\microsoft.windows.sechealthui_cw5n1h2txyewy\Settings\settings.dat was cleared updating 2 keys and creating 1 modified pages.
Information,01-03-2022 09:59,Microsoft-Windows-Kernel-General,16,None,The access history in hive \??\C:\Users\SHOHID\AppData\Local\Packages\microsoft.windows.pinningconfirmationdialog_cw5n1h2txyewy\Settings\settings.dat was cleared updating 2 keys and creating 1 modified pages.
Information,01-03-2022 09:59,Microsoft-Windows-Kernel-General,16,None,The access history in hive \??\C:\Users\SHOHID\AppData\Local\Packages\microsoft.windows.peopleexperiencehost_cw5n1h2txyewy\Settings\settings.dat was cleared updating 2 keys and creating 1 modified pages.
Information,01-03-2022 09:59,Microsoft-Windows-Kernel-General,16,None,The access history in hive \??\C:\Users\SHOHID\AppData\Local\Packages\microsoft.windows.parentalcontrols_cw5n1h2txyewy\Settings\settings.dat was cleared updating 2 keys and creating 1 modified pages.
Information,01-03-2022 09:59,Microsoft-Windows-Kernel-General,16,None,The access history in hive \??\C:\Users\SHOHID\AppData\Local\Packages\microsoft.windows.oobenetworkconnectionflow_cw5n1h2txyewy\Settings\settings.dat was cleared updating 2 keys and creating 1 modified pages.
Information,01-03-2022 09:59,Microsoft-Windows-Kernel-General,16,None,The access history in hive \??\C:\Users\SHOHID\AppData\Local\Packages\microsoft.windows.oobenetworkcaptiveportal_cw5n1h2txyewy\Settings\settings.dat was cleared updating 2 keys and creating 1 modified pages.
Information,01-03-2022 09:59,Microsoft-Windows-Kernel-General,16,None,The access history in hive \??\C:\Users\SHOHID\AppData\Local\Packages\microsoft.windows.narratorquickstart_8wekyb3d8bbwe\Settings\settings.dat was cleared updating 2 keys and creating 1 modified pages.
Information,01-03-2022 09:59,Microsoft-Windows-Kernel-General,16,None,The access history in hive \??\C:\Users\SHOHID\AppData\Local\Packages\microsoft.windows.cloudexperiencehost_cw5n1h2txyewy\Settings\settings.dat was cleared updating 2 keys and creating 1 modified pages.
Information,01-03-2022 09:59,Microsoft-Windows-Kernel-General,16,None,The access history in hive \??\C:\Users\SHOHID\AppData\Local\Packages\microsoft.windows.capturepicker_cw5n1h2txyewy\Settings\settings.dat was cleared updating 2 keys and creating 1 modified pages.
Information,01-03-2022 09:59,Microsoft-Windows-Kernel-General,16,None,The access history in hive \??\C:\Users\SHOHID\AppData\Local\Packages\microsoft.windows.callingshellapp_cw5n1h2txyewy\Settings\settings.dat was cleared updating 2 keys and creating 1 modified pages.
Information,01-03-2022 09:59,Microsoft-Windows-Kernel-General,16,None,The access history in hive \??\C:\Users\SHOHID\AppData\Local\Packages\microsoft.windows.assignedaccesslockapp_cw5n1h2txyewy\Settings\settings.dat was cleared updating 2 keys and creating 1 modified pages.
Information,01-03-2022 09:59,Microsoft-Windows-Kernel-General,16,None,The access history in hive \??\C:\Users\SHOHID\AppData\Local\Packages\microsoft.windows.apprep.chxapp_cw5n1h2txyewy\Settings\settings.dat was cleared updating 2 keys and creating 1 modified pages.
Information,01-03-2022 09:59,Microsoft-Windows-Kernel-General,16,None,The access history in hive \??\C:\Users\SHOHID\AppData\Local\Packages\microsoft.win32webviewhost_cw5n1h2txyewy\Settings\settings.dat was cleared updating 2 keys and creating 1 modified pages.
Information,01-03-2022 09:59,Microsoft-Windows-Kernel-General,16,None,The access history in hive \??\C:\Users\SHOHID\AppData\Local\Packages\microsoft.webpimageextension_8wekyb3d8bbwe\Settings\settings.dat was cleared updating 2 keys and creating 1 modified pages.
Information,01-03-2022 09:59,Microsoft-Windows-Kernel-General,16,None,The access history in hive \??\C:\Users\SHOHID\AppData\Local\Packages\microsoft.webmediaextensions_8wekyb3d8bbwe\Settings\settings.dat was cleared updating 2 keys and creating 1 modified pages.
Information,01-03-2022 09:59,Microsoft-Windows-Kernel-General,16,None,The access history in hive \??\C:\Users\SHOHID\AppData\Local\Packages\microsoft.wallet_8wekyb3d8bbwe\Settings\settings.dat was cleared updating 2 keys and creating 1 modified pages.
Information,01-03-2022 09:59,Microsoft-Windows-Kernel-General,16,None,The access history in hive \??\C:\Users\SHOHID\AppData\Local\Packages\microsoft.vp9videoextensions_8wekyb3d8bbwe\Settings\settings.dat was cleared updating 2 keys and creating 1 modified pages.
Information,01-03-2022 09:59,Microsoft-Windows-Kernel-General,16,None,The access history in hive \??\C:\Users\SHOHID\AppData\Local\Packages\microsoft.skypeapp_kzf8qxf38zg5c\Settings\settings.dat was cleared updating 2 keys and creating 1 modified pages.
Information,01-03-2022 09:59,Microsoft-Windows-Kernel-General,16,None,The access history in hive \??\C:\Users\SHOHID\AppData\Local\Packages\microsoft.screensketch_8wekyb3d8bbwe\Settings\settings.dat was cleared updating 2 keys and creating 1 modified pages.
Information,01-03-2022 09:59,Microsoft-Windows-Kernel-General,16,None,The access history in hive \??\C:\Users\SHOHID\AppData\Local\Packages\microsoft.print3d_8wekyb3d8bbwe\Settings\settings.dat was cleared updating 2 keys and creating 1 modified pages.
Information,01-03-2022 09:59,Microsoft-Windows-Kernel-General,16,None,The access history in hive \??\C:\Users\SHOHID\AppData\Local\Packages\microsoft.ppiprojection_cw5n1h2txyewy\Settings\settings.dat was cleared updating 2 keys and creating 1 modified pages.
Information,01-03-2022 09:59,Microsoft-Windows-Kernel-General,16,None,The access history in hive \??\C:\Users\SHOHID\AppData\Local\Packages\microsoft.oneconnect_8wekyb3d8bbwe\Settings\settings.dat was cleared updating 2 keys and creating 1 modified pages.
Information,01-03-2022 09:59,Microsoft-Windows-Kernel-General,16,None,The access history in hive \??\C:\Users\SHOHID\AppData\Local\Packages\microsoft.mspaint_8wekyb3d8bbwe\Settings\settings.dat was cleared updating 16 keys and creating 4 modified pages.
Information,01-03-2022 09:59,Microsoft-Windows-Kernel-General,16,None,The access history in hive \??\C:\Users\SHOHID\AppData\Local\Packages\microsoft.mixedreality.portal_8wekyb3d8bbwe\Settings\settings.dat was cleared updating 2 keys and creating 1 modified pages.
Information,01-03-2022 09:59,Microsoft-Windows-Kernel-General,16,None,The access history in hive \??\C:\Users\SHOHID\AppData\Local\Packages\microsoft.microsoftstickynotes_8wekyb3d8bbwe\Settings\settings.dat was cleared updating 2 keys and creating 1 modified pages.
Information,01-03-2022 09:59,Microsoft-Windows-Kernel-General,16,None,The access history in hive \??\C:\Users\SHOHID\AppData\Local\Packages\microsoft.microsoftsolitairecollection_8wekyb3d8bbwe\Settings\settings.dat was cleared updating 2 keys and creating 1 modified pages.
Information,01-03-2022 09:59,Microsoft-Windows-Kernel-General,16,None,The access history in hive \??\C:\Users\SHOHID\AppData\Local\Packages\microsoft.microsoftedgedevtoolsclient_8wekyb3d8bbwe\Settings\settings.dat was cleared updating 2 keys and creating 1 modified pages.
Information,01-03-2022 09:59,Microsoft-Windows-Kernel-General,16,None,The access history in hive \??\C:\Users\SHOHID\AppData\Local\Packages\microsoft.microsoft3dviewer_8wekyb3d8bbwe\Settings\settings.dat was cleared updating 2 keys and creating 1 modified pages.
Information,01-03-2022 09:59,Microsoft-Windows-Kernel-General,16,None,The access history in hive \??\C:\Users\SHOHID\AppData\Local\Packages\microsoft.messaging_8wekyb3d8bbwe\Settings\settings.dat was cleared updating 2 keys and creating 1 modified pages.
Information,01-03-2022 09:59,Microsoft-Windows-Kernel-General,16,None,The access history in hive \??\C:\Users\SHOHID\AppData\Local\Packages\microsoft.lockapp_cw5n1h2txyewy\Settings\settings.dat was cleared updating 4 keys and creating 1 modified pages.
Information,01-03-2022 09:59,Microsoft-Windows-Kernel-General,16,None,The access history in hive \??\C:\Users\SHOHID\AppData\Local\Packages\microsoft.heifimageextension_8wekyb3d8bbwe\Settings\settings.dat was cleared updating 2 keys and creating 1 modified pages.
Information,01-03-2022 09:59,Microsoft-Windows-Kernel-General,16,None,The access history in hive \??\C:\Users\SHOHID\AppData\Local\Packages\microsoft.getstarted_8wekyb3d8bbwe\Settings\settings.dat was cleared updating 2 keys and creating 1 modified pages.
Information,01-03-2022 09:59,Microsoft-Windows-Kernel-General,16,None,The access history in hive \??\C:\Users\SHOHID\AppData\Local\Packages\microsoft.gethelp_8wekyb3d8bbwe\Settings\settings.dat was cleared updating 2 keys and creating 1 modified pages.
Information,01-03-2022 09:59,Microsoft-Windows-Kernel-General,16,None,The access history in hive \??\C:\Users\SHOHID\AppData\Local\Packages\microsoft.edgedevtoolsplugin_cw5n1h2txyewy\Settings\settings.dat was cleared updating 2 keys and creating 1 modified pages.
Information,01-03-2022 09:59,Microsoft-Windows-Kernel-General,16,None,The access history in hive \??\C:\Users\SHOHID\AppData\Local\Packages\microsoft.ecapp_8wekyb3d8bbwe\Settings\settings.dat was cleared updating 2 keys and creating 1 modified pages.
Information,01-03-2022 09:59,Microsoft-Windows-Kernel-General,16,None,The access history in hive \??\C:\Users\SHOHID\AppData\Local\Packages\microsoft.desktopappinstaller_8wekyb3d8bbwe\Settings\settings.dat was cleared updating 2 keys and creating 1 modified pages.
Information,01-03-2022 09:59,Microsoft-Windows-Kernel-General,16,None,The access history in hive \??\C:\Users\SHOHID\AppData\Local\Packages\microsoft.creddialoghost_cw5n1h2txyewy\Settings\settings.dat was cleared updating 2 keys and creating 1 modified pages.
Information,01-03-2022 09:59,Microsoft-Windows-Kernel-General,16,None,The access history in hive \??\C:\Users\SHOHID\AppData\Local\Packages\microsoft.bioenrollment_cw5n1h2txyewy\Settings\settings.dat was cleared updating 2 keys and creating 1 modified pages.
Information,01-03-2022 09:59,Microsoft-Windows-Kernel-General,16,None,The access history in hive \??\C:\Users\SHOHID\AppData\Local\Packages\microsoft.bingweather_8wekyb3d8bbwe\Settings\settings.dat was cleared updating 2 keys and creating 1 modified pages.
Information,01-03-2022 09:59,Microsoft-Windows-Kernel-General,16,None,The access history in hive \??\C:\Users\SHOHID\AppData\Local\Packages\microsoft.bingnews_8wekyb3d8bbwe\Settings\settings.dat was cleared updating 2 keys and creating 1 modified pages.
Information,01-03-2022 09:59,Microsoft-Windows-Kernel-General,16,None,The access history in hive \??\C:\Users\SHOHID\AppData\Local\Packages\microsoft.asynctextservice_8wekyb3d8bbwe\Settings\settings.dat was cleared updating 2 keys and creating 1 modified pages.
Information,01-03-2022 09:59,Microsoft-Windows-Kernel-General,16,None,The access history in hive \??\C:\Users\SHOHID\AppData\Local\Packages\microsoft.accountscontrol_cw5n1h2txyewy\Settings\settings.dat was cleared updating 2 keys and creating 1 modified pages.
Information,01-03-2022 09:59,Microsoft-Windows-Kernel-General,16,None,The access history in hive \??\C:\Users\SHOHID\AppData\Local\Packages\king.com.candycrushsodasaga_kgqvnymyfvs32\Settings\settings.dat was cleared updating 2 keys and creating 1 modified pages.
Information,01-03-2022 09:59,Microsoft-Windows-Kernel-General,16,None,The access history in hive \??\C:\Users\SHOHID\AppData\Local\Packages\king.com.candycrushsaga_kgqvnymyfvs32\Settings\settings.dat was cleared updating 2 keys and creating 1 modified pages.
Information,01-03-2022 09:59,Microsoft-Windows-Kernel-General,16,None,The access history in hive \??\C:\Users\SHOHID\AppData\Local\Packages\f46d4000-fd22-4db4-ac8e-4e1ddde828fe_cw5n1h2txyewy\Settings\settings.dat was cleared updating 2 keys and creating 1 modified pages.
Information,01-03-2022 09:59,Microsoft-Windows-Kernel-General,16,None,The access history in hive \??\C:\Users\SHOHID\AppData\Local\Packages\e2a4f912-2574-4a75-9bb0-0d023378592b_cw5n1h2txyewy\Settings\settings.dat was cleared updating 2 keys and creating 1 modified pages.
Information,01-03-2022 09:59,Microsoft-Windows-Kernel-General,16,None,The access history in hive \??\C:\Users\SHOHID\AppData\Local\Packages\c5e2524a-ea46-4f67-841f-6a9465d9d515_cw5n1h2txyewy\Settings\settings.dat was cleared updating 2 keys and creating 1 modified pages.
Information,01-03-2022 09:59,Microsoft-Windows-Kernel-General,16,None,The access history in hive \??\C:\Users\SHOHID\AppData\Local\Packages\appup.intelgraphicsexperience_8j3eq9eme6ctt\Settings\settings.dat was cleared updating 2 keys and creating 1 modified pages.
Information,01-03-2022 09:59,Microsoft-Windows-Kernel-General,16,None,The access history in hive \??\C:\Users\SHOHID\AppData\Local\Packages\613ebcea.polarrphotoeditoracademicedition_jb41c8remg0x2\Settings\settings.dat was cleared updating 2 keys and creating 1 modified pages.
Information,01-03-2022 09:59,Microsoft-Windows-Kernel-General,16,None,The access history in hive \??\C:\Users\SHOHID\AppData\Local\Packages\27bd39b1-f5a8-48d7-8f8d-7e42667d7ea4_40p48qrhvc7w8\Settings\settings.dat was cleared updating 2 keys and creating 1 modified pages.
Information,01-03-2022 09:59,Microsoft-Windows-Kernel-General,16,None,The access history in hive \??\C:\Users\SHOHID\AppData\Local\Packages\1527c705-839a-4832-9118-54d4bd6a0c89_cw5n1h2txyewy\Settings\settings.dat was cleared updating 2 keys and creating 1 modified pages.
Information,01-03-2022 09:59,Microsoft-Windows-Kernel-General,16,None,The access history in hive \??\C:\ProgramData\Microsoft\Provisioning\Microsoft-Desktop-Provisioning-Sequence.dat was cleared updating 0 keys and creating 0 modified pages.
Information,01-03-2022 09:18,Microsoft-Windows-Kernel-General,16,None,The access history in hive \??\C:\Users\SHOHID\AppData\Local\Packages\Microsoft.WindowsFeedbackHub_8wekyb3d8bbwe\Settings\settings.dat was cleared updating 3 keys and creating 1 modified pages.
Error,01-03-2022 09:18,Microsoft-Windows-DistributedCOM,10010,None,The server Microsoft.SkypeApp_15.79.95.0_x86__kzf8qxf38zg5c!App.AppXtwmqn4em5r5dpafgj4t4yyxgjfe0hr50.mca did not register with DCOM within the required timeout.
Error,01-03-2022 08:49,Microsoft-Windows-DistributedCOM,10010,None,The server Microsoft.SkypeApp_15.79.95.0_x86__kzf8qxf38zg5c!App.AppXtwmqn4em5r5dpafgj4t4yyxgjfe0hr50.mca did not register with DCOM within the required timeout.
Warning,01-03-2022 08:49,Microsoft-Windows-DistributedCOM,10016,None,"The application-specific permission settings do not grant Local Activation permission for the COM Server application with CLSID 
{2593F8B9-4EAF-457C-B68A-50F6B8EA6B54}
 and APPID 
{15C20B67-12E7-4BB6-92BB-7AFF07997402}
 to the user SHOHID-PC\SHOHID SID (S-1-5-21-2091211461-3178656723-4261672445-1001) from address LocalHost (Using LRPC) running in the application container Unavailable SID (Unavailable). This security permission can be modified using the Component Services administrative tool."
Information,01-03-2022 08:48,Microsoft-Windows-Winlogon,7001,-1101,User Logon Notification for Customer Experience Improvement Program
Information,01-03-2022 08:48,Microsoft-Windows-Power-Troubleshooter,1,None,"The system has returned from a low power state.

Sleep Time: 2022-01-02T18:50:32.936860700Z
Wake Time: 2022-01-03T02:48:42.407056200Z

Wake Source: Unknown"
Error,01-03-2022 08:48,iaStorA,4102,None,Error log: Smart event occured on disk :X6GJEAPFS  
Information,01-03-2022 08:48,Microsoft-Windows-Kernel-Boot,32,-58,The bootmgr spent 0 ms waiting for user input.
Information,01-03-2022 08:48,Microsoft-Windows-Kernel-Boot,18,-57,There are 0x1 boot options on this system.
Information,01-03-2022 08:48,Microsoft-Windows-Kernel-Boot,27,-33,The boot type was 0x1.
Information,01-03-2022 08:48,Microsoft-Windows-Kernel-Boot,25,-32,The boot menu policy was 0x1.
Information,01-03-2022 08:48,Microsoft-Windows-Kernel-Boot,30,-21,The firmware reported boot metrics.
Information,01-03-2022 08:48,Microsoft-Windows-Kernel-General,1,-5,"The system time has changed to 2022-01-03T02:48:41.500000000Z from 2022-01-02T18:50:38.245927000Z.

Change Reason: System time synchronized with the hardware clock.
Process: '' (PID 4)."
Information,01-03-2022 00:50,Microsoft-Windows-Kernel-Power,107,-102,The system has resumed from sleep.
Information,01-03-2022 00:50,Microsoft-Windows-Kernel-Power,42,-64,"The system is entering sleep.

Sleep Reason: Application API"
Information,01-03-2022 00:50,Microsoft-Windows-Kernel-Power,187,-243,User-mode process attempted to change the system state by calling SetSuspendState or SetSystemPowerState APIs.
Information,01-03-2022 00:50,Microsoft-Windows-Winlogon,7002,-1102,User Logoff Notification for Customer Experience Improvement Program
Information,01-03-2022 00:26,Microsoft-Windows-Kernel-General,16,None,The access history in hive \??\C:\ProgramData\Packages\Microsoft.XboxGamingOverlay_8wekyb3d8bbwe\S-1-5-21-2091211461-3178656723-4261672445-1001\SystemAppData\Helium\Cache\998fdd4c364561f2_COM15.dat was cleared updating 1 keys and creating 1 modified pages.
Information,01-03-2022 00:26,Microsoft-Windows-Kernel-General,16,None,The access history in hive \??\C:\Users\SHOHID\AppData\Local\Packages\Microsoft.XboxGamingOverlay_8wekyb3d8bbwe\Settings\settings.dat was cleared updating 9 keys and creating 1 modified pages.
Information,01-02-2022 23:49,Microsoft-Windows-WAS,5186,None,A worker process with process id of '19968' serving application pool 'Default' was shutdown due to inactivity.  Application Pool timeout configuration was set to 20 minutes.  A new worker process will be started when needed.
Information,01-02-2022 23:26,Microsoft-Windows-Kernel-General,16,None,The access history in hive \??\C:\Users\Default.IIS APPPOOL\AppData\Local\Microsoft\Windows\UsrClass.dat was cleared updating 4 keys and creating 1 modified pages.
Information,01-02-2022 23:26,Microsoft-Windows-Kernel-General,16,None,The access history in hive \??\C:\Users\Default.IIS APPPOOL\ntuser.dat was cleared updating 40 keys and creating 14 modified pages.
Warning,01-02-2022 22:54,Microsoft-Windows-DNS-Client,1014,-1014,Name resolution for the name stackoverflow.com timed out after none of the configured DNS servers responded.
Warning,01-02-2022 21:30,Microsoft-Windows-DistributedCOM,10016,None,"The machine-default permission settings do not grant Local Activation permission for the COM Server application with CLSID 
{C2F03A33-21F5-47FA-B4BB-156362A2F239}
 and APPID 
{316CDED5-E4AE-4B15-9113-7055D84DCC97}
 to the user SHOHID-PC\SHOHID SID (S-1-5-21-2091211461-3178656723-4261672445-1001) from address LocalHost (Using LRPC) running in the application container Microsoft.Windows.ShellExperienceHost_10.0.18362.1171_neutral_neutral_cw5n1h2txyewy SID (S-1-15-2-155514346-2573954481-755741238-1654018636-1233331829-3075935687-2861478708). This security permission can be modified using the Component Services administrative tool."
Warning,01-02-2022 20:57,Microsoft-Windows-DNS-Client,1014,-1014,Name resolution for the name ps12.pndsn.com timed out after none of the configured DNS servers responded.
Warning,01-02-2022 20:42,Microsoft-Windows-DistributedCOM,10016,None,"The application-specific permission settings do not grant Local Activation permission for the COM Server application with CLSID 
{2593F8B9-4EAF-457C-B68A-50F6B8EA6B54}
 and APPID 
{15C20B67-12E7-4BB6-92BB-7AFF07997402}
 to the user SHOHID-PC\SHOHID SID (S-1-5-21-2091211461-3178656723-4261672445-1001) from address LocalHost (Using LRPC) running in the application container Unavailable SID (Unavailable). This security permission can be modified using the Component Services administrative tool."
Error,01-02-2022 20:22,Microsoft-Windows-DistributedCOM,10010,None,The server Microsoft.SkypeApp_15.79.95.0_x86__kzf8qxf38zg5c!App.AppXtwmqn4em5r5dpafgj4t4yyxgjfe0hr50.mca did not register with DCOM within the required timeout.
Warning,01-02-2022 20:16,Microsoft-Windows-DNS-Client,1014,-1014,Name resolution for the name licensing.mp.microsoft.com timed out after none of the configured DNS servers responded.
Warning,01-02-2022 20:16,Microsoft-Windows-DistributedCOM,10016,None,"The machine-default permission settings do not grant Local Activation permission for the COM Server application with CLSID 
{C2F03A33-21F5-47FA-B4BB-156362A2F239}
 and APPID 
{316CDED5-E4AE-4B15-9113-7055D84DCC97}
 to the user SHOHID-PC\SHOHID SID (S-1-5-21-2091211461-3178656723-4261672445-1001) from address LocalHost (Using LRPC) running in the application container Microsoft.Windows.ShellExperienceHost_10.0.18362.1171_neutral_neutral_cw5n1h2txyewy SID (S-1-15-2-155514346-2573954481-755741238-1654018636-1233331829-3075935687-2861478708). This security permission can be modified using the Component Services administrative tool."
Warning,01-02-2022 20:14,Microsoft-Windows-DistributedCOM,10016,None,"The application-specific permission settings do not grant Local Activation permission for the COM Server application with CLSID 
{2593F8B9-4EAF-457C-B68A-50F6B8EA6B54}
 and APPID 
{15C20B67-12E7-4BB6-92BB-7AFF07997402}
 to the user SHOHID-PC\SHOHID SID (S-1-5-21-2091211461-3178656723-4261672445-1001) from address LocalHost (Using LRPC) running in the application container Unavailable SID (Unavailable). This security permission can be modified using the Component Services administrative tool."
Warning,01-02-2022 20:12,Microsoft-Windows-DNS-Client,1014,-1014,Name resolution for the name dns.msftncsi.com timed out after none of the configured DNS servers responded.
Warning,01-02-2022 20:08,Microsoft-Windows-DNS-Client,1014,-1014,Name resolution for the name dns.msftncsi.com timed out after none of the configured DNS servers responded.
Information,01-02-2022 20:05,Microsoft-Windows-Kernel-General,1,-5,"The system time has changed to 2022-01-02T14:05:14.347220000Z from 2022-01-02T14:05:14.347018100Z.

Change Reason: An application or system component changed the time.
Process: '\Device\HarddiskVolume6\Windows\System32\svchost.exe' (PID 17688)."
Information,01-02-2022 20:05,Microsoft-Windows-Kernel-General,1,-5,"The system time has changed to 2022-01-02T14:05:14.345036900Z from 2022-01-02T14:05:14.345043600Z.

Change Reason: An application or system component changed the time.
Process: '\Device\HarddiskVolume6\Windows\System32\svchost.exe' (PID 17688)."
Information,01-02-2022 20:05,Microsoft-Windows-Time-Service,35,None,"The time service is now synchronizing the system time with the time source time.windows.com,0x9 (ntp.m|0x9|0.0.0.0:123->40.81.94.65:123) with reference id 1096700200. Current local stratum number is 4."
Information,01-02-2022 20:05,Microsoft-Windows-Kernel-General,1,-5,"The system time has changed to 2022-01-02T14:05:14.340343200Z from 2022-01-02T14:05:12.252144000Z.

Change Reason: An application or system component changed the time.
Process: '\Device\HarddiskVolume6\Windows\System32\svchost.exe' (PID 17688)."
Information,01-02-2022 20:04,Microsoft-Windows-Time-Service,37,None,"The time provider NtpClient is currently receiving valid time data from time.windows.com,0x9 (ntp.m|0x9|0.0.0.0:123->40.81.94.65:123)."
Information,01-02-2022 20:04,Microsoft-Windows-Time-Service,158,None,The time provider 'VMICTimeProvider' has indicated that the current hardware and operating environment is not supported and has stopped. This behavior is expected for VMICTimeProvider on non-HyperV-guest environments. This may be the expected behavior for the current provider in the current operating environment as well.
Warning,01-02-2022 19:54,Microsoft-Windows-DNS-Client,1014,-1014,Name resolution for the name dns.msftncsi.com timed out after none of the configured DNS servers responded.
Information,01-02-2022 19:46,Volsnap,33,None,The oldest shadow copy of volume C: was deleted to keep disk space usage for shadow copies of volume C: below the user defined limit.
Information,01-02-2022 19:46,Microsoft-Windows-Ntfs,98,None,Volume ?? (\Device\HarddiskVolumeShadowCopy7) is healthy.  No action is needed.
Warning,01-02-2022 19:41,Microsoft-Windows-DNS-Client,1014,-1014,Name resolution for the name dns.msftncsi.com timed out after none of the configured DNS servers responded.
Warning,01-02-2022 19:23,Microsoft-Windows-DNS-Client,1014,-1014,Name resolution for the name dns.msftncsi.com timed out after none of the configured DNS servers responded.
Warning,01-02-2022 19:08,Microsoft-Windows-DNS-Client,1014,-1014,Name resolution for the name dns.msftncsi.com timed out after none of the configured DNS servers responded.
Warning,01-02-2022 18:55,Microsoft-Windows-DistributedCOM,10016,None,"The application-specific permission settings do not grant Local Activation permission for the COM Server application with CLSID 
{2593F8B9-4EAF-457C-B68A-50F6B8EA6B54}
 and APPID 
{15C20B67-12E7-4BB6-92BB-7AFF07997402}
 to the user SHOHID-PC\SHOHID SID (S-1-5-21-2091211461-3178656723-4261672445-1001) from address LocalHost (Using LRPC) running in the application container Unavailable SID (Unavailable). This security permission can be modified using the Component Services administrative tool."
Warning,01-02-2022 18:53,Microsoft-Windows-DNS-Client,1014,-1014,Name resolution for the name dns.msftncsi.com timed out after none of the configured DNS servers responded.
Information,01-02-2022 18:40,Microsoft-Windows-Kernel-General,16,None,The access history in hive \??\C:\Users\SHOHID\AppData\Local\Packages\InputApp_cw5n1h2txyewy\Settings\settings.dat was cleared updating 3 keys and creating 1 modified pages.
Warning,01-02-2022 18:38,Microsoft-Windows-DNS-Client,1014,-1014,Name resolution for the name dns.msftncsi.com timed out after none of the configured DNS servers responded.
Warning,01-02-2022 18:32,Microsoft-Windows-DNS-Client,1014,-1014,Name resolution for the name dns.msftncsi.com timed out after none of the configured DNS servers responded.
Warning,01-02-2022 18:32,Microsoft-Windows-DistributedCOM,10016,None,"The machine-default permission settings do not grant Local Activation permission for the COM Server application with CLSID 
{C2F03A33-21F5-47FA-B4BB-156362A2F239}
 and APPID 
{316CDED5-E4AE-4B15-9113-7055D84DCC97}
 to the user SHOHID-PC\SHOHID SID (S-1-5-21-2091211461-3178656723-4261672445-1001) from address LocalHost (Using LRPC) running in the application container Microsoft.Windows.ShellExperienceHost_10.0.18362.1171_neutral_neutral_cw5n1h2txyewy SID (S-1-15-2-155514346-2573954481-755741238-1654018636-1233331829-3075935687-2861478708). This security permission can be modified using the Component Services administrative tool."
Warning,01-02-2022 18:31,Microsoft-Windows-DistributedCOM,10016,None,"The application-specific permission settings do not grant Local Activation permission for the COM Server application with CLSID 
{2593F8B9-4EAF-457C-B68A-50F6B8EA6B54}
 and APPID 
{15C20B67-12E7-4BB6-92BB-7AFF07997402}
 to the user SHOHID-PC\SHOHID SID (S-1-5-21-2091211461-3178656723-4261672445-1001) from address LocalHost (Using LRPC) running in the application container Unavailable SID (Unavailable). This security permission can be modified using the Component Services administrative tool."
Warning,01-02-2022 18:05,Microsoft-Windows-DistributedCOM,10016,None,"The application-specific permission settings do not grant Local Activation permission for the COM Server application with CLSID 
{2593F8B9-4EAF-457C-B68A-50F6B8EA6B54}
 and APPID 
{15C20B67-12E7-4BB6-92BB-7AFF07997402}
 to the user SHOHID-PC\SHOHID SID (S-1-5-21-2091211461-3178656723-4261672445-1001) from address LocalHost (Using LRPC) running in the application container Unavailable SID (Unavailable). This security permission can be modified using the Component Services administrative tool."
Information,01-02-2022 18:05,Microsoft-Windows-Kernel-General,16,None,The access history in hive \??\C:\Users\SHOHID\AppData\Local\Packages\Microsoft.WindowsStore_8wekyb3d8bbwe\Settings\settings.dat was cleared updating 11 keys and creating 3 modified pages.
Information,01-02-2022 15:51,Microsoft-Windows-WindowsUpdateClient,19,Windows Update Agent,Installation Successful: Windows successfully installed the following update: Security Intelligence Update for Microsoft Defender Antivirus - KB2267602 (Version 1.355.1272.0)
Information,01-02-2022 15:51,Microsoft-Windows-WindowsUpdateClient,43,Windows Update Agent,Installation Started: Windows has started installing the following update: Security Intelligence Update for Microsoft Defender Antivirus - KB2267602 (Version 1.355.1272.0)
Information,01-02-2022 15:50,Microsoft-Windows-WindowsUpdateClient,44,Windows Update Agent,Windows Update started downloading an update.
Warning,01-02-2022 13:53,Microsoft-Windows-DistributedCOM,10016,None,"The machine-default permission settings do not grant Local Activation permission for the COM Server application with CLSID 
{C2F03A33-21F5-47FA-B4BB-156362A2F239}
 and APPID 
{316CDED5-E4AE-4B15-9113-7055D84DCC97}
 to the user SHOHID-PC\SHOHID SID (S-1-5-21-2091211461-3178656723-4261672445-1001) from address LocalHost (Using LRPC) running in the application container Microsoft.Windows.ShellExperienceHost_10.0.18362.1171_neutral_neutral_cw5n1h2txyewy SID (S-1-15-2-155514346-2573954481-755741238-1654018636-1233331829-3075935687-2861478708). This security permission can be modified using the Component Services administrative tool."
Information,01-02-2022 12:00,EventLog,6013,None,The system uptime is 2234971 seconds.
Error,01-02-2022 11:25,Microsoft-Windows-DistributedCOM,10010,None,The server Microsoft.SkypeApp_15.79.95.0_x86__kzf8qxf38zg5c!App.AppXtwmqn4em5r5dpafgj4t4yyxgjfe0hr50.mca did not register with DCOM within the required timeout.
Information,01-02-2022 11:14,Microsoft-Windows-WindowsUpdateClient,19,Windows Update Agent,Installation Successful: Windows successfully installed the following update: Security Intelligence Update for Microsoft Defender Antivirus - KB2267602 (Version 1.355.1265.0)
Information,01-02-2022 11:13,Microsoft-Windows-WindowsUpdateClient,43,Windows Update Agent,Installation Started: Windows has started installing the following update: Security Intelligence Update for Microsoft Defender Antivirus - KB2267602 (Version 1.355.1265.0)
Information,01-02-2022 11:13,Microsoft-Windows-WindowsUpdateClient,44,Windows Update Agent,Windows Update started downloading an update.
Warning,01-02-2022 11:09,Microsoft-Windows-DistributedCOM,10016,None,"The application-specific permission settings do not grant Local Activation permission for the COM Server application with CLSID 
{2593F8B9-4EAF-457C-B68A-50F6B8EA6B54}
 and APPID 
{15C20B67-12E7-4BB6-92BB-7AFF07997402}
 to the user SHOHID-PC\SHOHID SID (S-1-5-21-2091211461-3178656723-4261672445-1001) from address LocalHost (Using LRPC) running in the application container Unavailable SID (Unavailable). This security permission can be modified using the Component Services administrative tool."
Error,01-02-2022 11:09,Microsoft-Windows-DistributedCOM,10010,None,The server Microsoft.SkypeApp_15.79.95.0_x86__kzf8qxf38zg5c!App.AppXtwmqn4em5r5dpafgj4t4yyxgjfe0hr50.mca did not register with DCOM within the required timeout.
Information,01-02-2022 11:08,Microsoft-Windows-Winlogon,7001,-1101,User Logon Notification for Customer Experience Improvement Program
Information,01-02-2022 11:08,Microsoft-Windows-Power-Troubleshooter,1,None,"The system has returned from a low power state.

Sleep Time: 2022-01-01T19:11:16.054564300Z
Wake Time: 2022-01-02T05:08:20.073152400Z

Wake Source: Unknown"
Information,01-02-2022 11:08,Microsoft-Windows-Kernel-Boot,32,-58,The bootmgr spent 0 ms waiting for user input.
Information,01-02-2022 11:08,Microsoft-Windows-Kernel-Boot,18,-57,There are 0x1 boot options on this system.
