Information,12/24/2021 11:15:28 AM,Microsoft-Windows-Kernel-General,16,None,The access history in hive \??\C:\Users\SHOHID\AppData\Local\Packages\Microsoft.Windows.ContentDeliveryManager_cw5n1h2txyewy\Settings\settings.dat was cleared updating 3873 keys and creating 156 modified pages.
Error,12/24/2021 11:15:28 AM,Microsoft-Windows-DistributedCOM,10010,None,The server Microsoft.SkypeApp_15.79.95.0_x86__kzf8qxf38zg5c!App.AppXtwmqn4em5r5dpafgj4t4yyxgjfe0hr50.mca did not register with DCOM within the required timeout.
Warning,12/24/2021 11:14:44 AM,Microsoft-Windows-DNS-Client,1014,-1014,Name resolution for the name a.nel.cloudflare.com timed out after none of the configured DNS servers responded.
Error,12/24/2021 11:14:42 AM,Microsoft-Windows-DistributedCOM,10010,None,The server Microsoft.SkypeApp_15.79.95.0_x86__kzf8qxf38zg5c!App.AppXtwmqn4em5r5dpafgj4t4yyxgjfe0hr50.mca did not register with DCOM within the required timeout.
Information,12/24/2021 11:14:17 AM,Microsoft-Windows-Winlogon,7001,-1101,User Logon Notification for Customer Experience Improvement Program
Information,12/24/2021 11:14:16 AM,Microsoft-Windows-Power-Troubleshooter,1,None,"The system has returned from a low power state.

Sleep Time: 2021-12-23T17:34:42.428946900Z
Wake Time: 2021-12-24T05:14:14.283516300Z

Wake Source: Unknown"
Error,12/24/2021 11:14:14 AM,iaStorA,4102,None,Error log: Smart event occured on disk :X6GJEAPFS  
Information,12/24/2021 11:14:14 AM,Microsoft-Windows-Kernel-Boot,32,-58,The bootmgr spent 0 ms waiting for user input.
Information,12/24/2021 11:14:14 AM,Microsoft-Windows-Kernel-Boot,18,-57,There are 0x1 boot options on this system.
Information,12/24/2021 11:14:14 AM,Microsoft-Windows-Kernel-Boot,27,-33,The boot type was 0x1.
Information,12/24/2021 11:14:14 AM,Microsoft-Windows-Kernel-Boot,25,-32,The boot menu policy was 0x1.
Information,12/24/2021 11:14:14 AM,Microsoft-Windows-Kernel-Boot,30,-21,The firmware reported boot metrics.
Information,12/24/2021 11:14:13 AM,Microsoft-Windows-Kernel-General,1,-5,"The system time has changed to 2021-12-24T05:14:13.500000000Z from 2021-12-23T17:34:46.480884700Z.

Change Reason: System time synchronized with the hardware clock.
Process: '' (PID 4)."
Information,12/23/2021 11:34:46 PM,Microsoft-Windows-Kernel-Power,107,-102,The system has resumed from sleep.
Information,12/23/2021 11:34:43 PM,Microsoft-Windows-Kernel-Power,42,-64,"The system is entering sleep.

Sleep Reason: Application API"
Information,12/23/2021 11:34:42 PM,Microsoft-Windows-Kernel-Power,187,-243,User-mode process attempted to change the system state by calling SetSuspendState or SetSystemPowerState APIs.
Information,12/23/2021 11:34:41 PM,Microsoft-Windows-Winlogon,7002,-1102,User Logoff Notification for Customer Experience Improvement Program
Warning,12/23/2021 10:49:21 PM,Microsoft-Windows-DNS-Client,1014,-1014,Name resolution for the name 14.client-channel.google.com timed out after none of the configured DNS servers responded.
Information,12/23/2021 10:21:52 PM,Microsoft-Windows-WindowsUpdateClient,19,Windows Update Agent,Installation Successful: Windows successfully installed the following update: 9NBLGGH5R558-Microsoft.Todos
Information,12/23/2021 10:21:47 PM,Microsoft-Windows-WindowsUpdateClient,43,Windows Update Agent,Installation Started: Windows has started installing the following update: 9NBLGGH5R558-Microsoft.Todos
Information,12/23/2021 10:21:35 PM,Microsoft-Windows-Kernel-General,16,None,The access history in hive \??\C:\ProgramData\Microsoft\Windows\AppRepository\Packages\Microsoft.Todos_2.60.43512.0_x64__8wekyb3d8bbwe\ActivationStore.dat was cleared updating 0 keys and creating 0 modified pages.
Information,12/23/2021 10:21:29 PM,Microsoft-Windows-WindowsUpdateClient,19,Windows Update Agent,Installation Successful: Windows successfully installed the following update: 9PMMSR1CGPWG-Microsoft.HEIFImageExtension
Information,12/23/2021 10:21:18 PM,Microsoft-Windows-WindowsUpdateClient,43,Windows Update Agent,Installation Started: Windows has started installing the following update: 9PMMSR1CGPWG-Microsoft.HEIFImageExtension
Information,12/23/2021 10:21:04 PM,Microsoft-Windows-Kernel-General,16,None,The access history in hive \??\C:\ProgramData\Microsoft\Windows\AppRepository\Packages\Microsoft.HEIFImageExtension_1.0.43012.0_x64__8wekyb3d8bbwe\ActivationStore.dat was cleared updating 0 keys and creating 0 modified pages.
Information,12/23/2021 10:20:20 PM,Microsoft-Windows-WindowsUpdateClient,44,Windows Update Agent,Windows Update started downloading an update.
Information,12/23/2021 10:20:20 PM,Microsoft-Windows-WindowsUpdateClient,44,Windows Update Agent,Windows Update started downloading an update.
Error,12/23/2021 8:27:51 PM,Microsoft-Windows-DistributedCOM,10010,None,The server Microsoft.SkypeApp_15.79.95.0_x86__kzf8qxf38zg5c!App.AppXtwmqn4em5r5dpafgj4t4yyxgjfe0hr50.mca did not register with DCOM within the required timeout.
Warning,12/23/2021 6:56:32 PM,Microsoft-Windows-DistributedCOM,10016,None,"The machine-default permission settings do not grant Local Activation permission for the COM Server application with CLSID 
{C2F03A33-21F5-47FA-B4BB-156362A2F239}
 and APPID 
{316CDED5-E4AE-4B15-9113-7055D84DCC97}
 to the user SHOHID-PC\SHOHID SID (S-1-5-21-2091211461-3178656723-4261672445-1001) from address LocalHost (Using LRPC) running in the application container Microsoft.Windows.ShellExperienceHost_10.0.18362.1171_neutral_neutral_cw5n1h2txyewy SID (S-1-15-2-155514346-2573954481-755741238-1654018636-1233331829-3075935687-2861478708). This security permission can be modified using the Component Services administrative tool."
Information,12/23/2021 6:39:02 PM,Service Control Manager,7045,None,"A service was installed in the system.

Service Name:  MpKslba7a8e7d
Service File Name:  C:\ProgramData\Microsoft\Windows Defender\Definition Updates\{C90C4F91-543F-4967-9CF7-9568234973A9}\MpKslDrv.sys
Service Type:  kernel mode driver
Service Start Type:  demand start
Service Account:  "
Information,12/23/2021 6:38:32 PM,Microsoft-Windows-Kernel-General,1,-5,"The system time has changed to 2021-12-23T12:38:32.940597100Z from 2021-12-23T12:38:32.940095700Z.

Change Reason: An application or system component changed the time.
Process: '\Device\HarddiskVolume6\Windows\System32\svchost.exe' (PID 2536)."
Information,12/23/2021 6:38:32 PM,Microsoft-Windows-Kernel-General,1,-5,"The system time has changed to 2021-12-23T12:38:32.939233500Z from 2021-12-23T12:38:32.939107100Z.

Change Reason: An application or system component changed the time.
Process: '\Device\HarddiskVolume6\Windows\System32\svchost.exe' (PID 2536)."
Information,12/23/2021 6:38:32 PM,Microsoft-Windows-Time-Service,35,None,"The time service is now synchronizing the system time with the time source time.windows.com,0x9 (ntp.m|0x9|0.0.0.0:123->51.145.123.29:123) with reference id 494637363. Current local stratum number is 4."
Information,12/23/2021 6:38:32 PM,Microsoft-Windows-Kernel-General,1,-5,"The system time has changed to 2021-12-23T12:38:32.938302800Z from 2021-12-23T12:38:30.222796500Z.

Change Reason: An application or system component changed the time.
Process: '\Device\HarddiskVolume6\Windows\System32\svchost.exe' (PID 2536)."
Information,12/23/2021 6:38:24 PM,Microsoft-Windows-Kernel-General,16,None,The access history in hive \??\C:\Users\SHOHID\AppData\Local\Packages\appleinc.itunes_nzyj5cx40ttqa\Settings\settings.dat was cleared updating 2 keys and creating 1 modified pages.
Information,12/23/2021 6:38:15 PM,Microsoft-Windows-Time-Service,37,None,"The time provider NtpClient is currently receiving valid time data from time.windows.com,0x9 (ntp.m|0x9|0.0.0.0:123->51.145.123.29:123)."
Information,12/23/2021 6:38:14 PM,Microsoft-Windows-Time-Service,158,None,The time provider 'VMICTimeProvider' has indicated that the current hardware and operating environment is not supported and has stopped. This behavior is expected for VMICTimeProvider on non-HyperV-guest environments. This may be the expected behavior for the current provider in the current operating environment as well.
Information,12/23/2021 6:38:12 PM,Microsoft-Windows-Kernel-General,16,None,The access history in hive \??\C:\ProgramData\Microsoft\Provisioning\Microsoft-Desktop-Provisioning-Sequence.dat was cleared updating 0 keys and creating 0 modified pages.
Warning,12/23/2021 6:35:09 PM,Microsoft-Windows-DNS-Client,1014,-1014,Name resolution for the name rr1---sn-npoldn7z.googlevideo.com timed out after none of the configured DNS servers responded.
Error,12/23/2021 6:17:14 PM,Microsoft-Windows-DistributedCOM,10010,None,The server Microsoft.SkypeApp_15.79.95.0_x86__kzf8qxf38zg5c!App.AppXtwmqn4em5r5dpafgj4t4yyxgjfe0hr50.mca did not register with DCOM within the required timeout.
Warning,12/23/2021 6:12:47 PM,Microsoft-Windows-DistributedCOM,10016,None,"The machine-default permission settings do not grant Local Activation permission for the COM Server application with CLSID 
{C2F03A33-21F5-47FA-B4BB-156362A2F239}
 and APPID 
{316CDED5-E4AE-4B15-9113-7055D84DCC97}
 to the user SHOHID-PC\SHOHID SID (S-1-5-21-2091211461-3178656723-4261672445-1001) from address LocalHost (Using LRPC) running in the application container Microsoft.Windows.ShellExperienceHost_10.0.18362.1171_neutral_neutral_cw5n1h2txyewy SID (S-1-15-2-155514346-2573954481-755741238-1654018636-1233331829-3075935687-2861478708). This security permission can be modified using the Component Services administrative tool."
Warning,12/23/2021 6:12:33 PM,Microsoft-Windows-DistributedCOM,10016,None,"The application-specific permission settings do not grant Local Activation permission for the COM Server application with CLSID 
{2593F8B9-4EAF-457C-B68A-50F6B8EA6B54}
 and APPID 
{15C20B67-12E7-4BB6-92BB-7AFF07997402}
 to the user SHOHID-PC\SHOHID SID (S-1-5-21-2091211461-3178656723-4261672445-1001) from address LocalHost (Using LRPC) running in the application container Unavailable SID (Unavailable). This security permission can be modified using the Component Services administrative tool."
Error,12/23/2021 6:12:31 PM,Microsoft-Windows-DistributedCOM,10010,None,The server Microsoft.SkypeApp_15.79.95.0_x86__kzf8qxf38zg5c!App.AppXtwmqn4em5r5dpafgj4t4yyxgjfe0hr50.mca did not register with DCOM within the required timeout.
Information,12/23/2021 6:12:11 PM,Microsoft-Windows-Winlogon,7001,-1101,User Logon Notification for Customer Experience Improvement Program
Information,12/23/2021 6:12:07 PM,Microsoft-Windows-Power-Troubleshooter,1,None,"The system has returned from a low power state.

Sleep Time: 2021-12-22T17:11:29.993923900Z
Wake Time: 2021-12-23T12:12:05.137321900Z

Wake Source: Unknown"
Information,12/23/2021 6:12:05 PM,Microsoft-Windows-Kernel-Boot,32,-58,The bootmgr spent 0 ms waiting for user input.
Information,12/23/2021 6:12:05 PM,Microsoft-Windows-Kernel-Boot,18,-57,There are 0x1 boot options on this system.
Information,12/23/2021 6:12:05 PM,Microsoft-Windows-Kernel-Boot,27,-33,The boot type was 0x1.
Information,12/23/2021 6:12:05 PM,Microsoft-Windows-Kernel-Boot,25,-32,The boot menu policy was 0x1.
Information,12/23/2021 6:12:05 PM,Microsoft-Windows-Kernel-Boot,30,-21,The firmware reported boot metrics.
Error,12/23/2021 6:12:04 PM,iaStorA,4102,None,Error log: Smart event occured on disk :X6GJEAPFS  
Information,12/23/2021 6:12:03 PM,Microsoft-Windows-Kernel-General,1,-5,"The system time has changed to 2021-12-23T12:12:03.500000000Z from 2021-12-22T17:11:34.361976200Z.

Change Reason: System time synchronized with the hardware clock.
Process: '' (PID 4)."
Information,12/22/2021 11:11:34 PM,Microsoft-Windows-Kernel-Power,107,-102,The system has resumed from sleep.
Information,12/23/2021 6:12:03 PM,EventLog,6013,None,The system uptime is 1393303 seconds.
Information,12/22/2021 11:11:30 PM,Microsoft-Windows-Kernel-Power,42,-64,"The system is entering sleep.

Sleep Reason: Application API"
Information,12/22/2021 11:11:30 PM,Microsoft-Windows-Kernel-Power,187,-243,User-mode process attempted to change the system state by calling SetSuspendState or SetSystemPowerState APIs.
Information,12/22/2021 11:11:29 PM,Microsoft-Windows-Winlogon,7002,-1102,User Logoff Notification for Customer Experience Improvement Program
Warning,12/22/2021 11:10:24 PM,Microsoft-Windows-DistributedCOM,10016,None,"The machine-default permission settings do not grant Local Activation permission for the COM Server application with CLSID 
{C2F03A33-21F5-47FA-B4BB-156362A2F239}
 and APPID 
{316CDED5-E4AE-4B15-9113-7055D84DCC97}
 to the user SHOHID-PC\SHOHID SID (S-1-5-21-2091211461-3178656723-4261672445-1001) from address LocalHost (Using LRPC) running in the application container Microsoft.Windows.ShellExperienceHost_10.0.18362.1171_neutral_neutral_cw5n1h2txyewy SID (S-1-15-2-155514346-2573954481-755741238-1654018636-1233331829-3075935687-2861478708). This security permission can be modified using the Component Services administrative tool."
Information,12/22/2021 10:05:55 PM,Microsoft-Windows-Kernel-General,16,None,The access history in hive \??\C:\ProgramData\Microsoft\Provisioning\Microsoft-Desktop-Provisioning-Sequence.dat was cleared updating 0 keys and creating 0 modified pages.
Warning,12/22/2021 9:57:22 PM,Microsoft-Windows-DistributedCOM,10016,None,"The application-specific permission settings do not grant Local Activation permission for the COM Server application with CLSID 
{2593F8B9-4EAF-457C-B68A-50F6B8EA6B54}
 and APPID 
{15C20B67-12E7-4BB6-92BB-7AFF07997402}
 to the user SHOHID-PC\SHOHID SID (S-1-5-21-2091211461-3178656723-4261672445-1001) from address LocalHost (Using LRPC) running in the application container Unavailable SID (Unavailable). This security permission can be modified using the Component Services administrative tool."
Information,12/22/2021 9:55:48 PM,Microsoft-Windows-WindowsUpdateClient,19,Windows Update Agent,Installation Successful: Windows successfully installed the following update: Security Intelligence Update for Microsoft Defender Antivirus - KB2267602 (Version 1.355.675.0)
Information,12/22/2021 9:55:29 PM,Microsoft-Windows-WindowsUpdateClient,43,Windows Update Agent,Installation Started: Windows has started installing the following update: Security Intelligence Update for Microsoft Defender Antivirus - KB2267602 (Version 1.355.675.0)
Information,12/22/2021 9:55:18 PM,Microsoft-Windows-WindowsUpdateClient,44,Windows Update Agent,Windows Update started downloading an update.
Error,12/22/2021 9:51:59 PM,Microsoft-Windows-DistributedCOM,10010,None,The server Microsoft.SkypeApp_15.79.95.0_x86__kzf8qxf38zg5c!App.AppXtwmqn4em5r5dpafgj4t4yyxgjfe0hr50.mca did not register with DCOM within the required timeout.
Warning,12/22/2021 9:51:00 PM,Microsoft-Windows-DistributedCOM,10016,None,"The application-specific permission settings do not grant Local Activation permission for the COM Server application with CLSID 
{2593F8B9-4EAF-457C-B68A-50F6B8EA6B54}
 and APPID 
{15C20B67-12E7-4BB6-92BB-7AFF07997402}
 to the user SHOHID-PC\SHOHID SID (S-1-5-21-2091211461-3178656723-4261672445-1001) from address LocalHost (Using LRPC) running in the application container Unavailable SID (Unavailable). This security permission can be modified using the Component Services administrative tool."
Error,12/22/2021 9:50:53 PM,Microsoft-Windows-DistributedCOM,10010,None,The server Microsoft.SkypeApp_15.79.95.0_x86__kzf8qxf38zg5c!App.AppXtwmqn4em5r5dpafgj4t4yyxgjfe0hr50.mca did not register with DCOM within the required timeout.
Information,12/22/2021 9:50:35 PM,Microsoft-Windows-Winlogon,7001,-1101,User Logon Notification for Customer Experience Improvement Program
Information,12/22/2021 9:50:32 PM,Microsoft-Windows-Power-Troubleshooter,1,None,"The system has returned from a low power state.

Sleep Time: 2021-12-21T18:20:28.003109300Z
Wake Time: 2021-12-22T15:50:30.322071400Z

Wake Source: Unknown"
Error,12/22/2021 9:50:30 PM,iaStorA,4102,None,Error log: Smart event occured on disk :X6GJEAPFS  
Information,12/22/2021 9:50:30 PM,Microsoft-Windows-Kernel-Boot,32,-58,The bootmgr spent 0 ms waiting for user input.
Information,12/22/2021 9:50:30 PM,Microsoft-Windows-Kernel-Boot,18,-57,There are 0x1 boot options on this system.
Information,12/22/2021 9:50:30 PM,Microsoft-Windows-Kernel-Boot,27,-33,The boot type was 0x1.
Information,12/22/2021 9:50:30 PM,Microsoft-Windows-Kernel-Boot,25,-32,The boot menu policy was 0x1.
Information,12/22/2021 9:50:30 PM,Microsoft-Windows-Kernel-Boot,30,-21,The firmware reported boot metrics.
Information,12/22/2021 9:50:29 PM,Microsoft-Windows-Kernel-General,1,-5,"The system time has changed to 2021-12-22T15:50:29.500000000Z from 2021-12-21T18:20:31.364321500Z.

Change Reason: System time synchronized with the hardware clock.
Process: '' (PID 4)."
Information,12/22/2021 12:20:31 AM,Microsoft-Windows-Kernel-Power,107,-102,The system has resumed from sleep.
Information,12/22/2021 9:50:30 PM,EventLog,6013,None,The system uptime is 1320010 seconds.
Information,12/22/2021 12:20:28 AM,Microsoft-Windows-Kernel-Power,42,-64,"The system is entering sleep.

Sleep Reason: Application API"
Information,12/22/2021 12:20:28 AM,Microsoft-Windows-Kernel-Power,187,-243,User-mode process attempted to change the system state by calling SetSuspendState or SetSystemPowerState APIs.
Information,12/22/2021 12:20:26 AM,Microsoft-Windows-Winlogon,7002,-1102,User Logoff Notification for Customer Experience Improvement Program
Warning,12/21/2021 11:57:21 PM,Microsoft-Windows-DistributedCOM,10016,None,"The application-specific permission settings do not grant Local Activation permission for the COM Server application with CLSID 
{2593F8B9-4EAF-457C-B68A-50F6B8EA6B54}
 and APPID 
{15C20B67-12E7-4BB6-92BB-7AFF07997402}
 to the user SHOHID-PC\SHOHID SID (S-1-5-21-2091211461-3178656723-4261672445-1001) from address LocalHost (Using LRPC) running in the application container Unavailable SID (Unavailable). This security permission can be modified using the Component Services administrative tool."
Error,12/21/2021 11:57:05 PM,Microsoft-Windows-DistributedCOM,10010,None,The server Microsoft.SkypeApp_15.79.95.0_x86__kzf8qxf38zg5c!App.AppXtwmqn4em5r5dpafgj4t4yyxgjfe0hr50.mca did not register with DCOM within the required timeout.
Information,12/21/2021 11:56:55 PM,Microsoft-Windows-Winlogon,7001,-1101,User Logon Notification for Customer Experience Improvement Program
Information,12/21/2021 11:56:49 PM,Microsoft-Windows-Power-Troubleshooter,1,None,"The system has returned from a low power state.

Sleep Time: 2021-12-21T17:55:35.288684000Z
Wake Time: 2021-12-21T17:56:47.320760900Z

Wake Source: Unknown"
Error,12/21/2021 11:56:47 PM,iaStorA,4102,None,Error log: Smart event occured on disk :X6GJEAPFS  
Information,12/21/2021 11:56:47 PM,Microsoft-Windows-Kernel-Boot,32,-58,The bootmgr spent 0 ms waiting for user input.
Information,12/21/2021 11:56:47 PM,Microsoft-Windows-Kernel-Boot,18,-57,There are 0x1 boot options on this system.
Information,12/21/2021 11:56:47 PM,Microsoft-Windows-Kernel-Boot,27,-33,The boot type was 0x1.
Information,12/21/2021 11:56:47 PM,Microsoft-Windows-Kernel-Boot,25,-32,The boot menu policy was 0x1.
Information,12/21/2021 11:56:47 PM,Microsoft-Windows-Kernel-Boot,30,-21,The firmware reported boot metrics.
Information,12/21/2021 11:56:46 PM,Microsoft-Windows-Kernel-General,1,-5,"The system time has changed to 2021-12-21T17:56:46.500000000Z from 2021-12-21T17:55:38.276538200Z.

Change Reason: System time synchronized with the hardware clock.
Process: '' (PID 4)."
Information,12/21/2021 11:55:38 PM,Microsoft-Windows-Kernel-Power,107,-102,The system has resumed from sleep.
Information,12/21/2021 11:55:36 PM,Microsoft-Windows-Kernel-Power,42,-64,"The system is entering sleep.

Sleep Reason: Application API"
Information,12/21/2021 11:55:35 PM,Microsoft-Windows-Kernel-Power,187,-243,User-mode process attempted to change the system state by calling SetSuspendState or SetSystemPowerState APIs.
Information,12/21/2021 11:55:34 PM,Microsoft-Windows-Winlogon,7002,-1102,User Logoff Notification for Customer Experience Improvement Program
Warning,12/21/2021 10:50:47 PM,Microsoft-Windows-DistributedCOM,10016,None,"The application-specific permission settings do not grant Local Activation permission for the COM Server application with CLSID 
{2593F8B9-4EAF-457C-B68A-50F6B8EA6B54}
 and APPID 
{15C20B67-12E7-4BB6-92BB-7AFF07997402}
 to the user SHOHID-PC\SHOHID SID (S-1-5-21-2091211461-3178656723-4261672445-1001) from address LocalHost (Using LRPC) running in the application container Unavailable SID (Unavailable). This security permission can be modified using the Component Services administrative tool."
Information,12/21/2021 10:21:12 PM,Microsoft-Windows-Kernel-General,16,None,The access history in hive \??\C:\ProgramData\Microsoft\Provisioning\Microsoft-Desktop-Provisioning-Sequence.dat was cleared updating 0 keys and creating 0 modified pages.
Information,12/21/2021 10:20:34 PM,Microsoft-Windows-Kernel-General,16,None,The access history in hive \??\C:\Users\SHOHID\AppData\Local\Packages\microsoft.storepurchaseapp_8wekyb3d8bbwe\Settings\settings.dat was cleared updating 2 keys and creating 1 modified pages.
Information,12/21/2021 10:20:29 PM,Microsoft-Windows-Kernel-General,1,-5,"The system time has changed to 2021-12-21T16:20:29.107250800Z from 2021-12-21T16:20:29.106834800Z.

Change Reason: An application or system component changed the time.
Process: '\Device\HarddiskVolume6\Windows\System32\svchost.exe' (PID 17420)."
Information,12/21/2021 10:20:29 PM,Microsoft-Windows-Kernel-General,1,-5,"The system time has changed to 2021-12-21T16:20:29.106053100Z from 2021-12-21T16:20:29.105864500Z.

Change Reason: An application or system component changed the time.
Process: '\Device\HarddiskVolume6\Windows\System32\svchost.exe' (PID 17420)."
Information,12/21/2021 10:20:29 PM,Microsoft-Windows-Time-Service,35,None,"The time service is now synchronizing the system time with the time source time.windows.com,0x9 (ntp.m|0x9|0.0.0.0:123->52.148.114.188:123) with reference id 3161625652. Current local stratum number is 4."
Information,12/21/2021 10:20:29 PM,Microsoft-Windows-Kernel-General,1,-5,"The system time has changed to 2021-12-21T16:20:29.105080600Z from 2021-12-21T16:20:27.827727500Z.

Change Reason: An application or system component changed the time.
Process: '\Device\HarddiskVolume6\Windows\System32\svchost.exe' (PID 17420)."
Information,12/21/2021 10:20:13 PM,Microsoft-Windows-Time-Service,37,None,"The time provider NtpClient is currently receiving valid time data from time.windows.com,0x9 (ntp.m|0x9|0.0.0.0:123->52.148.114.188:123)."
Information,12/21/2021 10:20:11 PM,Microsoft-Windows-Time-Service,158,None,The time provider 'VMICTimeProvider' has indicated that the current hardware and operating environment is not supported and has stopped. This behavior is expected for VMICTimeProvider on non-HyperV-guest environments. This may be the expected behavior for the current provider in the current operating environment as well.
Information,12/21/2021 9:55:33 PM,Microsoft-Windows-WindowsUpdateClient,19,Windows Update Agent,Installation Successful: Windows successfully installed the following update: Security Intelligence Update for Microsoft Defender Antivirus - KB2267602 (Version 1.355.628.0)
Information,12/21/2021 9:55:15 PM,Microsoft-Windows-WindowsUpdateClient,43,Windows Update Agent,Installation Started: Windows has started installing the following update: Security Intelligence Update for Microsoft Defender Antivirus - KB2267602 (Version 1.355.628.0)
Information,12/21/2021 9:55:06 PM,Microsoft-Windows-WindowsUpdateClient,44,Windows Update Agent,Windows Update started downloading an update.
Information,12/21/2021 9:48:12 PM,Microsoft-Windows-Kernel-General,16,None,The access history in hive \??\C:\Users\SHOHID\AppData\Local\Packages\Microsoft.Todos_8wekyb3d8bbwe\Settings\settings.dat was cleared updating 8 keys and creating 1 modified pages.
Information,12/21/2021 9:35:55 PM,Microsoft-Windows-Kernel-General,16,None,The access history in hive \??\C:\Users\SHOHID\AppData\Local\Packages\Microsoft.MicrosoftOfficeHub_8wekyb3d8bbwe\Settings\settings.dat was cleared updating 4 keys and creating 2 modified pages.
Error,12/21/2021 9:35:52 PM,Microsoft-Windows-DistributedCOM,10010,None,The server Microsoft.SkypeApp_15.79.95.0_x86__kzf8qxf38zg5c!App.AppXtwmqn4em5r5dpafgj4t4yyxgjfe0hr50.mca did not register with DCOM within the required timeout.
Error,12/21/2021 9:35:10 PM,Microsoft-Windows-DistributedCOM,10010,None,The server Microsoft.SkypeApp_15.79.95.0_x86__kzf8qxf38zg5c!App.AppXtwmqn4em5r5dpafgj4t4yyxgjfe0hr50.mca did not register with DCOM within the required timeout.
Information,12/21/2021 9:34:58 PM,Microsoft-Windows-Kernel-General,16,None,The access history in hive \??\C:\Users\SHOHID\AppData\Local\Packages\Microsoft.AAD.BrokerPlugin_cw5n1h2txyewy\Settings\settings.dat was cleared updating 10 keys and creating 1 modified pages.
Information,12/21/2021 9:34:48 PM,Microsoft-Windows-Winlogon,7001,-1101,User Logon Notification for Customer Experience Improvement Program
Information,12/21/2021 9:34:45 PM,Microsoft-Windows-Power-Troubleshooter,1,None,"The system has returned from a low power state.

Sleep Time: 2021-12-21T14:28:10.650940600Z
Wake Time: 2021-12-21T15:34:41.782798700Z

Wake Source: Unknown"
Information,12/21/2021 9:34:41 PM,Microsoft-Windows-Kernel-Boot,32,-58,The bootmgr spent 0 ms waiting for user input.
Information,12/21/2021 9:34:41 PM,Microsoft-Windows-Kernel-Boot,18,-57,There are 0x1 boot options on this system.
Information,12/21/2021 9:34:41 PM,Microsoft-Windows-Kernel-Boot,27,-33,The boot type was 0x1.
Information,12/21/2021 9:34:41 PM,Microsoft-Windows-Kernel-Boot,25,-32,The boot menu policy was 0x1.
Information,12/21/2021 9:34:41 PM,Microsoft-Windows-Kernel-Boot,30,-21,The firmware reported boot metrics.
Error,12/21/2021 9:34:41 PM,iaStorA,4102,None,Error log: Smart event occured on disk :X6GJEAPFS  
Information,12/21/2021 9:34:40 PM,Microsoft-Windows-Kernel-General,1,-5,"The system time has changed to 2021-12-21T15:34:40.500000000Z from 2021-12-21T14:28:13.189834800Z.

Change Reason: System time synchronized with the hardware clock.
Process: '' (PID 4)."
Information,12/21/2021 8:28:13 PM,Microsoft-Windows-Kernel-Power,107,-102,The system has resumed from sleep.
Information,12/21/2021 8:28:11 PM,Microsoft-Windows-Kernel-Power,42,-64,"The system is entering sleep.

Sleep Reason: Application API"
Information,12/21/2021 8:28:10 PM,Microsoft-Windows-Kernel-Power,187,-243,User-mode process attempted to change the system state by calling SetSuspendState or SetSystemPowerState APIs.
Information,12/21/2021 8:28:09 PM,Microsoft-Windows-Winlogon,7002,-1102,User Logoff Notification for Customer Experience Improvement Program
Error,12/21/2021 8:28:08 PM,Microsoft-Windows-DistributedCOM,10010,None,The server {F9717507-6651-4EDB-BFF7-AE615179BCCF} did not register with DCOM within the required timeout.
Error,12/21/2021 8:28:08 PM,Microsoft-Windows-DistributedCOM,10010,None,The server {F9717507-6651-4EDB-BFF7-AE615179BCCF} did not register with DCOM within the required timeout.
Error,12/21/2021 8:28:08 PM,Microsoft-Windows-DistributedCOM,10010,None,The server {F9717507-6651-4EDB-BFF7-AE615179BCCF} did not register with DCOM within the required timeout.
Error,12/21/2021 8:28:08 PM,Microsoft-Windows-DistributedCOM,10010,None,The server {F9717507-6651-4EDB-BFF7-AE615179BCCF} did not register with DCOM within the required timeout.
Error,12/21/2021 8:28:08 PM,Microsoft-Windows-DistributedCOM,10010,None,The server {F9717507-6651-4EDB-BFF7-AE615179BCCF} did not register with DCOM within the required timeout.
Error,12/21/2021 8:28:08 PM,Microsoft-Windows-DistributedCOM,10010,None,The server {F9717507-6651-4EDB-BFF7-AE615179BCCF} did not register with DCOM within the required timeout.
Error,12/21/2021 8:28:08 PM,Microsoft-Windows-DistributedCOM,10010,None,The server {F9717507-6651-4EDB-BFF7-AE615179BCCF} did not register with DCOM within the required timeout.
Error,12/21/2021 8:28:08 PM,Microsoft-Windows-DistributedCOM,10010,None,The server {F9717507-6651-4EDB-BFF7-AE615179BCCF} did not register with DCOM within the required timeout.
Information,12/21/2021 8:28:08 PM,Application Popup,26,None,"Application popup: AnyDesk.exe - Application Error : The instruction at 0x00000000002561E0 referenced memory at 0x00000000002561E0. The memory could not be written.

Click on OK to terminate the program
Click on CANCEL to debug the program"
Error,12/21/2021 8:28:04 PM,Microsoft-Windows-DistributedCOM,10010,None,The server Microsoft.SkypeApp_15.79.95.0_x86__kzf8qxf38zg5c!App.AppXtwmqn4em5r5dpafgj4t4yyxgjfe0hr50.mca did not register with DCOM within the required timeout.
Information,12/21/2021 8:27:48 PM,Microsoft-Windows-Winlogon,7001,-1101,User Logon Notification for Customer Experience Improvement Program
Information,12/21/2021 8:27:48 PM,Microsoft-Windows-Power-Troubleshooter,1,None,"The system has returned from a low power state.

Sleep Time: 2021-12-21T11:04:20.072835800Z
Wake Time: 2021-12-21T14:27:45.270227700Z

Wake Source: Unknown"
Information,12/21/2021 8:27:45 PM,Microsoft-Windows-Kernel-Boot,32,-58,The bootmgr spent 0 ms waiting for user input.
Information,12/21/2021 8:27:45 PM,Microsoft-Windows-Kernel-Boot,18,-57,There are 0x1 boot options on this system.
Information,12/21/2021 8:27:45 PM,Microsoft-Windows-Kernel-Boot,27,-33,The boot type was 0x1.
Information,12/21/2021 8:27:45 PM,Microsoft-Windows-Kernel-Boot,25,-32,The boot menu policy was 0x1.
Information,12/21/2021 8:27:45 PM,Microsoft-Windows-Kernel-Boot,30,-21,The firmware reported boot metrics.
Error,12/21/2021 8:27:44 PM,iaStorA,4102,None,Error log: Smart event occured on disk :X6GJEAPFS  
Information,12/21/2021 8:27:43 PM,Microsoft-Windows-Kernel-General,1,-5,"The system time has changed to 2021-12-21T14:27:43.500000000Z from 2021-12-21T11:04:23.182774500Z.

Change Reason: System time synchronized with the hardware clock.
Process: '' (PID 4)."
Information,12/21/2021 5:04:23 PM,Microsoft-Windows-Kernel-Power,107,-102,The system has resumed from sleep.
Information,12/21/2021 5:04:20 PM,Microsoft-Windows-Kernel-Power,42,-64,"The system is entering sleep.

Sleep Reason: Application API"
Information,12/21/2021 5:04:20 PM,Microsoft-Windows-Kernel-Power,187,-243,User-mode process attempted to change the system state by calling SetSuspendState or SetSystemPowerState APIs.
Information,12/21/2021 5:04:18 PM,Microsoft-Windows-Winlogon,7002,-1102,User Logoff Notification for Customer Experience Improvement Program
Error,12/21/2021 5:04:17 PM,Microsoft-Windows-DistributedCOM,10005,None,"DCOM got error ""1053"" attempting to start the service BcastDVRUserService_4d7c091f with arguments ""Unavailable"" in order to run the server:
Windows.Media.Capture.Internal.AppCaptureShell"
Error,12/21/2021 5:04:17 PM,Service Control Manager,7000,None,"The GameDVR and Broadcast User Service_4d7c091f service failed to start due to the following error: 
The service did not respond to the start or control request in a timely fashion."
Error,12/21/2021 5:04:17 PM,Service Control Manager,7009,None,A timeout was reached (30000 milliseconds) while waiting for the GameDVR and Broadcast User Service_4d7c091f service to connect.
Warning,12/21/2021 4:51:36 PM,Microsoft-Windows-DNS-Client,1014,-1014,Name resolution for the name d27xxe7juh1us6.cloudfront.net timed out after none of the configured DNS servers responded.
Warning,12/21/2021 4:51:31 PM,Microsoft-Windows-DNS-Client,1014,-1014,Name resolution for the name v20.events.data.microsoft.com timed out after none of the configured DNS servers responded.
Warning,12/21/2021 3:41:22 PM,Microsoft-Windows-DNS-Client,1014,-1014,Name resolution for the name d27xxe7juh1us6.cloudfront.net timed out after none of the configured DNS servers responded.
Warning,12/21/2021 2:37:12 PM,Microsoft-Windows-DistributedCOM,10016,None,"The machine-default permission settings do not grant Local Activation permission for the COM Server application with CLSID 
{C2F03A33-21F5-47FA-B4BB-156362A2F239}
 and APPID 
{316CDED5-E4AE-4B15-9113-7055D84DCC97}
 to the user SHOHID-PC\SHOHID SID (S-1-5-21-2091211461-3178656723-4261672445-1001) from address LocalHost (Using LRPC) running in the application container Microsoft.Windows.ShellExperienceHost_10.0.18362.1171_neutral_neutral_cw5n1h2txyewy SID (S-1-15-2-155514346-2573954481-755741238-1654018636-1233331829-3075935687-2861478708). This security permission can be modified using the Component Services administrative tool."
Information,12/21/2021 12:46:37 PM,Microsoft-Windows-Kernel-General,16,None,The access history in hive \??\C:\ProgramData\Microsoft\Provisioning\Microsoft-Desktop-Provisioning-Sequence.dat was cleared updating 0 keys and creating 0 modified pages.
Information,12/21/2021 12:22:58 PM,Microsoft-Windows-Kernel-General,15,None,Hive \??\C:\WINDOWS\SysWOW64\config\systemprofile\AppData\Local\Microsoft\VisualStudio\16.0_197f77be\privateregistry.bin was reorganized with a starting size of 6090752 bytes and an ending size of 5787648 bytes.
Error,12/21/2021 12:21:54 PM,Microsoft-Windows-DistributedCOM,10010,None,The server Microsoft.SkypeApp_15.79.95.0_x86__kzf8qxf38zg5c!App.AppXtwmqn4em5r5dpafgj4t4yyxgjfe0hr50.mca did not register with DCOM within the required timeout.
Warning,12/21/2021 12:20:26 PM,Microsoft-Windows-DistributedCOM,10016,None,"The application-specific permission settings do not grant Local Activation permission for the COM Server application with CLSID 
{2593F8B9-4EAF-457C-B68A-50F6B8EA6B54}
 and APPID 
{15C20B67-12E7-4BB6-92BB-7AFF07997402}
 to the user SHOHID-PC\SHOHID SID (S-1-5-21-2091211461-3178656723-4261672445-1001) from address LocalHost (Using LRPC) running in the application container Unavailable SID (Unavailable). This security permission can be modified using the Component Services administrative tool."
Error,12/21/2021 12:20:10 PM,Microsoft-Windows-DistributedCOM,10010,None,The server Microsoft.SkypeApp_15.79.95.0_x86__kzf8qxf38zg5c!App.AppXtwmqn4em5r5dpafgj4t4yyxgjfe0hr50.mca did not register with DCOM within the required timeout.
Information,12/21/2021 12:19:51 PM,Microsoft-Windows-Winlogon,7001,-1101,User Logon Notification for Customer Experience Improvement Program
Information,12/21/2021 12:19:51 PM,Microsoft-Windows-Power-Troubleshooter,1,None,"The system has returned from a low power state.

Sleep Time: 2021-12-20T17:38:11.742043000Z
Wake Time: 2021-12-21T06:19:48.618253200Z

Wake Source: Unknown"
Information,12/21/2021 12:19:48 PM,Microsoft-Windows-Kernel-Boot,32,-58,The bootmgr spent 0 ms waiting for user input.
Information,12/21/2021 12:19:48 PM,Microsoft-Windows-Kernel-Boot,18,-57,There are 0x1 boot options on this system.
Information,12/21/2021 12:19:48 PM,Microsoft-Windows-Kernel-Boot,27,-33,The boot type was 0x1.
Information,12/21/2021 12:19:48 PM,Microsoft-Windows-Kernel-Boot,25,-32,The boot menu policy was 0x1.
Information,12/21/2021 12:19:48 PM,Microsoft-Windows-Kernel-Boot,30,-21,The firmware reported boot metrics.
Error,12/21/2021 12:19:48 PM,iaStorA,4102,None,Error log: Smart event occured on disk :X6GJEAPFS  
Information,12/21/2021 12:19:47 PM,Microsoft-Windows-Kernel-General,1,-5,"The system time has changed to 2021-12-21T06:19:47.500000000Z from 2021-12-20T17:38:15.343590600Z.

Change Reason: System time synchronized with the hardware clock.
Process: '' (PID 4)."
Information,12/20/2021 11:38:15 PM,Microsoft-Windows-Kernel-Power,107,-102,The system has resumed from sleep.
Information,12/21/2021 12:19:47 PM,EventLog,6013,None,The system uptime is 1199368 seconds.
Information,12/20/2021 11:38:13 PM,Microsoft-Windows-Kernel-Power,42,-64,"The system is entering sleep.

Sleep Reason: Application API"
Information,12/20/2021 11:38:11 PM,Microsoft-Windows-Kernel-Power,187,-243,User-mode process attempted to change the system state by calling SetSuspendState or SetSystemPowerState APIs.
Information,12/20/2021 11:38:10 PM,Microsoft-Windows-Winlogon,7002,-1102,User Logoff Notification for Customer Experience Improvement Program
Warning,12/20/2021 11:32:46 PM,Microsoft-Windows-DistributedCOM,10016,None,"The application-specific permission settings do not grant Local Activation permission for the COM Server application with CLSID 
{2593F8B9-4EAF-457C-B68A-50F6B8EA6B54}
 and APPID 
{15C20B67-12E7-4BB6-92BB-7AFF07997402}
 to the user SHOHID-PC\SHOHID SID (S-1-5-21-2091211461-3178656723-4261672445-1001) from address LocalHost (Using LRPC) running in the application container Unavailable SID (Unavailable). This security permission can be modified using the Component Services administrative tool."
Information,12/20/2021 9:43:56 PM,Microsoft-Windows-WindowsUpdateClient,19,Windows Update Agent,Installation Successful: Windows successfully installed the following update: Security Intelligence Update for Microsoft Defender Antivirus - KB2267602 (Version 1.355.555.0)
Information,12/20/2021 9:43:48 PM,Microsoft-Windows-WindowsUpdateClient,43,Windows Update Agent,Installation Started: Windows has started installing the following update: Security Intelligence Update for Microsoft Defender Antivirus - KB2267602 (Version 1.355.555.0)
Information,12/20/2021 9:41:48 PM,Microsoft-Windows-WindowsUpdateClient,44,Windows Update Agent,Windows Update started downloading an update.
Information,12/20/2021 9:33:13 PM,Microsoft-Windows-Kernel-General,16,None,The access history in hive \??\C:\ProgramData\Microsoft\Provisioning\Microsoft-Desktop-Provisioning-Sequence.dat was cleared updating 0 keys and creating 0 modified pages.
Error,12/20/2021 9:23:32 PM,Microsoft-Windows-DistributedCOM,10010,None,The server Microsoft.SkypeApp_15.79.95.0_x86__kzf8qxf38zg5c!App.AppXtwmqn4em5r5dpafgj4t4yyxgjfe0hr50.mca did not register with DCOM within the required timeout.
Warning,12/20/2021 9:22:33 PM,Microsoft-Windows-DistributedCOM,10016,None,"The application-specific permission settings do not grant Local Activation permission for the COM Server application with CLSID 
{2593F8B9-4EAF-457C-B68A-50F6B8EA6B54}
 and APPID 
{15C20B67-12E7-4BB6-92BB-7AFF07997402}
 to the user SHOHID-PC\SHOHID SID (S-1-5-21-2091211461-3178656723-4261672445-1001) from address LocalHost (Using LRPC) running in the application container Unavailable SID (Unavailable). This security permission can be modified using the Component Services administrative tool."
Error,12/20/2021 9:22:30 PM,Microsoft-Windows-DistributedCOM,10010,None,The server Microsoft.SkypeApp_15.79.95.0_x86__kzf8qxf38zg5c!App.AppXtwmqn4em5r5dpafgj4t4yyxgjfe0hr50.mca did not register with DCOM within the required timeout.
Warning,12/20/2021 9:22:23 PM,Microsoft-Windows-DNS-Client,1014,-1014,Name resolution for the name v10.events.data.microsoft.com timed out after none of the configured DNS servers responded.
Information,12/20/2021 9:22:16 PM,Microsoft-Windows-Winlogon,7001,-1101,User Logon Notification for Customer Experience Improvement Program
Information,12/20/2021 9:22:14 PM,Microsoft-Windows-Power-Troubleshooter,1,None,"The system has returned from a low power state.

Sleep Time: 2021-12-20T14:04:48.226643000Z
Wake Time: 2021-12-20T15:22:12.262593500Z

Wake Source: Unknown"
Error,12/20/2021 9:22:12 PM,iaStorA,4102,None,Error log: Smart event occured on disk :X6GJEAPFS  
Information,12/20/2021 9:22:12 PM,Microsoft-Windows-Kernel-Boot,32,-58,The bootmgr spent 0 ms waiting for user input.
Information,12/20/2021 9:22:12 PM,Microsoft-Windows-Kernel-Boot,18,-57,There are 0x1 boot options on this system.
Information,12/20/2021 9:22:12 PM,Microsoft-Windows-Kernel-Boot,27,-33,The boot type was 0x1.
Information,12/20/2021 9:22:12 PM,Microsoft-Windows-Kernel-Boot,25,-32,The boot menu policy was 0x1.
Information,12/20/2021 9:22:12 PM,Microsoft-Windows-Kernel-Boot,30,-21,The firmware reported boot metrics.
Information,12/20/2021 9:22:11 PM,Microsoft-Windows-Kernel-General,1,-5,"The system time has changed to 2021-12-20T15:22:11.500000000Z from 2021-12-20T14:04:52.154852200Z.

Change Reason: System time synchronized with the hardware clock.
Process: '' (PID 4)."
Information,12/20/2021 8:04:52 PM,Microsoft-Windows-Kernel-Power,107,-102,The system has resumed from sleep.
Information,12/20/2021 8:04:49 PM,Microsoft-Windows-Kernel-Power,42,-64,"The system is entering sleep.

Sleep Reason: Application API"
Information,12/20/2021 8:04:48 PM,Microsoft-Windows-Kernel-Power,187,-243,User-mode process attempted to change the system state by calling SetSuspendState or SetSystemPowerState APIs.
Information,12/20/2021 8:04:46 PM,Microsoft-Windows-Winlogon,7002,-1102,User Logoff Notification for Customer Experience Improvement Program
Warning,12/20/2021 8:00:53 PM,Microsoft-Windows-DistributedCOM,10016,None,"The application-specific permission settings do not grant Local Activation permission for the COM Server application with CLSID 
{2593F8B9-4EAF-457C-B68A-50F6B8EA6B54}
 and APPID 
{15C20B67-12E7-4BB6-92BB-7AFF07997402}
 to the user SHOHID-PC\SHOHID SID (S-1-5-21-2091211461-3178656723-4261672445-1001) from address LocalHost (Using LRPC) running in the application container Unavailable SID (Unavailable). This security permission can be modified using the Component Services administrative tool."
Information,12/20/2021 5:16:50 PM,Microsoft-Windows-Kernel-General,1,-5,"The system time has changed to 2021-12-20T11:16:50.227007300Z from 2021-12-20T11:16:50.225845200Z.

Change Reason: An application or system component changed the time.
Process: '\Device\HarddiskVolume6\Windows\System32\svchost.exe' (PID 9004)."
Information,12/20/2021 5:16:50 PM,Microsoft-Windows-Kernel-General,1,-5,"The system time has changed to 2021-12-20T11:16:50.225845200Z from 2021-12-20T11:16:50.223880800Z.

Change Reason: An application or system component changed the time.
Process: '\Device\HarddiskVolume6\Windows\System32\svchost.exe' (PID 9004)."
Information,12/20/2021 5:16:50 PM,Microsoft-Windows-Time-Service,35,None,"The time service is now synchronizing the system time with the time source time.windows.com,0x9 (ntp.m|0x9|0.0.0.0:123->52.148.114.188:123) with reference id 3161625652. Current local stratum number is 4."
Information,12/20/2021 5:16:50 PM,Microsoft-Windows-Kernel-General,1,-5,"The system time has changed to 2021-12-20T11:16:50.223880800Z from 2021-12-20T11:16:49.177377700Z.

Change Reason: An application or system component changed the time.
Process: '\Device\HarddiskVolume6\Windows\System32\svchost.exe' (PID 9004)."
Information,12/20/2021 5:16:43 PM,Microsoft-Windows-Kernel-General,16,None,The access history in hive \??\C:\Users\SHOHID\AppData\Local\Packages\microsoft.office.onenote_8wekyb3d8bbwe\Settings\settings.dat was cleared updating 214 keys and creating 54 modified pages.
Information,12/20/2021 5:16:34 PM,Microsoft-Windows-Time-Service,37,None,"The time provider NtpClient is currently receiving valid time data from time.windows.com,0x9 (ntp.m|0x9|0.0.0.0:123->52.148.114.188:123)."
Information,12/20/2021 5:16:33 PM,Microsoft-Windows-Time-Service,158,None,The time provider 'VMICTimeProvider' has indicated that the current hardware and operating environment is not supported and has stopped. This behavior is expected for VMICTimeProvider on non-HyperV-guest environments. This may be the expected behavior for the current provider in the current operating environment as well.
Information,12/20/2021 5:12:03 PM,Microsoft-Windows-WindowsUpdateClient,19,Windows Update Agent,Installation Successful: Windows successfully installed the following update: Security Intelligence Update for Microsoft Defender Antivirus - KB2267602 (Version 1.355.552.0)
Information,12/20/2021 5:11:49 PM,Microsoft-Windows-WindowsUpdateClient,43,Windows Update Agent,Installation Started: Windows has started installing the following update: Security Intelligence Update for Microsoft Defender Antivirus - KB2267602 (Version 1.355.552.0)
Information,12/20/2021 5:11:39 PM,Microsoft-Windows-WindowsUpdateClient,44,Windows Update Agent,Windows Update started downloading an update.
Error,12/20/2021 5:11:11 PM,Microsoft-Windows-DistributedCOM,10010,None,The server Microsoft.SkypeApp_15.79.95.0_x86__kzf8qxf38zg5c!App.AppXtwmqn4em5r5dpafgj4t4yyxgjfe0hr50.mca did not register with DCOM within the required timeout.
Warning,12/20/2021 4:46:34 PM,Microsoft-Windows-DistributedCOM,10016,None,"The machine-default permission settings do not grant Local Activation permission for the COM Server application with CLSID 
{C2F03A33-21F5-47FA-B4BB-156362A2F239}
 and APPID 
{316CDED5-E4AE-4B15-9113-7055D84DCC97}
 to the user SHOHID-PC\SHOHID SID (S-1-5-21-2091211461-3178656723-4261672445-1001) from address LocalHost (Using LRPC) running in the application container Microsoft.Windows.ShellExperienceHost_10.0.18362.1171_neutral_neutral_cw5n1h2txyewy SID (S-1-15-2-155514346-2573954481-755741238-1654018636-1233331829-3075935687-2861478708). This security permission can be modified using the Component Services administrative tool."
Warning,12/20/2021 4:46:33 PM,Microsoft-Windows-DistributedCOM,10016,None,"The machine-default permission settings do not grant Local Activation permission for the COM Server application with CLSID 
{C2F03A33-21F5-47FA-B4BB-156362A2F239}
 and APPID 
{316CDED5-E4AE-4B15-9113-7055D84DCC97}
 to the user SHOHID-PC\SHOHID SID (S-1-5-21-2091211461-3178656723-4261672445-1001) from address LocalHost (Using LRPC) running in the application container Microsoft.Windows.ShellExperienceHost_10.0.18362.1171_neutral_neutral_cw5n1h2txyewy SID (S-1-15-2-155514346-2573954481-755741238-1654018636-1233331829-3075935687-2861478708). This security permission can be modified using the Component Services administrative tool."
Warning,12/20/2021 4:46:06 PM,Microsoft-Windows-DistributedCOM,10016,None,"The application-specific permission settings do not grant Local Activation permission for the COM Server application with CLSID 
{2593F8B9-4EAF-457C-B68A-50F6B8EA6B54}
 and APPID 
{15C20B67-12E7-4BB6-92BB-7AFF07997402}
 to the user SHOHID-PC\SHOHID SID (S-1-5-21-2091211461-3178656723-4261672445-1001) from address LocalHost (Using LRPC) running in the application container Unavailable SID (Unavailable). This security permission can be modified using the Component Services administrative tool."
Information,12/20/2021 4:45:55 PM,Microsoft-Windows-Kernel-General,16,None,The access history in hive \??\C:\Users\SHOHID\AppData\Local\Packages\Microsoft.Windows.ShellExperienceHost_cw5n1h2txyewy\Settings\settings.dat was cleared updating 3 keys and creating 1 modified pages.
Warning,12/20/2021 4:45:55 PM,Microsoft-Windows-DistributedCOM,10016,None,"The machine-default permission settings do not grant Local Activation permission for the COM Server application with CLSID 
{C2F03A33-21F5-47FA-B4BB-156362A2F239}
 and APPID 
{316CDED5-E4AE-4B15-9113-7055D84DCC97}
 to the user SHOHID-PC\SHOHID SID (S-1-5-21-2091211461-3178656723-4261672445-1001) from address LocalHost (Using LRPC) running in the application container Microsoft.Windows.ShellExperienceHost_10.0.18362.1171_neutral_neutral_cw5n1h2txyewy SID (S-1-15-2-155514346-2573954481-755741238-1654018636-1233331829-3075935687-2861478708). This security permission can be modified using the Component Services administrative tool."
Information,12/20/2021 4:45:44 PM,Microsoft-Windows-Kernel-General,16,None,The access history in hive \??\C:\Users\SHOHID\AppData\Local\Packages\microsoft.windowscommunicationsapps_8wekyb3d8bbwe\Settings\settings.dat was cleared updating 130 keys and creating 21 modified pages.
Error,12/20/2021 4:45:38 PM,Microsoft-Windows-DistributedCOM,10010,None,The server Microsoft.SkypeApp_15.79.95.0_x86__kzf8qxf38zg5c!App.AppXtwmqn4em5r5dpafgj4t4yyxgjfe0hr50.mca did not register with DCOM within the required timeout.
Information,12/20/2021 4:45:38 PM,Microsoft-Windows-Kernel-General,16,None,The access history in hive \??\C:\Users\SHOHID\AppData\Local\Packages\Microsoft.YourPhone_8wekyb3d8bbwe\Settings\settings.dat was cleared updating 28 keys and creating 11 modified pages.
Information,12/20/2021 4:45:35 PM,Microsoft-Windows-Kernel-General,16,None,The access history in hive \??\C:\Users\SHOHID\AppData\Local\Packages\Microsoft.People_8wekyb3d8bbwe\Settings\settings.dat was cleared updating 2 keys and creating 1 modified pages.
Information,12/20/2021 4:45:26 PM,Microsoft-Windows-Kernel-General,16,None,The access history in hive \??\C:\Users\SHOHID\AppData\Local\Packages\Microsoft.Windows.Cortana_cw5n1h2txyewy\Settings\settings.dat was cleared updating 46 keys and creating 10 modified pages.
Information,12/20/2021 4:45:25 PM,Microsoft-Windows-Kernel-General,16,None,The access history in hive \??\C:\Users\SHOHID\AppData\Local\Packages\Microsoft.Windows.StartMenuExperienceHost_cw5n1h2txyewy\Settings\settings.dat was cleared updating 4 keys and creating 1 modified pages.
Information,12/20/2021 4:45:20 PM,Microsoft-Windows-Kernel-General,16,None,The access history in hive \??\C:\Users\SHOHID\AppData\Local\Microsoft\Windows\UsrClass.dat was cleared updating 34309 keys and creating 3173 modified pages.
Information,12/20/2021 4:45:16 PM,Microsoft-Windows-Kernel-General,16,None,The access history in hive \??\C:\Users\SHOHID\ntuser.dat was cleared updating 49181 keys and creating 8194 modified pages.
Information,12/20/2021 4:45:15 PM,Microsoft-Windows-Winlogon,7001,-1101,User Logon Notification for Customer Experience Improvement Program
Information,12/20/2021 4:45:13 PM,Microsoft-Windows-Power-Troubleshooter,1,None,"The system has returned from a low power state.

Sleep Time: 2021-12-19T18:36:49.914675900Z
Wake Time: 2021-12-20T10:45:11.403000100Z

Wake Source: Unknown"
Information,12/20/2021 4:45:12 PM,Microsoft-Windows-Kernel-General,16,None,The access history in hive \Device\HarddiskVolume5\Boot\BCD was cleared updating 49 keys and creating 7 modified pages.
Error,12/20/2021 4:45:11 PM,iaStorA,4102,None,Error log: Smart event occured on disk :X6GJEAPFS  
