Information,02-10-2022 22:39,Microsoft-Windows-Kernel-General,16,None,The access history in hive \??\C:\Users\SHOHID\AppData\Local\Packages\microsoft.gethelp_8wekyb3d8bbwe\Settings\settings.dat was cleared updating 2 keys and creating 1 modified pages.
Information,02-10-2022 22:39,Microsoft-Windows-Kernel-General,16,None,The access history in hive \??\C:\Users\SHOHID\AppData\Local\Packages\microsoft.edgedevtoolsplugin_cw5n1h2txyewy\Settings\settings.dat was cleared updating 2 keys and creating 1 modified pages.
Information,02-10-2022 22:39,Microsoft-Windows-Kernel-General,16,None,The access history in hive \??\C:\Users\SHOHID\AppData\Local\Packages\microsoft.ecapp_8wekyb3d8bbwe\Settings\settings.dat was cleared updating 2 keys and creating 1 modified pages.
Information,02-10-2022 22:39,Microsoft-Windows-Kernel-General,16,None,The access history in hive \??\C:\Users\SHOHID\AppData\Local\Packages\microsoft.desktopappinstaller_8wekyb3d8bbwe\Settings\settings.dat was cleared updating 2 keys and creating 1 modified pages.
Information,02-10-2022 22:39,Microsoft-Windows-Kernel-General,16,None,The access history in hive \??\C:\Users\SHOHID\AppData\Local\Packages\microsoft.creddialoghost_cw5n1h2txyewy\Settings\settings.dat was cleared updating 2 keys and creating 1 modified pages.
Information,02-10-2022 22:39,Microsoft-Windows-Kernel-General,16,None,The access history in hive \??\C:\Users\SHOHID\AppData\Local\Packages\microsoft.bioenrollment_cw5n1h2txyewy\Settings\settings.dat was cleared updating 2 keys and creating 1 modified pages.
Information,02-10-2022 22:39,Microsoft-Windows-Kernel-General,16,None,The access history in hive \??\C:\Users\SHOHID\AppData\Local\Packages\microsoft.bingweather_8wekyb3d8bbwe\Settings\settings.dat was cleared updating 2 keys and creating 1 modified pages.
Information,02-10-2022 22:39,Microsoft-Windows-Kernel-General,16,None,The access history in hive \??\C:\Users\SHOHID\AppData\Local\Packages\microsoft.bingnews_8wekyb3d8bbwe\Settings\settings.dat was cleared updating 2 keys and creating 1 modified pages.
Information,02-10-2022 22:39,Microsoft-Windows-Kernel-General,16,None,The access history in hive \??\C:\Users\SHOHID\AppData\Local\Packages\microsoft.asynctextservice_8wekyb3d8bbwe\Settings\settings.dat was cleared updating 2 keys and creating 1 modified pages.
Information,02-10-2022 22:39,Microsoft-Windows-Kernel-General,16,None,The access history in hive \??\C:\Users\SHOHID\AppData\Local\Packages\microsoft.accountscontrol_cw5n1h2txyewy\Settings\settings.dat was cleared updating 2 keys and creating 1 modified pages.
Information,02-10-2022 22:39,Microsoft-Windows-Kernel-General,16,None,The access history in hive \??\C:\Users\SHOHID\AppData\Local\Packages\king.com.candycrushsodasaga_kgqvnymyfvs32\Settings\settings.dat was cleared updating 2 keys and creating 1 modified pages.
Information,02-10-2022 22:39,Microsoft-Windows-Kernel-General,16,None,The access history in hive \??\C:\Users\SHOHID\AppData\Local\Packages\king.com.candycrushsaga_kgqvnymyfvs32\Settings\settings.dat was cleared updating 2 keys and creating 1 modified pages.
Information,02-10-2022 22:39,Microsoft-Windows-Kernel-General,16,None,The access history in hive \??\C:\Users\SHOHID\AppData\Local\Packages\f46d4000-fd22-4db4-ac8e-4e1ddde828fe_cw5n1h2txyewy\Settings\settings.dat was cleared updating 2 keys and creating 1 modified pages.
Information,02-10-2022 22:39,Microsoft-Windows-Kernel-General,16,None,The access history in hive \??\C:\Users\SHOHID\AppData\Local\Packages\e2a4f912-2574-4a75-9bb0-0d023378592b_cw5n1h2txyewy\Settings\settings.dat was cleared updating 2 keys and creating 1 modified pages.
Information,02-10-2022 22:39,Microsoft-Windows-Kernel-General,16,None,The access history in hive \??\C:\Users\SHOHID\AppData\Local\Packages\c5e2524a-ea46-4f67-841f-6a9465d9d515_cw5n1h2txyewy\Settings\settings.dat was cleared updating 2 keys and creating 1 modified pages.
Information,02-10-2022 22:39,Microsoft-Windows-Kernel-General,16,None,The access history in hive \??\C:\Users\SHOHID\AppData\Local\Packages\appup.intelgraphicsexperience_8j3eq9eme6ctt\Settings\settings.dat was cleared updating 2 keys and creating 1 modified pages.
Information,02-10-2022 22:39,Microsoft-Windows-Kernel-General,16,None,The access history in hive \??\C:\Users\SHOHID\AppData\Local\Packages\613ebcea.polarrphotoeditoracademicedition_jb41c8remg0x2\Settings\settings.dat was cleared updating 2 keys and creating 1 modified pages.
Information,02-10-2022 22:39,Microsoft-Windows-Kernel-General,16,None,The access history in hive \??\C:\Users\SHOHID\AppData\Local\Packages\27bd39b1-f5a8-48d7-8f8d-7e42667d7ea4_40p48qrhvc7w8\Settings\settings.dat was cleared updating 2 keys and creating 1 modified pages.
Information,02-10-2022 22:39,Microsoft-Windows-Kernel-General,16,None,The access history in hive \??\C:\Users\SHOHID\AppData\Local\Packages\1527c705-839a-4832-9118-54d4bd6a0c89_cw5n1h2txyewy\Settings\settings.dat was cleared updating 2 keys and creating 1 modified pages.
Information,02-10-2022 22:39,Microsoft-Windows-Time-Service,37,None,"The time provider NtpClient is currently receiving valid time data from time.windows.com,0x9 (ntp.m|0x9|0.0.0.0:123->40.81.94.65:123)."
Information,02-10-2022 22:39,Microsoft-Windows-Time-Service,158,None,The time provider 'VMICTimeProvider' has indicated that the current hardware and operating environment is not supported and has stopped. This behavior is expected for VMICTimeProvider on non-HyperV-guest environments. This may be the expected behavior for the current provider in the current operating environment as well.
Error,02-10-2022 22:35,Microsoft-Windows-DistributedCOM,10010,None,The server Microsoft.SkypeApp_15.79.95.0_x86__kzf8qxf38zg5c!App.AppXtwmqn4em5r5dpafgj4t4yyxgjfe0hr50.mca did not register with DCOM within the required timeout.
Warning,02-10-2022 19:47,Microsoft-Windows-DNS-Client,1014,-1014,Name resolution for the name trouter-azsc-asse-0-a.trouter.skype.com timed out after none of the configured DNS servers responded.
Information,02-10-2022 19:09,Microsoft-Windows-WindowsUpdateClient,19,Windows Update Agent,Installation Successful: Windows successfully installed the following update: Security Intelligence Update for Microsoft Defender Antivirus - KB2267602 (Version 1.357.390.0)
Information,02-10-2022 19:09,Service Control Manager,7045,None,"A service was installed in the system.

Service Name:  MpKslbd4cfb46
Service File Name:  C:\ProgramData\Microsoft\Windows Defender\Definition Updates\{D6F04440-5ADF-4CB1-A244-BD7282F6AC22}\MpKslDrv.sys
Service Type:  kernel mode driver
Service Start Type:  demand start
Service Account:  "
Information,02-10-2022 19:09,Microsoft-Windows-WindowsUpdateClient,43,Windows Update Agent,Installation Started: Windows has started installing the following update: Security Intelligence Update for Microsoft Defender Antivirus - KB2267602 (Version 1.357.390.0)
Information,02-10-2022 19:09,Microsoft-Windows-WindowsUpdateClient,44,Windows Update Agent,Windows Update started downloading an update.
Warning,02-10-2022 17:21,Microsoft-Windows-DNS-Client,1014,-1014,Name resolution for the name go.trouter.skype.com timed out after none of the configured DNS servers responded.
Warning,02-10-2022 17:19,Microsoft-Windows-DNS-Client,1014,-1014,Name resolution for the name trouter-azsc-asse-0-a.trouter.skype.com timed out after none of the configured DNS servers responded.
Warning,02-10-2022 17:18,Microsoft-Windows-DNS-Client,1014,-1014,Name resolution for the name ssl.gstatic.com timed out after none of the configured DNS servers responded.
Warning,02-10-2022 17:18,Microsoft-Windows-DNS-Client,1014,-1014,Name resolution for the name trouter-azsc-asse-0-a.trouter.skype.com timed out after none of the configured DNS servers responded.
Error,02-10-2022 17:18,Microsoft-Windows-WLAN-AutoConfig,10000,None,"WLAN Extensibility Module has failed to start.

Module Path: C:\WINDOWS\system32\Rtlihvs.dll
Error Code: 126
"
Warning,02-10-2022 17:17,Microsoft-Windows-WLAN-AutoConfig,4003,None,"WLAN AutoConfig detected limited connectivity, attempting automatic recovery.

Recovery Type: 4
Error Code: 0x0
Trigger Reason: 1
IP Family: 0
"
Warning,02-10-2022 17:17,Microsoft-Windows-DNS-Client,1014,-1014,Name resolution for the name trouter-azsc-asse-0-a.trouter.skype.com timed out after none of the configured DNS servers responded.
Warning,02-10-2022 17:17,Microsoft-Windows-DNS-Client,1014,-1014,Name resolution for the name relay-46f33e83.net.anydesk.com timed out after none of the configured DNS servers responded.
Information,02-10-2022 12:00,EventLog,6013,None,The system uptime is 818710 seconds.
Warning,02-10-2022 11:22,Microsoft-Windows-DistributedCOM,10016,None,"The application-specific permission settings do not grant Local Activation permission for the COM Server application with CLSID 
{2593F8B9-4EAF-457C-B68A-50F6B8EA6B54}
 and APPID 
{15C20B67-12E7-4BB6-92BB-7AFF07997402}
 to the user SHOHID-PC\SHOHID SID (S-1-5-21-2091211461-3178656723-4261672445-1001) from address LocalHost (Using LRPC) running in the application container Microsoft.SkypeApp_15.79.95.0_x86__kzf8qxf38zg5c SID (Unavailable). This security permission can be modified using the Component Services administrative tool."
Information,02-10-2022 11:22,Microsoft-Windows-Kernel-General,16,None,The access history in hive \??\C:\ProgramData\Packages\Microsoft.SkypeApp_kzf8qxf38zg5c\S-1-5-21-2091211461-3178656723-4261672445-1001\SystemAppData\Helium\Cache\7e416693ce618f1c_COM15.dat was cleared updating 1 keys and creating 1 modified pages.
Information,02-10-2022 11:22,Microsoft-Windows-Kernel-General,16,None,The access history in hive \??\C:\ProgramData\Packages\Microsoft.SkypeApp_kzf8qxf38zg5c\S-1-5-21-2091211461-3178656723-4261672445-1001\SystemAppData\Helium\UserClasses.dat was cleared updating 6 keys and creating 2 modified pages.
Information,02-10-2022 11:22,Microsoft-Windows-Kernel-General,16,None,The access history in hive \??\C:\ProgramData\Packages\Microsoft.SkypeApp_kzf8qxf38zg5c\S-1-5-21-2091211461-3178656723-4261672445-1001\SystemAppData\Helium\User.dat was cleared updating 15 keys and creating 4 modified pages.
Warning,02-10-2022 10:24,Microsoft-Windows-DNS-Client,1014,-1014,Name resolution for the name relay-aeff8875.net.anydesk.com timed out after none of the configured DNS servers responded.
Error,02-10-2022 08:22,Microsoft-Windows-DistributedCOM,10010,None,The server Microsoft.SkypeApp_15.79.95.0_x86__kzf8qxf38zg5c!App.AppXtwmqn4em5r5dpafgj4t4yyxgjfe0hr50.mca did not register with DCOM within the required timeout.
Warning,02-10-2022 08:00,Microsoft-Windows-DNS-Client,1014,-1014,Name resolution for the name relay-fcac249d.net.anydesk.com timed out after none of the configured DNS servers responded.
Information,02-10-2022 00:23,Microsoft-Windows-WindowsUpdateClient,19,Windows Update Agent,Installation Successful: Windows successfully installed the following update: 9NBLGGH5R558-Microsoft.Todos
Information,02-10-2022 00:23,Microsoft-Windows-WindowsUpdateClient,43,Windows Update Agent,Installation Started: Windows has started installing the following update: 9NBLGGH5R558-Microsoft.Todos
Information,02-10-2022 00:23,Microsoft-Windows-Kernel-General,16,None,The access history in hive \??\C:\ProgramData\Microsoft\Windows\AppRepository\Packages\Microsoft.Todos_2.63.5391.0_x64__8wekyb3d8bbwe\ActivationStore.dat was cleared updating 0 keys and creating 0 modified pages.
Information,02-10-2022 00:23,Microsoft-Windows-WindowsUpdateClient,44,Windows Update Agent,Windows Update started downloading an update.
Information,02-09-2022 21:26,Microsoft-Windows-Kernel-General,16,None,The access history in hive \??\C:\Users\SHOHID\AppData\Local\Packages\Microsoft.AAD.BrokerPlugin_cw5n1h2txyewy\Settings\settings.dat was cleared updating 10 keys and creating 1 modified pages.
Information,02-09-2022 21:09,Microsoft-Windows-Kernel-General,1,-5,"The system time has changed to 2022-02-09T15:09:41.634423100Z from 2022-02-09T15:09:41.628096200Z.

Change Reason: An application or system component changed the time.
Process: '\Device\HarddiskVolume6\Windows\System32\svchost.exe' (PID 4356)."
Information,02-09-2022 21:09,Microsoft-Windows-Kernel-General,1,-5,"The system time has changed to 2022-02-09T15:09:41.628096200Z from 2022-02-09T15:09:41.624043300Z.

Change Reason: An application or system component changed the time.
Process: '\Device\HarddiskVolume6\Windows\System32\svchost.exe' (PID 4356)."
Information,02-09-2022 21:09,Microsoft-Windows-Time-Service,35,None,"The time service is now synchronizing the system time with the time source time.windows.com,0x9 (ntp.m|0x9|0.0.0.0:123->40.81.94.65:123) with reference id 1096700200. Current local stratum number is 4."
Information,02-09-2022 21:09,Microsoft-Windows-Kernel-General,1,-5,"The system time has changed to 2022-02-09T15:09:41.624043300Z from 2022-02-09T15:09:40.333506300Z.

Change Reason: An application or system component changed the time.
Process: '\Device\HarddiskVolume6\Windows\System32\svchost.exe' (PID 4356)."
Information,02-09-2022 21:09,Microsoft-Windows-Time-Service,37,None,"The time provider NtpClient is currently receiving valid time data from time.windows.com,0x9 (ntp.m|0x9|0.0.0.0:123->40.81.94.65:123)."
Information,02-09-2022 21:09,Microsoft-Windows-Time-Service,158,None,The time provider 'VMICTimeProvider' has indicated that the current hardware and operating environment is not supported and has stopped. This behavior is expected for VMICTimeProvider on non-HyperV-guest environments. This may be the expected behavior for the current provider in the current operating environment as well.
Error,02-09-2022 21:05,Microsoft-Windows-DistributedCOM,10010,None,The server Microsoft.SkypeApp_15.79.95.0_x86__kzf8qxf38zg5c!App.AppXtwmqn4em5r5dpafgj4t4yyxgjfe0hr50.mca did not register with DCOM within the required timeout.
Warning,02-09-2022 21:05,Microsoft-Windows-DistributedCOM,10016,None,"The machine-default permission settings do not grant Local Activation permission for the COM Server application with CLSID 
{C2F03A33-21F5-47FA-B4BB-156362A2F239}
 and APPID 
{316CDED5-E4AE-4B15-9113-7055D84DCC97}
 to the user SHOHID-PC\SHOHID SID (S-1-5-21-2091211461-3178656723-4261672445-1001) from address LocalHost (Using LRPC) running in the application container Microsoft.Windows.ShellExperienceHost_10.0.18362.1171_neutral_neutral_cw5n1h2txyewy SID (S-1-15-2-155514346-2573954481-755741238-1654018636-1233331829-3075935687-2861478708). This security permission can be modified using the Component Services administrative tool."
Information,02-09-2022 19:23,Microsoft-Windows-WindowsUpdateClient,19,Windows Update Agent,Installation Successful: Windows successfully installed the following update: 2022-02 .NET 5.0.14 Security Update for x64 Client (KB5011093)
Information,02-09-2022 19:23,Microsoft-Windows-WindowsUpdateClient,43,Windows Update Agent,Installation Started: Windows has started installing the following update: 2022-02 .NET 5.0.14 Security Update for x64 Client (KB5011093)
Information,02-09-2022 19:23,Microsoft-Windows-WindowsUpdateClient,19,Windows Update Agent,Installation Successful: Windows successfully installed the following update: Security Update for Microsoft Excel 2016 (KB5002137) 32-Bit Edition
Information,02-09-2022 19:22,Microsoft-Windows-WindowsUpdateClient,43,Windows Update Agent,Installation Started: Windows has started installing the following update: Security Update for Microsoft Excel 2016 (KB5002137) 32-Bit Edition
Information,02-09-2022 19:22,Microsoft-Windows-WindowsUpdateClient,19,Windows Update Agent,Installation Successful: Windows successfully installed the following update: Windows Malicious Software Removal Tool x64 - v5.98 (KB890830)
Information,02-09-2022 19:19,Microsoft-Windows-WindowsUpdateClient,43,Windows Update Agent,Installation Started: Windows has started installing the following update: Windows Malicious Software Removal Tool x64 - v5.98 (KB890830)
Information,02-09-2022 19:19,Microsoft-Windows-WindowsUpdateClient,19,Windows Update Agent,Installation Successful: Windows successfully installed the following update: Security Update for Microsoft Office 2016 (KB5002140) 32-Bit Edition
Information,02-09-2022 19:18,Microsoft-Windows-WindowsUpdateClient,43,Windows Update Agent,Installation Started: Windows has started installing the following update: Security Update for Microsoft Office 2016 (KB5002140) 32-Bit Edition
Information,02-09-2022 19:18,Microsoft-Windows-WindowsUpdateClient,19,Windows Update Agent,Installation Successful: Windows successfully installed the following update: 2022-02 .NET 6.0.2 Security Update for x64 Client (KB5011094)
Information,02-09-2022 19:18,Microsoft-Windows-WindowsUpdateClient,43,Windows Update Agent,Installation Started: Windows has started installing the following update: 2022-02 .NET 6.0.2 Security Update for x64 Client (KB5011094)
Information,02-09-2022 19:18,Microsoft-Windows-WindowsUpdateClient,19,Windows Update Agent,Installation Successful: Windows successfully installed the following update: Security Update for Microsoft Office 2016 (KB3118335) 32-Bit Edition
Information,02-09-2022 19:18,Microsoft-Windows-WindowsUpdateClient,43,Windows Update Agent,Installation Started: Windows has started installing the following update: Security Update for Microsoft Office 2016 (KB3118335) 32-Bit Edition
Information,02-09-2022 19:12,Microsoft-Windows-WindowsUpdateClient,44,Windows Update Agent,Windows Update started downloading an update.
Information,02-09-2022 19:12,Microsoft-Windows-WindowsUpdateClient,44,Windows Update Agent,Windows Update started downloading an update.
Information,02-09-2022 19:12,Microsoft-Windows-WindowsUpdateClient,44,Windows Update Agent,Windows Update started downloading an update.
Information,02-09-2022 19:12,Microsoft-Windows-WindowsUpdateClient,44,Windows Update Agent,Windows Update started downloading an update.
Information,02-09-2022 19:12,Microsoft-Windows-WindowsUpdateClient,44,Windows Update Agent,Windows Update started downloading an update.
Information,02-09-2022 19:12,Microsoft-Windows-WindowsUpdateClient,44,Windows Update Agent,Windows Update started downloading an update.
Information,02-09-2022 18:59,Microsoft-Windows-WindowsUpdateClient,19,Windows Update Agent,Installation Successful: Windows successfully installed the following update: Security Intelligence Update for Microsoft Defender Antivirus - KB2267602 (Version 1.357.350.0)
Information,02-09-2022 18:59,Microsoft-Windows-WindowsUpdateClient,43,Windows Update Agent,Installation Started: Windows has started installing the following update: Security Intelligence Update for Microsoft Defender Antivirus - KB2267602 (Version 1.357.350.0)
Information,02-09-2022 18:59,Microsoft-Windows-WindowsUpdateClient,19,Windows Update Agent,Installation Successful: Windows successfully installed the following update: Update for Microsoft Defender Antivirus antimalware platform - KB4052623 (Version 4.18.2201.10)
Information,02-09-2022 18:58,Microsoft-Windows-FilterManager,6,None,"File System Filter 'WdFilter' (10.0, 2040-09-08T21:48:02.000000000Z) has successfully loaded and registered with Filter Manager."
Information,02-09-2022 18:58,Microsoft-Windows-FilterManager,1,None,"File System Filter 'WdFilter' (Version 10.0, 2014-05-23T03:21:03.000000000Z) unloaded successfully."
Information,02-09-2022 18:58,Microsoft-Windows-WindowsUpdateClient,43,Windows Update Agent,Installation Started: Windows has started installing the following update: Update for Microsoft Defender Antivirus antimalware platform - KB4052623 (Version 4.18.2201.10)
Information,02-09-2022 18:58,Microsoft-Windows-WindowsUpdateClient,44,Windows Update Agent,Windows Update started downloading an update.
Information,02-09-2022 18:58,Microsoft-Windows-WindowsUpdateClient,44,Windows Update Agent,Windows Update started downloading an update.
Information,02-09-2022 15:43,Microsoft-Windows-Kernel-General,15,None,Hive \??\Volume{fee45b76-0000-0000-0000-602200000000}\System Volume Information\SPP\SppCbsHiveStore\{cd42efe1-f6f1-427c-b004-033192c625a4}{3B60DB19-6A76-48FC-8551-34D5FFCF168E} was reorganized with a starting size of 295530496 bytes and an ending size of 270176256 bytes.
Information,02-09-2022 15:43,Microsoft-Windows-Kernel-General,15,None,Hive \??\Volume{fee45b76-0000-0000-0000-602200000000}\System Volume Information\SPP\SppCbsHiveStore\{cd42efe1-f6f1-427c-b004-033192c625a4}{B8530958-9BD1-4214-A904-9138EC1118EC} was reorganized with a starting size of 12541952 bytes and an ending size of 12533760 bytes.
Information,02-09-2022 15:43,Microsoft-Windows-Kernel-General,16,None,The access history in hive \??\Volume{fee45b76-0000-0000-0000-602200000000}\System Volume Information\SPP\SppCbsHiveStore\{cd42efe1-f6f1-427c-b004-033192c625a4}{0FC31839-4262-4B79-B9C3-FDC3C4BBC3B1} was cleared updating 253 keys and creating 17 modified pages.
Information,02-09-2022 15:43,Microsoft-Windows-Kernel-General,16,None,The access history in hive \??\Volume{fee45b76-0000-0000-0000-602200000000}\System Volume Information\SPP\SppCbsHiveStore\{cd42efe1-f6f1-427c-b004-033192c625a4}{30476FF5-DF30-4008-B434-48E2B9857821} was cleared updating 93 keys and creating 11 modified pages.
Information,02-09-2022 15:43,Microsoft-Windows-Kernel-General,15,None,Hive \??\Volume{fee45b76-0000-0000-0000-602200000000}\System Volume Information\SPP\SppCbsHiveStore\{cd42efe1-f6f1-427c-b004-033192c625a4}{87E2BA82-0A7E-45B8-AB9E-A7F7A4008423} was reorganized with a starting size of 32833536 bytes and an ending size of 32808960 bytes.
Information,02-09-2022 15:43,Microsoft-Windows-Kernel-General,11,None,"TxR init phase for hive \??\GLOBALROOT\Device\HarddiskVolumeShadowCopy4\WINDOWS\System32\config\DRIVERS (TM: {c6bcd6e1-88f8-11ec-ae62-2aee52190330}, RM: {c6bcd6e0-88f8-11ec-ae62-2aee52190330}) finished with result=0xC00000A2 (Internal code=7)."
Information,02-09-2022 15:43,Microsoft-Windows-Kernel-General,11,None,"TxR init phase for hive \??\GLOBALROOT\Device\HarddiskVolumeShadowCopy4\WINDOWS\System32\config\SYSTEM (TM: {c6bcd6de-88f8-11ec-ae62-2aee52190330}, RM: {c6bcd6dd-88f8-11ec-ae62-2aee52190330}) finished with result=0xC00000A2 (Internal code=7)."
Information,02-09-2022 15:43,Microsoft-Windows-Kernel-General,15,None,Hive \??\GLOBALROOT\Device\HarddiskVolumeShadowCopy4\WINDOWS\System32\config\SYSTEM was reorganized with a starting size of 32833536 bytes and an ending size of 32808960 bytes.
Information,02-09-2022 15:24,Microsoft-Windows-Kernel-General,16,None,The access history in hive \??\C:\ProgramData\Microsoft\Provisioning\Microsoft-Desktop-Provisioning-Sequence.dat was cleared updating 0 keys and creating 0 modified pages.
Warning,02-09-2022 15:09,Microsoft-Windows-DistributedCOM,10016,None,"The machine-default permission settings do not grant Local Activation permission for the COM Server application with CLSID 
{C2F03A33-21F5-47FA-B4BB-156362A2F239}
 and APPID 
{316CDED5-E4AE-4B15-9113-7055D84DCC97}
 to the user SHOHID-PC\SHOHID SID (S-1-5-21-2091211461-3178656723-4261672445-1001) from address LocalHost (Using LRPC) running in the application container Microsoft.Windows.ShellExperienceHost_10.0.18362.1171_neutral_neutral_cw5n1h2txyewy SID (S-1-15-2-155514346-2573954481-755741238-1654018636-1233331829-3075935687-2861478708). This security permission can be modified using the Component Services administrative tool."
Information,02-09-2022 14:34,Microsoft-Windows-WindowsUpdateClient,19,Windows Update Agent,Installation Successful: Windows successfully installed the following update: Update for Microsoft Office 2016 (KB5002138) 32-Bit Edition
Information,02-09-2022 14:34,Microsoft-Windows-WindowsUpdateClient,43,Windows Update Agent,Installation Started: Windows has started installing the following update: Update for Microsoft Office 2016 (KB5002138) 32-Bit Edition
Information,02-09-2022 14:34,Microsoft-Windows-Ntfs,98,None,Volume ?? (\Device\HarddiskVolumeShadowCopy4) is healthy.  No action is needed.
Information,02-09-2022 14:32,Microsoft-Windows-WindowsUpdateClient,19,Windows Update Agent,Installation Successful: Windows successfully installed the following update: 9NBLGGH18846-KING.COM.CANDYCRUSHSAGA
Information,02-09-2022 14:32,Microsoft-Windows-WindowsUpdateClient,43,Windows Update Agent,Installation Started: Windows has started installing the following update: 9NBLGGH18846-KING.COM.CANDYCRUSHSAGA
Information,02-09-2022 14:32,Microsoft-Windows-Kernel-General,16,None,The access history in hive \??\C:\ProgramData\Microsoft\Windows\AppRepository\Packages\king.com.CandyCrushSaga_1.2200.4.0_x86__kgqvnymyfvs32\ActivationStore.dat was cleared updating 0 keys and creating 0 modified pages.
Information,02-09-2022 14:28,Microsoft-Windows-WindowsUpdateClient,44,Windows Update Agent,Windows Update started downloading an update.
Information,02-09-2022 14:28,Microsoft-Windows-WindowsUpdateClient,44,Windows Update Agent,Windows Update started downloading an update.
Information,02-09-2022 14:26,Microsoft-Windows-Kernel-General,16,None,The access history in hive \??\C:\Users\SHOHID\AppData\Local\Packages\Microsoft.MicrosoftOfficeHub_8wekyb3d8bbwe\Settings\settings.dat was cleared updating 4 keys and creating 2 modified pages.
Information,02-09-2022 14:24,Microsoft-Windows-Kernel-General,16,None,The access history in hive \??\C:\Users\SHOHID\AppData\Local\Packages\microsoft.windows.photos_8wekyb3d8bbwe\AC\GEH\POF.dat was cleared updating 1 keys and creating 1 modified pages.
Information,02-09-2022 14:24,Microsoft-Windows-Kernel-General,16,None,The access history in hive \??\C:\Users\SHOHID\AppData\Local\Packages\Microsoft.Todos_8wekyb3d8bbwe\Settings\settings.dat was cleared updating 8 keys and creating 1 modified pages.
Information,02-09-2022 14:24,Microsoft-Windows-Kernel-General,16,None,The access history in hive \??\C:\Users\SHOHID\AppData\Local\Packages\Microsoft.Windows.Photos_8wekyb3d8bbwe\Settings\settings.dat was cleared updating 29 keys and creating 10 modified pages.
Error,02-09-2022 14:24,Microsoft-Windows-DistributedCOM,10010,None,The server Microsoft.SkypeApp_15.79.95.0_x86__kzf8qxf38zg5c!App.AppXtwmqn4em5r5dpafgj4t4yyxgjfe0hr50.mca did not register with DCOM within the required timeout.
Information,02-09-2022 14:22,Microsoft-Windows-Kernel-General,16,None,The access history in hive \??\C:\Users\SHOHID\AppData\Local\Packages\microsoft.windowscommunicationsapps_8wekyb3d8bbwe\Settings\settings.dat was cleared updating 147 keys and creating 20 modified pages.
Information,02-09-2022 14:22,Microsoft-Windows-Kernel-General,16,None,The access history in hive \??\C:\Users\SHOHID\AppData\Local\Packages\Microsoft.YourPhone_8wekyb3d8bbwe\Settings\settings.dat was cleared updating 30 keys and creating 9 modified pages.
Error,02-09-2022 14:22,Microsoft-Windows-DistributedCOM,10010,None,The server Microsoft.SkypeApp_15.79.95.0_x86__kzf8qxf38zg5c!App.AppXtwmqn4em5r5dpafgj4t4yyxgjfe0hr50.mca did not register with DCOM within the required timeout.
Information,02-09-2022 14:22,Microsoft-Windows-Kernel-General,16,None,The access history in hive \??\C:\Users\SHOHID\AppData\Local\Packages\Microsoft.People_8wekyb3d8bbwe\Settings\settings.dat was cleared updating 2 keys and creating 1 modified pages.
Information,02-09-2022 14:22,Microsoft-Windows-Kernel-General,16,None,The access history in hive \??\C:\Users\SHOHID\AppData\Local\Packages\Microsoft.LockApp_cw5n1h2txyewy\Settings\settings.dat was cleared updating 4 keys and creating 1 modified pages.
Information,02-09-2022 14:22,Microsoft-Windows-Kernel-General,16,None,The access history in hive \??\C:\Users\SHOHID\AppData\Local\Packages\Microsoft.Windows.Cortana_cw5n1h2txyewy\Settings\settings.dat was cleared updating 46 keys and creating 10 modified pages.
Information,02-09-2022 14:22,Microsoft-Windows-Kernel-General,16,None,The access history in hive \??\C:\Users\SHOHID\AppData\Local\Packages\Microsoft.Windows.StartMenuExperienceHost_cw5n1h2txyewy\Settings\settings.dat was cleared updating 4 keys and creating 1 modified pages.
Information,02-09-2022 14:22,Microsoft-Windows-Kernel-General,15,None,Hive \??\C:\Users\SHOHID\AppData\Local\Microsoft\Windows\UsrClass.dat was reorganized with a starting size of 15572992 bytes and an ending size of 15527936 bytes.
Information,02-09-2022 14:21,Microsoft-Windows-Kernel-General,15,None,Hive \??\C:\Users\SHOHID\ntuser.dat was reorganized with a starting size of 39239680 bytes and an ending size of 38973440 bytes.
Information,02-09-2022 14:21,Microsoft-Windows-Winlogon,7001,-1101,User Logon Notification for Customer Experience Improvement Program
Information,02-09-2022 14:21,Microsoft-Windows-Power-Troubleshooter,1,None,"The system has returned from a low power state.

Sleep Time: 2022-02-08T18:10:34.535982800Z
Wake Time: 2022-02-09T08:21:18.755637800Z

Wake Source: Unknown"
Information,02-09-2022 14:21,Microsoft-Windows-Kernel-General,16,None,The access history in hive \Device\HarddiskVolume5\Boot\BCD was cleared updating 53 keys and creating 7 modified pages.
Information,02-09-2022 14:21,Microsoft-Windows-Kernel-Boot,32,-58,The bootmgr spent 0 ms waiting for user input.
Information,02-09-2022 14:21,Microsoft-Windows-Kernel-Boot,18,-57,There are 0x1 boot options on this system.
Information,02-09-2022 14:21,Microsoft-Windows-Kernel-Boot,27,-33,The boot type was 0x1.
Information,02-09-2022 14:21,Microsoft-Windows-Kernel-Boot,25,-32,The boot menu policy was 0x1.
Information,02-09-2022 14:21,Microsoft-Windows-Kernel-Boot,30,-21,The firmware reported boot metrics.
Error,02-09-2022 14:21,iaStorA,4102,None,Error log: Smart event occured on disk :X6GJEAPFS  
Information,02-09-2022 14:21,Microsoft-Windows-Kernel-General,1,-5,"The system time has changed to 2022-02-09T08:21:16.500000000Z from 2022-02-08T18:10:39.246783900Z.

Change Reason: System time synchronized with the hardware clock.
Process: '' (PID 4)."
Information,02-09-2022 14:21,EventLog,6013,None,The system uptime is 740787 seconds.
Information,02-09-2022 00:10,Microsoft-Windows-Kernel-Power,107,-102,The system has resumed from sleep.
Information,02-09-2022 00:10,Microsoft-Windows-Kernel-Power,42,-64,"The system is entering sleep.

Sleep Reason: Application API"
Information,02-09-2022 00:10,Microsoft-Windows-Kernel-Power,187,-243,User-mode process attempted to change the system state by calling SetSuspendState or SetSystemPowerState APIs.
Information,02-09-2022 00:10,Microsoft-Windows-Winlogon,7002,-1102,User Logoff Notification for Customer Experience Improvement Program
Warning,02-09-2022 00:00,Microsoft-Windows-DistributedCOM,10016,None,"The machine-default permission settings do not grant Local Activation permission for the COM Server application with CLSID 
{C2F03A33-21F5-47FA-B4BB-156362A2F239}
 and APPID 
{316CDED5-E4AE-4B15-9113-7055D84DCC97}
 to the user SHOHID-PC\SHOHID SID (S-1-5-21-2091211461-3178656723-4261672445-1001) from address LocalHost (Using LRPC) running in the application container Microsoft.Windows.ShellExperienceHost_10.0.18362.1171_neutral_neutral_cw5n1h2txyewy SID (S-1-15-2-155514346-2573954481-755741238-1654018636-1233331829-3075935687-2861478708). This security permission can be modified using the Component Services administrative tool."
Warning,02-08-2022 23:59,Microsoft-Windows-DNS-Client,1014,-1014,Name resolution for the name dns.msftncsi.com timed out after none of the configured DNS servers responded.
Information,02-08-2022 23:51,Microsoft-Windows-WindowsUpdateClient,19,Windows Update Agent,Installation Successful: Windows successfully installed the following update: Security Intelligence Update for Microsoft Defender Antivirus - KB2267602 (Version 1.357.303.0)
Information,02-08-2022 23:51,Microsoft-Windows-WindowsUpdateClient,43,Windows Update Agent,Installation Started: Windows has started installing the following update: Security Intelligence Update for Microsoft Defender Antivirus - KB2267602 (Version 1.357.303.0)
Information,02-08-2022 23:51,Microsoft-Windows-WindowsUpdateClient,44,Windows Update Agent,Windows Update started downloading an update.
Warning,02-08-2022 23:45,Microsoft-Windows-DNS-Client,1014,-1014,Name resolution for the name dns.msftncsi.com timed out after none of the configured DNS servers responded.
Warning,02-08-2022 23:30,Microsoft-Windows-DNS-Client,1014,-1014,Name resolution for the name dns.msftncsi.com timed out after none of the configured DNS servers responded.
Warning,02-08-2022 23:15,Microsoft-Windows-DNS-Client,1014,-1014,Name resolution for the name dns.msftncsi.com timed out after none of the configured DNS servers responded.
Warning,02-08-2022 22:59,Microsoft-Windows-DNS-Client,1014,-1014,Name resolution for the name dns.msftncsi.com timed out after none of the configured DNS servers responded.
Warning,02-08-2022 22:57,Microsoft-Windows-DNS-Client,1014,-1014,Name resolution for the name dns.msftncsi.com timed out after none of the configured DNS servers responded.
Warning,02-08-2022 22:57,Microsoft-Windows-DistributedCOM,10016,None,"The machine-default permission settings do not grant Local Activation permission for the COM Server application with CLSID 
{C2F03A33-21F5-47FA-B4BB-156362A2F239}
 and APPID 
{316CDED5-E4AE-4B15-9113-7055D84DCC97}
 to the user SHOHID-PC\SHOHID SID (S-1-5-21-2091211461-3178656723-4261672445-1001) from address LocalHost (Using LRPC) running in the application container Microsoft.Windows.ShellExperienceHost_10.0.18362.1171_neutral_neutral_cw5n1h2txyewy SID (S-1-15-2-155514346-2573954481-755741238-1654018636-1233331829-3075935687-2861478708). This security permission can be modified using the Component Services administrative tool."
Warning,02-08-2022 22:32,Microsoft-Windows-DistributedCOM,10016,None,"The machine-default permission settings do not grant Local Activation permission for the COM Server application with CLSID 
{C2F03A33-21F5-47FA-B4BB-156362A2F239}
 and APPID 
{316CDED5-E4AE-4B15-9113-7055D84DCC97}
 to the user SHOHID-PC\SHOHID SID (S-1-5-21-2091211461-3178656723-4261672445-1001) from address LocalHost (Using LRPC) running in the application container Microsoft.Windows.ShellExperienceHost_10.0.18362.1171_neutral_neutral_cw5n1h2txyewy SID (S-1-15-2-155514346-2573954481-755741238-1654018636-1233331829-3075935687-2861478708). This security permission can be modified using the Component Services administrative tool."
Warning,02-08-2022 22:31,Microsoft-Windows-DistributedCOM,10016,None,"The machine-default permission settings do not grant Local Activation permission for the COM Server application with CLSID 
{C2F03A33-21F5-47FA-B4BB-156362A2F239}
 and APPID 
{316CDED5-E4AE-4B15-9113-7055D84DCC97}
 to the user SHOHID-PC\SHOHID SID (S-1-5-21-2091211461-3178656723-4261672445-1001) from address LocalHost (Using LRPC) running in the application container Microsoft.Windows.ShellExperienceHost_10.0.18362.1171_neutral_neutral_cw5n1h2txyewy SID (S-1-15-2-155514346-2573954481-755741238-1654018636-1233331829-3075935687-2861478708). This security permission can be modified using the Component Services administrative tool."
Warning,02-08-2022 22:31,Microsoft-Windows-DistributedCOM,10016,None,"The machine-default permission settings do not grant Local Activation permission for the COM Server application with CLSID 
{C2F03A33-21F5-47FA-B4BB-156362A2F239}
 and APPID 
{316CDED5-E4AE-4B15-9113-7055D84DCC97}
 to the user SHOHID-PC\SHOHID SID (S-1-5-21-2091211461-3178656723-4261672445-1001) from address LocalHost (Using LRPC) running in the application container Microsoft.Windows.ShellExperienceHost_10.0.18362.1171_neutral_neutral_cw5n1h2txyewy SID (S-1-15-2-155514346-2573954481-755741238-1654018636-1233331829-3075935687-2861478708). This security permission can be modified using the Component Services administrative tool."
Warning,02-08-2022 22:31,Microsoft-Windows-DistributedCOM,10016,None,"The machine-default permission settings do not grant Local Activation permission for the COM Server application with CLSID 
{C2F03A33-21F5-47FA-B4BB-156362A2F239}
 and APPID 
{316CDED5-E4AE-4B15-9113-7055D84DCC97}
 to the user SHOHID-PC\SHOHID SID (S-1-5-21-2091211461-3178656723-4261672445-1001) from address LocalHost (Using LRPC) running in the application container Microsoft.Windows.ShellExperienceHost_10.0.18362.1171_neutral_neutral_cw5n1h2txyewy SID (S-1-15-2-155514346-2573954481-755741238-1654018636-1233331829-3075935687-2861478708). This security permission can be modified using the Component Services administrative tool."
Warning,02-08-2022 22:31,Microsoft-Windows-DistributedCOM,10016,None,"The machine-default permission settings do not grant Local Activation permission for the COM Server application with CLSID 
{C2F03A33-21F5-47FA-B4BB-156362A2F239}
 and APPID 
{316CDED5-E4AE-4B15-9113-7055D84DCC97}
 to the user SHOHID-PC\SHOHID SID (S-1-5-21-2091211461-3178656723-4261672445-1001) from address LocalHost (Using LRPC) running in the application container Microsoft.Windows.ShellExperienceHost_10.0.18362.1171_neutral_neutral_cw5n1h2txyewy SID (S-1-15-2-155514346-2573954481-755741238-1654018636-1233331829-3075935687-2861478708). This security permission can be modified using the Component Services administrative tool."
Warning,02-08-2022 22:31,Microsoft-Windows-DistributedCOM,10016,None,"The machine-default permission settings do not grant Local Activation permission for the COM Server application with CLSID 
{C2F03A33-21F5-47FA-B4BB-156362A2F239}
 and APPID 
{316CDED5-E4AE-4B15-9113-7055D84DCC97}
 to the user SHOHID-PC\SHOHID SID (S-1-5-21-2091211461-3178656723-4261672445-1001) from address LocalHost (Using LRPC) running in the application container Microsoft.Windows.ShellExperienceHost_10.0.18362.1171_neutral_neutral_cw5n1h2txyewy SID (S-1-15-2-155514346-2573954481-755741238-1654018636-1233331829-3075935687-2861478708). This security permission can be modified using the Component Services administrative tool."
Information,02-08-2022 22:31,Microsoft-Windows-UserPnp,20001,-7005,Driver Management concluded the process to install driver wpdmtp.inf_amd64_eb2603b2e998ae53 for Device Instance ID USB\VID_12D1&PID_107E&MI_00\7&36785908&1&0000 with the following status: 0x0.
Information,02-08-2022 22:31,Microsoft-Windows-UserPnp,20003,-7005,Driver Management has concluded the process to add Service WinUsb for Device Instance ID USB\VID_12D1&PID_107E&MI_00\7&36785908&1&0000 with the following status: 0.
Information,02-08-2022 22:31,Microsoft-Windows-UserPnp,20003,-7005,Driver Management has concluded the process to add Service WUDFWpdMtp for Device Instance ID USB\VID_12D1&PID_107E&MI_00\7&36785908&1&0000 with the following status: 0.
Information,02-08-2022 22:31,Microsoft-Windows-DriverFrameworks-UserMode,10100,Installation or update of device drivers.,The driver package installation has succeeded.
Information,02-08-2022 22:31,Microsoft-Windows-DriverFrameworks-UserMode,10002,Installation or update of device drivers.,The UMDF service WpdMtpDriver (CLSID {aaae762b-a6a2-4c45-b5d8-9a83afb6bb70}) was upgraded.  It requires framework version 2.29.0 or higher.
Information,02-08-2022 22:31,Microsoft-Windows-DriverFrameworks-UserMode,10000,Installation or update of device drivers.,A driver package which uses user-mode driver framework version 2.29.0 is being installed on device USB\VID_12D1&PID_107E&MI_00\7&36785908&1&0000.
Information,02-08-2022 22:31,Microsoft-Windows-WPDClassInstaller,24578,Driver Post-Install Configuration,Autoplay was successfully registered for device USB\VID_12D1&PID_107E&REV_0299&MI_00.
Information,02-08-2022 22:31,Microsoft-Windows-WPDClassInstaller,24577,Driver Post-Install Configuration,"Media player and imaging program compatibility layers were successfully registered for device USB\VID_12D1&PID_107E&REV_0299&MI_00. Layer bits 0x00000003 were requested, layer bits 0x00000003 were registered."
Information,02-08-2022 22:31,Microsoft-Windows-WPDClassInstaller,24576,Driver Installation,Drivers were successfully installed for device USB\VID_12D1&PID_107E&REV_0299&MI_00.
Warning,02-08-2022 22:30,Microsoft-Windows-DistributedCOM,10016,None,"The machine-default permission settings do not grant Local Activation permission for the COM Server application with CLSID 
{C2F03A33-21F5-47FA-B4BB-156362A2F239}
 and APPID 
{316CDED5-E4AE-4B15-9113-7055D84DCC97}
 to the user SHOHID-PC\SHOHID SID (S-1-5-21-2091211461-3178656723-4261672445-1001) from address LocalHost (Using LRPC) running in the application container Microsoft.Windows.ShellExperienceHost_10.0.18362.1171_neutral_neutral_cw5n1h2txyewy SID (S-1-15-2-155514346-2573954481-755741238-1654018636-1233331829-3075935687-2861478708). This security permission can be modified using the Component Services administrative tool."
Warning,02-08-2022 22:29,Microsoft-Windows-DNS-Client,1014,-1014,Name resolution for the name dns.msftncsi.com timed out after none of the configured DNS servers responded.
Warning,02-08-2022 22:16,Microsoft-Windows-DNS-Client,1014,-1014,Name resolution for the name dns.msftncsi.com timed out after none of the configured DNS servers responded.
Warning,02-08-2022 22:04,Microsoft-Windows-DNS-Client,1014,-1014,Name resolution for the name dns.msftncsi.com timed out after none of the configured DNS servers responded.
Warning,02-08-2022 22:04,Microsoft-Windows-DistributedCOM,10016,None,"The machine-default permission settings do not grant Local Activation permission for the COM Server application with CLSID 
{C2F03A33-21F5-47FA-B4BB-156362A2F239}
 and APPID 
{316CDED5-E4AE-4B15-9113-7055D84DCC97}
 to the user SHOHID-PC\SHOHID SID (S-1-5-21-2091211461-3178656723-4261672445-1001) from address LocalHost (Using LRPC) running in the application container Microsoft.Windows.ShellExperienceHost_10.0.18362.1171_neutral_neutral_cw5n1h2txyewy SID (S-1-15-2-155514346-2573954481-755741238-1654018636-1233331829-3075935687-2861478708). This security permission can be modified using the Component Services administrative tool."
Warning,02-08-2022 22:03,Microsoft-Windows-DNS-Client,1014,-1014,Name resolution for the name relay-4ce897c0.net.anydesk.com timed out after none of the configured DNS servers responded.
Warning,02-08-2022 22:02,Microsoft-Windows-DistributedCOM,10016,None,"The machine-default permission settings do not grant Local Activation permission for the COM Server application with CLSID 
{C2F03A33-21F5-47FA-B4BB-156362A2F239}
 and APPID 
{316CDED5-E4AE-4B15-9113-7055D84DCC97}
 to the user SHOHID-PC\SHOHID SID (S-1-5-21-2091211461-3178656723-4261672445-1001) from address LocalHost (Using LRPC) running in the application container Microsoft.Windows.ShellExperienceHost_10.0.18362.1171_neutral_neutral_cw5n1h2txyewy SID (S-1-15-2-155514346-2573954481-755741238-1654018636-1233331829-3075935687-2861478708). This security permission can be modified using the Component Services administrative tool."
Warning,02-08-2022 22:02,Microsoft-Windows-DNS-Client,1014,-1014,Name resolution for the name client.wns.windows.com timed out after none of the configured DNS servers responded.
Warning,02-08-2022 22:02,Microsoft-Windows-DistributedCOM,10016,None,"The machine-default permission settings do not grant Local Activation permission for the COM Server application with CLSID 
{C2F03A33-21F5-47FA-B4BB-156362A2F239}
 and APPID 
{316CDED5-E4AE-4B15-9113-7055D84DCC97}
 to the user SHOHID-PC\SHOHID SID (S-1-5-21-2091211461-3178656723-4261672445-1001) from address LocalHost (Using LRPC) running in the application container Microsoft.Windows.ShellExperienceHost_10.0.18362.1171_neutral_neutral_cw5n1h2txyewy SID (S-1-15-2-155514346-2573954481-755741238-1654018636-1233331829-3075935687-2861478708). This security permission can be modified using the Component Services administrative tool."
Warning,02-08-2022 22:01,Microsoft-Windows-DistributedCOM,10016,None,"The machine-default permission settings do not grant Local Activation permission for the COM Server application with CLSID 
{C2F03A33-21F5-47FA-B4BB-156362A2F239}
 and APPID 
{316CDED5-E4AE-4B15-9113-7055D84DCC97}
 to the user SHOHID-PC\SHOHID SID (S-1-5-21-2091211461-3178656723-4261672445-1001) from address LocalHost (Using LRPC) running in the application container Microsoft.Windows.ShellExperienceHost_10.0.18362.1171_neutral_neutral_cw5n1h2txyewy SID (S-1-15-2-155514346-2573954481-755741238-1654018636-1233331829-3075935687-2861478708). This security permission can be modified using the Component Services administrative tool."
Warning,02-08-2022 21:59,Microsoft-Windows-DNS-Client,1014,-1014,Name resolution for the name dns.msftncsi.com timed out after none of the configured DNS servers responded.
Warning,02-08-2022 21:58,Microsoft-Windows-DNS-Client,1014,-1014,Name resolution for the name dns.msftncsi.com timed out after none of the configured DNS servers responded.
Warning,02-08-2022 21:58,Microsoft-Windows-DistributedCOM,10016,None,"The machine-default permission settings do not grant Local Activation permission for the COM Server application with CLSID 
{C2F03A33-21F5-47FA-B4BB-156362A2F239}
 and APPID 
{316CDED5-E4AE-4B15-9113-7055D84DCC97}
 to the user SHOHID-PC\SHOHID SID (S-1-5-21-2091211461-3178656723-4261672445-1001) from address LocalHost (Using LRPC) running in the application container Microsoft.Windows.ShellExperienceHost_10.0.18362.1171_neutral_neutral_cw5n1h2txyewy SID (S-1-15-2-155514346-2573954481-755741238-1654018636-1233331829-3075935687-2861478708). This security permission can be modified using the Component Services administrative tool."
Error,02-08-2022 20:21,Microsoft-Windows-DistributedCOM,10010,None,The server Microsoft.SkypeApp_15.79.95.0_x86__kzf8qxf38zg5c!App.AppXtwmqn4em5r5dpafgj4t4yyxgjfe0hr50.mca did not register with DCOM within the required timeout.
Information,02-08-2022 18:35,Microsoft-Windows-Kernel-General,1,-5,"The system time has changed to 2022-02-08T12:35:54.979251000Z from 2022-02-08T12:35:54.979083300Z.

Change Reason: An application or system component changed the time.
Process: '\Device\HarddiskVolume6\Windows\System32\svchost.exe' (PID 13304)."
Information,02-08-2022 18:35,Microsoft-Windows-Kernel-General,1,-5,"The system time has changed to 2022-02-08T12:35:54.973844000Z from 2022-02-08T12:35:54.973144800Z.

Change Reason: An application or system component changed the time.
Process: '\Device\HarddiskVolume6\Windows\System32\svchost.exe' (PID 13304)."
Information,02-08-2022 18:35,Microsoft-Windows-Time-Service,35,None,"The time service is now synchronizing the system time with the time source time.windows.com,0x9 (ntp.m|0x9|0.0.0.0:123->40.81.94.65:123) with reference id 1096700200. Current local stratum number is 4."
Information,02-08-2022 18:35,Microsoft-Windows-Kernel-General,1,-5,"The system time has changed to 2022-02-08T12:35:54.970947100Z from 2022-02-08T12:35:53.757752200Z.

Change Reason: An application or system component changed the time.
Process: '\Device\HarddiskVolume6\Windows\System32\svchost.exe' (PID 13304)."
Information,02-08-2022 18:35,Microsoft-Windows-Time-Service,37,None,"The time provider NtpClient is currently receiving valid time data from time.windows.com,0x9 (ntp.m|0x9|0.0.0.0:123->40.81.94.65:123)."
Information,02-08-2022 18:35,Microsoft-Windows-Time-Service,158,None,The time provider 'VMICTimeProvider' has indicated that the current hardware and operating environment is not supported and has stopped. This behavior is expected for VMICTimeProvider on non-HyperV-guest environments. This may be the expected behavior for the current provider in the current operating environment as well.
Warning,02-08-2022 17:45,Microsoft-Windows-DistributedCOM,10016,None,"The machine-default permission settings do not grant Local Activation permission for the COM Server application with CLSID 
{C2F03A33-21F5-47FA-B4BB-156362A2F239}
 and APPID 
{316CDED5-E4AE-4B15-9113-7055D84DCC97}
 to the user SHOHID-PC\SHOHID SID (S-1-5-21-2091211461-3178656723-4261672445-1001) from address LocalHost (Using LRPC) running in the application container Microsoft.Windows.ShellExperienceHost_10.0.18362.1171_neutral_neutral_cw5n1h2txyewy SID (S-1-15-2-155514346-2573954481-755741238-1654018636-1233331829-3075935687-2861478708). This security permission can be modified using the Component Services administrative tool."
Information,02-08-2022 16:24,Microsoft-Windows-Kernel-General,16,None,The access history in hive \??\C:\ProgramData\Microsoft\Provisioning\Microsoft-Desktop-Provisioning-Sequence.dat was cleared updating 0 keys and creating 0 modified pages.
Warning,02-08-2022 14:06,Microsoft-Windows-DistributedCOM,10016,None,"The machine-default permission settings do not grant Local Activation permission for the COM Server application with CLSID 
{C2F03A33-21F5-47FA-B4BB-156362A2F239}
 and APPID 
{316CDED5-E4AE-4B15-9113-7055D84DCC97}
 to the user SHOHID-PC\SHOHID SID (S-1-5-21-2091211461-3178656723-4261672445-1001) from address LocalHost (Using LRPC) running in the application container Microsoft.Windows.ShellExperienceHost_10.0.18362.1171_neutral_neutral_cw5n1h2txyewy SID (S-1-15-2-155514346-2573954481-755741238-1654018636-1233331829-3075935687-2861478708). This security permission can be modified using the Component Services administrative tool."
Warning,02-08-2022 14:06,Microsoft-Windows-DistributedCOM,10016,None,"The machine-default permission settings do not grant Local Activation permission for the COM Server application with CLSID 
{C2F03A33-21F5-47FA-B4BB-156362A2F239}
 and APPID 
{316CDED5-E4AE-4B15-9113-7055D84DCC97}
 to the user SHOHID-PC\SHOHID SID (S-1-5-21-2091211461-3178656723-4261672445-1001) from address LocalHost (Using LRPC) running in the application container Microsoft.Windows.ShellExperienceHost_10.0.18362.1171_neutral_neutral_cw5n1h2txyewy SID (S-1-15-2-155514346-2573954481-755741238-1654018636-1233331829-3075935687-2861478708). This security permission can be modified using the Component Services administrative tool."
