Warning,11/30/2021 10:59:56 PM,Microsoft-Windows-DistributedCOM,10016,None,"The machine-default permission settings do not grant Local Activation permission for the COM Server application with CLSID 
{C2F03A33-21F5-47FA-B4BB-156362A2F239}
 and APPID 
{316CDED5-E4AE-4B15-9113-7055D84DCC97}
 to the user SHOHID-PC\SHOHID SID (S-1-5-21-2091211461-3178656723-4261672445-1001) from address LocalHost (Using LRPC) running in the application container Microsoft.Windows.ShellExperienceHost_10.0.18362.1171_neutral_neutral_cw5n1h2txyewy SID (S-1-15-2-155514346-2573954481-755741238-1654018636-1233331829-3075935687-2861478708). This security permission can be modified using the Component Services administrative tool."
Warning,11/30/2021 9:26:43 PM,Microsoft-Windows-DistributedCOM,10016,None,"The machine-default permission settings do not grant Local Activation permission for the COM Server application with CLSID 
{C2F03A33-21F5-47FA-B4BB-156362A2F239}
 and APPID 
{316CDED5-E4AE-4B15-9113-7055D84DCC97}
 to the user SHOHID-PC\SHOHID SID (S-1-5-21-2091211461-3178656723-4261672445-1001) from address LocalHost (Using LRPC) running in the application container Microsoft.Windows.ShellExperienceHost_10.0.18362.1171_neutral_neutral_cw5n1h2txyewy SID (S-1-15-2-155514346-2573954481-755741238-1654018636-1233331829-3075935687-2861478708). This security permission can be modified using the Component Services administrative tool."
Error,11/30/2021 8:34:45 PM,Microsoft-Windows-DistributedCOM,10010,None,The server Microsoft.SkypeApp_15.78.159.0_x86__kzf8qxf38zg5c!App.AppXtwmqn4em5r5dpafgj4t4yyxgjfe0hr50.mca did not register with DCOM within the required timeout.
Warning,11/30/2021 7:04:50 PM,disk,52,None,The driver has detected that device \Device\Harddisk0\DR0 has predicted that it will fail. Immediately back up your data and replace your hard disk drive. A failure may be imminent.
Information,11/30/2021 6:37:12 PM,Microsoft-Windows-FilterManager,6,None,"File System Filter 'bindflt' (10.0, 2067-08-24T02:59:11.000000000Z) has successfully loaded and registered with Filter Manager."
Information,11/30/2021 6:35:03 PM,Service Control Manager,7045,None,"A service was installed in the system.

Service Name:  MpKslf5f90880
Service File Name:  C:\ProgramData\Microsoft\Windows Defender\Definition Updates\{6C8F4C86-28E9-49CF-97C7-FB9CC753820A}\MpKslDrv.sys
Service Type:  kernel mode driver
Service Start Type:  demand start
Service Account:  "
Information,11/30/2021 6:34:35 PM,Microsoft-Windows-Kernel-General,16,None,The access history in hive \??\C:\ProgramData\Microsoft\Provisioning\Microsoft-Desktop-Provisioning-Sequence.dat was cleared updating 0 keys and creating 0 modified pages.
Error,11/30/2021 6:09:35 PM,Microsoft-Windows-DistributedCOM,10010,None,The server Microsoft.SkypeApp_15.78.159.0_x86__kzf8qxf38zg5c!App.AppXtwmqn4em5r5dpafgj4t4yyxgjfe0hr50.mca did not register with DCOM within the required timeout.
Information,11/30/2021 6:09:26 PM,Microsoft-Windows-WindowsUpdateClient,19,Windows Update Agent,Installation Successful: Windows successfully installed the following update: Security Intelligence Update for Microsoft Defender Antivirus - KB2267602 (Version 1.353.1825.0)
Information,11/30/2021 6:09:09 PM,Microsoft-Windows-WindowsUpdateClient,43,Windows Update Agent,Installation Started: Windows has started installing the following update: Security Intelligence Update for Microsoft Defender Antivirus - KB2267602 (Version 1.353.1825.0)
Information,11/30/2021 6:09:02 PM,Microsoft-Windows-WindowsUpdateClient,44,Windows Update Agent,Windows Update started downloading an update.
Error,11/30/2021 6:07:29 PM,Microsoft-Windows-DistributedCOM,10010,None,The server Microsoft.SkypeApp_15.78.159.0_x86__kzf8qxf38zg5c!App.AppXtwmqn4em5r5dpafgj4t4yyxgjfe0hr50.mca did not register with DCOM within the required timeout.
Warning,11/30/2021 6:07:24 PM,Microsoft-Windows-DistributedCOM,10016,None,"The application-specific permission settings do not grant Local Activation permission for the COM Server application with CLSID 
{2593F8B9-4EAF-457C-B68A-50F6B8EA6B54}
 and APPID 
{15C20B67-12E7-4BB6-92BB-7AFF07997402}
 to the user SHOHID-PC\SHOHID SID (S-1-5-21-2091211461-3178656723-4261672445-1001) from address LocalHost (Using LRPC) running in the application container Unavailable SID (Unavailable). This security permission can be modified using the Component Services administrative tool."
Information,11/30/2021 6:07:16 PM,Microsoft-Windows-Kernel-General,16,None,The access history in hive \??\C:\Users\SHOHID\AppData\Local\Packages\Microsoft.AAD.BrokerPlugin_cw5n1h2txyewy\Settings\settings.dat was cleared updating 10 keys and creating 1 modified pages.
Information,11/30/2021 6:07:07 PM,Microsoft-Windows-Winlogon,7001,-1101,User Logon Notification for Customer Experience Improvement Program
Warning,11/30/2021 6:07:04 PM,Microsoft-Windows-DistributedCOM,10016,None,"The application-specific permission settings do not grant Local Launch permission for the COM Server application with CLSID 
Windows.SecurityCenter.WscDataProtection
 and APPID 
Unavailable
 to the user NT AUTHORITY\SYSTEM SID (S-1-5-18) from address LocalHost (Using LRPC) running in the application container Unavailable SID (Unavailable). This security permission can be modified using the Component Services administrative tool."
Information,11/30/2021 6:07:02 PM,Microsoft-Windows-Kernel-General,16,None,The access history in hive \??\C:\Users\MSSQLFDLauncher\AppData\Local\Microsoft\Windows\UsrClass.dat was cleared updating 5 keys and creating 1 modified pages.
Information,11/30/2021 6:07:01 PM,Microsoft-Windows-Kernel-General,16,None,The access history in hive \??\C:\Users\MSSQLFDLauncher\ntuser.dat was cleared updating 89 keys and creating 20 modified pages.
Information,11/30/2021 6:06:59 PM,Microsoft-Windows-Kernel-General,16,None,The access history in hive \??\C:\Users\MSSQLFDLauncher$MSSQLSERVER14\AppData\Local\Microsoft\Windows\UsrClass.dat was cleared updating 5 keys and creating 1 modified pages.
Information,11/30/2021 6:06:59 PM,Microsoft-Windows-Kernel-General,16,None,The access history in hive \??\C:\Users\MSSQLSERVER\AppData\Local\Microsoft\Windows\UsrClass.dat was cleared updating 8 keys and creating 1 modified pages.
Information,11/30/2021 6:06:58 PM,Microsoft-Windows-Kernel-General,16,None,The access history in hive \??\C:\Users\MSSQLFDLauncher$MSSQLSERVER14\ntuser.dat was cleared updating 89 keys and creating 21 modified pages.
Information,11/30/2021 6:06:58 PM,Microsoft-Windows-Kernel-General,16,None,The access history in hive \??\C:\Users\MSSQLSERVER\ntuser.dat was cleared updating 114 keys and creating 22 modified pages.
Information,11/30/2021 6:06:56 PM,Microsoft-Windows-Kernel-General,16,None,The access history in hive \??\C:\Users\MSSQL$MSSQLSERVER14\AppData\Local\Microsoft\Windows\UsrClass.dat was cleared updating 8 keys and creating 1 modified pages.
Information,11/30/2021 6:06:55 PM,Microsoft-Windows-Kernel-General,16,None,The access history in hive \??\C:\Users\MSSQL$MSSQLSERVER14\ntuser.dat was cleared updating 118 keys and creating 25 modified pages.
Information,11/30/2021 6:06:54 PM,Microsoft-Windows-Kernel-General,16,None,The access history in hive \??\C:\WINDOWS\ServiceProfiles\NetworkService\AppData\Local\Microsoft\Windows\DeliveryOptimization\State\dosvcState.dat was cleared updating 8 keys and creating 2 modified pages.
Error,11/30/2021 6:04:57 PM,Service Control Manager,7034,None,The ArcGIS License Manager service terminated unexpectedly.  It has done this 1 time(s).
Information,11/30/2021 6:04:54 PM,Microsoft-Windows-Kernel-General,16,None,The access history in hive \??\C:\WINDOWS\AppCompat\Programs\Amcache.hve was cleared updating 6604 keys and creating 2653 modified pages.
Information,11/30/2021 6:04:52 PM,Service Control Manager,7026,None,"The following boot-start or system-start driver(s) did not load: 
dam"
Information,11/30/2021 6:04:52 PM,Microsoft-Windows-WMPNSS-Service,14204,None,Service 'WMPNetworkSvc' started.
Information,11/30/2021 6:04:49 PM,Microsoft-Windows-Kernel-General,16,None,The access history in hive \??\C:\WINDOWS\ServiceProfiles\MSSQL$MSSQLSERVER01\AppData\Local\Microsoft\Windows\UsrClass.dat was cleared updating 7 keys and creating 1 modified pages.
Information,11/30/2021 6:04:49 PM,Microsoft-Windows-Kernel-General,16,None,The access history in hive \??\C:\WINDOWS\ServiceProfiles\SQLTELEMETRY$MSSQLSERVER01\AppData\Local\Microsoft\Windows\UsrClass.dat was cleared updating 7 keys and creating 1 modified pages.
Information,11/30/2021 6:04:48 PM,Microsoft-Windows-Kernel-General,16,None,The access history in hive \??\C:\WINDOWS\ServiceProfiles\MSSQL$MSSQLSERVER01\ntuser.dat was cleared updating 79 keys and creating 18 modified pages.
Information,11/30/2021 6:04:48 PM,Microsoft-Windows-Kernel-General,16,None,The access history in hive \??\C:\WINDOWS\ServiceProfiles\SQLTELEMETRY$MSSQLSERVER01\ntuser.dat was cleared updating 53 keys and creating 16 modified pages.
Information,11/30/2021 6:04:48 PM,IntelHaxm,4,None,HAXM is loaded successfully
Information,11/30/2021 6:04:48 PM,vmx86,34,None,"The description for Event ID 34 from source vmx86 cannot be found. Either the component that raises this event is not installed on your local computer or the installation is corrupted. You can install or repair the component on the local computer.

If the event originated on another computer, the display information had to be saved with the event.

The following information was included with the event: 

VMX86.SYS: begin DriverEntry
"
Error,11/30/2021 6:04:47 PM,Microsoft-Windows-WLAN-AutoConfig,10000,None,"WLAN Extensibility Module has failed to start.

Module Path: C:\WINDOWS\system32\Rtlihvs.dll
Error Code: 126
"
Information,11/30/2021 6:04:47 PM,Microsoft-Windows-WLAN-AutoConfig,4000,None,"WLAN AutoConfig service has successfully started.
"
Information,11/30/2021 6:04:46 PM,VMnetuserif,1,None,() Starting up the User Interface Driver for VMware Virtual Networks.
Information,11/30/2021 6:04:46 PM,VMnetBridge,10,None,() Starting up the Bridge Driver for VMware Virtual Networks.
Information,11/30/2021 6:04:45 PM,Microsoft-Windows-DHCPv6-Client,51046,Service State Event,DHCPv6 client service is started
Information,11/30/2021 6:04:45 PM,Microsoft-Windows-Dhcp-Client,50103,Service State Event,DHCPv4 client registered for shutdown notification
Information,11/30/2021 6:04:45 PM,Microsoft-Windows-Dhcp-Client,50036,Service State Event,DHCPv4 client service is started
Information,11/30/2021 6:04:45 PM,Microsoft-Windows-Kernel-General,16,None,The access history in hive \SystemRoot\System32\Config\bbimigrate\BBI was cleared updating 1 keys and creating 1 modified pages.
Information,11/30/2021 6:04:45 PM,Microsoft-Windows-FilterManager,6,None,"File System Filter 'storqosflt' (10.0, 2084-07-24T11:29:44.000000000Z) has successfully loaded and registered with Filter Manager."
Information,11/30/2021 6:04:45 PM,Microsoft-Windows-FilterManager,6,None,"File System Filter 'CldFlt' (10.0, 2052-03-25T04:36:04.000000000Z) has successfully loaded and registered with Filter Manager."
Information,11/30/2021 6:04:45 PM,Microsoft-Windows-FilterManager,1,None,"File System Filter 'CldFlt' (Version 10.0, 2052-03-25T04:36:04.000000000Z) unloaded successfully."
Information,11/30/2021 6:04:45 PM,Microsoft-Windows-FilterManager,6,None,"File System Filter 'CldFlt' (10.0, 2052-03-25T04:36:04.000000000Z) has successfully loaded and registered with Filter Manager."
Information,11/30/2021 6:04:45 PM,Microsoft-Windows-FilterManager,6,None,"File System Filter 'luafv' (10.0, 1987-05-06T02:17:50.000000000Z) has successfully loaded and registered with Filter Manager."
Information,11/30/2021 6:04:45 PM,Microsoft-Windows-Kernel-General,16,None,The access history in hive \SystemRoot\System32\Config\BBI was cleared updating 396 keys and creating 92 modified pages.
Information,11/30/2021 6:04:45 PM,Microsoft-Windows-FilterManager,6,None,"File System Filter 'wcifs' (10.0, 2011-08-26T04:27:29.000000000Z) has successfully loaded and registered with Filter Manager."
Information,11/30/2021 6:04:45 PM,Microsoft-Windows-Kernel-General,16,None,The access history in hive \??\C:\WINDOWS\ServiceProfiles\LocalService\NTUSER.DAT was cleared updating 75 keys and creating 20 modified pages.
Information,11/30/2021 6:04:44 PM,Microsoft-Windows-Kernel-General,16,None,The access history in hive \??\C:\WINDOWS\ServiceProfiles\NetworkService\NTUSER.DAT was cleared updating 124 keys and creating 21 modified pages.
Information,11/30/2021 6:04:44 PM,Microsoft-Windows-Directory-Services-SAM,16977,None,"The domain is configured with the following minimum password length-related settings.

MinimumPasswordLength: 0

MinimumPasswordLengthAudit: -1

For more information see https://go.microsoft.com/fwlink/?LinkId=2097191.
"
Information,11/30/2021 6:04:44 PM,Microsoft-Windows-Directory-Services-SAM,16962,None,"Remote calls to the SAM database are being restricted using the default security descriptor: O:SYG:SYD:(A;;RC;;;BA).
For more information please see http://go.microsoft.com/fwlink/?LinkId=787651."
Information,11/30/2021 6:04:44 PM,Microsoft-Windows-Wininit,14,None,"Credential Guard configuration: 0x0, 0"
Information,11/30/2021 6:04:39 PM,Microsoft-Windows-Kernel-General,15,None,Hive \SystemRoot\System32\Config\SOFTWARE was reorganized with a starting size of 270938112 bytes and an ending size of 246263808 bytes.
Information,11/30/2021 6:04:31 PM,Microsoft-Windows-Kernel-General,15,None,Hive \SystemRoot\System32\Config\DEFAULT was reorganized with a starting size of 12390400 bytes and an ending size of 12386304 bytes.
Information,11/30/2021 6:04:31 PM,Microsoft-Windows-Kernel-General,16,None,The access history in hive \SystemRoot\System32\Config\SECURITY was cleared updating 251 keys and creating 16 modified pages.
Information,11/30/2021 6:04:31 PM,Microsoft-Windows-Kernel-General,16,None,The access history in hive \SystemRoot\System32\Config\SAM was cleared updating 93 keys and creating 10 modified pages.
Error,11/30/2021 6:04:31 PM,Ntfs,137,-2,The default transaction resource manager on volume G: encountered a non-retryable error and could not start.  The data contains the error code.
Warning,11/30/2021 6:04:49 PM,Server,2511,None,"The server service was unable to recreate the share SHARMIN because the directory E:\Users\SHARMIN no longer exists.  Please run ""net share SHARMIN /delete"" to delete the share, or recreate the directory E:\Users\SHARMIN."
Information,11/30/2021 6:04:49 PM,Microsoft-Windows-WAS,5211,None,The Windows Process Activation Service (WAS) started with 'Classic' mode using 'ConfigurationSystem'
Error,11/30/2021 6:04:31 PM,disk,7,None,"The device, \Device\Harddisk0\DR0, has a bad block."
Error,11/30/2021 6:04:31 PM,disk,7,None,"The device, \Device\Harddisk0\DR0, has a bad block."
Information,11/30/2021 6:04:31 PM,Microsoft-Windows-Ntfs,98,None,Volume G: (\Device\HarddiskVolume2) is healthy.  No action is needed.
Information,11/30/2021 6:04:29 PM,Microsoft-Windows-Ntfs,98,None,Volume D: (\Device\HarddiskVolume1) is healthy.  No action is needed.
Information,11/30/2021 6:04:29 PM,Microsoft-Windows-Ntfs,98,None,Volume F: (\Device\HarddiskVolume4) is healthy.  No action is needed.
Information,11/30/2021 6:04:28 PM,Microsoft-Windows-Ntfs,98,None,Volume E: (\Device\HarddiskVolume3) is healthy.  No action is needed.
Information,11/30/2021 6:04:27 PM,MEIx64,2,None,Intel(R) Trusted Execution Engine Interface driver has started successfully.
Information,11/30/2021 6:04:27 PM,Microsoft-Windows-Kernel-Processor-Power,55,-47,"Processor 3 in group 0 exposes the following power management capabilities:

Idle state type: ACPI Idle (C) States (3 state(s))

Performance state type: ACPI Performance (P) / Throttle (T) States
Nominal Frequency (MHz): 3700
Maximum performance percentage: 100
Minimum performance percentage: 21
Minimum throttle percentage: 21"
Information,11/30/2021 6:04:27 PM,Microsoft-Windows-Kernel-Processor-Power,55,-47,"Processor 1 in group 0 exposes the following power management capabilities:

Idle state type: ACPI Idle (C) States (3 state(s))

Performance state type: ACPI Performance (P) / Throttle (T) States
Nominal Frequency (MHz): 3700
Maximum performance percentage: 100
Minimum performance percentage: 21
Minimum throttle percentage: 21"
Information,11/30/2021 6:04:27 PM,Microsoft-Windows-Kernel-Processor-Power,55,-47,"Processor 2 in group 0 exposes the following power management capabilities:

Idle state type: ACPI Idle (C) States (3 state(s))

Performance state type: ACPI Performance (P) / Throttle (T) States
Nominal Frequency (MHz): 3700
Maximum performance percentage: 100
Minimum performance percentage: 21
Minimum throttle percentage: 21"
Information,11/30/2021 6:04:27 PM,Microsoft-Windows-Kernel-Processor-Power,55,-47,"Processor 0 in group 0 exposes the following power management capabilities:

Idle state type: ACPI Idle (C) States (3 state(s))

Performance state type: ACPI Performance (P) / Throttle (T) States
Nominal Frequency (MHz): 3700
Maximum performance percentage: 100
Minimum performance percentage: 21
Minimum throttle percentage: 21"
Information,11/30/2021 6:04:26 PM,VMnetAdapter,36,None,() Starting up the Adapter Driver for VMware Virtual Networks.
Information,11/30/2021 6:04:26 PM,Microsoft-Windows-Kernel-Power,172,-203,"Connectivity state in standby: Disconnected, Reason: NIC compliance"
Critical,11/30/2021 6:04:26 PM,Microsoft-Windows-Kernel-Power,41,-63,"The system has rebooted without cleanly shutting down first. This error could be caused if the system stopped responding, crashed, or lost power unexpectedly."
Information,11/30/2021 6:04:26 PM,Microsoft-Windows-Ntfs,98,None,Volume \\?\Volume{fee45b76-0000-0000-0000-100000000000} (\Device\HarddiskVolume5) is healthy.  No action is needed.
Information,11/30/2021 6:04:26 PM,Microsoft-Windows-FilterManager,6,None,"File System Filter 'npsvctrig' (10.0, 1977-09-12T21:19:34.000000000Z) has successfully loaded and registered with Filter Manager."
Information,11/30/2021 6:04:26 PM,Microsoft-Windows-FilterManager,6,None,"File System Filter 'FileCrypt' (10.0, 2011-10-30T21:56:49.000000000Z) has successfully loaded and registered with Filter Manager."
Information,11/30/2021 6:04:26 PM,Microsoft-Windows-Ntfs,98,None,Volume C: (\Device\HarddiskVolume6) is healthy.  No action is needed.
Error,11/30/2021 6:04:25 PM,iaStorA,4102,None,Error log: Smart event occured on disk :X6GJEAPFS  
Information,11/30/2021 6:04:45 PM,EventLog,6013,None,The system uptime is 22 seconds.
Information,11/30/2021 6:04:45 PM,EventLog,6005,None,The Event log service was started.
Information,11/30/2021 6:04:45 PM,EventLog,6009,None,Microsoft (R) Windows (R) 10.00. 18363 Service Pack 1 Multiprocessor Free.
Error,11/30/2021 6:04:45 PM,EventLog,6008,None,The previous system shutdown at 9:33:25 AM on 11/30/2021 was unexpected.
Information,11/30/2021 6:04:24 PM,Microsoft-Windows-FilterManager,6,None,"File System Filter 'WdFilter' (10.0, 2043-02-28T19:55:46.000000000Z) has successfully loaded and registered with Filter Manager."
Information,11/30/2021 6:04:24 PM,Microsoft-Windows-FilterManager,6,None,"File System Filter 'Wof' (10.0, 2045-05-29T21:42:55.000000000Z) has successfully loaded and registered with Filter Manager."
Information,11/30/2021 6:04:24 PM,Microsoft-Windows-FilterManager,6,None,"File System Filter 'FileInfo' (10.0, 1989-07-13T07:15:12.000000000Z) has successfully loaded and registered with Filter Manager."
Information,11/30/2021 6:04:24 PM,Microsoft-Windows-Kernel-General,20,-6,"The leap second configuration has been updated.
Reason: Leap second data initialized from registry during boot
Leap seconds enabled: true
New leap second count: 0
Old leap second count: 0"
Information,11/30/2021 6:04:24 PM,Microsoft-Windows-Kernel-Boot,30,-21,The firmware reported boot metrics.
Information,11/30/2021 6:04:24 PM,Microsoft-Windows-Kernel-Boot,32,-58,The bootmgr spent 0 ms waiting for user input.
Information,11/30/2021 6:04:24 PM,Microsoft-Windows-Kernel-Boot,18,-57,There are 0x1 boot options on this system.
Information,11/30/2021 6:04:24 PM,Microsoft-Windows-Kernel-Boot,27,-33,The boot type was 0x0.
Information,11/30/2021 6:04:24 PM,Microsoft-Windows-Kernel-Boot,25,-32,The boot menu policy was 0x1.
Information,11/30/2021 6:04:24 PM,Microsoft-Windows-Kernel-Boot,20,-31,The last shutdown's success status was false. The last boot's success status was true.
Information,11/30/2021 6:04:24 PM,Microsoft-Windows-Kernel-Boot,153,-62,Virtualization-based security (policies: 0) is disabled.
Information,11/30/2021 6:04:24 PM,Microsoft-Windows-Kernel-General,12,-1,The operating system started at system time 2021-11-30T12:04:23.500000000Z.
Warning,11/30/2021 9:55:37 AM,Microsoft-Windows-DNS-Client,1014,-1014,Name resolution for the name i.ytimg.com timed out after none of the configured DNS servers responded.
Warning,11/30/2021 9:42:33 AM,Microsoft-Windows-DNS-Client,1014,-1014,Name resolution for the name g.live.com timed out after none of the configured DNS servers responded.
Warning,11/30/2021 9:29:30 AM,Microsoft-Windows-DNS-Client,1014,-1014,Name resolution for the name i.ytimg.com timed out after none of the configured DNS servers responded.
Warning,11/30/2021 9:11:57 AM,Microsoft-Windows-DNS-Client,1014,-1014,Name resolution for the name r2---sn-ax8xaj5ggpxg-q5jz.googlevideo.com timed out after none of the configured DNS servers responded.
Warning,11/30/2021 8:57:26 AM,Microsoft-Windows-DNS-Client,1014,-1014,Name resolution for the name ssl.gstatic.com timed out after none of the configured DNS servers responded.
Information,11/30/2021 8:49:34 AM,Microsoft-Windows-WindowsUpdateClient,19,Windows Update Agent,Installation Successful: Windows successfully installed the following update: Security Intelligence Update for Microsoft Defender Antivirus - KB2267602 (Version 1.353.1817.0)
Information,11/30/2021 8:49:13 AM,Microsoft-Windows-WindowsUpdateClient,43,Windows Update Agent,Installation Started: Windows has started installing the following update: Security Intelligence Update for Microsoft Defender Antivirus - KB2267602 (Version 1.353.1817.0)
Information,11/30/2021 8:49:13 AM,Microsoft-Windows-WindowsUpdateClient,44,Windows Update Agent,Windows Update started downloading an update.
Warning,11/30/2021 8:45:00 AM,Microsoft-Windows-DistributedCOM,10016,None,"The machine-default permission settings do not grant Local Activation permission for the COM Server application with CLSID 
{C2F03A33-21F5-47FA-B4BB-156362A2F239}
 and APPID 
{316CDED5-E4AE-4B15-9113-7055D84DCC97}
 to the user SHOHID-PC\SHOHID SID (S-1-5-21-2091211461-3178656723-4261672445-1001) from address LocalHost (Using LRPC) running in the application container Microsoft.Windows.ShellExperienceHost_10.0.18362.1171_neutral_neutral_cw5n1h2txyewy SID (S-1-15-2-155514346-2573954481-755741238-1654018636-1233331829-3075935687-2861478708). This security permission can be modified using the Component Services administrative tool."
Warning,11/30/2021 8:44:56 AM,Microsoft-Windows-DistributedCOM,10016,None,"The application-specific permission settings do not grant Local Activation permission for the COM Server application with CLSID 
{2593F8B9-4EAF-457C-B68A-50F6B8EA6B54}
 and APPID 
{15C20B67-12E7-4BB6-92BB-7AFF07997402}
 to the user SHOHID-PC\SHOHID SID (S-1-5-21-2091211461-3178656723-4261672445-1001) from address LocalHost (Using LRPC) running in the application container Unavailable SID (Unavailable). This security permission can be modified using the Component Services administrative tool."
Warning,11/30/2021 8:43:43 AM,Microsoft-Windows-DNS-Client,1014,-1014,Name resolution for the name relay-1dcabc5f.net.anydesk.com timed out after none of the configured DNS servers responded.
Error,11/30/2021 8:40:45 AM,Microsoft-Windows-DistributedCOM,10010,None,The server Microsoft.SkypeApp_15.78.159.0_x86__kzf8qxf38zg5c!App.AppXtwmqn4em5r5dpafgj4t4yyxgjfe0hr50.mca did not register with DCOM within the required timeout.
Error,11/30/2021 8:39:16 AM,Microsoft-Windows-DistributedCOM,10010,None,The server Microsoft.SkypeApp_15.78.159.0_x86__kzf8qxf38zg5c!App.AppXtwmqn4em5r5dpafgj4t4yyxgjfe0hr50.mca did not register with DCOM within the required timeout.
Information,11/30/2021 8:38:57 AM,Microsoft-Windows-Winlogon,7001,-1101,User Logon Notification for Customer Experience Improvement Program
Information,11/30/2021 8:38:55 AM,Microsoft-Windows-Power-Troubleshooter,1,None,"The system has returned from a low power state.

Sleep Time: 2021-11-29T19:54:49.069194100Z
Wake Time: 2021-11-30T02:38:51.811119200Z

Wake Source: Unknown"
Information,11/30/2021 8:38:51 AM,Microsoft-Windows-Kernel-Boot,32,-58,The bootmgr spent 0 ms waiting for user input.
Information,11/30/2021 8:38:51 AM,Microsoft-Windows-Kernel-Boot,18,-57,There are 0x1 boot options on this system.
Information,11/30/2021 8:38:51 AM,Microsoft-Windows-Kernel-Boot,27,-33,The boot type was 0x1.
Information,11/30/2021 8:38:51 AM,Microsoft-Windows-Kernel-Boot,25,-32,The boot menu policy was 0x1.
Information,11/30/2021 8:38:51 AM,Microsoft-Windows-Kernel-Boot,30,-21,The firmware reported boot metrics.
Error,11/30/2021 8:38:51 AM,iaStorA,4102,None,Error log: Smart event occured on disk :X6GJEAPFS  
Information,11/30/2021 8:38:50 AM,Microsoft-Windows-Kernel-General,1,-5,"The system time has changed to 2021-11-30T02:38:50.500000000Z from 2021-11-29T19:54:52.178653600Z.

Change Reason: System time synchronized with the hardware clock.
Process: '' (PID 4)."
Information,11/30/2021 1:54:52 AM,Microsoft-Windows-Kernel-Power,107,-102,The system has resumed from sleep.
Information,11/30/2021 1:54:50 AM,Microsoft-Windows-Kernel-Power,42,-64,"The system is entering sleep.

Sleep Reason: Application API"
Information,11/30/2021 1:54:49 AM,Microsoft-Windows-Kernel-Power,187,-243,User-mode process attempted to change the system state by calling SetSuspendState or SetSystemPowerState APIs.
Information,11/30/2021 1:54:48 AM,Microsoft-Windows-Winlogon,7002,-1102,User Logoff Notification for Customer Experience Improvement Program
Warning,11/30/2021 1:33:16 AM,Microsoft-Windows-DNS-Client,1014,-1014,Name resolution for the name web.whatsapp.com timed out after none of the configured DNS servers responded.
Warning,11/30/2021 1:13:05 AM,Microsoft-Windows-DNS-Client,1014,-1014,Name resolution for the name v20.events.data.microsoft.com timed out after none of the configured DNS servers responded.
Information,11/30/2021 1:03:27 AM,Microsoft-Windows-Kernel-General,1,-5,"The system time has changed to 2021-11-29T19:03:27.962943400Z from 2021-11-29T19:03:27.962439300Z.

Change Reason: An application or system component changed the time.
Process: '\Device\HarddiskVolume6\Windows\System32\svchost.exe' (PID 19980)."
Information,11/30/2021 1:03:27 AM,Microsoft-Windows-Time-Service,35,None,"The time service is now synchronizing the system time with the time source time.windows.com,0x9 (ntp.m|0x9|0.0.0.0:123->40.81.94.65:123) with reference id 1096700200. Current local stratum number is 4."
Information,11/30/2021 1:03:13 AM,Microsoft-Windows-Time-Service,37,None,"The time provider NtpClient is currently receiving valid time data from time.windows.com,0x9 (ntp.m|0x9|0.0.0.0:123->40.81.94.65:123)."
Information,11/30/2021 1:03:11 AM,Microsoft-Windows-Time-Service,158,None,The time provider 'VMICTimeProvider' has indicated that the current hardware and operating environment is not supported and has stopped. This behavior is expected for VMICTimeProvider on non-HyperV-guest environments. This may be the expected behavior for the current provider in the current operating environment as well.
Warning,11/30/2021 12:52:01 AM,Microsoft-Windows-DNS-Client,1014,-1014,Name resolution for the name clients4.google.com timed out after none of the configured DNS servers responded.
Warning,11/30/2021 12:34:14 AM,Microsoft-Windows-DNS-Client,1014,-1014,Name resolution for the name www.youtube.com timed out after none of the configured DNS servers responded.
Information,11/30/2021 12:19:00 AM,Microsoft-Windows-Kernel-General,16,None,The access history in hive \??\C:\Users\SHOHID\AppData\Local\Packages\Microsoft.MicrosoftOfficeHub_8wekyb3d8bbwe\Settings\settings.dat was cleared updating 4 keys and creating 2 modified pages.
Warning,11/29/2021 11:53:16 PM,Microsoft-Windows-DNS-Client,1014,-1014,Name resolution for the name web.whatsapp.com timed out after none of the configured DNS servers responded.
Warning,11/29/2021 11:02:12 PM,Microsoft-Windows-DNS-Client,1014,-1014,Name resolution for the name tsfe.trafficshaping.dsp.mp.microsoft.com timed out after none of the configured DNS servers responded.
Warning,11/29/2021 10:42:17 PM,Microsoft-Windows-DNS-Client,1014,-1014,Name resolution for the name treatment.grammarly.com timed out after none of the configured DNS servers responded.
Information,11/29/2021 10:33:49 PM,Microsoft-Windows-Kernel-General,16,None,The access history in hive \??\C:\Users\SHOHID\AppData\Local\Packages\Microsoft.Todos_8wekyb3d8bbwe\Settings\settings.dat was cleared updating 8 keys and creating 1 modified pages.
Warning,11/29/2021 10:01:40 PM,Microsoft-Windows-DistributedCOM,10016,None,"The machine-default permission settings do not grant Local Activation permission for the COM Server application with CLSID 
{C2F03A33-21F5-47FA-B4BB-156362A2F239}
 and APPID 
{316CDED5-E4AE-4B15-9113-7055D84DCC97}
 to the user SHOHID-PC\SHOHID SID (S-1-5-21-2091211461-3178656723-4261672445-1001) from address LocalHost (Using LRPC) running in the application container Microsoft.Windows.ShellExperienceHost_10.0.18362.1171_neutral_neutral_cw5n1h2txyewy SID (S-1-15-2-155514346-2573954481-755741238-1654018636-1233331829-3075935687-2861478708). This security permission can be modified using the Component Services administrative tool."
Error,11/29/2021 10:01:13 PM,Schannel,36882,None,"The certificate received from the remote server was issued by an untrusted certificate authority. Because of this, none of the data contained in the certificate can be validated. The TLS connection request has failed. The attached data contains the server certificate."
Error,11/29/2021 10:00:46 PM,Schannel,36882,None,"The certificate received from the remote server was issued by an untrusted certificate authority. Because of this, none of the data contained in the certificate can be validated. The TLS connection request has failed. The attached data contains the server certificate."
Warning,11/29/2021 9:35:41 PM,Microsoft-Windows-DNS-Client,1014,-1014,Name resolution for the name substrate.office.com timed out after none of the configured DNS servers responded.
Error,11/29/2021 9:30:08 PM,Schannel,36882,None,"The certificate received from the remote server was issued by an untrusted certificate authority. Because of this, none of the data contained in the certificate can be validated. The TLS connection request has failed. The attached data contains the server certificate."
Error,11/29/2021 9:30:07 PM,Schannel,36882,None,"The certificate received from the remote server was issued by an untrusted certificate authority. Because of this, none of the data contained in the certificate can be validated. The TLS connection request has failed. The attached data contains the server certificate."
Error,11/29/2021 9:30:07 PM,Schannel,36882,None,"The certificate received from the remote server was issued by an untrusted certificate authority. Because of this, none of the data contained in the certificate can be validated. The TLS connection request has failed. The attached data contains the server certificate."
Error,11/29/2021 9:30:06 PM,Schannel,36882,None,"The certificate received from the remote server was issued by an untrusted certificate authority. Because of this, none of the data contained in the certificate can be validated. The TLS connection request has failed. The attached data contains the server certificate."
Error,11/29/2021 9:30:05 PM,Schannel,36882,None,"The certificate received from the remote server was issued by an untrusted certificate authority. Because of this, none of the data contained in the certificate can be validated. The TLS connection request has failed. The attached data contains the server certificate."
Error,11/29/2021 9:30:05 PM,Schannel,36882,None,"The certificate received from the remote server was issued by an untrusted certificate authority. Because of this, none of the data contained in the certificate can be validated. The TLS connection request has failed. The attached data contains the server certificate."
Error,11/29/2021 9:30:04 PM,Schannel,36882,None,"The certificate received from the remote server was issued by an untrusted certificate authority. Because of this, none of the data contained in the certificate can be validated. The TLS connection request has failed. The attached data contains the server certificate."
Error,11/29/2021 9:30:04 PM,Schannel,36882,None,"The certificate received from the remote server was issued by an untrusted certificate authority. Because of this, none of the data contained in the certificate can be validated. The TLS connection request has failed. The attached data contains the server certificate."
Error,11/29/2021 9:30:03 PM,Schannel,36882,None,"The certificate received from the remote server was issued by an untrusted certificate authority. Because of this, none of the data contained in the certificate can be validated. The TLS connection request has failed. The attached data contains the server certificate."
Error,11/29/2021 9:30:03 PM,Schannel,36882,None,"The certificate received from the remote server was issued by an untrusted certificate authority. Because of this, none of the data contained in the certificate can be validated. The TLS connection request has failed. The attached data contains the server certificate."
Error,11/29/2021 9:30:02 PM,Schannel,36882,None,"The certificate received from the remote server was issued by an untrusted certificate authority. Because of this, none of the data contained in the certificate can be validated. The TLS connection request has failed. The attached data contains the server certificate."
Error,11/29/2021 9:30:02 PM,Schannel,36882,None,"The certificate received from the remote server was issued by an untrusted certificate authority. Because of this, none of the data contained in the certificate can be validated. The TLS connection request has failed. The attached data contains the server certificate."
Error,11/29/2021 9:30:02 PM,Schannel,36882,None,"The certificate received from the remote server was issued by an untrusted certificate authority. Because of this, none of the data contained in the certificate can be validated. The TLS connection request has failed. The attached data contains the server certificate."
Error,11/29/2021 9:30:02 PM,Schannel,36882,None,"The certificate received from the remote server was issued by an untrusted certificate authority. Because of this, none of the data contained in the certificate can be validated. The TLS connection request has failed. The attached data contains the server certificate."
Error,11/29/2021 9:30:01 PM,Schannel,36882,None,"The certificate received from the remote server was issued by an untrusted certificate authority. Because of this, none of the data contained in the certificate can be validated. The TLS connection request has failed. The attached data contains the server certificate."
Error,11/29/2021 9:30:01 PM,Schannel,36882,None,"The certificate received from the remote server was issued by an untrusted certificate authority. Because of this, none of the data contained in the certificate can be validated. The TLS connection request has failed. The attached data contains the server certificate."
Error,11/29/2021 9:30:00 PM,Schannel,36882,None,"The certificate received from the remote server was issued by an untrusted certificate authority. Because of this, none of the data contained in the certificate can be validated. The TLS connection request has failed. The attached data contains the server certificate."
Error,11/29/2021 9:30:00 PM,Schannel,36882,None,"The certificate received from the remote server was issued by an untrusted certificate authority. Because of this, none of the data contained in the certificate can be validated. The TLS connection request has failed. The attached data contains the server certificate."
Error,11/29/2021 9:30:00 PM,Schannel,36882,None,"The certificate received from the remote server was issued by an untrusted certificate authority. Because of this, none of the data contained in the certificate can be validated. The TLS connection request has failed. The attached data contains the server certificate."
Error,11/29/2021 9:29:59 PM,Schannel,36882,None,"The certificate received from the remote server was issued by an untrusted certificate authority. Because of this, none of the data contained in the certificate can be validated. The TLS connection request has failed. The attached data contains the server certificate."
Error,11/29/2021 9:29:58 PM,Schannel,36882,None,"The certificate received from the remote server was issued by an untrusted certificate authority. Because of this, none of the data contained in the certificate can be validated. The TLS connection request has failed. The attached data contains the server certificate."
Error,11/29/2021 9:29:58 PM,Schannel,36882,None,"The certificate received from the remote server was issued by an untrusted certificate authority. Because of this, none of the data contained in the certificate can be validated. The TLS connection request has failed. The attached data contains the server certificate."
Error,11/29/2021 9:29:57 PM,Schannel,36882,None,"The certificate received from the remote server was issued by an untrusted certificate authority. Because of this, none of the data contained in the certificate can be validated. The TLS connection request has failed. The attached data contains the server certificate."
Error,11/29/2021 9:29:56 PM,Schannel,36882,None,"The certificate received from the remote server was issued by an untrusted certificate authority. Because of this, none of the data contained in the certificate can be validated. The TLS connection request has failed. The attached data contains the server certificate."
Error,11/29/2021 9:29:55 PM,Schannel,36882,None,"The certificate received from the remote server was issued by an untrusted certificate authority. Because of this, none of the data contained in the certificate can be validated. The TLS connection request has failed. The attached data contains the server certificate."
Error,11/29/2021 9:29:55 PM,Schannel,36882,None,"The certificate received from the remote server was issued by an untrusted certificate authority. Because of this, none of the data contained in the certificate can be validated. The TLS connection request has failed. The attached data contains the server certificate."
Error,11/29/2021 9:29:54 PM,Schannel,36882,None,"The certificate received from the remote server was issued by an untrusted certificate authority. Because of this, none of the data contained in the certificate can be validated. The TLS connection request has failed. The attached data contains the server certificate."
Error,11/29/2021 9:29:14 PM,Schannel,36882,None,"The certificate received from the remote server was issued by an untrusted certificate authority. Because of this, none of the data contained in the certificate can be validated. The TLS connection request has failed. The attached data contains the server certificate."
Error,11/29/2021 9:29:13 PM,Schannel,36882,None,"The certificate received from the remote server was issued by an untrusted certificate authority. Because of this, none of the data contained in the certificate can be validated. The TLS connection request has failed. The attached data contains the server certificate."
Error,11/29/2021 9:29:13 PM,Schannel,36882,None,"The certificate received from the remote server was issued by an untrusted certificate authority. Because of this, none of the data contained in the certificate can be validated. The TLS connection request has failed. The attached data contains the server certificate."
Error,11/29/2021 9:29:12 PM,Schannel,36882,None,"The certificate received from the remote server was issued by an untrusted certificate authority. Because of this, none of the data contained in the certificate can be validated. The TLS connection request has failed. The attached data contains the server certificate."
Error,11/29/2021 9:28:09 PM,Schannel,36882,None,"The certificate received from the remote server was issued by an untrusted certificate authority. Because of this, none of the data contained in the certificate can be validated. The TLS connection request has failed. The attached data contains the server certificate."
Error,11/29/2021 9:28:05 PM,Schannel,36882,None,"The certificate received from the remote server was issued by an untrusted certificate authority. Because of this, none of the data contained in the certificate can be validated. The TLS connection request has failed. The attached data contains the server certificate."
Error,11/29/2021 9:26:06 PM,Schannel,36882,None,"The certificate received from the remote server was issued by an untrusted certificate authority. Because of this, none of the data contained in the certificate can be validated. The TLS connection request has failed. The attached data contains the server certificate."
Error,11/29/2021 9:25:57 PM,Schannel,36882,None,"The certificate received from the remote server was issued by an untrusted certificate authority. Because of this, none of the data contained in the certificate can be validated. The TLS connection request has failed. The attached data contains the server certificate."
Error,11/29/2021 9:25:56 PM,Schannel,36882,None,"The certificate received from the remote server was issued by an untrusted certificate authority. Because of this, none of the data contained in the certificate can be validated. The TLS connection request has failed. The attached data contains the server certificate."
Warning,11/29/2021 9:20:17 PM,Microsoft-Windows-DNS-Client,1014,-1014,Name resolution for the name arc.msn.com timed out after none of the configured DNS servers responded.
Warning,11/29/2021 9:01:59 PM,Microsoft-Windows-DNS-Client,1014,-1014,Name resolution for the name ogs.google.com timed out after none of the configured DNS servers responded.
Warning,11/29/2021 8:52:46 PM,Microsoft-Windows-DistributedCOM,10016,None,"The application-specific permission settings do not grant Local Activation permission for the COM Server application with CLSID 
{2593F8B9-4EAF-457C-B68A-50F6B8EA6B54}
 and APPID 
{15C20B67-12E7-4BB6-92BB-7AFF07997402}
 to the user SHOHID-PC\SHOHID SID (S-1-5-21-2091211461-3178656723-4261672445-1001) from address LocalHost (Using LRPC) running in the application container Unavailable SID (Unavailable). This security permission can be modified using the Component Services administrative tool."
Error,11/29/2021 8:52:14 PM,LsaSrv,6041,None,"A CredSSP authentication to TERMSRV/108.161.128.44 failed to negotiate a common protocol version.  The remote host offered version 3 which is not permitted by Encryption Oracle Remediation.

See https://go.microsoft.com/fwlink/?linkid=866660 for more information."
Warning,11/29/2021 8:51:50 PM,Microsoft-Windows-DNS-Client,1014,-1014,Name resolution for the name clientservices.googleapis.com timed out after none of the configured DNS servers responded.
Warning,11/29/2021 8:51:39 PM,Microsoft-Windows-DistributedCOM,10016,None,"The application-specific permission settings do not grant Local Activation permission for the COM Server application with CLSID 
{2593F8B9-4EAF-457C-B68A-50F6B8EA6B54}
 and APPID 
{15C20B67-12E7-4BB6-92BB-7AFF07997402}
 to the user SHOHID-PC\SHOHID SID (S-1-5-21-2091211461-3178656723-4261672445-1001) from address LocalHost (Using LRPC) running in the application container Unavailable SID (Unavailable). This security permission can be modified using the Component Services administrative tool."
Error,11/29/2021 8:23:10 PM,Microsoft-Windows-DistributedCOM,10010,None,The server Microsoft.SkypeApp_15.78.159.0_x86__kzf8qxf38zg5c!App.AppXtwmqn4em5r5dpafgj4t4yyxgjfe0hr50.mca did not register with DCOM within the required timeout.
Warning,11/29/2021 7:31:16 PM,Microsoft-Windows-DNS-Client,1014,-1014,Name resolution for the name settings-win.data.microsoft.com timed out after none of the configured DNS servers responded.
Information,11/29/2021 7:12:26 PM,Microsoft-Windows-Kernel-General,16,None,The access history in hive \??\C:\ProgramData\Microsoft\Provisioning\Microsoft-Desktop-Provisioning-Sequence.dat was cleared updating 0 keys and creating 0 modified pages.
Warning,11/29/2021 7:04:01 PM,Microsoft-Windows-DistributedCOM,10016,None,"The machine-default permission settings do not grant Local Activation permission for the COM Server application with CLSID 
{C2F03A33-21F5-47FA-B4BB-156362A2F239}
 and APPID 
{316CDED5-E4AE-4B15-9113-7055D84DCC97}
 to the user SHOHID-PC\SHOHID SID (S-1-5-21-2091211461-3178656723-4261672445-1001) from address LocalHost (Using LRPC) running in the application container Microsoft.Windows.ShellExperienceHost_10.0.18362.1171_neutral_neutral_cw5n1h2txyewy SID (S-1-15-2-155514346-2573954481-755741238-1654018636-1233331829-3075935687-2861478708). This security permission can be modified using the Component Services administrative tool."
Warning,11/29/2021 7:03:52 PM,Microsoft-Windows-DistributedCOM,10016,None,"The machine-default permission settings do not grant Local Activation permission for the COM Server application with CLSID 
{C2F03A33-21F5-47FA-B4BB-156362A2F239}
 and APPID 
{316CDED5-E4AE-4B15-9113-7055D84DCC97}
 to the user SHOHID-PC\SHOHID SID (S-1-5-21-2091211461-3178656723-4261672445-1001) from address LocalHost (Using LRPC) running in the application container Microsoft.Windows.ShellExperienceHost_10.0.18362.1171_neutral_neutral_cw5n1h2txyewy SID (S-1-15-2-155514346-2573954481-755741238-1654018636-1233331829-3075935687-2861478708). This security permission can be modified using the Component Services administrative tool."
Warning,11/29/2021 7:03:50 PM,Microsoft-Windows-DistributedCOM,10016,None,"The machine-default permission settings do not grant Local Activation permission for the COM Server application with CLSID 
{C2F03A33-21F5-47FA-B4BB-156362A2F239}
 and APPID 
{316CDED5-E4AE-4B15-9113-7055D84DCC97}
 to the user SHOHID-PC\SHOHID SID (S-1-5-21-2091211461-3178656723-4261672445-1001) from address LocalHost (Using LRPC) running in the application container Microsoft.Windows.ShellExperienceHost_10.0.18362.1171_neutral_neutral_cw5n1h2txyewy SID (S-1-15-2-155514346-2573954481-755741238-1654018636-1233331829-3075935687-2861478708). This security permission can be modified using the Component Services administrative tool."
Warning,11/29/2021 7:00:18 PM,Microsoft-Windows-DistributedCOM,10016,None,"The machine-default permission settings do not grant Local Activation permission for the COM Server application with CLSID 
{C2F03A33-21F5-47FA-B4BB-156362A2F239}
 and APPID 
{316CDED5-E4AE-4B15-9113-7055D84DCC97}
 to the user SHOHID-PC\SHOHID SID (S-1-5-21-2091211461-3178656723-4261672445-1001) from address LocalHost (Using LRPC) running in the application container Microsoft.Windows.ShellExperienceHost_10.0.18362.1171_neutral_neutral_cw5n1h2txyewy SID (S-1-15-2-155514346-2573954481-755741238-1654018636-1233331829-3075935687-2861478708). This security permission can be modified using the Component Services administrative tool."
Warning,11/29/2021 6:48:59 PM,Microsoft-Windows-DNS-Client,1014,-1014,Name resolution for the name r5---sn-npoeene6.googlevideo.com timed out after none of the configured DNS servers responded.
Warning,11/29/2021 6:35:30 PM,Microsoft-Windows-DNS-Client,1014,-1014,Name resolution for the name r2---sn-ax8xaj5ggpxg-q5jz.googlevideo.com timed out after none of the configured DNS servers responded.
Warning,11/29/2021 6:29:37 PM,Microsoft-Windows-DistributedCOM,10016,None,"The machine-default permission settings do not grant Local Activation permission for the COM Server application with CLSID 
{C2F03A33-21F5-47FA-B4BB-156362A2F239}
 and APPID 
{316CDED5-E4AE-4B15-9113-7055D84DCC97}
 to the user SHOHID-PC\SHOHID SID (S-1-5-21-2091211461-3178656723-4261672445-1001) from address LocalHost (Using LRPC) running in the application container Microsoft.Windows.ShellExperienceHost_10.0.18362.1171_neutral_neutral_cw5n1h2txyewy SID (S-1-15-2-155514346-2573954481-755741238-1654018636-1233331829-3075935687-2861478708). This security permission can be modified using the Component Services administrative tool."
Warning,11/29/2021 6:16:43 PM,Microsoft-Windows-DistributedCOM,10016,None,"The application-specific permission settings do not grant Local Activation permission for the COM Server application with CLSID 
{2593F8B9-4EAF-457C-B68A-50F6B8EA6B54}
 and APPID 
{15C20B67-12E7-4BB6-92BB-7AFF07997402}
 to the user SHOHID-PC\SHOHID SID (S-1-5-21-2091211461-3178656723-4261672445-1001) from address LocalHost (Using LRPC) running in the application container Unavailable SID (Unavailable). This security permission can be modified using the Component Services administrative tool."
Error,11/29/2021 6:16:28 PM,Microsoft-Windows-DistributedCOM,10010,None,The server Microsoft.SkypeApp_15.78.159.0_x86__kzf8qxf38zg5c!App.AppXtwmqn4em5r5dpafgj4t4yyxgjfe0hr50.mca did not register with DCOM within the required timeout.
