Information,11/22/2021 11:54:16 PM,Microsoft-Windows-Kernel-General,16,None,The access history in hive \??\C:\Users\SHOHID\AppData\Local\Packages\Microsoft.MicrosoftOfficeHub_8wekyb3d8bbwe\Settings\settings.dat was cleared updating 4 keys and creating 2 modified pages.
Information,11/22/2021 10:20:13 PM,Microsoft-Windows-Kernel-General,16,None,The access history in hive \??\C:\Users\SHOHID\AppData\Local\Packages\Microsoft.Todos_8wekyb3d8bbwe\Settings\settings.dat was cleared updating 8 keys and creating 1 modified pages.
Information,11/22/2021 10:01:17 PM,Microsoft-Windows-WindowsUpdateClient,19,Windows Update Agent,Installation Successful: Windows successfully installed the following update: 9NBLGGH4R32N-Microsoft.WindowsFeedbackHub
Information,11/22/2021 10:01:17 PM,Microsoft-Windows-WindowsUpdateClient,43,Windows Update Agent,Installation Started: Windows has started installing the following update: 9NBLGGH4R32N-Microsoft.WindowsFeedbackHub
Information,11/22/2021 10:01:10 PM,Microsoft-Windows-Kernel-General,16,None,The access history in hive \??\C:\ProgramData\Microsoft\Windows\AppRepository\Packages\Microsoft.WindowsFeedbackHub_1.2111.3171.0_x64__8wekyb3d8bbwe\ActivationStore.dat was cleared updating 0 keys and creating 0 modified pages.
Error,11/22/2021 10:00:35 PM,Microsoft-Windows-DistributedCOM,10010,None,The server Microsoft.SkypeApp_15.78.159.0_x86__kzf8qxf38zg5c!App.AppXtwmqn4em5r5dpafgj4t4yyxgjfe0hr50.mca did not register with DCOM within the required timeout.
Warning,11/22/2021 10:00:05 PM,Microsoft-Windows-DistributedCOM,10016,None,"The application-specific permission settings do not grant Local Activation permission for the COM Server application with CLSID 
{2593F8B9-4EAF-457C-B68A-50F6B8EA6B54}
 and APPID 
{15C20B67-12E7-4BB6-92BB-7AFF07997402}
 to the user SHOHID-PC\SHOHID SID (S-1-5-21-2091211461-3178656723-4261672445-1001) from address LocalHost (Using LRPC) running in the application container Unavailable SID (Unavailable). This security permission can be modified using the Component Services administrative tool."
Information,11/22/2021 9:29:48 PM,Microsoft-Windows-Kernel-General,16,None,The access history in hive \??\C:\ProgramData\Microsoft\Provisioning\Microsoft-Desktop-Provisioning-Sequence.dat was cleared updating 0 keys and creating 0 modified pages.
Information,11/22/2021 9:29:21 PM,Microsoft-Windows-WindowsUpdateClient,44,Windows Update Agent,Windows Update started downloading an update.
Information,11/22/2021 9:11:16 PM,Microsoft-Windows-Power-Troubleshooter,1,None,"The system has returned from a low power state.

Sleep Time: 2021-11-22T08:22:41.972467600Z
Wake Time: 2021-11-22T15:11:15.482339200Z

Wake Source: Unknown"
Information,11/22/2021 9:11:16 PM,Microsoft-Windows-Winlogon,7001,-1101,User Logon Notification for Customer Experience Improvement Program
Information,11/22/2021 9:11:14 PM,Microsoft-Windows-Kernel-Boot,32,-58,The bootmgr spent 0 ms waiting for user input.
Information,11/22/2021 9:11:14 PM,Microsoft-Windows-Kernel-Boot,18,-57,There are 0x1 boot options on this system.
Information,11/22/2021 9:11:14 PM,Microsoft-Windows-Kernel-Boot,27,-33,The boot type was 0x1.
Information,11/22/2021 9:11:14 PM,Microsoft-Windows-Kernel-Boot,25,-32,The boot menu policy was 0x1.
Information,11/22/2021 9:11:14 PM,Microsoft-Windows-Kernel-Boot,30,-21,The firmware reported boot metrics.
Error,11/22/2021 9:11:14 PM,iaStorA,4102,None,Error log: Smart event occured on disk :X6GJEAPFS  
Information,11/22/2021 9:11:13 PM,Microsoft-Windows-Kernel-General,1,-5,"The system time has changed to 2021-11-22T15:11:13.500000000Z from 2021-11-22T08:22:44.799319200Z.

Change Reason: System time synchronized with the hardware clock.
Process: '' (PID 4)."
Information,11/22/2021 2:22:44 PM,Microsoft-Windows-Kernel-Power,107,-102,The system has resumed from sleep.
Information,11/22/2021 2:22:42 PM,Microsoft-Windows-Kernel-Power,42,-64,"The system is entering sleep.

Sleep Reason: Application API"
Information,11/22/2021 2:22:41 PM,Microsoft-Windows-Kernel-Power,187,-243,User-mode process attempted to change the system state by calling SetSuspendState or SetSystemPowerState APIs.
Information,11/22/2021 2:22:41 PM,Microsoft-Windows-Winlogon,7002,-1102,User Logoff Notification for Customer Experience Improvement Program
Warning,11/22/2021 2:12:29 PM,Microsoft-Windows-DNS-Client,1014,-1014,Name resolution for the name docs.google.com timed out after none of the configured DNS servers responded.
Warning,11/22/2021 1:50:20 PM,Microsoft-Windows-DNS-Client,1014,-1014,Name resolution for the name substrate.office.com timed out after none of the configured DNS servers responded.
Warning,11/22/2021 1:37:23 PM,Microsoft-Windows-DNS-Client,1014,-1014,Name resolution for the name r2---sn-npoe7n7y.googlevideo.com timed out after none of the configured DNS servers responded.
Warning,11/22/2021 1:36:02 PM,Microsoft-Windows-DistributedCOM,10016,None,"The application-specific permission settings do not grant Local Activation permission for the COM Server application with CLSID 
{2593F8B9-4EAF-457C-B68A-50F6B8EA6B54}
 and APPID 
{15C20B67-12E7-4BB6-92BB-7AFF07997402}
 to the user SHOHID-PC\SHOHID SID (S-1-5-21-2091211461-3178656723-4261672445-1001) from address LocalHost (Using LRPC) running in the application container Unavailable SID (Unavailable). This security permission can be modified using the Component Services administrative tool."
Warning,11/22/2021 1:19:19 PM,Microsoft-Windows-DNS-Client,1014,-1014,Name resolution for the name d27xxe7juh1us6.cloudfront.net timed out after none of the configured DNS servers responded.
Warning,11/22/2021 1:10:31 PM,Microsoft-Windows-DistributedCOM,10016,None,"The machine-default permission settings do not grant Local Activation permission for the COM Server application with CLSID 
{C2F03A33-21F5-47FA-B4BB-156362A2F239}
 and APPID 
{316CDED5-E4AE-4B15-9113-7055D84DCC97}
 to the user SHOHID-PC\SHOHID SID (S-1-5-21-2091211461-3178656723-4261672445-1001) from address LocalHost (Using LRPC) running in the application container Microsoft.Windows.ShellExperienceHost_10.0.18362.1171_neutral_neutral_cw5n1h2txyewy SID (S-1-15-2-155514346-2573954481-755741238-1654018636-1233331829-3075935687-2861478708). This security permission can be modified using the Component Services administrative tool."
Warning,11/22/2021 1:10:30 PM,Microsoft-Windows-DistributedCOM,10016,None,"The machine-default permission settings do not grant Local Activation permission for the COM Server application with CLSID 
{C2F03A33-21F5-47FA-B4BB-156362A2F239}
 and APPID 
{316CDED5-E4AE-4B15-9113-7055D84DCC97}
 to the user SHOHID-PC\SHOHID SID (S-1-5-21-2091211461-3178656723-4261672445-1001) from address LocalHost (Using LRPC) running in the application container Microsoft.Windows.ShellExperienceHost_10.0.18362.1171_neutral_neutral_cw5n1h2txyewy SID (S-1-15-2-155514346-2573954481-755741238-1654018636-1233331829-3075935687-2861478708). This security permission can be modified using the Component Services administrative tool."
Warning,11/22/2021 1:10:29 PM,Microsoft-Windows-DistributedCOM,10016,None,"The machine-default permission settings do not grant Local Activation permission for the COM Server application with CLSID 
{C2F03A33-21F5-47FA-B4BB-156362A2F239}
 and APPID 
{316CDED5-E4AE-4B15-9113-7055D84DCC97}
 to the user SHOHID-PC\SHOHID SID (S-1-5-21-2091211461-3178656723-4261672445-1001) from address LocalHost (Using LRPC) running in the application container Microsoft.Windows.ShellExperienceHost_10.0.18362.1171_neutral_neutral_cw5n1h2txyewy SID (S-1-15-2-155514346-2573954481-755741238-1654018636-1233331829-3075935687-2861478708). This security permission can be modified using the Component Services administrative tool."
Warning,11/22/2021 1:10:29 PM,Microsoft-Windows-DistributedCOM,10016,None,"The machine-default permission settings do not grant Local Activation permission for the COM Server application with CLSID 
{C2F03A33-21F5-47FA-B4BB-156362A2F239}
 and APPID 
{316CDED5-E4AE-4B15-9113-7055D84DCC97}
 to the user SHOHID-PC\SHOHID SID (S-1-5-21-2091211461-3178656723-4261672445-1001) from address LocalHost (Using LRPC) running in the application container Microsoft.Windows.ShellExperienceHost_10.0.18362.1171_neutral_neutral_cw5n1h2txyewy SID (S-1-15-2-155514346-2573954481-755741238-1654018636-1233331829-3075935687-2861478708). This security permission can be modified using the Component Services administrative tool."
Warning,11/22/2021 1:09:00 PM,Microsoft-Windows-DistributedCOM,10016,None,"The application-specific permission settings do not grant Local Activation permission for the COM Server application with CLSID 
{2593F8B9-4EAF-457C-B68A-50F6B8EA6B54}
 and APPID 
{15C20B67-12E7-4BB6-92BB-7AFF07997402}
 to the user SHOHID-PC\SHOHID SID (S-1-5-21-2091211461-3178656723-4261672445-1001) from address LocalHost (Using LRPC) running in the application container Unavailable SID (Unavailable). This security permission can be modified using the Component Services administrative tool."
Information,11/22/2021 12:32:21 PM,Microsoft-Windows-Kernel-General,1,-5,"The system time has changed to 2021-11-22T06:32:21.940866500Z from 2021-11-22T06:32:21.939734000Z.

Change Reason: An application or system component changed the time.
Process: '\Device\HarddiskVolume6\Windows\System32\svchost.exe' (PID 16484)."
Information,11/22/2021 12:32:21 PM,Microsoft-Windows-Kernel-General,1,-5,"The system time has changed to 2021-11-22T06:32:21.939734000Z from 2021-11-22T06:32:21.938846800Z.

Change Reason: An application or system component changed the time.
Process: '\Device\HarddiskVolume6\Windows\System32\svchost.exe' (PID 16484)."
Information,11/22/2021 12:32:21 PM,Microsoft-Windows-Time-Service,35,None,"The time service is now synchronizing the system time with the time source time.windows.com,0x9 (ntp.m|0x9|0.0.0.0:123->52.148.114.188:123) with reference id 3161625652. Current local stratum number is 4."
Information,11/22/2021 12:32:21 PM,Microsoft-Windows-Kernel-General,1,-5,"The system time has changed to 2021-11-22T06:32:21.938846800Z from 2021-11-22T06:32:19.768077900Z.

Change Reason: An application or system component changed the time.
Process: '\Device\HarddiskVolume6\Windows\System32\svchost.exe' (PID 16484)."
Information,11/22/2021 12:32:13 PM,Microsoft-Windows-Kernel-General,16,None,The access history in hive \??\C:\ProgramData\Microsoft\Provisioning\Microsoft-Desktop-Provisioning-Sequence.dat was cleared updating 0 keys and creating 0 modified pages.
Information,11/22/2021 12:32:05 PM,Microsoft-Windows-Time-Service,37,None,"The time provider NtpClient is currently receiving valid time data from time.windows.com,0x9 (ntp.m|0x9|0.0.0.0:123->52.148.114.188:123)."
Information,11/22/2021 12:32:03 PM,Microsoft-Windows-Time-Service,158,None,The time provider 'VMICTimeProvider' has indicated that the current hardware and operating environment is not supported and has stopped. This behavior is expected for VMICTimeProvider on non-HyperV-guest environments. This may be the expected behavior for the current provider in the current operating environment as well.
Information,11/22/2021 12:26:06 PM,Microsoft-Windows-WindowsUpdateClient,19,Windows Update Agent,Installation Successful: Windows successfully installed the following update: Security Intelligence Update for Microsoft Defender Antivirus - KB2267602 (Version 1.353.1388.0)
Information,11/22/2021 12:25:53 PM,Microsoft-Windows-WindowsUpdateClient,43,Windows Update Agent,Installation Started: Windows has started installing the following update: Security Intelligence Update for Microsoft Defender Antivirus - KB2267602 (Version 1.353.1388.0)
Information,11/22/2021 12:25:48 PM,Microsoft-Windows-WindowsUpdateClient,44,Windows Update Agent,Windows Update started downloading an update.
Error,11/22/2021 12:22:43 PM,Microsoft-Windows-DistributedCOM,10010,None,The server Microsoft.SkypeApp_15.78.159.0_x86__kzf8qxf38zg5c!App.AppXtwmqn4em5r5dpafgj4t4yyxgjfe0hr50.mca did not register with DCOM within the required timeout.
Warning,11/22/2021 12:21:53 PM,Microsoft-Windows-DistributedCOM,10016,None,"The machine-default permission settings do not grant Local Activation permission for the COM Server application with CLSID 
{C2F03A33-21F5-47FA-B4BB-156362A2F239}
 and APPID 
{316CDED5-E4AE-4B15-9113-7055D84DCC97}
 to the user SHOHID-PC\SHOHID SID (S-1-5-21-2091211461-3178656723-4261672445-1001) from address LocalHost (Using LRPC) running in the application container Microsoft.Windows.ShellExperienceHost_10.0.18362.1171_neutral_neutral_cw5n1h2txyewy SID (S-1-15-2-155514346-2573954481-755741238-1654018636-1233331829-3075935687-2861478708). This security permission can be modified using the Component Services administrative tool."
Error,11/22/2021 12:21:49 PM,Microsoft-Windows-DistributedCOM,10010,None,The server Microsoft.SkypeApp_15.78.159.0_x86__kzf8qxf38zg5c!App.AppXtwmqn4em5r5dpafgj4t4yyxgjfe0hr50.mca did not register with DCOM within the required timeout.
Warning,11/22/2021 12:21:39 PM,Microsoft-Windows-DNS-Client,1014,-1014,Name resolution for the name array806.prod.do.dsp.mp.microsoft.com timed out after none of the configured DNS servers responded.
Information,11/22/2021 12:21:31 PM,Microsoft-Windows-Winlogon,7001,-1101,User Logon Notification for Customer Experience Improvement Program
Information,11/22/2021 12:21:30 PM,Microsoft-Windows-Power-Troubleshooter,1,None,"The system has returned from a low power state.

Sleep Time: 2021-11-21T17:32:40.316841100Z
Wake Time: 2021-11-22T06:21:28.661323200Z

Wake Source: Unknown"
Information,11/22/2021 12:21:28 PM,Microsoft-Windows-Kernel-Boot,32,-58,The bootmgr spent 0 ms waiting for user input.
Information,11/22/2021 12:21:28 PM,Microsoft-Windows-Kernel-Boot,18,-57,There are 0x1 boot options on this system.
Information,11/22/2021 12:21:28 PM,Microsoft-Windows-Kernel-Boot,27,-33,The boot type was 0x1.
Information,11/22/2021 12:21:28 PM,Microsoft-Windows-Kernel-Boot,25,-32,The boot menu policy was 0x1.
Information,11/22/2021 12:21:28 PM,Microsoft-Windows-Kernel-Boot,30,-21,The firmware reported boot metrics.
Error,11/22/2021 12:21:28 PM,iaStorA,4102,None,Error log: Smart event occured on disk :X6GJEAPFS  
Information,11/22/2021 12:21:27 PM,Microsoft-Windows-Kernel-General,1,-5,"The system time has changed to 2021-11-22T06:21:27.500000000Z from 2021-11-21T17:32:43.108550700Z.

Change Reason: System time synchronized with the hardware clock.
Process: '' (PID 4)."
Information,11/22/2021 12:21:28 PM,EventLog,6013,None,The system uptime is 258119 seconds.
Information,11/21/2021 11:32:43 PM,Microsoft-Windows-Kernel-Power,107,-102,The system has resumed from sleep.
Information,11/21/2021 11:32:41 PM,Microsoft-Windows-Kernel-Power,42,-64,"The system is entering sleep.

Sleep Reason: Application API"
Information,11/21/2021 11:32:40 PM,Microsoft-Windows-Kernel-Power,187,-243,User-mode process attempted to change the system state by calling SetSuspendState or SetSystemPowerState APIs.
Information,11/21/2021 11:32:40 PM,Microsoft-Windows-Winlogon,7002,-1102,User Logoff Notification for Customer Experience Improvement Program
Error,11/21/2021 8:33:07 PM,Microsoft-Windows-DistributedCOM,10010,None,The server Microsoft.SkypeApp_15.78.159.0_x86__kzf8qxf38zg5c!App.AppXtwmqn4em5r5dpafgj4t4yyxgjfe0hr50.mca did not register with DCOM within the required timeout.
Information,11/21/2021 8:22:06 PM,Service Control Manager,7045,None,"A service was installed in the system.

Service Name:  MpKsl22686288
Service File Name:  C:\ProgramData\Microsoft\Windows Defender\Definition Updates\{6CDDCF00-74F1-422D-B43C-1953D4759FFE}\MpKslDrv.sys
Service Type:  kernel mode driver
Service Start Type:  demand start
Service Account:  "
Information,11/21/2021 8:22:04 PM,Service Control Manager,7045,None,"A service was installed in the system.

Service Name:  IDMWFP
Service File Name:  \SystemRoot\system32\DRIVERS\idmwfp.sys
Service Type:  kernel mode driver
Service Start Type:  auto start
Service Account:  "
Warning,11/21/2021 8:19:44 PM,Microsoft-Windows-DistributedCOM,10016,None,"The machine-default permission settings do not grant Local Activation permission for the COM Server application with CLSID 
{C2F03A33-21F5-47FA-B4BB-156362A2F239}
 and APPID 
{316CDED5-E4AE-4B15-9113-7055D84DCC97}
 to the user SHOHID-PC\SHOHID SID (S-1-5-21-2091211461-3178656723-4261672445-1001) from address LocalHost (Using LRPC) running in the application container Microsoft.Windows.ShellExperienceHost_10.0.18362.1171_neutral_neutral_cw5n1h2txyewy SID (S-1-15-2-155514346-2573954481-755741238-1654018636-1233331829-3075935687-2861478708). This security permission can be modified using the Component Services administrative tool."
Information,11/21/2021 8:18:07 PM,Microsoft-Windows-Kernel-General,16,None,The access history in hive \??\C:\Users\SHOHID\AppData\Local\Packages\Microsoft.WindowsFeedbackHub_8wekyb3d8bbwe\Settings\settings.dat was cleared updating 3 keys and creating 1 modified pages.
Information,11/21/2021 8:17:29 PM,Service Control Manager,7045,None,"A service was installed in the system.

Service Name:  IDMWFP
Service File Name:  \SystemRoot\system32\DRIVERS\idmwfp.sys
Service Type:  kernel mode driver
Service Start Type:  auto start
Service Account:  "
Information,11/21/2021 8:02:59 PM,Microsoft-Windows-WindowsUpdateClient,19,Windows Update Agent,Installation Successful: Windows successfully installed the following update: Security Intelligence Update for Microsoft Defender Antivirus - KB2267602 (Version 1.353.1371.0)
Information,11/21/2021 8:02:43 PM,Microsoft-Windows-WindowsUpdateClient,43,Windows Update Agent,Installation Started: Windows has started installing the following update: Security Intelligence Update for Microsoft Defender Antivirus - KB2267602 (Version 1.353.1371.0)
Information,11/21/2021 8:01:31 PM,Microsoft-Windows-WindowsUpdateClient,44,Windows Update Agent,Windows Update started downloading an update.
Warning,11/21/2021 7:51:14 PM,Microsoft-Windows-DistributedCOM,10016,None,"The application-specific permission settings do not grant Local Activation permission for the COM Server application with CLSID 
{2593F8B9-4EAF-457C-B68A-50F6B8EA6B54}
 and APPID 
{15C20B67-12E7-4BB6-92BB-7AFF07997402}
 to the user SHOHID-PC\SHOHID SID (S-1-5-21-2091211461-3178656723-4261672445-1001) from address LocalHost (Using LRPC) running in the application container Unavailable SID (Unavailable). This security permission can be modified using the Component Services administrative tool."
Error,11/21/2021 7:51:02 PM,Microsoft-Windows-DistributedCOM,10010,None,The server Microsoft.SkypeApp_15.78.159.0_x86__kzf8qxf38zg5c!App.AppXtwmqn4em5r5dpafgj4t4yyxgjfe0hr50.mca did not register with DCOM within the required timeout.
Information,11/21/2021 7:50:46 PM,Microsoft-Windows-Power-Troubleshooter,1,None,"The system has returned from a low power state.

Sleep Time: 2021-11-21T06:47:15.770053200Z
Wake Time: 2021-11-21T13:50:44.338557600Z

Wake Source: Unknown"
Information,11/21/2021 7:50:45 PM,Microsoft-Windows-Winlogon,7001,-1101,User Logon Notification for Customer Experience Improvement Program
Information,11/21/2021 7:50:44 PM,Microsoft-Windows-Kernel-Boot,32,-58,The bootmgr spent 0 ms waiting for user input.
Information,11/21/2021 7:50:44 PM,Microsoft-Windows-Kernel-Boot,18,-57,There are 0x1 boot options on this system.
Information,11/21/2021 7:50:44 PM,Microsoft-Windows-Kernel-Boot,27,-33,The boot type was 0x1.
Information,11/21/2021 7:50:44 PM,Microsoft-Windows-Kernel-Boot,25,-32,The boot menu policy was 0x1.
Information,11/21/2021 7:50:44 PM,Microsoft-Windows-Kernel-Boot,30,-21,The firmware reported boot metrics.
Error,11/21/2021 7:50:43 PM,iaStorA,4102,None,Error log: Smart event occured on disk :X6GJEAPFS  
Information,11/21/2021 7:50:42 PM,Microsoft-Windows-Kernel-General,1,-5,"The system time has changed to 2021-11-21T13:50:42.500000000Z from 2021-11-21T06:47:19.564702600Z.

Change Reason: System time synchronized with the hardware clock.
Process: '' (PID 4)."
Information,11/21/2021 12:47:19 PM,Microsoft-Windows-Kernel-Power,107,-102,The system has resumed from sleep.
Information,11/21/2021 12:47:16 PM,Microsoft-Windows-Kernel-Power,42,-64,"The system is entering sleep.

Sleep Reason: Application API"
Information,11/21/2021 12:47:15 PM,Microsoft-Windows-Kernel-Power,187,-243,User-mode process attempted to change the system state by calling SetSuspendState or SetSystemPowerState APIs.
Information,11/21/2021 12:47:15 PM,Microsoft-Windows-Winlogon,7002,-1102,User Logoff Notification for Customer Experience Improvement Program
Warning,11/21/2021 12:37:29 PM,Microsoft-Windows-DNS-Client,1014,-1014,Name resolution for the name docs.google.com timed out after none of the configured DNS servers responded.
Information,11/21/2021 12:00:00 PM,EventLog,6013,None,The system uptime is 170432 seconds.
Warning,11/21/2021 11:26:14 AM,Microsoft-Windows-DistributedCOM,10016,None,"The machine-default permission settings do not grant Local Activation permission for the COM Server application with CLSID 
{C2F03A33-21F5-47FA-B4BB-156362A2F239}
 and APPID 
{316CDED5-E4AE-4B15-9113-7055D84DCC97}
 to the user SHOHID-PC\SHOHID SID (S-1-5-21-2091211461-3178656723-4261672445-1001) from address LocalHost (Using LRPC) running in the application container Microsoft.Windows.ShellExperienceHost_10.0.18362.1171_neutral_neutral_cw5n1h2txyewy SID (S-1-15-2-155514346-2573954481-755741238-1654018636-1233331829-3075935687-2861478708). This security permission can be modified using the Component Services administrative tool."
Warning,11/21/2021 11:26:13 AM,Microsoft-Windows-DistributedCOM,10016,None,"The machine-default permission settings do not grant Local Activation permission for the COM Server application with CLSID 
{C2F03A33-21F5-47FA-B4BB-156362A2F239}
 and APPID 
{316CDED5-E4AE-4B15-9113-7055D84DCC97}
 to the user SHOHID-PC\SHOHID SID (S-1-5-21-2091211461-3178656723-4261672445-1001) from address LocalHost (Using LRPC) running in the application container Microsoft.Windows.ShellExperienceHost_10.0.18362.1171_neutral_neutral_cw5n1h2txyewy SID (S-1-15-2-155514346-2573954481-755741238-1654018636-1233331829-3075935687-2861478708). This security permission can be modified using the Component Services administrative tool."
Warning,11/21/2021 11:19:49 AM,Microsoft-Windows-DistributedCOM,10016,None,"The machine-default permission settings do not grant Local Activation permission for the COM Server application with CLSID 
{C2F03A33-21F5-47FA-B4BB-156362A2F239}
 and APPID 
{316CDED5-E4AE-4B15-9113-7055D84DCC97}
 to the user SHOHID-PC\SHOHID SID (S-1-5-21-2091211461-3178656723-4261672445-1001) from address LocalHost (Using LRPC) running in the application container Microsoft.Windows.ShellExperienceHost_10.0.18362.1171_neutral_neutral_cw5n1h2txyewy SID (S-1-15-2-155514346-2573954481-755741238-1654018636-1233331829-3075935687-2861478708). This security permission can be modified using the Component Services administrative tool."
Warning,11/21/2021 11:14:24 AM,Microsoft-Windows-DistributedCOM,10016,None,"The machine-default permission settings do not grant Local Activation permission for the COM Server application with CLSID 
{C2F03A33-21F5-47FA-B4BB-156362A2F239}
 and APPID 
{316CDED5-E4AE-4B15-9113-7055D84DCC97}
 to the user SHOHID-PC\SHOHID SID (S-1-5-21-2091211461-3178656723-4261672445-1001) from address LocalHost (Using LRPC) running in the application container Microsoft.Windows.ShellExperienceHost_10.0.18362.1171_neutral_neutral_cw5n1h2txyewy SID (S-1-15-2-155514346-2573954481-755741238-1654018636-1233331829-3075935687-2861478708). This security permission can be modified using the Component Services administrative tool."
Warning,11/21/2021 11:14:08 AM,Microsoft-Windows-DistributedCOM,10016,None,"The machine-default permission settings do not grant Local Activation permission for the COM Server application with CLSID 
{C2F03A33-21F5-47FA-B4BB-156362A2F239}
 and APPID 
{316CDED5-E4AE-4B15-9113-7055D84DCC97}
 to the user SHOHID-PC\SHOHID SID (S-1-5-21-2091211461-3178656723-4261672445-1001) from address LocalHost (Using LRPC) running in the application container Microsoft.Windows.ShellExperienceHost_10.0.18362.1171_neutral_neutral_cw5n1h2txyewy SID (S-1-15-2-155514346-2573954481-755741238-1654018636-1233331829-3075935687-2861478708). This security permission can be modified using the Component Services administrative tool."
Warning,11/21/2021 11:13:39 AM,Microsoft-Windows-DistributedCOM,10016,None,"The machine-default permission settings do not grant Local Activation permission for the COM Server application with CLSID 
{C2F03A33-21F5-47FA-B4BB-156362A2F239}
 and APPID 
{316CDED5-E4AE-4B15-9113-7055D84DCC97}
 to the user SHOHID-PC\SHOHID SID (S-1-5-21-2091211461-3178656723-4261672445-1001) from address LocalHost (Using LRPC) running in the application container Microsoft.Windows.ShellExperienceHost_10.0.18362.1171_neutral_neutral_cw5n1h2txyewy SID (S-1-15-2-155514346-2573954481-755741238-1654018636-1233331829-3075935687-2861478708). This security permission can be modified using the Component Services administrative tool."
Information,11/21/2021 11:08:48 AM,Microsoft-Windows-Kernel-General,16,None,The access history in hive \??\C:\ProgramData\Microsoft\Provisioning\Microsoft-Desktop-Provisioning-Sequence.dat was cleared updating 0 keys and creating 0 modified pages.
Error,11/21/2021 11:02:24 AM,Microsoft-Windows-DistributedCOM,10010,None,The server Microsoft.SkypeApp_15.78.159.0_x86__kzf8qxf38zg5c!App.AppXtwmqn4em5r5dpafgj4t4yyxgjfe0hr50.mca did not register with DCOM within the required timeout.
Information,11/21/2021 11:00:30 AM,Microsoft-Windows-Kernel-General,16,None,The access history in hive \??\C:\WINDOWS\SysWOW64\config\systemprofile\AppData\Local\Microsoft\VisualStudio\16.0_197f77be\privateregistry.bin was cleared updating 9275 keys and creating 1243 modified pages.
Error,11/21/2021 10:57:38 AM,Microsoft-Windows-DistributedCOM,10010,None,The server Microsoft.SkypeApp_15.78.159.0_x86__kzf8qxf38zg5c!App.AppXtwmqn4em5r5dpafgj4t4yyxgjfe0hr50.mca did not register with DCOM within the required timeout.
Warning,11/21/2021 10:57:36 AM,Microsoft-Windows-DistributedCOM,10016,None,"The application-specific permission settings do not grant Local Activation permission for the COM Server application with CLSID 
{2593F8B9-4EAF-457C-B68A-50F6B8EA6B54}
 and APPID 
{15C20B67-12E7-4BB6-92BB-7AFF07997402}
 to the user SHOHID-PC\SHOHID SID (S-1-5-21-2091211461-3178656723-4261672445-1001) from address LocalHost (Using LRPC) running in the application container Unavailable SID (Unavailable). This security permission can be modified using the Component Services administrative tool."
Information,11/21/2021 10:57:19 AM,Microsoft-Windows-Power-Troubleshooter,1,None,"The system has returned from a low power state.

Sleep Time: 2021-11-20T19:47:22.688889600Z
Wake Time: 2021-11-21T04:57:17.508741900Z

Wake Source: Unknown"
Information,11/21/2021 10:57:19 AM,Microsoft-Windows-Winlogon,7001,-1101,User Logon Notification for Customer Experience Improvement Program
Information,11/21/2021 10:57:17 AM,Microsoft-Windows-Kernel-Boot,32,-58,The bootmgr spent 0 ms waiting for user input.
Information,11/21/2021 10:57:17 AM,Microsoft-Windows-Kernel-Boot,18,-57,There are 0x1 boot options on this system.
Information,11/21/2021 10:57:17 AM,Microsoft-Windows-Kernel-Boot,27,-33,The boot type was 0x1.
Information,11/21/2021 10:57:17 AM,Microsoft-Windows-Kernel-Boot,25,-32,The boot menu policy was 0x1.
Information,11/21/2021 10:57:17 AM,Microsoft-Windows-Kernel-Boot,30,-21,The firmware reported boot metrics.
Error,11/21/2021 10:57:17 AM,iaStorA,4102,None,Error log: Smart event occured on disk :X6GJEAPFS  
Information,11/21/2021 10:57:16 AM,Microsoft-Windows-Kernel-General,1,-5,"The system time has changed to 2021-11-21T04:57:16.500000000Z from 2021-11-20T19:47:25.581290800Z.

Change Reason: System time synchronized with the hardware clock.
Process: '' (PID 4)."
Information,11/21/2021 1:47:25 AM,Microsoft-Windows-Kernel-Power,107,-102,The system has resumed from sleep.
Information,11/21/2021 1:47:23 AM,Microsoft-Windows-Kernel-Power,42,-64,"The system is entering sleep.

Sleep Reason: Application API"
Information,11/21/2021 1:47:22 AM,Microsoft-Windows-Kernel-Power,187,-243,User-mode process attempted to change the system state by calling SetSuspendState or SetSystemPowerState APIs.
Information,11/21/2021 1:47:21 AM,Microsoft-Windows-Winlogon,7002,-1102,User Logoff Notification for Customer Experience Improvement Program
Warning,11/20/2021 11:19:32 PM,Microsoft-Windows-DNS-Client,1014,-1014,Name resolution for the name dc.services.visualstudio.com timed out after none of the configured DNS servers responded.
Information,11/20/2021 10:34:56 PM,Microsoft-Windows-Kernel-General,16,None,The access history in hive \??\C:\ProgramData\Microsoft\Provisioning\Microsoft-Desktop-Provisioning-Sequence.dat was cleared updating 0 keys and creating 0 modified pages.
Information,11/20/2021 10:34:40 PM,Service Control Manager,7045,None,"A service was installed in the system.

Service Name:  MpKsl44ed1ae0
Service File Name:  C:\ProgramData\Microsoft\Windows Defender\Definition Updates\{E37F7EDD-905A-4154-86C1-BAD9D25FADD6}\MpKslDrv.sys
Service Type:  kernel mode driver
Service Start Type:  demand start
Service Account:  "
Information,11/20/2021 10:34:28 PM,Microsoft-Windows-Kernel-General,16,None,The access history in hive \??\C:\Users\SHOHID\AppData\Local\Packages\microsoft.storepurchaseapp_8wekyb3d8bbwe\Settings\settings.dat was cleared updating 2 keys and creating 1 modified pages.
Information,11/20/2021 10:34:10 PM,Microsoft-Windows-Kernel-General,1,-5,"The system time has changed to 2021-11-20T16:34:10.251599100Z from 2021-11-20T16:34:10.250924200Z.

Change Reason: An application or system component changed the time.
Process: '\Device\HarddiskVolume6\Windows\System32\svchost.exe' (PID 13472)."
Information,11/20/2021 10:34:10 PM,Microsoft-Windows-Kernel-General,1,-5,"The system time has changed to 2021-11-20T16:34:10.250502000Z from 2021-11-20T16:34:10.249936700Z.

Change Reason: An application or system component changed the time.
Process: '\Device\HarddiskVolume6\Windows\System32\svchost.exe' (PID 13472)."
Information,11/20/2021 10:34:10 PM,Microsoft-Windows-Time-Service,35,None,"The time service is now synchronizing the system time with the time source time.windows.com,0x9 (ntp.m|0x9|0.0.0.0:123->52.148.114.188:123) with reference id 3161625652. Current local stratum number is 4."
Information,11/20/2021 10:34:10 PM,Microsoft-Windows-Kernel-General,1,-5,"The system time has changed to 2021-11-20T16:34:10.248470600Z from 2021-11-20T16:34:07.962505900Z.

Change Reason: An application or system component changed the time.
Process: '\Device\HarddiskVolume6\Windows\System32\svchost.exe' (PID 13472)."
Information,11/20/2021 10:34:10 PM,Microsoft-Windows-TerminalServices-RemoteConnectionManager,1056,None,A new self signed certificate to be used for RD Session Host Server authentication on SSL connections was generated. The name on this certificate is Shohid-PC. The SHA1 hash of the certificate is in the event data.
Information,11/20/2021 10:33:53 PM,Microsoft-Windows-Time-Service,37,None,"The time provider NtpClient is currently receiving valid time data from time.windows.com,0x9 (ntp.m|0x9|0.0.0.0:123->52.148.114.188:123)."
Information,11/20/2021 10:33:51 PM,Microsoft-Windows-Time-Service,158,None,The time provider 'VMICTimeProvider' has indicated that the current hardware and operating environment is not supported and has stopped. This behavior is expected for VMICTimeProvider on non-HyperV-guest environments. This may be the expected behavior for the current provider in the current operating environment as well.
Information,11/20/2021 8:58:41 PM,Microsoft-Windows-Kernel-General,16,None,The access history in hive \??\C:\Users\SHOHID\AppData\Local\Packages\Microsoft.ZuneVideo_8wekyb3d8bbwe\Settings\settings.dat was cleared updating 12 keys and creating 2 modified pages.
Error,11/20/2021 8:23:04 PM,Microsoft-Windows-DistributedCOM,10010,None,The server Microsoft.SkypeApp_15.78.159.0_x86__kzf8qxf38zg5c!App.AppXtwmqn4em5r5dpafgj4t4yyxgjfe0hr50.mca did not register with DCOM within the required timeout.
Warning,11/20/2021 6:49:25 PM,Microsoft-Windows-DistributedCOM,10016,None,"The application-specific permission settings do not grant Local Activation permission for the COM Server application with CLSID 
{2593F8B9-4EAF-457C-B68A-50F6B8EA6B54}
 and APPID 
{15C20B67-12E7-4BB6-92BB-7AFF07997402}
 to the user SHOHID-PC\SHOHID SID (S-1-5-21-2091211461-3178656723-4261672445-1001) from address LocalHost (Using LRPC) running in the application container Unavailable SID (Unavailable). This security permission can be modified using the Component Services administrative tool."
Warning,11/20/2021 6:43:06 PM,Microsoft-Windows-DistributedCOM,10016,None,"The machine-default permission settings do not grant Local Activation permission for the COM Server application with CLSID 
{C2F03A33-21F5-47FA-B4BB-156362A2F239}
 and APPID 
{316CDED5-E4AE-4B15-9113-7055D84DCC97}
 to the user SHOHID-PC\SHOHID SID (S-1-5-21-2091211461-3178656723-4261672445-1001) from address LocalHost (Using LRPC) running in the application container Microsoft.Windows.ShellExperienceHost_10.0.18362.1171_neutral_neutral_cw5n1h2txyewy SID (S-1-15-2-155514346-2573954481-755741238-1654018636-1233331829-3075935687-2861478708). This security permission can be modified using the Component Services administrative tool."
Information,11/20/2021 6:30:37 PM,Microsoft-Windows-WindowsUpdateClient,19,Windows Update Agent,Installation Successful: Windows successfully installed the following update: Security Intelligence Update for Microsoft Defender Antivirus - KB2267602 (Version 1.353.1322.0)
Information,11/20/2021 6:30:22 PM,Microsoft-Windows-WindowsUpdateClient,43,Windows Update Agent,Installation Started: Windows has started installing the following update: Security Intelligence Update for Microsoft Defender Antivirus - KB2267602 (Version 1.353.1322.0)
Information,11/20/2021 6:30:01 PM,Microsoft-Windows-WindowsUpdateClient,44,Windows Update Agent,Windows Update started downloading an update.
Warning,11/20/2021 6:29:10 PM,Microsoft-Windows-DistributedCOM,10016,None,"The application-specific permission settings do not grant Local Activation permission for the COM Server application with CLSID 
{2593F8B9-4EAF-457C-B68A-50F6B8EA6B54}
 and APPID 
{15C20B67-12E7-4BB6-92BB-7AFF07997402}
 to the user SHOHID-PC\SHOHID SID (S-1-5-21-2091211461-3178656723-4261672445-1001) from address LocalHost (Using LRPC) running in the application container Unavailable SID (Unavailable). This security permission can be modified using the Component Services administrative tool."
Error,11/20/2021 6:25:02 PM,LsaSrv,6041,None,"A CredSSP authentication to TERMSRV/108.161.128.44 failed to negotiate a common protocol version.  The remote host offered version 3 which is not permitted by Encryption Oracle Remediation.

See https://go.microsoft.com/fwlink/?linkid=866660 for more information."
Error,11/20/2021 6:22:57 PM,Microsoft-Windows-DistributedCOM,10010,None,The server Microsoft.SkypeApp_15.78.159.0_x86__kzf8qxf38zg5c!App.AppXtwmqn4em5r5dpafgj4t4yyxgjfe0hr50.mca did not register with DCOM within the required timeout.
Warning,11/20/2021 6:19:57 PM,Microsoft-Windows-DistributedCOM,10016,None,"The application-specific permission settings do not grant Local Activation permission for the COM Server application with CLSID 
{2593F8B9-4EAF-457C-B68A-50F6B8EA6B54}
 and APPID 
{15C20B67-12E7-4BB6-92BB-7AFF07997402}
 to the user SHOHID-PC\SHOHID SID (S-1-5-21-2091211461-3178656723-4261672445-1001) from address LocalHost (Using LRPC) running in the application container Unavailable SID (Unavailable). This security permission can be modified using the Component Services administrative tool."
Information,11/20/2021 6:19:30 PM,Microsoft-Windows-Kernel-General,16,None,The access history in hive \??\C:\Users\SHOHID\AppData\Local\Packages\microsoft.windowscommunicationsapps_8wekyb3d8bbwe\Settings\settings.dat was cleared updating 130 keys and creating 21 modified pages.
Information,11/20/2021 6:19:00 PM,Microsoft-Windows-Kernel-General,16,None,The access history in hive \??\C:\Users\SHOHID\AppData\Local\Packages\Microsoft.YourPhone_8wekyb3d8bbwe\Settings\settings.dat was cleared updating 28 keys and creating 11 modified pages.
Information,11/20/2021 6:18:57 PM,Microsoft-Windows-Kernel-General,16,None,The access history in hive \??\C:\Users\SHOHID\AppData\Local\Packages\Microsoft.People_8wekyb3d8bbwe\Settings\settings.dat was cleared updating 2 keys and creating 1 modified pages.
Information,11/20/2021 6:18:53 PM,Microsoft-Windows-Kernel-General,16,None,The access history in hive \??\C:\Users\SHOHID\AppData\Local\Packages\Microsoft.Windows.Cortana_cw5n1h2txyewy\Settings\settings.dat was cleared updating 47 keys and creating 10 modified pages.
Information,11/20/2021 6:18:52 PM,Microsoft-Windows-Kernel-General,16,None,The access history in hive \??\C:\Users\SHOHID\AppData\Local\Packages\Microsoft.Windows.StartMenuExperienceHost_cw5n1h2txyewy\Settings\settings.dat was cleared updating 4 keys and creating 1 modified pages.
Information,11/20/2021 6:18:48 PM,Microsoft-Windows-Kernel-General,16,None,The access history in hive \??\C:\Users\SHOHID\AppData\Local\Microsoft\Windows\UsrClass.dat was cleared updating 34124 keys and creating 3161 modified pages.
Information,11/20/2021 6:18:44 PM,Microsoft-Windows-Kernel-General,16,None,The access history in hive \??\C:\Users\SHOHID\ntuser.dat was cleared updating 48486 keys and creating 8103 modified pages.
Information,11/20/2021 6:18:43 PM,Microsoft-Windows-Power-Troubleshooter,1,None,"The system has returned from a low power state.

Sleep Time: 2021-11-19T19:28:34.001144400Z
Wake Time: 2021-11-20T12:18:42.680176000Z

Wake Source: Unknown"
Information,11/20/2021 6:18:43 PM,Microsoft-Windows-Winlogon,7001,-1101,User Logon Notification for Customer Experience Improvement Program
Information,11/20/2021 6:18:42 PM,Microsoft-Windows-Kernel-General,16,None,The access history in hive \Device\HarddiskVolume5\Boot\BCD was cleared updating 49 keys and creating 7 modified pages.
Information,11/20/2021 6:18:41 PM,Microsoft-Windows-Kernel-Boot,32,-58,The bootmgr spent 0 ms waiting for user input.
Information,11/20/2021 6:18:41 PM,Microsoft-Windows-Kernel-Boot,18,-57,There are 0x1 boot options on this system.
Information,11/20/2021 6:18:41 PM,Microsoft-Windows-Kernel-Boot,27,-33,The boot type was 0x1.
Information,11/20/2021 6:18:41 PM,Microsoft-Windows-Kernel-Boot,25,-32,The boot menu policy was 0x1.
Information,11/20/2021 6:18:41 PM,Microsoft-Windows-Kernel-Boot,30,-21,The firmware reported boot metrics.
Error,11/20/2021 6:18:41 PM,iaStorA,4102,None,Error log: Smart event occured on disk :X6GJEAPFS  
Information,11/20/2021 6:18:40 PM,Microsoft-Windows-Kernel-General,1,-5,"The system time has changed to 2021-11-20T12:18:40.500000000Z from 2021-11-19T19:28:36.642551900Z.

Change Reason: System time synchronized with the hardware clock.
Process: '' (PID 4)."
Information,11/20/2021 1:28:36 AM,Microsoft-Windows-Kernel-Power,107,-102,The system has resumed from sleep.
Information,11/20/2021 6:18:42 PM,EventLog,6013,None,The system uptime is 106754 seconds.
Information,11/20/2021 1:28:34 AM,Microsoft-Windows-Kernel-Power,42,-64,"The system is entering sleep.

Sleep Reason: Application API"
Information,11/20/2021 1:28:34 AM,Microsoft-Windows-Kernel-Power,187,-243,User-mode process attempted to change the system state by calling SetSuspendState or SetSystemPowerState APIs.
Information,11/20/2021 1:28:32 AM,Microsoft-Windows-Winlogon,7002,-1102,User Logoff Notification for Customer Experience Improvement Program
Error,11/20/2021 1:28:32 AM,Microsoft-Windows-DistributedCOM,10010,None,The server {9BA05972-F6A8-11CF-A442-00A0C90A8F39} did not register with DCOM within the required timeout.
Warning,11/20/2021 12:55:09 AM,Microsoft-Windows-DNS-Client,1014,-1014,Name resolution for the name play.google.com timed out after none of the configured DNS servers responded.
Warning,11/20/2021 12:11:45 AM,Microsoft-Windows-DNS-Client,1014,-1014,Name resolution for the name i.ytimg.com timed out after none of the configured DNS servers responded.
Warning,11/19/2021 11:48:30 PM,Microsoft-Windows-DNS-Client,1014,-1014,Name resolution for the name management.azure.com timed out after none of the configured DNS servers responded.
Warning,11/19/2021 11:13:59 PM,Microsoft-Windows-DNS-Client,1014,-1014,Name resolution for the name static.asm.skype.com timed out after none of the configured DNS servers responded.
Warning,11/19/2021 10:56:30 PM,Microsoft-Windows-DNS-Client,1014,-1014,Name resolution for the name clientservices.googleapis.com timed out after none of the configured DNS servers responded.
Warning,11/19/2021 10:45:35 PM,Microsoft-Windows-DNS-Client,1014,-1014,Name resolution for the name r2---sn-i3belnll.googlevideo.com timed out after none of the configured DNS servers responded.
Warning,11/19/2021 10:38:45 PM,Microsoft-Windows-DNS-Client,1014,-1014,Name resolution for the name dc.services.visualstudio.com timed out after none of the configured DNS servers responded.
Information,11/19/2021 10:38:01 PM,Microsoft-Windows-Kernel-General,16,None,The access history in hive \??\C:\ProgramData\Microsoft\Provisioning\Microsoft-Desktop-Provisioning-Sequence.dat was cleared updating 0 keys and creating 0 modified pages.
Warning,11/19/2021 10:28:22 PM,Microsoft-Windows-DistributedCOM,10016,None,"The application-specific permission settings do not grant Local Activation permission for the COM Server application with CLSID 
{2593F8B9-4EAF-457C-B68A-50F6B8EA6B54}
 and APPID 
{15C20B67-12E7-4BB6-92BB-7AFF07997402}
 to the user SHOHID-PC\SHOHID SID (S-1-5-21-2091211461-3178656723-4261672445-1001) from address LocalHost (Using LRPC) running in the application container Microsoft.SkypeApp_15.78.159.0_x86__kzf8qxf38zg5c SID (Unavailable). This security permission can be modified using the Component Services administrative tool."
Warning,11/19/2021 10:19:33 PM,Microsoft-Windows-DNS-Client,1014,-1014,Name resolution for the name www.youtube.com timed out after none of the configured DNS servers responded.
Error,11/19/2021 9:59:47 PM,Microsoft-Windows-DistributedCOM,10010,None,The server Microsoft.SkypeApp_15.78.159.0_x86__kzf8qxf38zg5c!App.AppXtwmqn4em5r5dpafgj4t4yyxgjfe0hr50.mca did not register with DCOM within the required timeout.
Warning,11/19/2021 9:58:06 PM,Microsoft-Windows-DNS-Client,1014,-1014,Name resolution for the name r2---sn-30a7yn7r.googlevideo.com timed out after none of the configured DNS servers responded.
Warning,11/19/2021 9:56:19 PM,Microsoft-Windows-DistributedCOM,10016,None,"The application-specific permission settings do not grant Local Activation permission for the COM Server application with CLSID 
{2593F8B9-4EAF-457C-B68A-50F6B8EA6B54}
 and APPID 
{15C20B67-12E7-4BB6-92BB-7AFF07997402}
 to the user SHOHID-PC\SHOHID SID (S-1-5-21-2091211461-3178656723-4261672445-1001) from address LocalHost (Using LRPC) running in the application container Unavailable SID (Unavailable). This security permission can be modified using the Component Services administrative tool."
Warning,11/19/2021 9:56:04 PM,Microsoft-Windows-DistributedCOM,10016,None,"The machine-default permission settings do not grant Local Activation permission for the COM Server application with CLSID 
{C2F03A33-21F5-47FA-B4BB-156362A2F239}
 and APPID 
{316CDED5-E4AE-4B15-9113-7055D84DCC97}
 to the user SHOHID-PC\SHOHID SID (S-1-5-21-2091211461-3178656723-4261672445-1001) from address LocalHost (Using LRPC) running in the application container Microsoft.Windows.ShellExperienceHost_10.0.18362.1171_neutral_neutral_cw5n1h2txyewy SID (S-1-15-2-155514346-2573954481-755741238-1654018636-1233331829-3075935687-2861478708). This security permission can be modified using the Component Services administrative tool."
Error,11/19/2021 9:55:57 PM,Microsoft-Windows-DistributedCOM,10010,None,The server Microsoft.SkypeApp_15.78.159.0_x86__kzf8qxf38zg5c!App.AppXtwmqn4em5r5dpafgj4t4yyxgjfe0hr50.mca did not register with DCOM within the required timeout.
Information,11/19/2021 9:55:43 PM,Microsoft-Windows-Power-Troubleshooter,1,None,"The system has returned from a low power state.

Sleep Time: 2021-11-19T12:20:28.655559000Z
Wake Time: 2021-11-19T15:55:42.582330600Z

Wake Source: Unknown"
Information,11/19/2021 9:55:42 PM,Microsoft-Windows-Winlogon,7001,-1101,User Logon Notification for Customer Experience Improvement Program
Information,11/19/2021 9:55:41 PM,Microsoft-Windows-Kernel-Boot,32,-58,The bootmgr spent 0 ms waiting for user input.
Information,11/19/2021 9:55:41 PM,Microsoft-Windows-Kernel-Boot,18,-57,There are 0x1 boot options on this system.
Information,11/19/2021 9:55:41 PM,Microsoft-Windows-Kernel-Boot,27,-33,The boot type was 0x1.
Information,11/19/2021 9:55:41 PM,Microsoft-Windows-Kernel-Boot,25,-32,The boot menu policy was 0x1.
Information,11/19/2021 9:55:41 PM,Microsoft-Windows-Kernel-Boot,30,-21,The firmware reported boot metrics.
Error,11/19/2021 9:55:41 PM,iaStorA,4102,None,Error log: Smart event occured on disk :X6GJEAPFS  
Information,11/19/2021 9:55:40 PM,Microsoft-Windows-Kernel-General,1,-5,"The system time has changed to 2021-11-19T15:55:40.500000000Z from 2021-11-19T12:20:31.307445500Z.

Change Reason: System time synchronized with the hardware clock.
Process: '' (PID 4)."
Information,11/19/2021 6:20:31 PM,Microsoft-Windows-Kernel-Power,107,-102,The system has resumed from sleep.
Information,11/19/2021 6:20:29 PM,Microsoft-Windows-Kernel-Power,42,-64,"The system is entering sleep.

Sleep Reason: Application API"
Information,11/19/2021 6:20:28 PM,Microsoft-Windows-Kernel-Power,187,-243,User-mode process attempted to change the system state by calling SetSuspendState or SetSystemPowerState APIs.
Information,11/19/2021 6:20:27 PM,Microsoft-Windows-Winlogon,7002,-1102,User Logoff Notification for Customer Experience Improvement Program
Information,11/19/2021 6:20:24 PM,User32,1074,None,"The process C:\Windows\System32\RuntimeBroker.exe (SHOHID-PC) has initiated the power off of computer SHOHID-PC on behalf of user SHOHID-PC\SHOHID for the following reason: Other (Unplanned)
 Reason Code: 0x0
 Shutdown Type: power off
 Comment: "
Warning,11/19/2021 6:12:14 PM,Microsoft-Windows-DistributedCOM,10016,None,"The application-specific permission settings do not grant Local Activation permission for the COM Server application with CLSID 
{2593F8B9-4EAF-457C-B68A-50F6B8EA6B54}
 and APPID 
{15C20B67-12E7-4BB6-92BB-7AFF07997402}
 to the user SHOHID-PC\SHOHID SID (S-1-5-21-2091211461-3178656723-4261672445-1001) from address LocalHost (Using LRPC) running in the application container Unavailable SID (Unavailable). This security permission can be modified using the Component Services administrative tool."
Warning,11/19/2021 5:53:23 PM,Microsoft-Windows-DistributedCOM,10016,None,"The application-specific permission settings do not grant Local Activation permission for the COM Server application with CLSID 
{2593F8B9-4EAF-457C-B68A-50F6B8EA6B54}
 and APPID 
{15C20B67-12E7-4BB6-92BB-7AFF07997402}
 to the user SHOHID-PC\SHOHID SID (S-1-5-21-2091211461-3178656723-4261672445-1001) from address LocalHost (Using LRPC) running in the application container Unavailable SID (Unavailable). This security permission can be modified using the Component Services administrative tool."
Error,11/19/2021 2:09:01 PM,LsaSrv,6041,None,"A CredSSP authentication to TERMSRV/108.161.128.44 failed to negotiate a common protocol version.  The remote host offered version 3 which is not permitted by Encryption Oracle Remediation.

See https://go.microsoft.com/fwlink/?linkid=866660 for more information."
Warning,11/19/2021 1:39:31 PM,disk,52,None,The driver has detected that device \Device\Harddisk0\DR0 has predicted that it will fail. Immediately back up your data and replace your hard disk drive. A failure may be imminent.
Information,11/19/2021 1:35:25 PM,Microsoft-Windows-Kernel-General,16,None,The access history in hive \??\C:\Users\SHOHID\AppData\Local\Packages\microsoft.windows.photos_8wekyb3d8bbwe\AC\GEH\POF.dat was cleared updating 1 keys and creating 1 modified pages.
Information,11/19/2021 1:35:19 PM,Microsoft-Windows-Kernel-General,16,None,The access history in hive \??\C:\Users\SHOHID\AppData\Local\Packages\Microsoft.Windows.Photos_8wekyb3d8bbwe\Settings\settings.dat was cleared updating 29 keys and creating 11 modified pages.
Information,11/19/2021 1:35:16 PM,Microsoft-Windows-Kernel-General,16,None,The access history in hive \??\C:\ProgramData\Microsoft\Provisioning\Microsoft-Desktop-Provisioning-Sequence.dat was cleared updating 0 keys and creating 0 modified pages.
Error,11/19/2021 1:27:39 PM,Schannel,36882,None,"The certificate received from the remote server was issued by an untrusted certificate authority. Because of this, none of the data contained in the certificate can be validated. The TLS connection request has failed. The attached data contains the server certificate."
Error,11/19/2021 1:25:35 PM,Schannel,36882,None,"The certificate received from the remote server was issued by an untrusted certificate authority. Because of this, none of the data contained in the certificate can be validated. The TLS connection request has failed. The attached data contains the server certificate."
Error,11/19/2021 1:25:27 PM,Schannel,36882,None,"The certificate received from the remote server was issued by an untrusted certificate authority. Because of this, none of the data contained in the certificate can be validated. The TLS connection request has failed. The attached data contains the server certificate."
