Information,1/16/2022 1:13:56 AM,Microsoft-Windows-Ntfs,98,None,Volume C: (\Device\HarddiskVolume6) is healthy.  No action is needed.
Error,1/16/2022 1:13:52 AM,iaStorA,4102,None,Error log: Smart event occured on disk :X6GJEAPFS  
Information,1/16/2022 1:14:08 AM,EventLog,6013,None,The system uptime is 16 seconds.
Information,1/16/2022 1:14:08 AM,EventLog,6005,None,The Event log service was started.
Information,1/16/2022 1:14:08 AM,EventLog,6009,None,Microsoft (R) Windows (R) 10.00. 18363 Service Pack 1 Multiprocessor Free.
Error,1/16/2022 1:14:08 AM,EventLog,6008,None,The previous system shutdown at 11:40:20 PM on 1/15/2022 was unexpected.
Information,1/16/2022 1:13:52 AM,Microsoft-Windows-FilterManager,6,None,"File System Filter 'WdFilter' (10.0, 2018-11-12T17:12:11.000000000Z) has successfully loaded and registered with Filter Manager."
Information,1/16/2022 1:13:52 AM,Microsoft-Windows-FilterManager,6,None,"File System Filter 'Wof' (10.0, 2045-05-29T21:42:55.000000000Z) has successfully loaded and registered with Filter Manager."
Information,1/16/2022 1:13:52 AM,Microsoft-Windows-FilterManager,6,None,"File System Filter 'FileInfo' (10.0, 1989-07-13T07:15:12.000000000Z) has successfully loaded and registered with Filter Manager."
Information,1/16/2022 1:13:52 AM,Microsoft-Windows-Kernel-General,20,-6,"The leap second configuration has been updated.
Reason: Leap second data initialized from registry during boot
Leap seconds enabled: true
New leap second count: 0
Old leap second count: 0"
Information,1/16/2022 1:13:52 AM,Microsoft-Windows-Kernel-Boot,30,-21,The firmware reported boot metrics.
Information,1/16/2022 1:13:52 AM,Microsoft-Windows-Kernel-Boot,32,-58,The bootmgr spent 0 ms waiting for user input.
Information,1/16/2022 1:13:52 AM,Microsoft-Windows-Kernel-Boot,18,-57,There are 0x1 boot options on this system.
Information,1/16/2022 1:13:52 AM,Microsoft-Windows-Kernel-Boot,27,-33,The boot type was 0x0.
Information,1/16/2022 1:13:52 AM,Microsoft-Windows-Kernel-Boot,25,-32,The boot menu policy was 0x1.
Information,1/16/2022 1:13:52 AM,Microsoft-Windows-Kernel-Boot,20,-31,The last shutdown's success status was false. The last boot's success status was true.
Information,1/16/2022 1:13:52 AM,Microsoft-Windows-Kernel-Boot,153,-62,Virtualization-based security (policies: 0) is disabled.
Information,1/16/2022 1:13:52 AM,Microsoft-Windows-Kernel-General,12,-1,The operating system started at system time 2022-01-15T19:13:51.500000000Z.
Information,1/16/2022 12:03:45 AM,Microsoft-Windows-Kernel-Power,42,-64,"The system is entering sleep.

Sleep Reason: Application API"
Information,1/16/2022 12:03:44 AM,Microsoft-Windows-Kernel-Power,187,-243,User-mode process attempted to change the system state by calling SetSuspendState or SetSystemPowerState APIs.
Information,1/16/2022 12:03:43 AM,Microsoft-Windows-Winlogon,7002,-1102,User Logoff Notification for Customer Experience Improvement Program
Warning,1/15/2022 10:49:40 PM,Microsoft-Windows-DistributedCOM,10016,None,"The application-specific permission settings do not grant Local Activation permission for the COM Server application with CLSID 
{2593F8B9-4EAF-457C-B68A-50F6B8EA6B54}
 and APPID 
{15C20B67-12E7-4BB6-92BB-7AFF07997402}
 to the user SHOHID-PC\SHOHID SID (S-1-5-21-2091211461-3178656723-4261672445-1001) from address LocalHost (Using LRPC) running in the application container Unavailable SID (Unavailable). This security permission can be modified using the Component Services administrative tool."
Warning,1/15/2022 10:40:03 PM,Microsoft-Windows-DistributedCOM,10016,None,"The application-specific permission settings do not grant Local Activation permission for the COM Server application with CLSID 
{2593F8B9-4EAF-457C-B68A-50F6B8EA6B54}
 and APPID 
{15C20B67-12E7-4BB6-92BB-7AFF07997402}
 to the user SHOHID-PC\SHOHID SID (S-1-5-21-2091211461-3178656723-4261672445-1001) from address LocalHost (Using LRPC) running in the application container Unavailable SID (Unavailable). This security permission can be modified using the Component Services administrative tool."
Warning,1/15/2022 9:00:00 PM,Microsoft-Windows-DistributedCOM,10016,None,"The machine-default permission settings do not grant Local Activation permission for the COM Server application with CLSID 
{C2F03A33-21F5-47FA-B4BB-156362A2F239}
 and APPID 
{316CDED5-E4AE-4B15-9113-7055D84DCC97}
 to the user SHOHID-PC\SHOHID SID (S-1-5-21-2091211461-3178656723-4261672445-1001) from address LocalHost (Using LRPC) running in the application container Microsoft.Windows.ShellExperienceHost_10.0.18362.1171_neutral_neutral_cw5n1h2txyewy SID (S-1-15-2-155514346-2573954481-755741238-1654018636-1233331829-3075935687-2861478708). This security permission can be modified using the Component Services administrative tool."
Error,1/15/2022 8:21:49 PM,Microsoft-Windows-DistributedCOM,10010,None,The server Microsoft.SkypeApp_15.79.95.0_x86__kzf8qxf38zg5c!App.AppXtwmqn4em5r5dpafgj4t4yyxgjfe0hr50.mca did not register with DCOM within the required timeout.
Information,1/15/2022 8:12:03 PM,Volsnap,33,None,The oldest shadow copy of volume C: was deleted to keep disk space usage for shadow copies of volume C: below the user defined limit.
Information,1/15/2022 2:21:27 PM,Microsoft-Windows-Kernel-General,15,None,Hive \SystemRoot\System32\config\DRIVERS was reorganized with a starting size of 13873152 bytes and an ending size of 13860864 bytes.
Information,1/15/2022 2:21:22 PM,Service Control Manager,7040,None,The start type of the Windows Modules Installer service was changed from auto start to demand start.
Information,1/15/2022 2:20:55 PM,Service Control Manager,7040,None,The start type of the Windows Modules Installer service was changed from demand start to auto start.
Information,1/15/2022 12:46:26 PM,Service Control Manager,7045,None,"A service was installed in the system.

Service Name:  MpKsl237625cc
Service File Name:  C:\ProgramData\Microsoft\Windows Defender\Definition Updates\{C94E4BC5-EE48-4777-A905-22CE1B9E149C}\MpKslDrv.sys
Service Type:  kernel mode driver
Service Start Type:  demand start
Service Account:  "
Information,1/15/2022 12:46:02 PM,Microsoft-Windows-Kernel-General,16,None,The access history in hive \??\C:\ProgramData\Microsoft\Provisioning\Microsoft-Desktop-Provisioning-Sequence.dat was cleared updating 0 keys and creating 0 modified pages.
Information,1/15/2022 12:45:54 PM,Microsoft-Windows-Kernel-General,1,-5,"The system time has changed to 2022-01-15T06:45:54.740705400Z from 2022-01-15T06:45:54.740393900Z.

Change Reason: An application or system component changed the time.
Process: '\Device\HarddiskVolume6\Windows\System32\svchost.exe' (PID 23324)."
Information,1/15/2022 12:45:54 PM,Microsoft-Windows-Kernel-General,1,-5,"The system time has changed to 2022-01-15T06:45:54.728569600Z from 2022-01-15T06:45:54.728434700Z.

Change Reason: An application or system component changed the time.
Process: '\Device\HarddiskVolume6\Windows\System32\svchost.exe' (PID 23324)."
Information,1/15/2022 12:45:54 PM,Microsoft-Windows-Time-Service,35,None,"The time service is now synchronizing the system time with the time source time.windows.com,0x9 (ntp.m|0x9|0.0.0.0:123->40.81.94.65:123) with reference id 1096700200. Current local stratum number is 4."
Information,1/15/2022 12:45:54 PM,Microsoft-Windows-Kernel-General,1,-5,"The system time has changed to 2022-01-15T06:45:54.727676200Z from 2022-01-15T06:45:51.620404500Z.

Change Reason: An application or system component changed the time.
Process: '\Device\HarddiskVolume6\Windows\System32\svchost.exe' (PID 23324)."
Information,1/15/2022 12:45:41 PM,Microsoft-Windows-Kernel-General,16,None,The access history in hive \??\C:\Users\SHOHID\AppData\Local\Packages\appleinc.itunes_nzyj5cx40ttqa\Settings\settings.dat was cleared updating 2 keys and creating 1 modified pages.
Information,1/15/2022 12:45:37 PM,Microsoft-Windows-Time-Service,37,None,"The time provider NtpClient is currently receiving valid time data from time.windows.com,0x9 (ntp.m|0x9|0.0.0.0:123->40.81.94.65:123)."
Information,1/15/2022 12:45:35 PM,Microsoft-Windows-Time-Service,158,None,The time provider 'VMICTimeProvider' has indicated that the current hardware and operating environment is not supported and has stopped. This behavior is expected for VMICTimeProvider on non-HyperV-guest environments. This may be the expected behavior for the current provider in the current operating environment as well.
Information,1/15/2022 12:00:00 PM,EventLog,6013,None,The system uptime is 58262 seconds.
Warning,1/15/2022 11:46:33 AM,Microsoft-Windows-DistributedCOM,10016,None,"The application-specific permission settings do not grant Local Activation permission for the COM Server application with CLSID 
{2593F8B9-4EAF-457C-B68A-50F6B8EA6B54}
 and APPID 
{15C20B67-12E7-4BB6-92BB-7AFF07997402}
 to the user SHOHID-PC\SHOHID SID (S-1-5-21-2091211461-3178656723-4261672445-1001) from address LocalHost (Using LRPC) running in the application container Microsoft.SkypeApp_15.79.95.0_x86__kzf8qxf38zg5c SID (Unavailable). This security permission can be modified using the Component Services administrative tool."
Error,1/15/2022 11:12:47 AM,Microsoft-Windows-DistributedCOM,10010,None,The server Microsoft.SkypeApp_15.79.95.0_x86__kzf8qxf38zg5c!App.AppXtwmqn4em5r5dpafgj4t4yyxgjfe0hr50.mca did not register with DCOM within the required timeout.
Error,1/15/2022 11:08:59 AM,Microsoft-Windows-DistributedCOM,10010,None,The server Microsoft.SkypeApp_15.79.95.0_x86__kzf8qxf38zg5c!App.AppXtwmqn4em5r5dpafgj4t4yyxgjfe0hr50.mca did not register with DCOM within the required timeout.
Information,1/15/2022 11:08:46 AM,Microsoft-Windows-Power-Troubleshooter,1,None,"The system has returned from a low power state.

Sleep Time: 2022-01-14T22:02:12.057786200Z
Wake Time: 2022-01-15T05:08:44.465548800Z

Wake Source: Unknown"
Information,1/15/2022 11:08:46 AM,Microsoft-Windows-Winlogon,7001,-1101,User Logon Notification for Customer Experience Improvement Program
Information,1/15/2022 11:08:44 AM,Microsoft-Windows-Kernel-Boot,32,-58,The bootmgr spent 0 ms waiting for user input.
Information,1/15/2022 11:08:44 AM,Microsoft-Windows-Kernel-Boot,18,-57,There are 0x1 boot options on this system.
Information,1/15/2022 11:08:44 AM,Microsoft-Windows-Kernel-Boot,27,-33,The boot type was 0x1.
Information,1/15/2022 11:08:44 AM,Microsoft-Windows-Kernel-Boot,25,-32,The boot menu policy was 0x1.
Information,1/15/2022 11:08:44 AM,Microsoft-Windows-Kernel-Boot,30,-21,The firmware reported boot metrics.
Error,1/15/2022 11:08:44 AM,iaStorA,4102,None,Error log: Smart event occured on disk :X6GJEAPFS  
Information,1/15/2022 11:08:43 AM,Microsoft-Windows-Kernel-General,1,-5,"The system time has changed to 2022-01-15T05:08:43.500000000Z from 2022-01-14T22:02:22.076111100Z.

Change Reason: System time synchronized with the hardware clock.
Process: '' (PID 4)."
Information,1/15/2022 4:02:22 AM,Microsoft-Windows-Kernel-Power,107,-102,The system has resumed from sleep.
Information,1/15/2022 4:02:12 AM,Microsoft-Windows-Kernel-Power,42,-64,"The system is entering sleep.

Sleep Reason: Application API"
Information,1/15/2022 4:02:12 AM,Microsoft-Windows-Kernel-Power,187,-243,User-mode process attempted to change the system state by calling SetSuspendState or SetSystemPowerState APIs.
Information,1/15/2022 4:02:11 AM,Microsoft-Windows-Winlogon,7002,-1102,User Logoff Notification for Customer Experience Improvement Program
Warning,1/15/2022 3:59:56 AM,Microsoft-Windows-DistributedCOM,10016,None,"The application-specific permission settings do not grant Local Activation permission for the COM Server application with CLSID 
{2593F8B9-4EAF-457C-B68A-50F6B8EA6B54}
 and APPID 
{15C20B67-12E7-4BB6-92BB-7AFF07997402}
 to the user SHOHID-PC\SHOHID SID (S-1-5-21-2091211461-3178656723-4261672445-1001) from address LocalHost (Using LRPC) running in the application container Unavailable SID (Unavailable). This security permission can be modified using the Component Services administrative tool."
Warning,1/15/2022 3:58:58 AM,Microsoft-Windows-DistributedCOM,10016,None,"The application-specific permission settings do not grant Local Activation permission for the COM Server application with CLSID 
{2593F8B9-4EAF-457C-B68A-50F6B8EA6B54}
 and APPID 
{15C20B67-12E7-4BB6-92BB-7AFF07997402}
 to the user SHOHID-PC\SHOHID SID (S-1-5-21-2091211461-3178656723-4261672445-1001) from address LocalHost (Using LRPC) running in the application container Unavailable SID (Unavailable). This security permission can be modified using the Component Services administrative tool."
Warning,1/15/2022 3:55:50 AM,Microsoft-Windows-DistributedCOM,10016,None,"The application-specific permission settings do not grant Local Activation permission for the COM Server application with CLSID 
{2593F8B9-4EAF-457C-B68A-50F6B8EA6B54}
 and APPID 
{15C20B67-12E7-4BB6-92BB-7AFF07997402}
 to the user SHOHID-PC\SHOHID SID (S-1-5-21-2091211461-3178656723-4261672445-1001) from address LocalHost (Using LRPC) running in the application container Unavailable SID (Unavailable). This security permission can be modified using the Component Services administrative tool."
Warning,1/15/2022 3:30:17 AM,Microsoft-Windows-DNS-Client,1014,-1014,Name resolution for the name content-autofill.googleapis.com timed out after none of the configured DNS servers responded.
Information,1/15/2022 2:54:07 AM,Microsoft-Windows-HttpEvent,15007,None,Reservation for namespace identified by URL prefix http://+:15099/ was successfully added.
Information,1/15/2022 2:54:07 AM,Microsoft-Windows-HttpEvent,15008,None,Reservation for namespace identified by URL prefix http://+:15099/ was successfully deleted.
Warning,1/15/2022 2:25:41 AM,Microsoft-Windows-HttpEvent,15301,None,SSL Certificate Settings created by an admin process for endpoint : 0.0.0.0:44399 .
Warning,1/15/2022 2:25:41 AM,Microsoft-Windows-HttpEvent,15301,None,SSL Certificate Settings created by an admin process for endpoint : 0.0.0.0:44398 .
Warning,1/15/2022 2:25:41 AM,Microsoft-Windows-HttpEvent,15301,None,SSL Certificate Settings created by an admin process for endpoint : 0.0.0.0:44397 .
Warning,1/15/2022 2:25:41 AM,Microsoft-Windows-HttpEvent,15301,None,SSL Certificate Settings created by an admin process for endpoint : 0.0.0.0:44396 .
Warning,1/15/2022 2:25:41 AM,Microsoft-Windows-HttpEvent,15301,None,SSL Certificate Settings created by an admin process for endpoint : 0.0.0.0:44395 .
Warning,1/15/2022 2:25:41 AM,Microsoft-Windows-HttpEvent,15301,None,SSL Certificate Settings created by an admin process for endpoint : 0.0.0.0:44394 .
Warning,1/15/2022 2:25:41 AM,Microsoft-Windows-HttpEvent,15301,None,SSL Certificate Settings created by an admin process for endpoint : 0.0.0.0:44393 .
Warning,1/15/2022 2:25:41 AM,Microsoft-Windows-HttpEvent,15301,None,SSL Certificate Settings created by an admin process for endpoint : 0.0.0.0:44392 .
Warning,1/15/2022 2:25:41 AM,Microsoft-Windows-HttpEvent,15301,None,SSL Certificate Settings created by an admin process for endpoint : 0.0.0.0:44391 .
Warning,1/15/2022 2:25:41 AM,Microsoft-Windows-HttpEvent,15301,None,SSL Certificate Settings created by an admin process for endpoint : 0.0.0.0:44390 .
Warning,1/15/2022 2:25:41 AM,Microsoft-Windows-HttpEvent,15301,None,SSL Certificate Settings created by an admin process for endpoint : 0.0.0.0:44389 .
Warning,1/15/2022 2:25:41 AM,Microsoft-Windows-HttpEvent,15301,None,SSL Certificate Settings created by an admin process for endpoint : 0.0.0.0:44388 .
Warning,1/15/2022 2:25:41 AM,Microsoft-Windows-HttpEvent,15301,None,SSL Certificate Settings created by an admin process for endpoint : 0.0.0.0:44387 .
Warning,1/15/2022 2:25:41 AM,Microsoft-Windows-HttpEvent,15301,None,SSL Certificate Settings created by an admin process for endpoint : 0.0.0.0:44386 .
Warning,1/15/2022 2:25:41 AM,Microsoft-Windows-HttpEvent,15301,None,SSL Certificate Settings created by an admin process for endpoint : 0.0.0.0:44385 .
Warning,1/15/2022 2:25:41 AM,Microsoft-Windows-HttpEvent,15301,None,SSL Certificate Settings created by an admin process for endpoint : 0.0.0.0:44384 .
Warning,1/15/2022 2:25:41 AM,Microsoft-Windows-HttpEvent,15301,None,SSL Certificate Settings created by an admin process for endpoint : 0.0.0.0:44383 .
Warning,1/15/2022 2:25:41 AM,Microsoft-Windows-HttpEvent,15301,None,SSL Certificate Settings created by an admin process for endpoint : 0.0.0.0:44382 .
Warning,1/15/2022 2:25:41 AM,Microsoft-Windows-HttpEvent,15301,None,SSL Certificate Settings created by an admin process for endpoint : 0.0.0.0:44381 .
Warning,1/15/2022 2:25:41 AM,Microsoft-Windows-HttpEvent,15301,None,SSL Certificate Settings created by an admin process for endpoint : 0.0.0.0:44380 .
Warning,1/15/2022 2:25:41 AM,Microsoft-Windows-HttpEvent,15301,None,SSL Certificate Settings created by an admin process for endpoint : 0.0.0.0:44379 .
Warning,1/15/2022 2:25:41 AM,Microsoft-Windows-HttpEvent,15301,None,SSL Certificate Settings created by an admin process for endpoint : 0.0.0.0:44378 .
Warning,1/15/2022 2:25:41 AM,Microsoft-Windows-HttpEvent,15301,None,SSL Certificate Settings created by an admin process for endpoint : 0.0.0.0:44377 .
Warning,1/15/2022 2:25:41 AM,Microsoft-Windows-HttpEvent,15301,None,SSL Certificate Settings created by an admin process for endpoint : 0.0.0.0:44376 .
Warning,1/15/2022 2:25:41 AM,Microsoft-Windows-HttpEvent,15301,None,SSL Certificate Settings created by an admin process for endpoint : 0.0.0.0:44375 .
Warning,1/15/2022 2:25:41 AM,Microsoft-Windows-HttpEvent,15301,None,SSL Certificate Settings created by an admin process for endpoint : 0.0.0.0:44374 .
Warning,1/15/2022 2:25:41 AM,Microsoft-Windows-HttpEvent,15301,None,SSL Certificate Settings created by an admin process for endpoint : 0.0.0.0:44373 .
Warning,1/15/2022 2:25:41 AM,Microsoft-Windows-HttpEvent,15301,None,SSL Certificate Settings created by an admin process for endpoint : 0.0.0.0:44372 .
Warning,1/15/2022 2:25:41 AM,Microsoft-Windows-HttpEvent,15301,None,SSL Certificate Settings created by an admin process for endpoint : 0.0.0.0:44371 .
Warning,1/15/2022 2:25:41 AM,Microsoft-Windows-HttpEvent,15301,None,SSL Certificate Settings created by an admin process for endpoint : 0.0.0.0:44370 .
Warning,1/15/2022 2:25:41 AM,Microsoft-Windows-HttpEvent,15301,None,SSL Certificate Settings created by an admin process for endpoint : 0.0.0.0:44369 .
Warning,1/15/2022 2:25:41 AM,Microsoft-Windows-HttpEvent,15301,None,SSL Certificate Settings created by an admin process for endpoint : 0.0.0.0:44368 .
Warning,1/15/2022 2:25:41 AM,Microsoft-Windows-HttpEvent,15301,None,SSL Certificate Settings created by an admin process for endpoint : 0.0.0.0:44367 .
Warning,1/15/2022 2:25:41 AM,Microsoft-Windows-HttpEvent,15301,None,SSL Certificate Settings created by an admin process for endpoint : 0.0.0.0:44366 .
Warning,1/15/2022 2:25:41 AM,Microsoft-Windows-HttpEvent,15301,None,SSL Certificate Settings created by an admin process for endpoint : 0.0.0.0:44365 .
Warning,1/15/2022 2:25:41 AM,Microsoft-Windows-HttpEvent,15301,None,SSL Certificate Settings created by an admin process for endpoint : 0.0.0.0:44364 .
Warning,1/15/2022 2:25:41 AM,Microsoft-Windows-HttpEvent,15301,None,SSL Certificate Settings created by an admin process for endpoint : 0.0.0.0:44363 .
Warning,1/15/2022 2:25:41 AM,Microsoft-Windows-HttpEvent,15301,None,SSL Certificate Settings created by an admin process for endpoint : 0.0.0.0:44362 .
Warning,1/15/2022 2:25:41 AM,Microsoft-Windows-HttpEvent,15301,None,SSL Certificate Settings created by an admin process for endpoint : 0.0.0.0:44361 .
Warning,1/15/2022 2:25:41 AM,Microsoft-Windows-HttpEvent,15301,None,SSL Certificate Settings created by an admin process for endpoint : 0.0.0.0:44360 .
Warning,1/15/2022 2:25:41 AM,Microsoft-Windows-HttpEvent,15301,None,SSL Certificate Settings created by an admin process for endpoint : 0.0.0.0:44359 .
Warning,1/15/2022 2:25:41 AM,Microsoft-Windows-HttpEvent,15301,None,SSL Certificate Settings created by an admin process for endpoint : 0.0.0.0:44358 .
Warning,1/15/2022 2:25:41 AM,Microsoft-Windows-HttpEvent,15301,None,SSL Certificate Settings created by an admin process for endpoint : 0.0.0.0:44357 .
Warning,1/15/2022 2:25:41 AM,Microsoft-Windows-HttpEvent,15301,None,SSL Certificate Settings created by an admin process for endpoint : 0.0.0.0:44356 .
Warning,1/15/2022 2:25:41 AM,Microsoft-Windows-HttpEvent,15301,None,SSL Certificate Settings created by an admin process for endpoint : 0.0.0.0:44355 .
Warning,1/15/2022 2:25:41 AM,Microsoft-Windows-HttpEvent,15301,None,SSL Certificate Settings created by an admin process for endpoint : 0.0.0.0:44354 .
Warning,1/15/2022 2:25:41 AM,Microsoft-Windows-HttpEvent,15301,None,SSL Certificate Settings created by an admin process for endpoint : 0.0.0.0:44353 .
Warning,1/15/2022 2:25:41 AM,Microsoft-Windows-HttpEvent,15301,None,SSL Certificate Settings created by an admin process for endpoint : 0.0.0.0:44352 .
Warning,1/15/2022 2:25:41 AM,Microsoft-Windows-HttpEvent,15301,None,SSL Certificate Settings created by an admin process for endpoint : 0.0.0.0:44351 .
Warning,1/15/2022 2:25:41 AM,Microsoft-Windows-HttpEvent,15301,None,SSL Certificate Settings created by an admin process for endpoint : 0.0.0.0:44350 .
Warning,1/15/2022 2:25:41 AM,Microsoft-Windows-HttpEvent,15301,None,SSL Certificate Settings created by an admin process for endpoint : 0.0.0.0:44349 .
Warning,1/15/2022 2:25:41 AM,Microsoft-Windows-HttpEvent,15301,None,SSL Certificate Settings created by an admin process for endpoint : 0.0.0.0:44348 .
Warning,1/15/2022 2:25:41 AM,Microsoft-Windows-HttpEvent,15301,None,SSL Certificate Settings created by an admin process for endpoint : 0.0.0.0:44347 .
Warning,1/15/2022 2:25:41 AM,Microsoft-Windows-HttpEvent,15301,None,SSL Certificate Settings created by an admin process for endpoint : 0.0.0.0:44346 .
Warning,1/15/2022 2:25:41 AM,Microsoft-Windows-HttpEvent,15301,None,SSL Certificate Settings created by an admin process for endpoint : 0.0.0.0:44345 .
Warning,1/15/2022 2:25:41 AM,Microsoft-Windows-HttpEvent,15301,None,SSL Certificate Settings created by an admin process for endpoint : 0.0.0.0:44344 .
Warning,1/15/2022 2:25:41 AM,Microsoft-Windows-HttpEvent,15301,None,SSL Certificate Settings created by an admin process for endpoint : 0.0.0.0:44343 .
Warning,1/15/2022 2:25:41 AM,Microsoft-Windows-HttpEvent,15301,None,SSL Certificate Settings created by an admin process for endpoint : 0.0.0.0:44342 .
Warning,1/15/2022 2:25:41 AM,Microsoft-Windows-HttpEvent,15301,None,SSL Certificate Settings created by an admin process for endpoint : 0.0.0.0:44341 .
Warning,1/15/2022 2:25:41 AM,Microsoft-Windows-HttpEvent,15301,None,SSL Certificate Settings created by an admin process for endpoint : 0.0.0.0:44340 .
Warning,1/15/2022 2:25:41 AM,Microsoft-Windows-HttpEvent,15301,None,SSL Certificate Settings created by an admin process for endpoint : 0.0.0.0:44339 .
Warning,1/15/2022 2:25:40 AM,Microsoft-Windows-HttpEvent,15301,None,SSL Certificate Settings created by an admin process for endpoint : 0.0.0.0:44338 .
Warning,1/15/2022 2:25:40 AM,Microsoft-Windows-HttpEvent,15301,None,SSL Certificate Settings created by an admin process for endpoint : 0.0.0.0:44337 .
Warning,1/15/2022 2:25:40 AM,Microsoft-Windows-HttpEvent,15301,None,SSL Certificate Settings created by an admin process for endpoint : 0.0.0.0:44336 .
Warning,1/15/2022 2:25:40 AM,Microsoft-Windows-HttpEvent,15301,None,SSL Certificate Settings created by an admin process for endpoint : 0.0.0.0:44335 .
Warning,1/15/2022 2:25:40 AM,Microsoft-Windows-HttpEvent,15301,None,SSL Certificate Settings created by an admin process for endpoint : 0.0.0.0:44334 .
Warning,1/15/2022 2:25:40 AM,Microsoft-Windows-HttpEvent,15301,None,SSL Certificate Settings created by an admin process for endpoint : 0.0.0.0:44333 .
Warning,1/15/2022 2:25:40 AM,Microsoft-Windows-HttpEvent,15301,None,SSL Certificate Settings created by an admin process for endpoint : 0.0.0.0:44332 .
Warning,1/15/2022 2:25:40 AM,Microsoft-Windows-HttpEvent,15301,None,SSL Certificate Settings created by an admin process for endpoint : 0.0.0.0:44331 .
Warning,1/15/2022 2:25:40 AM,Microsoft-Windows-HttpEvent,15301,None,SSL Certificate Settings created by an admin process for endpoint : 0.0.0.0:44330 .
Warning,1/15/2022 2:25:40 AM,Microsoft-Windows-HttpEvent,15301,None,SSL Certificate Settings created by an admin process for endpoint : 0.0.0.0:44329 .
Warning,1/15/2022 2:25:40 AM,Microsoft-Windows-HttpEvent,15301,None,SSL Certificate Settings created by an admin process for endpoint : 0.0.0.0:44328 .
Warning,1/15/2022 2:25:40 AM,Microsoft-Windows-HttpEvent,15301,None,SSL Certificate Settings created by an admin process for endpoint : 0.0.0.0:44327 .
Warning,1/15/2022 2:25:40 AM,Microsoft-Windows-HttpEvent,15301,None,SSL Certificate Settings created by an admin process for endpoint : 0.0.0.0:44326 .
Warning,1/15/2022 2:25:40 AM,Microsoft-Windows-HttpEvent,15301,None,SSL Certificate Settings created by an admin process for endpoint : 0.0.0.0:44325 .
Warning,1/15/2022 2:25:40 AM,Microsoft-Windows-HttpEvent,15301,None,SSL Certificate Settings created by an admin process for endpoint : 0.0.0.0:44324 .
Warning,1/15/2022 2:25:40 AM,Microsoft-Windows-HttpEvent,15301,None,SSL Certificate Settings created by an admin process for endpoint : 0.0.0.0:44323 .
Warning,1/15/2022 2:25:40 AM,Microsoft-Windows-HttpEvent,15301,None,SSL Certificate Settings created by an admin process for endpoint : 0.0.0.0:44322 .
Warning,1/15/2022 2:25:40 AM,Microsoft-Windows-HttpEvent,15301,None,SSL Certificate Settings created by an admin process for endpoint : 0.0.0.0:44321 .
Warning,1/15/2022 2:25:40 AM,Microsoft-Windows-HttpEvent,15301,None,SSL Certificate Settings created by an admin process for endpoint : 0.0.0.0:44320 .
Warning,1/15/2022 2:25:40 AM,Microsoft-Windows-HttpEvent,15301,None,SSL Certificate Settings created by an admin process for endpoint : 0.0.0.0:44319 .
Warning,1/15/2022 2:25:40 AM,Microsoft-Windows-HttpEvent,15301,None,SSL Certificate Settings created by an admin process for endpoint : 0.0.0.0:44318 .
Warning,1/15/2022 2:25:40 AM,Microsoft-Windows-HttpEvent,15301,None,SSL Certificate Settings created by an admin process for endpoint : 0.0.0.0:44317 .
Warning,1/15/2022 2:25:40 AM,Microsoft-Windows-HttpEvent,15301,None,SSL Certificate Settings created by an admin process for endpoint : 0.0.0.0:44316 .
Warning,1/15/2022 2:25:40 AM,Microsoft-Windows-HttpEvent,15301,None,SSL Certificate Settings created by an admin process for endpoint : 0.0.0.0:44315 .
Warning,1/15/2022 2:25:40 AM,Microsoft-Windows-HttpEvent,15301,None,SSL Certificate Settings created by an admin process for endpoint : 0.0.0.0:44314 .
Warning,1/15/2022 2:25:40 AM,Microsoft-Windows-HttpEvent,15301,None,SSL Certificate Settings created by an admin process for endpoint : 0.0.0.0:44313 .
Warning,1/15/2022 2:25:40 AM,Microsoft-Windows-HttpEvent,15301,None,SSL Certificate Settings created by an admin process for endpoint : 0.0.0.0:44312 .
Warning,1/15/2022 2:25:40 AM,Microsoft-Windows-HttpEvent,15301,None,SSL Certificate Settings created by an admin process for endpoint : 0.0.0.0:44311 .
Warning,1/15/2022 2:25:40 AM,Microsoft-Windows-HttpEvent,15301,None,SSL Certificate Settings created by an admin process for endpoint : 0.0.0.0:44310 .
Warning,1/15/2022 2:25:40 AM,Microsoft-Windows-HttpEvent,15301,None,SSL Certificate Settings created by an admin process for endpoint : 0.0.0.0:44309 .
Warning,1/15/2022 2:25:40 AM,Microsoft-Windows-HttpEvent,15301,None,SSL Certificate Settings created by an admin process for endpoint : 0.0.0.0:44308 .
Warning,1/15/2022 2:25:40 AM,Microsoft-Windows-HttpEvent,15301,None,SSL Certificate Settings created by an admin process for endpoint : 0.0.0.0:44307 .
Warning,1/15/2022 2:25:40 AM,Microsoft-Windows-HttpEvent,15301,None,SSL Certificate Settings created by an admin process for endpoint : 0.0.0.0:44306 .
Warning,1/15/2022 2:25:40 AM,Microsoft-Windows-HttpEvent,15301,None,SSL Certificate Settings created by an admin process for endpoint : 0.0.0.0:44305 .
Warning,1/15/2022 2:25:40 AM,Microsoft-Windows-HttpEvent,15301,None,SSL Certificate Settings created by an admin process for endpoint : 0.0.0.0:44304 .
Warning,1/15/2022 2:25:40 AM,Microsoft-Windows-HttpEvent,15301,None,SSL Certificate Settings created by an admin process for endpoint : 0.0.0.0:44303 .
Warning,1/15/2022 2:25:40 AM,Microsoft-Windows-HttpEvent,15301,None,SSL Certificate Settings created by an admin process for endpoint : 0.0.0.0:44302 .
Warning,1/15/2022 2:25:40 AM,Microsoft-Windows-HttpEvent,15301,None,SSL Certificate Settings created by an admin process for endpoint : 0.0.0.0:44301 .
Warning,1/15/2022 2:25:40 AM,Microsoft-Windows-HttpEvent,15301,None,SSL Certificate Settings created by an admin process for endpoint : 0.0.0.0:44300 .
Warning,1/15/2022 2:24:53 AM,Microsoft-Windows-HttpEvent,15300,None,SSL Certificate Settings deleted for endpoint : 0.0.0.0:44399 .
Warning,1/15/2022 2:24:53 AM,Microsoft-Windows-HttpEvent,15300,None,SSL Certificate Settings deleted for endpoint : 0.0.0.0:44398 .
Warning,1/15/2022 2:24:53 AM,Microsoft-Windows-HttpEvent,15300,None,SSL Certificate Settings deleted for endpoint : 0.0.0.0:44397 .
Warning,1/15/2022 2:24:53 AM,Microsoft-Windows-HttpEvent,15300,None,SSL Certificate Settings deleted for endpoint : 0.0.0.0:44396 .
Warning,1/15/2022 2:24:53 AM,Microsoft-Windows-HttpEvent,15300,None,SSL Certificate Settings deleted for endpoint : 0.0.0.0:44395 .
Warning,1/15/2022 2:24:53 AM,Microsoft-Windows-HttpEvent,15300,None,SSL Certificate Settings deleted for endpoint : 0.0.0.0:44394 .
Warning,1/15/2022 2:24:53 AM,Microsoft-Windows-HttpEvent,15300,None,SSL Certificate Settings deleted for endpoint : 0.0.0.0:44393 .
Warning,1/15/2022 2:24:53 AM,Microsoft-Windows-HttpEvent,15300,None,SSL Certificate Settings deleted for endpoint : 0.0.0.0:44392 .
Warning,1/15/2022 2:24:53 AM,Microsoft-Windows-HttpEvent,15300,None,SSL Certificate Settings deleted for endpoint : 0.0.0.0:44391 .
Warning,1/15/2022 2:24:53 AM,Microsoft-Windows-HttpEvent,15300,None,SSL Certificate Settings deleted for endpoint : 0.0.0.0:44390 .
Warning,1/15/2022 2:24:53 AM,Microsoft-Windows-HttpEvent,15300,None,SSL Certificate Settings deleted for endpoint : 0.0.0.0:44389 .
Warning,1/15/2022 2:24:53 AM,Microsoft-Windows-HttpEvent,15300,None,SSL Certificate Settings deleted for endpoint : 0.0.0.0:44388 .
Warning,1/15/2022 2:24:53 AM,Microsoft-Windows-HttpEvent,15300,None,SSL Certificate Settings deleted for endpoint : 0.0.0.0:44387 .
Warning,1/15/2022 2:24:53 AM,Microsoft-Windows-HttpEvent,15300,None,SSL Certificate Settings deleted for endpoint : 0.0.0.0:44386 .
Warning,1/15/2022 2:24:53 AM,Microsoft-Windows-HttpEvent,15300,None,SSL Certificate Settings deleted for endpoint : 0.0.0.0:44385 .
Warning,1/15/2022 2:24:53 AM,Microsoft-Windows-HttpEvent,15300,None,SSL Certificate Settings deleted for endpoint : 0.0.0.0:44384 .
Warning,1/15/2022 2:24:53 AM,Microsoft-Windows-HttpEvent,15300,None,SSL Certificate Settings deleted for endpoint : 0.0.0.0:44383 .
Warning,1/15/2022 2:24:53 AM,Microsoft-Windows-HttpEvent,15300,None,SSL Certificate Settings deleted for endpoint : 0.0.0.0:44382 .
Warning,1/15/2022 2:24:53 AM,Microsoft-Windows-HttpEvent,15300,None,SSL Certificate Settings deleted for endpoint : 0.0.0.0:44381 .
Warning,1/15/2022 2:24:53 AM,Microsoft-Windows-HttpEvent,15300,None,SSL Certificate Settings deleted for endpoint : 0.0.0.0:44380 .
Warning,1/15/2022 2:24:53 AM,Microsoft-Windows-HttpEvent,15300,None,SSL Certificate Settings deleted for endpoint : 0.0.0.0:44379 .
Warning,1/15/2022 2:24:53 AM,Microsoft-Windows-HttpEvent,15300,None,SSL Certificate Settings deleted for endpoint : 0.0.0.0:44378 .
Warning,1/15/2022 2:24:53 AM,Microsoft-Windows-HttpEvent,15300,None,SSL Certificate Settings deleted for endpoint : 0.0.0.0:44377 .
Warning,1/15/2022 2:24:53 AM,Microsoft-Windows-HttpEvent,15300,None,SSL Certificate Settings deleted for endpoint : 0.0.0.0:44376 .
Warning,1/15/2022 2:24:53 AM,Microsoft-Windows-HttpEvent,15300,None,SSL Certificate Settings deleted for endpoint : 0.0.0.0:44375 .
Warning,1/15/2022 2:24:53 AM,Microsoft-Windows-HttpEvent,15300,None,SSL Certificate Settings deleted for endpoint : 0.0.0.0:44374 .
Warning,1/15/2022 2:24:53 AM,Microsoft-Windows-HttpEvent,15300,None,SSL Certificate Settings deleted for endpoint : 0.0.0.0:44373 .
Warning,1/15/2022 2:24:53 AM,Microsoft-Windows-HttpEvent,15300,None,SSL Certificate Settings deleted for endpoint : 0.0.0.0:44372 .
Warning,1/15/2022 2:24:53 AM,Microsoft-Windows-HttpEvent,15300,None,SSL Certificate Settings deleted for endpoint : 0.0.0.0:44371 .
Warning,1/15/2022 2:24:53 AM,Microsoft-Windows-HttpEvent,15300,None,SSL Certificate Settings deleted for endpoint : 0.0.0.0:44370 .
Warning,1/15/2022 2:24:53 AM,Microsoft-Windows-HttpEvent,15300,None,SSL Certificate Settings deleted for endpoint : 0.0.0.0:44369 .
Warning,1/15/2022 2:24:53 AM,Microsoft-Windows-HttpEvent,15300,None,SSL Certificate Settings deleted for endpoint : 0.0.0.0:44368 .
Warning,1/15/2022 2:24:53 AM,Microsoft-Windows-HttpEvent,15300,None,SSL Certificate Settings deleted for endpoint : 0.0.0.0:44367 .
Warning,1/15/2022 2:24:53 AM,Microsoft-Windows-HttpEvent,15300,None,SSL Certificate Settings deleted for endpoint : 0.0.0.0:44366 .
Warning,1/15/2022 2:24:53 AM,Microsoft-Windows-HttpEvent,15300,None,SSL Certificate Settings deleted for endpoint : 0.0.0.0:44365 .
Warning,1/15/2022 2:24:53 AM,Microsoft-Windows-HttpEvent,15300,None,SSL Certificate Settings deleted for endpoint : 0.0.0.0:44364 .
Warning,1/15/2022 2:24:53 AM,Microsoft-Windows-HttpEvent,15300,None,SSL Certificate Settings deleted for endpoint : 0.0.0.0:44363 .
Warning,1/15/2022 2:24:53 AM,Microsoft-Windows-HttpEvent,15300,None,SSL Certificate Settings deleted for endpoint : 0.0.0.0:44362 .
Warning,1/15/2022 2:24:53 AM,Microsoft-Windows-HttpEvent,15300,None,SSL Certificate Settings deleted for endpoint : 0.0.0.0:44361 .
Warning,1/15/2022 2:24:53 AM,Microsoft-Windows-HttpEvent,15300,None,SSL Certificate Settings deleted for endpoint : 0.0.0.0:44360 .
Warning,1/15/2022 2:24:53 AM,Microsoft-Windows-HttpEvent,15300,None,SSL Certificate Settings deleted for endpoint : 0.0.0.0:44359 .
Warning,1/15/2022 2:24:53 AM,Microsoft-Windows-HttpEvent,15300,None,SSL Certificate Settings deleted for endpoint : 0.0.0.0:44358 .
Warning,1/15/2022 2:24:53 AM,Microsoft-Windows-HttpEvent,15300,None,SSL Certificate Settings deleted for endpoint : 0.0.0.0:44357 .
Warning,1/15/2022 2:24:53 AM,Microsoft-Windows-HttpEvent,15300,None,SSL Certificate Settings deleted for endpoint : 0.0.0.0:44356 .
Warning,1/15/2022 2:24:53 AM,Microsoft-Windows-HttpEvent,15300,None,SSL Certificate Settings deleted for endpoint : 0.0.0.0:44355 .
Warning,1/15/2022 2:24:53 AM,Microsoft-Windows-HttpEvent,15300,None,SSL Certificate Settings deleted for endpoint : 0.0.0.0:44354 .
Warning,1/15/2022 2:24:53 AM,Microsoft-Windows-HttpEvent,15300,None,SSL Certificate Settings deleted for endpoint : 0.0.0.0:44353 .
Warning,1/15/2022 2:24:53 AM,Microsoft-Windows-HttpEvent,15300,None,SSL Certificate Settings deleted for endpoint : 0.0.0.0:44352 .
Warning,1/15/2022 2:24:53 AM,Microsoft-Windows-HttpEvent,15300,None,SSL Certificate Settings deleted for endpoint : 0.0.0.0:44351 .
Warning,1/15/2022 2:24:53 AM,Microsoft-Windows-HttpEvent,15300,None,SSL Certificate Settings deleted for endpoint : 0.0.0.0:44350 .
Warning,1/15/2022 2:24:53 AM,Microsoft-Windows-HttpEvent,15300,None,SSL Certificate Settings deleted for endpoint : 0.0.0.0:44349 .
Warning,1/15/2022 2:24:53 AM,Microsoft-Windows-HttpEvent,15300,None,SSL Certificate Settings deleted for endpoint : 0.0.0.0:44348 .
Warning,1/15/2022 2:24:53 AM,Microsoft-Windows-HttpEvent,15300,None,SSL Certificate Settings deleted for endpoint : 0.0.0.0:44347 .
Warning,1/15/2022 2:24:53 AM,Microsoft-Windows-HttpEvent,15300,None,SSL Certificate Settings deleted for endpoint : 0.0.0.0:44346 .
Warning,1/15/2022 2:24:53 AM,Microsoft-Windows-HttpEvent,15300,None,SSL Certificate Settings deleted for endpoint : 0.0.0.0:44345 .
Warning,1/15/2022 2:24:53 AM,Microsoft-Windows-HttpEvent,15300,None,SSL Certificate Settings deleted for endpoint : 0.0.0.0:44344 .
Warning,1/15/2022 2:24:53 AM,Microsoft-Windows-HttpEvent,15300,None,SSL Certificate Settings deleted for endpoint : 0.0.0.0:44343 .
Warning,1/15/2022 2:24:53 AM,Microsoft-Windows-HttpEvent,15300,None,SSL Certificate Settings deleted for endpoint : 0.0.0.0:44342 .
Warning,1/15/2022 2:24:53 AM,Microsoft-Windows-HttpEvent,15300,None,SSL Certificate Settings deleted for endpoint : 0.0.0.0:44341 .
Warning,1/15/2022 2:24:53 AM,Microsoft-Windows-HttpEvent,15300,None,SSL Certificate Settings deleted for endpoint : 0.0.0.0:44340 .
Warning,1/15/2022 2:24:53 AM,Microsoft-Windows-HttpEvent,15300,None,SSL Certificate Settings deleted for endpoint : 0.0.0.0:44339 .
Warning,1/15/2022 2:24:53 AM,Microsoft-Windows-HttpEvent,15300,None,SSL Certificate Settings deleted for endpoint : 0.0.0.0:44338 .
Warning,1/15/2022 2:24:53 AM,Microsoft-Windows-HttpEvent,15300,None,SSL Certificate Settings deleted for endpoint : 0.0.0.0:44337 .
Warning,1/15/2022 2:24:53 AM,Microsoft-Windows-HttpEvent,15300,None,SSL Certificate Settings deleted for endpoint : 0.0.0.0:44336 .
Warning,1/15/2022 2:24:53 AM,Microsoft-Windows-HttpEvent,15300,None,SSL Certificate Settings deleted for endpoint : 0.0.0.0:44335 .
Warning,1/15/2022 2:24:53 AM,Microsoft-Windows-HttpEvent,15300,None,SSL Certificate Settings deleted for endpoint : 0.0.0.0:44334 .
Warning,1/15/2022 2:24:53 AM,Microsoft-Windows-HttpEvent,15300,None,SSL Certificate Settings deleted for endpoint : 0.0.0.0:44333 .
Warning,1/15/2022 2:24:53 AM,Microsoft-Windows-HttpEvent,15300,None,SSL Certificate Settings deleted for endpoint : 0.0.0.0:44332 .
Warning,1/15/2022 2:24:53 AM,Microsoft-Windows-HttpEvent,15300,None,SSL Certificate Settings deleted for endpoint : 0.0.0.0:44331 .
Warning,1/15/2022 2:24:53 AM,Microsoft-Windows-HttpEvent,15300,None,SSL Certificate Settings deleted for endpoint : 0.0.0.0:44330 .
Warning,1/15/2022 2:24:53 AM,Microsoft-Windows-HttpEvent,15300,None,SSL Certificate Settings deleted for endpoint : 0.0.0.0:44329 .
Warning,1/15/2022 2:24:53 AM,Microsoft-Windows-HttpEvent,15300,None,SSL Certificate Settings deleted for endpoint : 0.0.0.0:44328 .
Warning,1/15/2022 2:24:53 AM,Microsoft-Windows-HttpEvent,15300,None,SSL Certificate Settings deleted for endpoint : 0.0.0.0:44327 .
Warning,1/15/2022 2:24:53 AM,Microsoft-Windows-HttpEvent,15300,None,SSL Certificate Settings deleted for endpoint : 0.0.0.0:44326 .
Warning,1/15/2022 2:24:53 AM,Microsoft-Windows-HttpEvent,15300,None,SSL Certificate Settings deleted for endpoint : 0.0.0.0:44325 .
Warning,1/15/2022 2:24:53 AM,Microsoft-Windows-HttpEvent,15300,None,SSL Certificate Settings deleted for endpoint : 0.0.0.0:44324 .
Warning,1/15/2022 2:24:53 AM,Microsoft-Windows-HttpEvent,15300,None,SSL Certificate Settings deleted for endpoint : 0.0.0.0:44323 .
Warning,1/15/2022 2:24:53 AM,Microsoft-Windows-HttpEvent,15300,None,SSL Certificate Settings deleted for endpoint : 0.0.0.0:44322 .
Warning,1/15/2022 2:24:53 AM,Microsoft-Windows-HttpEvent,15300,None,SSL Certificate Settings deleted for endpoint : 0.0.0.0:44321 .
Warning,1/15/2022 2:24:53 AM,Microsoft-Windows-HttpEvent,15300,None,SSL Certificate Settings deleted for endpoint : 0.0.0.0:44320 .
Warning,1/15/2022 2:24:53 AM,Microsoft-Windows-HttpEvent,15300,None,SSL Certificate Settings deleted for endpoint : 0.0.0.0:44319 .
Warning,1/15/2022 2:24:53 AM,Microsoft-Windows-HttpEvent,15300,None,SSL Certificate Settings deleted for endpoint : 0.0.0.0:44318 .
Warning,1/15/2022 2:24:53 AM,Microsoft-Windows-HttpEvent,15300,None,SSL Certificate Settings deleted for endpoint : 0.0.0.0:44317 .
Warning,1/15/2022 2:24:53 AM,Microsoft-Windows-HttpEvent,15300,None,SSL Certificate Settings deleted for endpoint : 0.0.0.0:44316 .
Warning,1/15/2022 2:24:53 AM,Microsoft-Windows-HttpEvent,15300,None,SSL Certificate Settings deleted for endpoint : 0.0.0.0:44315 .
Warning,1/15/2022 2:24:53 AM,Microsoft-Windows-HttpEvent,15300,None,SSL Certificate Settings deleted for endpoint : 0.0.0.0:44314 .
Warning,1/15/2022 2:24:53 AM,Microsoft-Windows-HttpEvent,15300,None,SSL Certificate Settings deleted for endpoint : 0.0.0.0:44313 .
Warning,1/15/2022 2:24:53 AM,Microsoft-Windows-HttpEvent,15300,None,SSL Certificate Settings deleted for endpoint : 0.0.0.0:44312 .
Warning,1/15/2022 2:24:53 AM,Microsoft-Windows-HttpEvent,15300,None,SSL Certificate Settings deleted for endpoint : 0.0.0.0:44311 .
Warning,1/15/2022 2:24:53 AM,Microsoft-Windows-HttpEvent,15300,None,SSL Certificate Settings deleted for endpoint : 0.0.0.0:44310 .
Warning,1/15/2022 2:24:53 AM,Microsoft-Windows-HttpEvent,15300,None,SSL Certificate Settings deleted for endpoint : 0.0.0.0:44309 .
Warning,1/15/2022 2:24:53 AM,Microsoft-Windows-HttpEvent,15300,None,SSL Certificate Settings deleted for endpoint : 0.0.0.0:44308 .
Warning,1/15/2022 2:24:53 AM,Microsoft-Windows-HttpEvent,15300,None,SSL Certificate Settings deleted for endpoint : 0.0.0.0:44307 .
Warning,1/15/2022 2:24:53 AM,Microsoft-Windows-HttpEvent,15300,None,SSL Certificate Settings deleted for endpoint : 0.0.0.0:44306 .
Warning,1/15/2022 2:24:53 AM,Microsoft-Windows-HttpEvent,15300,None,SSL Certificate Settings deleted for endpoint : 0.0.0.0:44305 .
Warning,1/15/2022 2:24:53 AM,Microsoft-Windows-HttpEvent,15300,None,SSL Certificate Settings deleted for endpoint : 0.0.0.0:44304 .
Warning,1/15/2022 2:24:53 AM,Microsoft-Windows-HttpEvent,15300,None,SSL Certificate Settings deleted for endpoint : 0.0.0.0:44303 .
Warning,1/15/2022 2:24:53 AM,Microsoft-Windows-HttpEvent,15300,None,SSL Certificate Settings deleted for endpoint : 0.0.0.0:44302 .
Warning,1/15/2022 2:24:53 AM,Microsoft-Windows-HttpEvent,15300,None,SSL Certificate Settings deleted for endpoint : 0.0.0.0:44301 .
Warning,1/15/2022 2:24:53 AM,Microsoft-Windows-HttpEvent,15300,None,SSL Certificate Settings deleted for endpoint : 0.0.0.0:44300 .
Information,1/15/2022 2:23:16 AM,Service Control Manager,7040,None,The start type of the Windows Modules Installer service was changed from auto start to demand start.
Information,1/15/2022 2:23:15 AM,Microsoft-Windows-Ntfs,98,None,Volume ?? (\Device\HarddiskVolumeShadowCopy2) is healthy.  No action is needed.
Information,1/15/2022 2:23:14 AM,Microsoft-Windows-Kernel-General,16,None,The access history in hive \??\C:\WINDOWS\System32\SMI\Store\Machine\SCHEMA.DAT was cleared updating 1 keys and creating 1 modified pages.
Information,1/15/2022 2:22:57 AM,Service Control Manager,7040,None,The start type of the Windows Modules Installer service was changed from demand start to auto start.
Warning,1/15/2022 1:51:06 AM,Microsoft-Windows-DistributedCOM,10016,None,"The application-specific permission settings do not grant Local Activation permission for the COM Server application with CLSID 
{2593F8B9-4EAF-457C-B68A-50F6B8EA6B54}
 and APPID 
{15C20B67-12E7-4BB6-92BB-7AFF07997402}
 to the user SHOHID-PC\SHOHID SID (S-1-5-21-2091211461-3178656723-4261672445-1001) from address LocalHost (Using LRPC) running in the application container Unavailable SID (Unavailable). This security permission can be modified using the Component Services administrative tool."
Error,1/15/2022 1:04:31 AM,Microsoft-Windows-DistributedCOM,10010,None,The server Microsoft.SkypeApp_15.79.95.0_x86__kzf8qxf38zg5c!App.AppXtwmqn4em5r5dpafgj4t4yyxgjfe0hr50.mca did not register with DCOM within the required timeout.
Information,1/15/2022 1:04:16 AM,Microsoft-Windows-Winlogon,7001,-1101,User Logon Notification for Customer Experience Improvement Program
Information,1/15/2022 1:04:14 AM,Microsoft-Windows-Power-Troubleshooter,1,None,"The system has returned from a low power state.

Sleep Time: 2022-01-14T18:59:32.415183900Z
Wake Time: 2022-01-14T19:04:12.196617600Z

Wake Source: Unknown"
Error,1/15/2022 1:04:12 AM,iaStorA,4102,None,Error log: Smart event occured on disk :X6GJEAPFS  
Information,1/15/2022 1:04:12 AM,Microsoft-Windows-Kernel-Boot,32,-58,The bootmgr spent 0 ms waiting for user input.
Information,1/15/2022 1:04:12 AM,Microsoft-Windows-Kernel-Boot,18,-57,There are 0x1 boot options on this system.
Information,1/15/2022 1:04:12 AM,Microsoft-Windows-Kernel-Boot,27,-33,The boot type was 0x1.
Information,1/15/2022 1:04:12 AM,Microsoft-Windows-Kernel-Boot,25,-32,The boot menu policy was 0x1.
Information,1/15/2022 1:04:12 AM,Microsoft-Windows-Kernel-Boot,30,-21,The firmware reported boot metrics.
Information,1/15/2022 1:04:11 AM,Microsoft-Windows-Kernel-General,1,-5,"The system time has changed to 2022-01-14T19:04:11.500000000Z from 2022-01-14T18:59:36.239819000Z.

Change Reason: System time synchronized with the hardware clock.
Process: '' (PID 4)."
Information,1/15/2022 12:59:36 AM,Microsoft-Windows-Kernel-Power,107,-102,The system has resumed from sleep.
Information,1/15/2022 12:59:33 AM,Microsoft-Windows-Kernel-Power,42,-64,"The system is entering sleep.

Sleep Reason: Application API"
Information,1/15/2022 12:59:32 AM,Microsoft-Windows-Kernel-Power,187,-243,User-mode process attempted to change the system state by calling SetSuspendState or SetSystemPowerState APIs.
Information,1/15/2022 12:59:32 AM,Microsoft-Windows-Winlogon,7002,-1102,User Logoff Notification for Customer Experience Improvement Program
Error,1/15/2022 12:59:31 AM,Microsoft-Windows-DistributedCOM,10010,None,The server {9BA05972-F6A8-11CF-A442-00A0C90A8F39} did not register with DCOM within the required timeout.
Error,1/15/2022 12:59:31 AM,Microsoft-Windows-DistributedCOM,10010,None,The server {9BA05972-F6A8-11CF-A442-00A0C90A8F39} did not register with DCOM within the required timeout.
Information,1/15/2022 12:59:27 AM,User32,1074,None,"The process C:\Windows\System32\RuntimeBroker.exe (SHOHID-PC) has initiated the power off of computer SHOHID-PC on behalf of user SHOHID-PC\SHOHID for the following reason: Other (Unplanned)
 Reason Code: 0x0
 Shutdown Type: power off
 Comment: "
Information,1/14/2022 10:09:57 PM,Microsoft-Windows-WindowsUpdateClient,19,Windows Update Agent,"Installation Successful: Windows successfully installed the following update: SAMSUNG Electronics Co., Ltd.  - AndroidUsbDeviceClass - 2.17.16.0"
Information,1/14/2022 10:09:57 PM,Microsoft-Windows-WindowsUpdateClient,43,Windows Update Agent,"Installation Started: Windows has started installing the following update: SAMSUNG Electronics Co., Ltd.  - AndroidUsbDeviceClass - 2.17.16.0"
Information,1/14/2022 10:09:46 PM,Microsoft-Windows-WindowsUpdateClient,44,Windows Update Agent,Windows Update started downloading an update.
Information,1/14/2022 9:57:00 PM,Microsoft-Windows-WAS,5186,None,A worker process with process id of '3656' serving application pool 'Default' was shutdown due to inactivity.  Application Pool timeout configuration was set to 20 minutes.  A new worker process will be started when needed.
Warning,1/14/2022 9:56:55 PM,Microsoft-Windows-DistributedCOM,10016,None,"The machine-default permission settings do not grant Local Activation permission for the COM Server application with CLSID 
{C2F03A33-21F5-47FA-B4BB-156362A2F239}
 and APPID 
{316CDED5-E4AE-4B15-9113-7055D84DCC97}
 to the user SHOHID-PC\SHOHID SID (S-1-5-21-2091211461-3178656723-4261672445-1001) from address LocalHost (Using LRPC) running in the application container Microsoft.Windows.ShellExperienceHost_10.0.18362.1171_neutral_neutral_cw5n1h2txyewy SID (S-1-15-2-155514346-2573954481-755741238-1654018636-1233331829-3075935687-2861478708). This security permission can be modified using the Component Services administrative tool."
Information,1/14/2022 9:55:53 PM,Microsoft-Windows-WindowsUpdateClient,19,Windows Update Agent,Installation Successful: Windows successfully installed the following update: Security Intelligence Update for Microsoft Defender Antivirus - KB2267602 (Version 1.355.1907.0)
Information,1/14/2022 9:55:42 PM,Microsoft-Windows-WindowsUpdateClient,43,Windows Update Agent,Installation Started: Windows has started installing the following update: Security Intelligence Update for Microsoft Defender Antivirus - KB2267602 (Version 1.355.1907.0)
Information,1/14/2022 9:55:28 PM,Microsoft-Windows-WindowsUpdateClient,44,Windows Update Agent,Windows Update started downloading an update.
Warning,1/14/2022 9:41:42 PM,Microsoft-Windows-DistributedCOM,10016,None,"The application-specific permission settings do not grant Local Activation permission for the COM Server application with CLSID 
{2593F8B9-4EAF-457C-B68A-50F6B8EA6B54}
 and APPID 
{15C20B67-12E7-4BB6-92BB-7AFF07997402}
 to the user SHOHID-PC\SHOHID SID (S-1-5-21-2091211461-3178656723-4261672445-1001) from address LocalHost (Using LRPC) running in the application container Unavailable SID (Unavailable). This security permission can be modified using the Component Services administrative tool."
Information,1/14/2022 9:33:00 PM,Microsoft-Windows-Kernel-General,16,None,The access history in hive \??\C:\Users\Default.IIS APPPOOL\AppData\Local\Microsoft\Windows\UsrClass.dat was cleared updating 4 keys and creating 1 modified pages.
Warning,1/14/2022 9:32:29 PM,Microsoft-Windows-DistributedCOM,10016,None,"The machine-default permission settings do not grant Local Activation permission for the COM Server application with CLSID 
{C2F03A33-21F5-47FA-B4BB-156362A2F239}
 and APPID 
{316CDED5-E4AE-4B15-9113-7055D84DCC97}
 to the user SHOHID-PC\SHOHID SID (S-1-5-21-2091211461-3178656723-4261672445-1001) from address LocalHost (Using LRPC) running in the application container Microsoft.Windows.ShellExperienceHost_10.0.18362.1171_neutral_neutral_cw5n1h2txyewy SID (S-1-15-2-155514346-2573954481-755741238-1654018636-1233331829-3075935687-2861478708). This security permission can be modified using the Component Services administrative tool."
