Error,12-10-2021 08:22,Microsoft-Windows-DistributedCOM,10010,None,The server Microsoft.SkypeApp_15.78.159.0_x86__kzf8qxf38zg5c!App.AppXtwmqn4em5r5dpafgj4t4yyxgjfe0hr50.mca did not register with DCOM within the required timeout.
Information,12-10-2021 08:15,Microsoft-Windows-Kernel-General,16,None,The access history in hive \??\C:\Users\SHOHID\AppData\Local\Packages\Microsoft.Windows.ContentDeliveryManager_cw5n1h2txyewy\Settings\settings.dat was cleared updating 3751 keys and creating 152 modified pages.
Information,12-10-2021 08:01,Volsnap,33,None,The oldest shadow copy of volume C: was deleted to keep disk space usage for shadow copies of volume C: below the user defined limit.
Warning,12-10-2021 08:01,Microsoft-Windows-DistributedCOM,10016,None,"The application-specific permission settings do not grant Local Activation permission for the COM Server application with CLSID 
{2593F8B9-4EAF-457C-B68A-50F6B8EA6B54}
 and APPID 
{15C20B67-12E7-4BB6-92BB-7AFF07997402}
 to the user SHOHID-PC\SHOHID SID (S-1-5-21-2091211461-3178656723-4261672445-1001) from address LocalHost (Using LRPC) running in the application container Unavailable SID (Unavailable). This security permission can be modified using the Component Services administrative tool."
Warning,12-10-2021 08:00,Microsoft-Windows-DistributedCOM,10016,None,"The application-specific permission settings do not grant Local Activation permission for the COM Server application with CLSID 
{2593F8B9-4EAF-457C-B68A-50F6B8EA6B54}
 and APPID 
{15C20B67-12E7-4BB6-92BB-7AFF07997402}
 to the user SHOHID-PC\SHOHID SID (S-1-5-21-2091211461-3178656723-4261672445-1001) from address LocalHost (Using LRPC) running in the application container Unavailable SID (Unavailable). This security permission can be modified using the Component Services administrative tool."
Warning,12-10-2021 08:00,Microsoft-Windows-DistributedCOM,10016,None,"The machine-default permission settings do not grant Local Activation permission for the COM Server application with CLSID 
{C2F03A33-21F5-47FA-B4BB-156362A2F239}
 and APPID 
{316CDED5-E4AE-4B15-9113-7055D84DCC97}
 to the user SHOHID-PC\SHOHID SID (S-1-5-21-2091211461-3178656723-4261672445-1001) from address LocalHost (Using LRPC) running in the application container Microsoft.Windows.ShellExperienceHost_10.0.18362.1171_neutral_neutral_cw5n1h2txyewy SID (S-1-15-2-155514346-2573954481-755741238-1654018636-1233331829-3075935687-2861478708). This security permission can be modified using the Component Services administrative tool."
Error,12-10-2021 08:00,Microsoft-Windows-DistributedCOM,10010,None,The server Microsoft.SkypeApp_15.78.159.0_x86__kzf8qxf38zg5c!App.AppXtwmqn4em5r5dpafgj4t4yyxgjfe0hr50.mca did not register with DCOM within the required timeout.
Information,12-10-2021 08:00,Microsoft-Windows-Winlogon,7001,-1101,User Logon Notification for Customer Experience Improvement Program
Information,12-10-2021 08:00,Microsoft-Windows-Power-Troubleshooter,1,None,"The system has returned from a low power state.

Sleep Time: 2021-12-09T17:34:20.523909900Z
Wake Time: 2021-12-10T02:00:15.496715700Z

Wake Source: Unknown"
Error,12-10-2021 08:00,iaStorA,4102,None,Error log: Smart event occured on disk :X6GJEAPFS  
Information,12-10-2021 08:00,Microsoft-Windows-Kernel-Boot,32,-58,The bootmgr spent 0 ms waiting for user input.
Information,12-10-2021 08:00,Microsoft-Windows-Kernel-Boot,18,-57,There are 0x1 boot options on this system.
Information,12-10-2021 08:00,Microsoft-Windows-Kernel-Boot,27,-33,The boot type was 0x1.
Information,12-10-2021 08:00,Microsoft-Windows-Kernel-Boot,25,-32,The boot menu policy was 0x1.
Information,12-10-2021 08:00,Microsoft-Windows-Kernel-Boot,30,-21,The firmware reported boot metrics.
Information,12-10-2021 08:00,Microsoft-Windows-Kernel-General,1,-5,"The system time has changed to 2021-12-10T02:00:14.500000000Z from 2021-12-09T17:34:23.424363600Z.

Change Reason: System time synchronized with the hardware clock.
Process: '' (PID 4)."
Information,12-09-2021 23:34,Microsoft-Windows-Kernel-Power,107,-102,The system has resumed from sleep.
Information,12-09-2021 23:34,Microsoft-Windows-Kernel-Power,42,-64,"The system is entering sleep.

Sleep Reason: Application API"
Information,12-09-2021 23:34,Microsoft-Windows-Kernel-Power,187,-243,User-mode process attempted to change the system state by calling SetSuspendState or SetSystemPowerState APIs.
Information,12-09-2021 23:34,Microsoft-Windows-Winlogon,7002,-1102,User Logoff Notification for Customer Experience Improvement Program
Information,12-09-2021 21:13,Microsoft-Windows-Kernel-General,1,-5,"The system time has changed to 2021-12-09T15:13:36.791960400Z from 2021-12-09T15:13:36.791419100Z.

Change Reason: An application or system component changed the time.
Process: '\Device\HarddiskVolume6\Windows\System32\svchost.exe' (PID 18856)."
Information,12-09-2021 21:13,Microsoft-Windows-Kernel-General,1,-5,"The system time has changed to 2021-12-09T15:13:36.790954800Z from 2021-12-09T15:13:36.790427600Z.

Change Reason: An application or system component changed the time.
Process: '\Device\HarddiskVolume6\Windows\System32\svchost.exe' (PID 18856)."
Information,12-09-2021 21:13,Microsoft-Windows-Time-Service,35,None,"The time service is now synchronizing the system time with the time source time.windows.com,0x9 (ntp.m|0x9|0.0.0.0:123->40.81.94.65:123) with reference id 1096700200. Current local stratum number is 4."
Information,12-09-2021 21:13,Microsoft-Windows-Kernel-General,1,-5,"The system time has changed to 2021-12-09T15:13:36.788642200Z from 2021-12-09T15:13:35.052866500Z.

Change Reason: An application or system component changed the time.
Process: '\Device\HarddiskVolume6\Windows\System32\svchost.exe' (PID 18856)."
Information,12-09-2021 21:13,Microsoft-Windows-Time-Service,37,None,"The time provider NtpClient is currently receiving valid time data from time.windows.com,0x9 (ntp.m|0x9|0.0.0.0:123->40.81.94.65:123)."
Information,12-09-2021 21:13,Microsoft-Windows-Time-Service,158,None,The time provider 'VMICTimeProvider' has indicated that the current hardware and operating environment is not supported and has stopped. This behavior is expected for VMICTimeProvider on non-HyperV-guest environments. This may be the expected behavior for the current provider in the current operating environment as well.
Error,12-09-2021 20:31,Microsoft-Windows-DistributedCOM,10010,None,The server Microsoft.SkypeApp_15.78.159.0_x86__kzf8qxf38zg5c!App.AppXtwmqn4em5r5dpafgj4t4yyxgjfe0hr50.mca did not register with DCOM within the required timeout.
Warning,12-09-2021 20:20,Microsoft-Windows-DistributedCOM,10016,None,"The machine-default permission settings do not grant Local Activation permission for the COM Server application with CLSID 
{C2F03A33-21F5-47FA-B4BB-156362A2F239}
 and APPID 
{316CDED5-E4AE-4B15-9113-7055D84DCC97}
 to the user SHOHID-PC\SHOHID SID (S-1-5-21-2091211461-3178656723-4261672445-1001) from address LocalHost (Using LRPC) running in the application container Microsoft.Windows.ShellExperienceHost_10.0.18362.1171_neutral_neutral_cw5n1h2txyewy SID (S-1-15-2-155514346-2573954481-755741238-1654018636-1233331829-3075935687-2861478708). This security permission can be modified using the Component Services administrative tool."
Error,12-09-2021 20:14,Microsoft-Windows-WindowsUpdateClient,20,Windows Update Agent,Installation Failure: Windows failed to install the following update with error 0x80070643: 2021-10 .NET 5.0.11 Security Update for x64 Client (KB5007051).
Information,12-09-2021 20:14,Microsoft-Windows-WindowsUpdateClient,43,Windows Update Agent,Installation Started: Windows has started installing the following update: 2021-10 .NET 5.0.11 Security Update for x64 Client (KB5007051)
Error,12-09-2021 20:14,Microsoft-Windows-WindowsUpdateClient,20,Windows Update Agent,Installation Failure: Windows failed to install the following update with error 0x80070643: 2021-09 .NET Core 3.1.19 Update for x64 Client (KB5006191).
Information,12-09-2021 20:14,Microsoft-Windows-WindowsUpdateClient,43,Windows Update Agent,Installation Started: Windows has started installing the following update: 2021-09 .NET Core 3.1.19 Update for x64 Client (KB5006191)
Error,12-09-2021 20:04,Microsoft-Windows-WindowsUpdateClient,20,Windows Update Agent,Installation Failure: Windows failed to install the following update with error 0x80070643: 2021-10 .NET 5.0.11 Security Update for x64 Client (KB5007051).
Information,12-09-2021 20:04,Microsoft-Windows-WindowsUpdateClient,43,Windows Update Agent,Installation Started: Windows has started installing the following update: 2021-10 .NET 5.0.11 Security Update for x64 Client (KB5007051)
Error,12-09-2021 20:04,Microsoft-Windows-WindowsUpdateClient,20,Windows Update Agent,Installation Failure: Windows failed to install the following update with error 0x80070643: 2021-09 .NET Core 3.1.19 Update for x64 Client (KB5006191).
Information,12-09-2021 20:04,Microsoft-Windows-WindowsUpdateClient,43,Windows Update Agent,Installation Started: Windows has started installing the following update: 2021-09 .NET Core 3.1.19 Update for x64 Client (KB5006191)
Information,12-09-2021 19:41,Microsoft-Windows-Kernel-General,15,None,Hive \??\Volume{fee45b76-0000-0000-0000-602200000000}\System Volume Information\SPP\SppCbsHiveStore\{cd42efe1-f6f1-427c-b004-033192c625a4}{6D999E0D-61DE-427F-B953-311C019BE628} was reorganized with a starting size of 247803904 bytes and an ending size of 247738368 bytes.
Information,12-09-2021 19:40,Microsoft-Windows-Kernel-General,15,None,Hive \??\Volume{fee45b76-0000-0000-0000-602200000000}\System Volume Information\SPP\SppCbsHiveStore\{cd42efe1-f6f1-427c-b004-033192c625a4}{84301AB8-49A1-41AE-B8D2-229D536F9FE4} was reorganized with a starting size of 12521472 bytes and an ending size of 12500992 bytes.
Information,12-09-2021 19:40,Microsoft-Windows-Kernel-General,16,None,The access history in hive \??\Volume{fee45b76-0000-0000-0000-602200000000}\System Volume Information\SPP\SppCbsHiveStore\{cd42efe1-f6f1-427c-b004-033192c625a4}{9DC8141E-353C-4A7A-A406-DA2A8D568F9B} was cleared updating 248 keys and creating 16 modified pages.
Information,12-09-2021 19:40,Microsoft-Windows-Kernel-General,16,None,The access history in hive \??\Volume{fee45b76-0000-0000-0000-602200000000}\System Volume Information\SPP\SppCbsHiveStore\{cd42efe1-f6f1-427c-b004-033192c625a4}{274433C5-33D5-4353-8E8A-C6C81C3B4596} was cleared updating 93 keys and creating 10 modified pages.
Information,12-09-2021 19:40,Microsoft-Windows-Kernel-General,15,None,Hive \??\Volume{fee45b76-0000-0000-0000-602200000000}\System Volume Information\SPP\SppCbsHiveStore\{cd42efe1-f6f1-427c-b004-033192c625a4}{EFD46121-D1A4-45F9-9052-24725C8A2064} was reorganized with a starting size of 31469568 bytes and an ending size of 31432704 bytes.
Information,12-09-2021 19:40,Microsoft-Windows-Kernel-General,11,None,"TxR init phase for hive \??\GLOBALROOT\Device\HarddiskVolumeShadowCopy2\WINDOWS\System32\config\DRIVERS (TM: {5629659f-576e-11ec-ae57-1c1b0d79dbe2}, RM: {5629659e-576e-11ec-ae57-1c1b0d79dbe2}) finished with result=0xC00000A2 (Internal code=7)."
Information,12-09-2021 19:40,Microsoft-Windows-Kernel-General,11,None,"TxR init phase for hive \??\GLOBALROOT\Device\HarddiskVolumeShadowCopy2\WINDOWS\System32\config\SYSTEM (TM: {5629659c-576e-11ec-ae57-1c1b0d79dbe2}, RM: {5629659b-576e-11ec-ae57-1c1b0d79dbe2}) finished with result=0xC00000A2 (Internal code=7)."
Information,12-09-2021 19:40,Microsoft-Windows-Kernel-General,15,None,Hive \??\GLOBALROOT\Device\HarddiskVolumeShadowCopy2\WINDOWS\System32\config\SYSTEM was reorganized with a starting size of 31469568 bytes and an ending size of 31432704 bytes.
Information,12-09-2021 19:40,Microsoft-Windows-Kernel-General,15,None,Hive \??\Volume{fee45b76-0000-0000-0000-602200000000}\System Volume Information\SPP\SppCbsHiveStore\{cd42efe1-f6f1-427c-b004-033192c625a4}{692C3942-7E15-4DFB-8046-2DDB104FD2E1} was reorganized with a starting size of 247803904 bytes and an ending size of 247738368 bytes.
Error,12-09-2021 19:40,Microsoft-Windows-WindowsUpdateClient,20,Windows Update Agent,Installation Failure: Windows failed to install the following update with error 0x80070643: 2021-10 .NET 5.0.11 Security Update for x64 Client (KB5007051).
Information,12-09-2021 19:40,Microsoft-Windows-WindowsUpdateClient,43,Windows Update Agent,Installation Started: Windows has started installing the following update: 2021-10 .NET 5.0.11 Security Update for x64 Client (KB5007051)
Information,12-09-2021 19:40,Microsoft-Windows-Kernel-General,15,None,Hive \??\Volume{fee45b76-0000-0000-0000-602200000000}\System Volume Information\SPP\SppCbsHiveStore\{cd42efe1-f6f1-427c-b004-033192c625a4}{5C4F3125-A12A-40E8-8942-4963F92142C8} was reorganized with a starting size of 12521472 bytes and an ending size of 12500992 bytes.
Information,12-09-2021 19:40,Microsoft-Windows-Kernel-General,16,None,The access history in hive \??\Volume{fee45b76-0000-0000-0000-602200000000}\System Volume Information\SPP\SppCbsHiveStore\{cd42efe1-f6f1-427c-b004-033192c625a4}{7EAA9EB1-805D-4415-8F02-D5648B9B58E3} was cleared updating 248 keys and creating 16 modified pages.
Information,12-09-2021 19:40,Microsoft-Windows-Kernel-General,16,None,The access history in hive \??\Volume{fee45b76-0000-0000-0000-602200000000}\System Volume Information\SPP\SppCbsHiveStore\{cd42efe1-f6f1-427c-b004-033192c625a4}{6F32AF55-BF0D-4C2D-84CC-C2B867280C41} was cleared updating 93 keys and creating 10 modified pages.
Information,12-09-2021 19:40,Microsoft-Windows-Kernel-General,15,None,Hive \??\Volume{fee45b76-0000-0000-0000-602200000000}\System Volume Information\SPP\SppCbsHiveStore\{cd42efe1-f6f1-427c-b004-033192c625a4}{08099332-EA75-4DCB-AAA8-4CC2A157A2C5} was reorganized with a starting size of 31469568 bytes and an ending size of 31432704 bytes.
Error,12-09-2021 19:40,Microsoft-Windows-WindowsUpdateClient,20,Windows Update Agent,Installation Failure: Windows failed to install the following update with error 0x80070643: 2021-09 .NET Core 3.1.19 Update for x64 Client (KB5006191).
Information,12-09-2021 19:40,Microsoft-Windows-WindowsUpdateClient,43,Windows Update Agent,Installation Started: Windows has started installing the following update: 2021-09 .NET Core 3.1.19 Update for x64 Client (KB5006191)
Information,12-09-2021 19:40,Microsoft-Windows-Kernel-General,11,None,"TxR init phase for hive \??\GLOBALROOT\Device\HarddiskVolumeShadowCopy3\WINDOWS\System32\config\DRIVERS (TM: {5629656a-576e-11ec-ae57-1c1b0d79dbe2}, RM: {56296569-576e-11ec-ae57-1c1b0d79dbe2}) finished with result=0xC00000A2 (Internal code=7)."
Information,12-09-2021 19:40,Microsoft-Windows-Kernel-General,11,None,"TxR init phase for hive \??\GLOBALROOT\Device\HarddiskVolumeShadowCopy3\WINDOWS\System32\config\SYSTEM (TM: {56296567-576e-11ec-ae57-1c1b0d79dbe2}, RM: {56296566-576e-11ec-ae57-1c1b0d79dbe2}) finished with result=0xC00000A2 (Internal code=7)."
Information,12-09-2021 19:40,Microsoft-Windows-Kernel-General,15,None,Hive \??\GLOBALROOT\Device\HarddiskVolumeShadowCopy3\WINDOWS\System32\config\SYSTEM was reorganized with a starting size of 31469568 bytes and an ending size of 31432704 bytes.
Information,12-09-2021 19:40,Microsoft-Windows-Kernel-General,16,None,The access history in hive \??\C:\ProgramData\Microsoft\Provisioning\Microsoft-Desktop-Provisioning-Sequence.dat was cleared updating 0 keys and creating 0 modified pages.
Error,12-09-2021 19:18,Microsoft-Windows-WindowsUpdateClient,20,Windows Update Agent,Installation Failure: Windows failed to install the following update with error 0x80070643: 2021-10 .NET 5.0.11 Security Update for x64 Client (KB5007051).
Information,12-09-2021 19:18,Microsoft-Windows-WindowsUpdateClient,43,Windows Update Agent,Installation Started: Windows has started installing the following update: 2021-10 .NET 5.0.11 Security Update for x64 Client (KB5007051)
Error,12-09-2021 19:18,Microsoft-Windows-WindowsUpdateClient,20,Windows Update Agent,Installation Failure: Windows failed to install the following update with error 0x80070643: 2021-09 .NET Core 3.1.19 Update for x64 Client (KB5006191).
Information,12-09-2021 19:18,Microsoft-Windows-WindowsUpdateClient,43,Windows Update Agent,Installation Started: Windows has started installing the following update: 2021-09 .NET Core 3.1.19 Update for x64 Client (KB5006191)
Information,12-09-2021 19:09,Microsoft-Windows-WindowsUpdateClient,19,Windows Update Agent,Installation Successful: Windows successfully installed the following update: Security Intelligence Update for Microsoft Defender Antivirus - KB2267602 (Version 1.353.2306.0)
Information,12-09-2021 19:09,Microsoft-Windows-WindowsUpdateClient,43,Windows Update Agent,Installation Started: Windows has started installing the following update: Security Intelligence Update for Microsoft Defender Antivirus - KB2267602 (Version 1.353.2306.0)
Error,12-09-2021 19:09,Microsoft-Windows-WindowsUpdateClient,20,Windows Update Agent,Installation Failure: Windows failed to install the following update with error 0x80070643: 2021-10 .NET 5.0.11 Security Update for x64 Client (KB5007051).
Information,12-09-2021 19:09,Microsoft-Windows-WindowsUpdateClient,43,Windows Update Agent,Installation Started: Windows has started installing the following update: 2021-10 .NET 5.0.11 Security Update for x64 Client (KB5007051)
Information,12-09-2021 19:09,Microsoft-Windows-Ntfs,98,None,Volume ?? (\Device\HarddiskVolumeShadowCopy3) is healthy.  No action is needed.
Error,12-09-2021 19:09,Microsoft-Windows-WindowsUpdateClient,20,Windows Update Agent,Installation Failure: Windows failed to install the following update with error 0x80070643: 2021-09 .NET Core 3.1.19 Update for x64 Client (KB5006191).
Information,12-09-2021 19:09,Microsoft-Windows-WindowsUpdateClient,43,Windows Update Agent,Installation Started: Windows has started installing the following update: 2021-09 .NET Core 3.1.19 Update for x64 Client (KB5006191)
Information,12-09-2021 19:09,Microsoft-Windows-Ntfs,98,None,Volume ?? (\Device\HarddiskVolumeShadowCopy2) is healthy.  No action is needed.
Information,12-09-2021 19:08,Microsoft-Windows-WindowsUpdateClient,19,Windows Update Agent,Installation Successful: Windows successfully installed the following update: 9NBLGGH1ZRPV-KING.COM.CANDYCRUSHSODASAGA
Information,12-09-2021 19:08,Microsoft-Windows-WindowsUpdateClient,43,Windows Update Agent,Installation Started: Windows has started installing the following update: 9NBLGGH1ZRPV-KING.COM.CANDYCRUSHSODASAGA
Information,12-09-2021 19:08,Microsoft-Windows-Kernel-General,16,None,The access history in hive \??\C:\ProgramData\Microsoft\Windows\AppRepository\Packages\king.com.CandyCrushSodaSaga_1.208.400.0_x86__kgqvnymyfvs32\ActivationStore.dat was cleared updating 0 keys and creating 0 modified pages.
Information,12-09-2021 19:07,Microsoft-Windows-WindowsUpdateClient,19,Windows Update Agent,Installation Successful: Windows successfully installed the following update: 9NZKPSTSNW4P-Microsoft.XboxGamingOverlay
Information,12-09-2021 19:07,Microsoft-Windows-WindowsUpdateClient,43,Windows Update Agent,Installation Started: Windows has started installing the following update: 9NZKPSTSNW4P-Microsoft.XboxGamingOverlay
Information,12-09-2021 19:07,Microsoft-Windows-Kernel-General,16,None,The access history in hive \??\C:\ProgramData\Microsoft\Windows\AppRepository\Packages\Microsoft.XboxGamingOverlay_5.721.12013.0_x64__8wekyb3d8bbwe\ActivationStore.dat was cleared updating 0 keys and creating 0 modified pages.
Information,12-09-2021 19:07,Microsoft-Windows-WindowsUpdateClient,19,Windows Update Agent,Installation Successful: Windows successfully installed the following update: 9NMPJ99VJBWV-Microsoft.YourPhone
Information,12-09-2021 19:07,Microsoft-Windows-WindowsUpdateClient,43,Windows Update Agent,Installation Started: Windows has started installing the following update: 9NMPJ99VJBWV-Microsoft.YourPhone
Information,12-09-2021 19:07,Microsoft-Windows-Kernel-General,16,None,The access history in hive \??\C:\ProgramData\Microsoft\Windows\AppRepository\Packages\Microsoft.YourPhone_1.21111.120.0_x64__8wekyb3d8bbwe\ActivationStore.dat was cleared updating 0 keys and creating 0 modified pages.
Information,12-09-2021 19:07,Microsoft-Windows-WindowsUpdateClient,44,Windows Update Agent,Windows Update started downloading an update.
Information,12-09-2021 19:07,Microsoft-Windows-WindowsUpdateClient,44,Windows Update Agent,Windows Update started downloading an update.
Information,12-09-2021 19:07,Microsoft-Windows-WindowsUpdateClient,44,Windows Update Agent,Windows Update started downloading an update.
Information,12-09-2021 19:07,Microsoft-Windows-WindowsUpdateClient,44,Windows Update Agent,Windows Update started downloading an update.
Information,12-09-2021 19:07,Microsoft-Windows-WindowsUpdateClient,19,Windows Update Agent,Installation Successful: Windows successfully installed the following update: 9WZDNCRFHWD2-Microsoft.MicrosoftSolitaireCollection
Information,12-09-2021 19:07,Microsoft-Windows-WindowsUpdateClient,43,Windows Update Agent,Installation Started: Windows has started installing the following update: 9WZDNCRFHWD2-Microsoft.MicrosoftSolitaireCollection
Information,12-09-2021 19:06,Microsoft-Windows-Kernel-General,16,None,The access history in hive \??\C:\ProgramData\Microsoft\Windows\AppRepository\Packages\Microsoft.MicrosoftSolitaireCollection_4.11.12030.0_x64__8wekyb3d8bbwe\ActivationStore.dat was cleared updating 0 keys and creating 0 modified pages.
Information,12-09-2021 19:06,Microsoft-Windows-WindowsUpdateClient,44,Windows Update Agent,Windows Update started downloading an update.
Information,12-09-2021 19:06,Microsoft-Windows-WindowsUpdateClient,19,Windows Update Agent,Installation Successful: Windows successfully installed the following update: 9WZDNCRFJ3P2-MICROSOFT.ZUNEVIDEO
Information,12-09-2021 19:06,Microsoft-Windows-WindowsUpdateClient,43,Windows Update Agent,Installation Started: Windows has started installing the following update: 9WZDNCRFJ3P2-MICROSOFT.ZUNEVIDEO
Information,12-09-2021 19:06,Microsoft-Windows-Kernel-General,16,None,The access history in hive \??\C:\ProgramData\Microsoft\Windows\AppRepository\Packages\Microsoft.ZuneVideo_10.21111.10511.0_x64__8wekyb3d8bbwe\ActivationStore.dat was cleared updating 0 keys and creating 0 modified pages.
Information,12-09-2021 19:06,Microsoft-Windows-WindowsUpdateClient,44,Windows Update Agent,Windows Update started downloading an update.
Information,12-09-2021 19:06,Microsoft-Windows-WindowsUpdateClient,44,Windows Update Agent,Windows Update started downloading an update.
Information,12-09-2021 19:06,Microsoft-Windows-WindowsUpdateClient,44,Windows Update Agent,Windows Update started downloading an update.
Warning,12-09-2021 19:05,Microsoft-Windows-DistributedCOM,10016,None,"The application-specific permission settings do not grant Local Activation permission for the COM Server application with CLSID 
{2593F8B9-4EAF-457C-B68A-50F6B8EA6B54}
 and APPID 
{15C20B67-12E7-4BB6-92BB-7AFF07997402}
 to the user SHOHID-PC\SHOHID SID (S-1-5-21-2091211461-3178656723-4261672445-1001) from address LocalHost (Using LRPC) running in the application container Unavailable SID (Unavailable). This security permission can be modified using the Component Services administrative tool."
Error,12-09-2021 19:03,Microsoft-Windows-DistributedCOM,10010,None,The server Microsoft.SkypeApp_15.78.159.0_x86__kzf8qxf38zg5c!App.AppXtwmqn4em5r5dpafgj4t4yyxgjfe0hr50.mca did not register with DCOM within the required timeout.
Error,12-09-2021 19:02,Microsoft-Windows-DistributedCOM,10010,None,The server Microsoft.SkypeApp_15.78.159.0_x86__kzf8qxf38zg5c!App.AppXtwmqn4em5r5dpafgj4t4yyxgjfe0hr50.mca did not register with DCOM within the required timeout.
Information,12-09-2021 19:02,Microsoft-Windows-Power-Troubleshooter,1,None,"The system has returned from a low power state.

Sleep Time: 2021-12-08T18:47:33.813304200Z
Wake Time: 2021-12-09T13:02:22.504799500Z

Wake Source: Unknown"
Information,12-09-2021 19:02,Microsoft-Windows-Winlogon,7001,-1101,User Logon Notification for Customer Experience Improvement Program
Information,12-09-2021 19:02,Microsoft-Windows-Kernel-Boot,32,-58,The bootmgr spent 0 ms waiting for user input.
Information,12-09-2021 19:02,Microsoft-Windows-Kernel-Boot,18,-57,There are 0x1 boot options on this system.
Information,12-09-2021 19:02,Microsoft-Windows-Kernel-Boot,27,-33,The boot type was 0x1.
Information,12-09-2021 19:02,Microsoft-Windows-Kernel-Boot,25,-32,The boot menu policy was 0x1.
Information,12-09-2021 19:02,Microsoft-Windows-Kernel-Boot,30,-21,The firmware reported boot metrics.
Error,12-09-2021 19:02,iaStorA,4102,None,Error log: Smart event occured on disk :X6GJEAPFS  
Information,12-09-2021 19:02,Microsoft-Windows-Kernel-General,1,-5,"The system time has changed to 2021-12-09T13:02:21.500000000Z from 2021-12-08T18:47:36.507455500Z.

Change Reason: System time synchronized with the hardware clock.
Process: '' (PID 4)."
Information,12-09-2021 00:47,Microsoft-Windows-Kernel-Power,107,-102,The system has resumed from sleep.
Information,12-09-2021 19:02,EventLog,6013,None,The system uptime is 186740 seconds.
Information,12-09-2021 00:47,Microsoft-Windows-Kernel-Power,42,-64,"The system is entering sleep.

Sleep Reason: Application API"
Information,12-09-2021 00:47,Microsoft-Windows-Kernel-Power,187,-243,User-mode process attempted to change the system state by calling SetSuspendState or SetSystemPowerState APIs.
Information,12-09-2021 00:47,Microsoft-Windows-Winlogon,7002,-1102,User Logoff Notification for Customer Experience Improvement Program
Information,12-09-2021 00:28,Microsoft-Windows-Kernel-General,16,None,The access history in hive \??\C:\ProgramData\Packages\Microsoft.XboxGamingOverlay_8wekyb3d8bbwe\S-1-5-21-2091211461-3178656723-4261672445-1001\SystemAppData\Helium\Cache\3cc1b3e9a195e332_COM15.dat was cleared updating 1 keys and creating 1 modified pages.
Warning,12-09-2021 00:28,Microsoft-Windows-DistributedCOM,10016,None,"The machine-default permission settings do not grant Local Activation permission for the COM Server application with CLSID 
{C2F03A33-21F5-47FA-B4BB-156362A2F239}
 and APPID 
{316CDED5-E4AE-4B15-9113-7055D84DCC97}
 to the user SHOHID-PC\SHOHID SID (S-1-5-21-2091211461-3178656723-4261672445-1001) from address LocalHost (Using LRPC) running in the application container Microsoft.Windows.ShellExperienceHost_10.0.18362.1171_neutral_neutral_cw5n1h2txyewy SID (S-1-15-2-155514346-2573954481-755741238-1654018636-1233331829-3075935687-2861478708). This security permission can be modified using the Component Services administrative tool."
Warning,12-09-2021 00:28,Microsoft-Windows-DistributedCOM,10016,None,"The machine-default permission settings do not grant Local Activation permission for the COM Server application with CLSID 
{C2F03A33-21F5-47FA-B4BB-156362A2F239}
 and APPID 
{316CDED5-E4AE-4B15-9113-7055D84DCC97}
 to the user SHOHID-PC\SHOHID SID (S-1-5-21-2091211461-3178656723-4261672445-1001) from address LocalHost (Using LRPC) running in the application container Microsoft.Windows.ShellExperienceHost_10.0.18362.1171_neutral_neutral_cw5n1h2txyewy SID (S-1-15-2-155514346-2573954481-755741238-1654018636-1233331829-3075935687-2861478708). This security permission can be modified using the Component Services administrative tool."
Warning,12-08-2021 21:54,Microsoft-Windows-DistributedCOM,10016,None,"The application-specific permission settings do not grant Local Activation permission for the COM Server application with CLSID 
{2593F8B9-4EAF-457C-B68A-50F6B8EA6B54}
 and APPID 
{15C20B67-12E7-4BB6-92BB-7AFF07997402}
 to the user SHOHID-PC\SHOHID SID (S-1-5-21-2091211461-3178656723-4261672445-1001) from address LocalHost (Using LRPC) running in the application container Microsoft.SkypeApp_15.78.159.0_x86__kzf8qxf38zg5c SID (Unavailable). This security permission can be modified using the Component Services administrative tool."
Warning,12-08-2021 20:41,Microsoft-Windows-DistributedCOM,10016,None,"The machine-default permission settings do not grant Local Activation permission for the COM Server application with CLSID 
{C2F03A33-21F5-47FA-B4BB-156362A2F239}
 and APPID 
{316CDED5-E4AE-4B15-9113-7055D84DCC97}
 to the user SHOHID-PC\SHOHID SID (S-1-5-21-2091211461-3178656723-4261672445-1001) from address LocalHost (Using LRPC) running in the application container Microsoft.Windows.ShellExperienceHost_10.0.18362.1171_neutral_neutral_cw5n1h2txyewy SID (S-1-15-2-155514346-2573954481-755741238-1654018636-1233331829-3075935687-2861478708). This security permission can be modified using the Component Services administrative tool."
Warning,12-08-2021 20:41,Microsoft-Windows-DistributedCOM,10016,None,"The machine-default permission settings do not grant Local Activation permission for the COM Server application with CLSID 
{C2F03A33-21F5-47FA-B4BB-156362A2F239}
 and APPID 
{316CDED5-E4AE-4B15-9113-7055D84DCC97}
 to the user SHOHID-PC\SHOHID SID (S-1-5-21-2091211461-3178656723-4261672445-1001) from address LocalHost (Using LRPC) running in the application container Microsoft.Windows.ShellExperienceHost_10.0.18362.1171_neutral_neutral_cw5n1h2txyewy SID (S-1-15-2-155514346-2573954481-755741238-1654018636-1233331829-3075935687-2861478708). This security permission can be modified using the Component Services administrative tool."
Warning,12-08-2021 20:30,Microsoft-Windows-DistributedCOM,10016,None,"The machine-default permission settings do not grant Local Activation permission for the COM Server application with CLSID 
{C2F03A33-21F5-47FA-B4BB-156362A2F239}
 and APPID 
{316CDED5-E4AE-4B15-9113-7055D84DCC97}
 to the user SHOHID-PC\SHOHID SID (S-1-5-21-2091211461-3178656723-4261672445-1001) from address LocalHost (Using LRPC) running in the application container Microsoft.Windows.ShellExperienceHost_10.0.18362.1171_neutral_neutral_cw5n1h2txyewy SID (S-1-15-2-155514346-2573954481-755741238-1654018636-1233331829-3075935687-2861478708). This security permission can be modified using the Component Services administrative tool."
Warning,12-08-2021 20:30,Microsoft-Windows-DistributedCOM,10016,None,"The machine-default permission settings do not grant Local Activation permission for the COM Server application with CLSID 
{C2F03A33-21F5-47FA-B4BB-156362A2F239}
 and APPID 
{316CDED5-E4AE-4B15-9113-7055D84DCC97}
 to the user SHOHID-PC\SHOHID SID (S-1-5-21-2091211461-3178656723-4261672445-1001) from address LocalHost (Using LRPC) running in the application container Microsoft.Windows.ShellExperienceHost_10.0.18362.1171_neutral_neutral_cw5n1h2txyewy SID (S-1-15-2-155514346-2573954481-755741238-1654018636-1233331829-3075935687-2861478708). This security permission can be modified using the Component Services administrative tool."
Error,12-08-2021 20:30,Microsoft-Windows-DistributedCOM,10010,None,The server Microsoft.SkypeApp_15.78.159.0_x86__kzf8qxf38zg5c!App.AppXtwmqn4em5r5dpafgj4t4yyxgjfe0hr50.mca did not register with DCOM within the required timeout.
Information,12-08-2021 19:18,Service Control Manager,7045,None,"A service was installed in the system.

Service Name:  MpKsle6e7abdc
Service File Name:  C:\ProgramData\Microsoft\Windows Defender\Definition Updates\{B51F9EB6-D4E7-415F-9A43-19ECC5F55FB1}\MpKslDrv.sys
Service Type:  kernel mode driver
Service Start Type:  demand start
Service Account:  "
Information,12-08-2021 19:17,Microsoft-Windows-Kernel-General,1,-5,"The system time has changed to 2021-12-08T13:17:50.626905100Z from 2021-12-08T13:17:50.625899300Z.

Change Reason: An application or system component changed the time.
Process: '\Device\HarddiskVolume6\Windows\System32\svchost.exe' (PID 9828)."
Information,12-08-2021 19:17,Microsoft-Windows-Kernel-General,1,-5,"The system time has changed to 2021-12-08T13:17:50.625899300Z from 2021-12-08T13:17:50.624701800Z.

Change Reason: An application or system component changed the time.
Process: '\Device\HarddiskVolume6\Windows\System32\svchost.exe' (PID 9828)."
Information,12-08-2021 19:17,Microsoft-Windows-Time-Service,35,None,"The time service is now synchronizing the system time with the time source time.windows.com,0x9 (ntp.m|0x9|0.0.0.0:123->40.81.94.65:123) with reference id 1096700200. Current local stratum number is 4."
Information,12-08-2021 19:17,Microsoft-Windows-Kernel-General,1,-5,"The system time has changed to 2021-12-08T13:17:50.624701800Z from 2021-12-08T13:17:48.985376000Z.

Change Reason: An application or system component changed the time.
Process: '\Device\HarddiskVolume6\Windows\System32\svchost.exe' (PID 9828)."
Information,12-08-2021 19:17,Microsoft-Windows-Kernel-General,16,None,The access history in hive \??\C:\Users\SHOHID\AppData\Local\Packages\appleinc.itunes_nzyj5cx40ttqa\Settings\settings.dat was cleared updating 2 keys and creating 1 modified pages.
Information,12-08-2021 19:17,Microsoft-Windows-Kernel-General,16,None,The access history in hive \??\C:\WINDOWS\ServiceProfiles\NetworkService\AppData\Local\Microsoft\Windows\DeliveryOptimization\State\dosvcState.dat was cleared updating 4 keys and creating 1 modified pages.
Information,12-08-2021 19:17,Microsoft-Windows-Time-Service,37,None,"The time provider NtpClient is currently receiving valid time data from time.windows.com,0x9 (ntp.m|0x9|0.0.0.0:123->40.81.94.65:123)."
Information,12-08-2021 19:17,Microsoft-Windows-Time-Service,158,None,The time provider 'VMICTimeProvider' has indicated that the current hardware and operating environment is not supported and has stopped. This behavior is expected for VMICTimeProvider on non-HyperV-guest environments. This may be the expected behavior for the current provider in the current operating environment as well.
Warning,12-08-2021 19:06,Microsoft-Windows-DistributedCOM,10016,None,"The machine-default permission settings do not grant Local Activation permission for the COM Server application with CLSID 
{C2F03A33-21F5-47FA-B4BB-156362A2F239}
 and APPID 
{316CDED5-E4AE-4B15-9113-7055D84DCC97}
 to the user SHOHID-PC\SHOHID SID (S-1-5-21-2091211461-3178656723-4261672445-1001) from address LocalHost (Using LRPC) running in the application container Microsoft.Windows.ShellExperienceHost_10.0.18362.1171_neutral_neutral_cw5n1h2txyewy SID (S-1-15-2-155514346-2573954481-755741238-1654018636-1233331829-3075935687-2861478708). This security permission can be modified using the Component Services administrative tool."
Information,12-08-2021 18:39,Microsoft-Windows-Kernel-General,16,None,The access history in hive \??\C:\ProgramData\Microsoft\Provisioning\Microsoft-Desktop-Provisioning-Sequence.dat was cleared updating 0 keys and creating 0 modified pages.
Warning,12-08-2021 17:55,Microsoft-Windows-DistributedCOM,10016,None,"The application-specific permission settings do not grant Local Activation permission for the COM Server application with CLSID 
{2593F8B9-4EAF-457C-B68A-50F6B8EA6B54}
 and APPID 
{15C20B67-12E7-4BB6-92BB-7AFF07997402}
 to the user SHOHID-PC\SHOHID SID (S-1-5-21-2091211461-3178656723-4261672445-1001) from address LocalHost (Using LRPC) running in the application container Unavailable SID (Unavailable). This security permission can be modified using the Component Services administrative tool."
Error,12-08-2021 17:55,Microsoft-Windows-DistributedCOM,10010,None,The server Microsoft.SkypeApp_15.78.159.0_x86__kzf8qxf38zg5c!App.AppXtwmqn4em5r5dpafgj4t4yyxgjfe0hr50.mca did not register with DCOM within the required timeout.
Information,12-08-2021 17:55,Microsoft-Windows-Kernel-General,16,None,The access history in hive \??\C:\Users\SHOHID\AppData\Local\Packages\Microsoft.LockApp_cw5n1h2txyewy\Settings\settings.dat was cleared updating 4 keys and creating 1 modified pages.
Information,12-08-2021 17:55,Microsoft-Windows-Power-Troubleshooter,1,None,"The system has returned from a low power state.

Sleep Time: 2021-12-08T08:03:33.500285500Z
Wake Time: 2021-12-08T11:55:23.244095300Z

Wake Source: Unknown"
Information,12-08-2021 17:55,Microsoft-Windows-Winlogon,7001,-1101,User Logon Notification for Customer Experience Improvement Program
Error,12-08-2021 17:55,iaStorA,4102,None,Error log: Smart event occured on disk :X6GJEAPFS  
Information,12-08-2021 17:55,Microsoft-Windows-Kernel-Boot,32,-58,The bootmgr spent 0 ms waiting for user input.
Information,12-08-2021 17:55,Microsoft-Windows-Kernel-Boot,18,-57,There are 0x1 boot options on this system.
Information,12-08-2021 17:55,Microsoft-Windows-Kernel-Boot,27,-33,The boot type was 0x1.
Information,12-08-2021 17:55,Microsoft-Windows-Kernel-Boot,25,-32,The boot menu policy was 0x1.
Information,12-08-2021 17:55,Microsoft-Windows-Kernel-Boot,30,-21,The firmware reported boot metrics.
Information,12-08-2021 17:55,Microsoft-Windows-Kernel-General,1,-5,"The system time has changed to 2021-12-08T11:55:22.500000000Z from 2021-12-08T08:03:35.849339500Z.

Change Reason: System time synchronized with the hardware clock.
Process: '' (PID 4)."
Information,12-08-2021 14:03,Microsoft-Windows-Kernel-Power,107,-102,The system has resumed from sleep.
Information,12-08-2021 14:03,Microsoft-Windows-Kernel-Power,42,-64,"The system is entering sleep.

Sleep Reason: Application API"
Information,12-08-2021 14:03,Microsoft-Windows-Kernel-Power,187,-243,User-mode process attempted to change the system state by calling SetSuspendState or SetSystemPowerState APIs.
Information,12-08-2021 14:03,Microsoft-Windows-Winlogon,7002,-1102,User Logoff Notification for Customer Experience Improvement Program
Information,12-08-2021 12:49,Microsoft-Windows-Kernel-General,16,None,The access history in hive \??\C:\ProgramData\Microsoft\Provisioning\Microsoft-Desktop-Provisioning-Sequence.dat was cleared updating 0 keys and creating 0 modified pages.
Information,12-08-2021 12:00,EventLog,6013,None,The system uptime is 75001 seconds.
Information,12-08-2021 10:55,Microsoft-Windows-Kernel-General,15,None,Hive \??\C:\Users\ReportServer$MSSQLSERVER14\AppData\Local\Microsoft\VisualStudio\16.0_197f77be\privateregistry.bin was reorganized with a starting size of 5775360 bytes and an ending size of 5771264 bytes.
Information,12-08-2021 10:55,Microsoft-Windows-Kernel-General,16,None,The access history in hive \??\C:\Users\MsDtsServer120\AppData\Local\Microsoft\VisualStudio\16.0_197f77be\privateregistry.bin was cleared updating 9291 keys and creating 1241 modified pages.
Information,12-08-2021 10:55,Microsoft-Windows-Kernel-General,16,None,The access history in hive \??\C:\Users\MSSQLSERVER\AppData\Local\Microsoft\VisualStudio\16.0_197f77be\privateregistry.bin was cleared updating 14 keys and creating 2 modified pages.
Information,12-08-2021 10:55,Microsoft-Windows-Kernel-General,16,None,The access history in hive \??\C:\Users\SQLSERVERAGENT\AppData\Local\Microsoft\VisualStudio\16.0_197f77be\privateregistry.bin was cleared updating 15 keys and creating 2 modified pages.
Information,12-08-2021 10:55,Microsoft-Windows-Kernel-General,16,None,The access history in hive \??\C:\Users\MSSQLFDLauncher\AppData\Local\Microsoft\VisualStudio\16.0_197f77be\privateregistry.bin was cleared updating 15 keys and creating 2 modified pages.
Information,12-08-2021 10:55,Microsoft-Windows-Kernel-General,16,None,The access history in hive \??\C:\Users\ReportServer\AppData\Local\Microsoft\VisualStudio\16.0_197f77be\privateregistry.bin was cleared updating 14 keys and creating 2 modified pages.
Information,12-08-2021 10:55,Microsoft-Windows-Kernel-General,16,None,The access history in hive \??\C:\Users\MSSQLServerOLAPService\AppData\Local\Microsoft\VisualStudio\16.0_197f77be\privateregistry.bin was cleared updating 15 keys and creating 2 modified pages.
Information,12-08-2021 10:55,Microsoft-Windows-Kernel-General,16,None,The access history in hive \??\C:\Users\MSSQLFDLauncher$MSSQLSERVER14\AppData\Local\Microsoft\VisualStudio\16.0_197f77be\privateregistry.bin was cleared updating 14 keys and creating 2 modified pages.
Information,12-08-2021 10:55,Microsoft-Windows-Kernel-General,16,None,The access history in hive \??\C:\Users\MsDtsServer110\AppData\Local\Microsoft\VisualStudio\16.0_197f77be\privateregistry.bin was cleared updating 15 keys and creating 2 modified pages.
Information,12-08-2021 10:55,Microsoft-Windows-Kernel-General,16,None,The access history in hive \??\C:\Users\MSSQL$MSSQLSERVER14\AppData\Local\Microsoft\VisualStudio\16.0_197f77be\privateregistry.bin was cleared updating 15 keys and creating 2 modified pages.
Information,12-08-2021 10:55,Microsoft-Windows-Kernel-General,16,None,The access history in hive \??\C:\Users\MSOLAP$MSSQLSERVER14\AppData\Local\Microsoft\VisualStudio\16.0_197f77be\privateregistry.bin was cleared updating 16 keys and creating 1 modified pages.
Information,12-08-2021 10:55,Microsoft-Windows-Kernel-General,16,None,The access history in hive \??\C:\WINDOWS\ServiceProfiles\SQLAgent$MSSQLSERVER14\AppData\Local\Microsoft\VisualStudio\16.0_197f77be\privateregistry.bin was cleared updating 15 keys and creating 2 modified pages.
Information,12-08-2021 10:55,Microsoft-Windows-Kernel-General,16,None,The access history in hive \??\C:\Users\ReportServer$MSSQLSERVER14\AppData\Local\Microsoft\Windows\UsrClass.dat was cleared updating 5 keys and creating 1 modified pages.
Information,12-08-2021 10:55,Microsoft-Windows-Kernel-General,16,None,The access history in hive \??\C:\Users\ReportServer$MSSQLSERVER14\ntuser.dat was cleared updating 49 keys and creating 17 modified pages.
Information,12-08-2021 10:55,Microsoft-Windows-Kernel-General,16,None,The access history in hive \??\C:\Users\MsDtsServer120\AppData\Local\Microsoft\Windows\UsrClass.dat was cleared updating 5 keys and creating 1 modified pages.
Information,12-08-2021 10:55,Microsoft-Windows-Kernel-General,16,None,The access history in hive \??\C:\Users\MsDtsServer120\ntuser.dat was cleared updating 45 keys and creating 16 modified pages.
Information,12-08-2021 10:55,Microsoft-Windows-Kernel-General,16,None,The access history in hive \??\C:\Users\SQLSERVERAGENT\AppData\Local\Microsoft\Windows\UsrClass.dat was cleared updating 5 keys and creating 1 modified pages.
Information,12-08-2021 10:55,Microsoft-Windows-Kernel-General,16,None,The access history in hive \??\C:\Users\SQLSERVERAGENT\ntuser.dat was cleared updating 51 keys and creating 18 modified pages.
Information,12-08-2021 10:55,Microsoft-Windows-Kernel-General,16,None,The access history in hive \??\C:\Users\ReportServer\AppData\Local\Microsoft\Windows\UsrClass.dat was cleared updating 5 keys and creating 1 modified pages.
Information,12-08-2021 10:55,Microsoft-Windows-Kernel-General,16,None,The access history in hive \??\C:\Users\ReportServer\ntuser.dat was cleared updating 49 keys and creating 16 modified pages.
Information,12-08-2021 10:55,Microsoft-Windows-Kernel-General,16,None,The access history in hive \??\C:\Users\MSSQLServerOLAPService\AppData\Local\Microsoft\Windows\UsrClass.dat was cleared updating 6 keys and creating 1 modified pages.
Information,12-08-2021 10:55,Microsoft-Windows-Kernel-General,16,None,The access history in hive \??\C:\Users\MSSQLServerOLAPService\ntuser.dat was cleared updating 50 keys and creating 18 modified pages.
Information,12-08-2021 10:55,Microsoft-Windows-Kernel-General,16,None,The access history in hive \??\C:\Users\MSOLAP$MSSQLSERVER14\AppData\Local\Microsoft\Windows\UsrClass.dat was cleared updating 5 keys and creating 2 modified pages.
Information,12-08-2021 10:55,Microsoft-Windows-Kernel-General,16,None,The access history in hive \??\C:\Users\MSOLAP$MSSQLSERVER14\ntuser.dat was cleared updating 45 keys and creating 17 modified pages.
Information,12-08-2021 10:55,Microsoft-Windows-Kernel-General,16,None,The access history in hive \??\C:\WINDOWS\ServiceProfiles\SQLAgent$MSSQLSERVER14\AppData\Local\Microsoft\Windows\UsrClass.dat was cleared updating 5 keys and creating 1 modified pages.
Information,12-08-2021 10:55,Microsoft-Windows-Kernel-General,16,None,The access history in hive \??\C:\WINDOWS\ServiceProfiles\SQLAgent$MSSQLSERVER14\ntuser.dat was cleared updating 51 keys and creating 17 modified pages.
Information,12-08-2021 10:55,Microsoft-Windows-Kernel-General,16,None,The access history in hive \??\C:\Users\MsDtsServer110\AppData\Local\Microsoft\Windows\UsrClass.dat was cleared updating 5 keys and creating 1 modified pages.
Information,12-08-2021 10:55,Microsoft-Windows-Kernel-General,16,None,The access history in hive \??\C:\Users\MsDtsServer110\ntuser.dat was cleared updating 45 keys and creating 15 modified pages.
Error,12-08-2021 10:53,Microsoft-Windows-DistributedCOM,10010,None,The server Microsoft.SkypeApp_15.78.159.0_x86__kzf8qxf38zg5c!App.AppXtwmqn4em5r5dpafgj4t4yyxgjfe0hr50.mca did not register with DCOM within the required timeout.
Warning,12-08-2021 10:48,Microsoft-Windows-DistributedCOM,10016,None,"The application-specific permission settings do not grant Local Activation permission for the COM Server application with CLSID 
{2593F8B9-4EAF-457C-B68A-50F6B8EA6B54}
 and APPID 
{15C20B67-12E7-4BB6-92BB-7AFF07997402}
 to the user SHOHID-PC\SHOHID SID (S-1-5-21-2091211461-3178656723-4261672445-1001) from address LocalHost (Using LRPC) running in the application container Unavailable SID (Unavailable). This security permission can be modified using the Component Services administrative tool."
Warning,12-08-2021 10:48,Microsoft-Windows-DistributedCOM,10016,None,"The machine-default permission settings do not grant Local Activation permission for the COM Server application with CLSID 
{C2F03A33-21F5-47FA-B4BB-156362A2F239}
 and APPID 
{316CDED5-E4AE-4B15-9113-7055D84DCC97}
 to the user SHOHID-PC\SHOHID SID (S-1-5-21-2091211461-3178656723-4261672445-1001) from address LocalHost (Using LRPC) running in the application container Microsoft.Windows.ShellExperienceHost_10.0.18362.1171_neutral_neutral_cw5n1h2txyewy SID (S-1-15-2-155514346-2573954481-755741238-1654018636-1233331829-3075935687-2861478708). This security permission can be modified using the Component Services administrative tool."
Error,12-08-2021 10:48,Microsoft-Windows-DistributedCOM,10010,None,The server Microsoft.SkypeApp_15.78.159.0_x86__kzf8qxf38zg5c!App.AppXtwmqn4em5r5dpafgj4t4yyxgjfe0hr50.mca did not register with DCOM within the required timeout.
Information,12-08-2021 10:48,Microsoft-Windows-Power-Troubleshooter,1,None,"The system has returned from a low power state.

Sleep Time: 2021-12-07T17:17:40.933791000Z
Wake Time: 2021-12-08T04:48:17.783685500Z

Wake Source: Unknown"
Information,12-08-2021 10:48,Microsoft-Windows-Winlogon,7001,-1101,User Logon Notification for Customer Experience Improvement Program
Information,12-08-2021 10:48,Microsoft-Windows-Kernel-Boot,32,-58,The bootmgr spent 0 ms waiting for user input.
Information,12-08-2021 10:48,Microsoft-Windows-Kernel-Boot,18,-57,There are 0x1 boot options on this system.
Information,12-08-2021 10:48,Microsoft-Windows-Kernel-Boot,27,-33,The boot type was 0x1.
Information,12-08-2021 10:48,Microsoft-Windows-Kernel-Boot,25,-32,The boot menu policy was 0x1.
Information,12-08-2021 10:48,Microsoft-Windows-Kernel-Boot,30,-21,The firmware reported boot metrics.
Error,12-08-2021 10:48,iaStorA,4102,None,Error log: Smart event occured on disk :X6GJEAPFS  
Information,12-08-2021 10:48,Microsoft-Windows-Kernel-General,1,-5,"The system time has changed to 2021-12-08T04:48:16.500000000Z from 2021-12-07T17:17:43.015286700Z.

Change Reason: System time synchronized with the hardware clock.
Process: '' (PID 4)."
Information,12-07-2021 23:17,Microsoft-Windows-Kernel-Power,107,-102,The system has resumed from sleep.
Information,12-07-2021 23:17,Microsoft-Windows-Kernel-Power,42,-64,"The system is entering sleep.

Sleep Reason: Application API"
Information,12-07-2021 23:17,Microsoft-Windows-Kernel-Power,187,-243,User-mode process attempted to change the system state by calling SetSuspendState or SetSystemPowerState APIs.
Information,12-07-2021 23:17,Microsoft-Windows-Winlogon,7002,-1102,User Logoff Notification for Customer Experience Improvement Program
Information,12-07-2021 23:17,User32,1074,None,"The process C:\Windows\System32\RuntimeBroker.exe (SHOHID-PC) has initiated the power off of computer SHOHID-PC on behalf of user SHOHID-PC\SHOHID for the following reason: Other (Unplanned)
 Reason Code: 0x0
 Shutdown Type: power off
 Comment: "
Warning,12-07-2021 22:55,Microsoft-Windows-DNS-Client,1014,-1014,Name resolution for the name dns.msftncsi.com timed out after none of the configured DNS servers responded.
Warning,12-07-2021 22:40,Microsoft-Windows-DNS-Client,1014,-1014,Name resolution for the name dns.msftncsi.com timed out after none of the configured DNS servers responded.
Warning,12-07-2021 22:25,Microsoft-Windows-DNS-Client,1014,-1014,Name resolution for the name dns.msftncsi.com timed out after none of the configured DNS servers responded.
Warning,12-07-2021 22:10,Microsoft-Windows-DNS-Client,1014,-1014,Name resolution for the name dns.msftncsi.com timed out after none of the configured DNS servers responded.
Warning,12-07-2021 22:08,Microsoft-Windows-DNS-Client,1014,-1014,Name resolution for the name dns.msftncsi.com timed out after none of the configured DNS servers responded.
Warning,12-07-2021 22:07,Microsoft-Windows-DistributedCOM,10016,None,"The machine-default permission settings do not grant Local Activation permission for the COM Server application with CLSID 
{C2F03A33-21F5-47FA-B4BB-156362A2F239}
 and APPID 
{316CDED5-E4AE-4B15-9113-7055D84DCC97}
 to the user SHOHID-PC\SHOHID SID (S-1-5-21-2091211461-3178656723-4261672445-1001) from address LocalHost (Using LRPC) running in the application container Microsoft.Windows.ShellExperienceHost_10.0.18362.1171_neutral_neutral_cw5n1h2txyewy SID (S-1-15-2-155514346-2573954481-755741238-1654018636-1233331829-3075935687-2861478708). This security permission can be modified using the Component Services administrative tool."
