Information,1/17/2022 6:02:45 PM,Microsoft-Windows-Kernel-General,16,None,The access history in hive \??\C:\ProgramData\Packages\AppleInc.iTunes_nzyj5cx40ttqa\S-1-5-21-2091211461-3178656723-4261672445-1001\SystemAppData\Helium\User.dat was cleared updating 37 keys and creating 2 modified pages.
Warning,1/17/2022 5:59:36 PM,Microsoft-Windows-DistributedCOM,10016,None,"The machine-default permission settings do not grant Local Activation permission for the COM Server application with CLSID 
{C2F03A33-21F5-47FA-B4BB-156362A2F239}
 and APPID 
{316CDED5-E4AE-4B15-9113-7055D84DCC97}
 to the user SHOHID-PC\SHOHID SID (S-1-5-21-2091211461-3178656723-4261672445-1001) from address LocalHost (Using LRPC) running in the application container Microsoft.Windows.ShellExperienceHost_10.0.18362.1171_neutral_neutral_cw5n1h2txyewy SID (S-1-15-2-155514346-2573954481-755741238-1654018636-1233331829-3075935687-2861478708). This security permission can be modified using the Component Services administrative tool."
Warning,1/17/2022 5:59:13 PM,Microsoft-Windows-DistributedCOM,10016,None,"The machine-default permission settings do not grant Local Activation permission for the COM Server application with CLSID 
{C2F03A33-21F5-47FA-B4BB-156362A2F239}
 and APPID 
{316CDED5-E4AE-4B15-9113-7055D84DCC97}
 to the user SHOHID-PC\SHOHID SID (S-1-5-21-2091211461-3178656723-4261672445-1001) from address LocalHost (Using LRPC) running in the application container Microsoft.Windows.ShellExperienceHost_10.0.18362.1171_neutral_neutral_cw5n1h2txyewy SID (S-1-15-2-155514346-2573954481-755741238-1654018636-1233331829-3075935687-2861478708). This security permission can be modified using the Component Services administrative tool."
Warning,1/17/2022 5:59:05 PM,Microsoft-Windows-DistributedCOM,10016,None,"The machine-default permission settings do not grant Local Activation permission for the COM Server application with CLSID 
{C2F03A33-21F5-47FA-B4BB-156362A2F239}
 and APPID 
{316CDED5-E4AE-4B15-9113-7055D84DCC97}
 to the user SHOHID-PC\SHOHID SID (S-1-5-21-2091211461-3178656723-4261672445-1001) from address LocalHost (Using LRPC) running in the application container Microsoft.Windows.ShellExperienceHost_10.0.18362.1171_neutral_neutral_cw5n1h2txyewy SID (S-1-15-2-155514346-2573954481-755741238-1654018636-1233331829-3075935687-2861478708). This security permission can be modified using the Component Services administrative tool."
Information,1/17/2022 5:59:05 PM,Microsoft-Windows-UserPnp,20001,-7005,Driver Management concluded the process to install driver wpdmtp.inf_amd64_eb2603b2e998ae53 for Device Instance ID USB\VID_05AC&PID_12A8&MI_00\7&2CB97DB5&1&0000 with the following status: 0x0.
Information,1/17/2022 5:59:05 PM,Microsoft-Windows-UserPnp,20003,-7005,Driver Management has concluded the process to add Service WinUsb for Device Instance ID USB\VID_05AC&PID_12A8&MI_00\7&2CB97DB5&1&0000 with the following status: 0.
Information,1/17/2022 5:59:05 PM,Microsoft-Windows-UserPnp,20003,-7005,Driver Management has concluded the process to add Service WUDFWpdMtp for Device Instance ID USB\VID_05AC&PID_12A8&MI_00\7&2CB97DB5&1&0000 with the following status: 0.
Information,1/17/2022 5:59:05 PM,Microsoft-Windows-DriverFrameworks-UserMode,10100,Installation or update of device drivers.,The driver package installation has succeeded.
Information,1/17/2022 5:59:05 PM,Microsoft-Windows-DriverFrameworks-UserMode,10002,Installation or update of device drivers.,The UMDF service WpdMtpDriver (CLSID {aaae762b-a6a2-4c45-b5d8-9a83afb6bb70}) was upgraded.  It requires framework version 2.29.0 or higher.
Information,1/17/2022 5:59:05 PM,Microsoft-Windows-DriverFrameworks-UserMode,10000,Installation or update of device drivers.,A driver package which uses user-mode driver framework version 2.29.0 is being installed on device USB\VID_05AC&PID_12A8&MI_00\7&2CB97DB5&1&0000.
Information,1/17/2022 5:59:05 PM,Microsoft-Windows-WPDClassInstaller,24578,Driver Post-Install Configuration,Autoplay was successfully registered for device USB\VID_05AC&PID_12A8&REV_0802&MI_00.
Information,1/17/2022 5:59:05 PM,Microsoft-Windows-WPDClassInstaller,24577,Driver Post-Install Configuration,"Media player and imaging program compatibility layers were successfully registered for device USB\VID_05AC&PID_12A8&REV_0802&MI_00. Layer bits 0x00000001 were requested, layer bits 0x00000001 were registered."
Information,1/17/2022 5:59:05 PM,Microsoft-Windows-WPDClassInstaller,24576,Driver Installation,Drivers were successfully installed for device USB\VID_05AC&PID_12A8&REV_0802&MI_00.
Information,1/17/2022 5:59:04 PM,Microsoft-Windows-UserPnp,20001,-7005,Driver Management concluded the process to install driver appleusb.inf_amd64_b73ae12bc4ddf3c8 for Device Instance ID USB\VID_05AC&PID_12A8\FC254FA6EE04E0C0916B417874592DC951B65A73 with the following status: 0x0.
Information,1/17/2022 4:18:06 PM,Microsoft-Windows-Kernel-General,1,-5,"The system time has changed to 2022-01-17T10:18:06.304878700Z from 2022-01-17T10:18:06.304449400Z.

Change Reason: An application or system component changed the time.
Process: '\Device\HarddiskVolume6\Windows\System32\svchost.exe' (PID 13416)."
Information,1/17/2022 4:18:06 PM,Microsoft-Windows-Time-Service,35,None,"The time service is now synchronizing the system time with the time source time.windows.com,0x9 (ntp.m|0x9|0.0.0.0:123->40.81.94.65:123) with reference id 1096700200. Current local stratum number is 4."
Information,1/17/2022 4:17:55 PM,Microsoft-Windows-Kernel-General,16,None,The access history in hive \??\C:\Users\SHOHID\AppData\Local\Packages\inputapp_cw5n1h2txyewy\Settings\settings.dat was cleared updating 3 keys and creating 1 modified pages.
Information,1/17/2022 4:17:51 PM,Microsoft-Windows-Time-Service,37,None,"The time provider NtpClient is currently receiving valid time data from time.windows.com,0x9 (ntp.m|0x9|0.0.0.0:123->40.81.94.65:123)."
Information,1/17/2022 4:17:50 PM,Microsoft-Windows-Time-Service,158,None,The time provider 'VMICTimeProvider' has indicated that the current hardware and operating environment is not supported and has stopped. This behavior is expected for VMICTimeProvider on non-HyperV-guest environments. This may be the expected behavior for the current provider in the current operating environment as well.
Information,1/17/2022 12:16:09 PM,Microsoft-Windows-Kernel-General,16,None,The access history in hive \??\C:\ProgramData\Microsoft\Provisioning\Microsoft-Desktop-Provisioning-Sequence.dat was cleared updating 0 keys and creating 0 modified pages.
Information,1/17/2022 12:09:38 PM,Microsoft-Windows-WindowsUpdateClient,19,Windows Update Agent,Installation Successful: Windows successfully installed the following update: Security Intelligence Update for Microsoft Defender Antivirus - KB2267602 (Version 1.355.2037.0)
Information,1/17/2022 12:09:22 PM,Microsoft-Windows-WindowsUpdateClient,43,Windows Update Agent,Installation Started: Windows has started installing the following update: Security Intelligence Update for Microsoft Defender Antivirus - KB2267602 (Version 1.355.2037.0)
Information,1/17/2022 12:09:16 PM,Microsoft-Windows-WindowsUpdateClient,44,Windows Update Agent,Windows Update started downloading an update.
Information,1/17/2022 12:06:51 PM,Microsoft-Windows-Kernel-General,16,None,The access history in hive \??\C:\Users\SHOHID\AppData\Local\Packages\Microsoft.WindowsStore_8wekyb3d8bbwe\Settings\settings.dat was cleared updating 11 keys and creating 3 modified pages.
Information,1/17/2022 12:06:50 PM,Microsoft-Windows-Kernel-General,16,None,The access history in hive \??\C:\Users\SHOHID\AppData\Local\Packages\Microsoft.WindowsFeedbackHub_8wekyb3d8bbwe\Settings\settings.dat was cleared updating 3 keys and creating 1 modified pages.
Error,1/17/2022 12:06:49 PM,Microsoft-Windows-DistributedCOM,10010,None,The server Microsoft.SkypeApp_15.79.95.0_x86__kzf8qxf38zg5c!App.AppXtwmqn4em5r5dpafgj4t4yyxgjfe0hr50.mca did not register with DCOM within the required timeout.
Information,1/17/2022 12:04:40 PM,Microsoft-Windows-Kernel-General,16,None,The access history in hive \??\C:\ProgramData\Packages\Microsoft.XboxGamingOverlay_8wekyb3d8bbwe\S-1-5-21-2091211461-3178656723-4261672445-1001\SystemAppData\Helium\Cache\998fdd4c364561f2_COM15.dat was cleared updating 1 keys and creating 1 modified pages.
Information,1/17/2022 12:04:40 PM,Microsoft-Windows-Kernel-General,16,None,The access history in hive \??\C:\Users\SHOHID\AppData\Local\Packages\Microsoft.XboxGamingOverlay_8wekyb3d8bbwe\Settings\settings.dat was cleared updating 9 keys and creating 1 modified pages.
Warning,1/17/2022 12:04:21 PM,Microsoft-Windows-DistributedCOM,10016,None,"The machine-default permission settings do not grant Local Activation permission for the COM Server application with CLSID 
{C2F03A33-21F5-47FA-B4BB-156362A2F239}
 and APPID 
{316CDED5-E4AE-4B15-9113-7055D84DCC97}
 to the user SHOHID-PC\SHOHID SID (S-1-5-21-2091211461-3178656723-4261672445-1001) from address LocalHost (Using LRPC) running in the application container Microsoft.Windows.ShellExperienceHost_10.0.18362.1171_neutral_neutral_cw5n1h2txyewy SID (S-1-15-2-155514346-2573954481-755741238-1654018636-1233331829-3075935687-2861478708). This security permission can be modified using the Component Services administrative tool."
Error,1/17/2022 12:04:21 PM,Microsoft-Windows-DistributedCOM,10010,None,The server Microsoft.SkypeApp_15.79.95.0_x86__kzf8qxf38zg5c!App.AppXtwmqn4em5r5dpafgj4t4yyxgjfe0hr50.mca did not register with DCOM within the required timeout.
Information,1/17/2022 12:04:05 PM,Microsoft-Windows-Winlogon,7001,-1101,User Logon Notification for Customer Experience Improvement Program
Information,1/17/2022 12:04:05 PM,Microsoft-Windows-Power-Troubleshooter,1,None,"The system has returned from a low power state.

Sleep Time: 2022-01-16T17:48:34.131016200Z
Wake Time: 2022-01-17T06:04:04.369828500Z

Wake Source: Unknown"
Error,1/17/2022 12:04:03 PM,iaStorA,4102,None,Error log: Smart event occured on disk :X6GJEAPFS  
Information,1/17/2022 12:04:03 PM,Microsoft-Windows-Kernel-Boot,32,-58,The bootmgr spent 0 ms waiting for user input.
Information,1/17/2022 12:04:03 PM,Microsoft-Windows-Kernel-Boot,18,-57,There are 0x1 boot options on this system.
Information,1/17/2022 12:04:03 PM,Microsoft-Windows-Kernel-Boot,27,-33,The boot type was 0x1.
Information,1/17/2022 12:04:03 PM,Microsoft-Windows-Kernel-Boot,25,-32,The boot menu policy was 0x1.
Information,1/17/2022 12:04:03 PM,Microsoft-Windows-Kernel-Boot,30,-21,The firmware reported boot metrics.
Information,1/17/2022 12:04:02 PM,Microsoft-Windows-Kernel-General,1,-5,"The system time has changed to 2022-01-17T06:04:02.500000000Z from 2022-01-16T17:48:36.877709500Z.

Change Reason: System time synchronized with the hardware clock.
Process: '' (PID 4)."
Information,1/16/2022 11:48:36 PM,Microsoft-Windows-Kernel-Power,107,-102,The system has resumed from sleep.
Information,1/17/2022 12:04:03 PM,EventLog,6013,None,The system uptime is 87599 seconds.
Information,1/16/2022 11:48:35 PM,Microsoft-Windows-Kernel-Power,42,-64,"The system is entering sleep.

Sleep Reason: Application API"
Information,1/16/2022 11:48:34 PM,Microsoft-Windows-Kernel-Power,187,-243,User-mode process attempted to change the system state by calling SetSuspendState or SetSystemPowerState APIs.
Information,1/16/2022 11:48:32 PM,Microsoft-Windows-Winlogon,7002,-1102,User Logoff Notification for Customer Experience Improvement Program
Information,1/16/2022 11:48:31 PM,User32,1074,None,"The process C:\Windows\System32\RuntimeBroker.exe (SHOHID-PC) has initiated the power off of computer SHOHID-PC on behalf of user SHOHID-PC\SHOHID for the following reason: Other (Unplanned)
 Reason Code: 0x0
 Shutdown Type: power off
 Comment: "
Warning,1/16/2022 9:59:10 PM,Microsoft-Windows-DistributedCOM,10016,None,"The application-specific permission settings do not grant Local Activation permission for the COM Server application with CLSID 
{2593F8B9-4EAF-457C-B68A-50F6B8EA6B54}
 and APPID 
{15C20B67-12E7-4BB6-92BB-7AFF07997402}
 to the user SHOHID-PC\SHOHID SID (S-1-5-21-2091211461-3178656723-4261672445-1001) from address LocalHost (Using LRPC) running in the application container Unavailable SID (Unavailable). This security permission can be modified using the Component Services administrative tool."
Warning,1/16/2022 9:58:25 PM,Microsoft-Windows-DNS-Client,1014,-1014,Name resolution for the name www.google-analytics.com timed out after none of the configured DNS servers responded.
Warning,1/16/2022 9:30:00 PM,Microsoft-Windows-DistributedCOM,10016,None,"The machine-default permission settings do not grant Local Activation permission for the COM Server application with CLSID 
{C2F03A33-21F5-47FA-B4BB-156362A2F239}
 and APPID 
{316CDED5-E4AE-4B15-9113-7055D84DCC97}
 to the user SHOHID-PC\SHOHID SID (S-1-5-21-2091211461-3178656723-4261672445-1001) from address LocalHost (Using LRPC) running in the application container Microsoft.Windows.ShellExperienceHost_10.0.18362.1171_neutral_neutral_cw5n1h2txyewy SID (S-1-15-2-155514346-2573954481-755741238-1654018636-1233331829-3075935687-2861478708). This security permission can be modified using the Component Services administrative tool."
Warning,1/16/2022 8:52:44 PM,Microsoft-Windows-DistributedCOM,10016,None,"The application-specific permission settings do not grant Local Activation permission for the COM Server application with CLSID 
{2593F8B9-4EAF-457C-B68A-50F6B8EA6B54}
 and APPID 
{15C20B67-12E7-4BB6-92BB-7AFF07997402}
 to the user SHOHID-PC\SHOHID SID (S-1-5-21-2091211461-3178656723-4261672445-1001) from address LocalHost (Using LRPC) running in the application container Unavailable SID (Unavailable). This security permission can be modified using the Component Services administrative tool."
Error,1/16/2022 8:22:36 PM,Microsoft-Windows-DistributedCOM,10010,None,The server Microsoft.SkypeApp_15.79.95.0_x86__kzf8qxf38zg5c!App.AppXtwmqn4em5r5dpafgj4t4yyxgjfe0hr50.mca did not register with DCOM within the required timeout.
Warning,1/16/2022 8:19:10 PM,Microsoft-Windows-DistributedCOM,10016,None,"The application-specific permission settings do not grant Local Activation permission for the COM Server application with CLSID 
{2593F8B9-4EAF-457C-B68A-50F6B8EA6B54}
 and APPID 
{15C20B67-12E7-4BB6-92BB-7AFF07997402}
 to the user SHOHID-PC\SHOHID SID (S-1-5-21-2091211461-3178656723-4261672445-1001) from address LocalHost (Using LRPC) running in the application container Microsoft.SkypeApp_15.79.95.0_x86__kzf8qxf38zg5c SID (Unavailable). This security permission can be modified using the Component Services administrative tool."
Information,1/16/2022 1:50:35 PM,Microsoft-Windows-WindowsUpdateClient,19,Windows Update Agent,Installation Successful: Windows successfully installed the following update: Security Intelligence Update for Microsoft Defender Antivirus - KB2267602 (Version 1.355.1998.0)
Information,1/16/2022 1:50:25 PM,Microsoft-Windows-WindowsUpdateClient,43,Windows Update Agent,Installation Started: Windows has started installing the following update: Security Intelligence Update for Microsoft Defender Antivirus - KB2267602 (Version 1.355.1998.0)
Information,1/16/2022 1:50:20 PM,Microsoft-Windows-WindowsUpdateClient,44,Windows Update Agent,Windows Update started downloading an update.
Information,1/16/2022 1:45:13 PM,Service Control Manager,7045,None,"A service was installed in the system.

Service Name:  MpKslfe9af4f1
Service File Name:  C:\ProgramData\Microsoft\Windows Defender\Definition Updates\{DC0E0EE5-CFB1-483C-8A6D-91DC3836A521}\MpKslDrv.sys
Service Type:  kernel mode driver
Service Start Type:  demand start
Service Account:  "
Information,1/16/2022 1:45:03 PM,Microsoft-Windows-Kernel-General,16,None,The access history in hive \??\C:\Windows\System32\config\components was cleared updating 64992 keys and creating 7665 modified pages.
Information,1/16/2022 1:44:44 PM,Microsoft-Windows-Kernel-General,1,-5,"The system time has changed to 2022-01-16T07:44:44.051023900Z from 2022-01-16T07:44:44.049711600Z.

Change Reason: An application or system component changed the time.
Process: '\Device\HarddiskVolume6\Windows\System32\svchost.exe' (PID 11860)."
Information,1/16/2022 1:44:44 PM,Microsoft-Windows-Kernel-General,1,-5,"The system time has changed to 2022-01-16T07:44:44.049711600Z from 2022-01-16T07:44:44.048771800Z.

Change Reason: An application or system component changed the time.
Process: '\Device\HarddiskVolume6\Windows\System32\svchost.exe' (PID 11860)."
Information,1/16/2022 1:44:44 PM,Microsoft-Windows-Time-Service,35,None,"The time service is now synchronizing the system time with the time source time.windows.com,0x9 (ntp.m|0x9|0.0.0.0:123->40.81.94.65:123) with reference id 1096700200. Current local stratum number is 4."
Information,1/16/2022 1:44:44 PM,Microsoft-Windows-Kernel-General,1,-5,"The system time has changed to 2022-01-16T07:44:44.048771800Z from 2022-01-16T07:44:42.405114000Z.

Change Reason: An application or system component changed the time.
Process: '\Device\HarddiskVolume6\Windows\System32\svchost.exe' (PID 11860)."
Information,1/16/2022 1:44:28 PM,Microsoft-Windows-Time-Service,37,None,"The time provider NtpClient is currently receiving valid time data from time.windows.com,0x9 (ntp.m|0x9|0.0.0.0:123->40.81.94.65:123)."
Information,1/16/2022 1:44:26 PM,Microsoft-Windows-Time-Service,158,None,The time provider 'VMICTimeProvider' has indicated that the current hardware and operating environment is not supported and has stopped. This behavior is expected for VMICTimeProvider on non-HyperV-guest environments. This may be the expected behavior for the current provider in the current operating environment as well.
Warning,1/16/2022 12:44:55 PM,disk,52,None,The driver has detected that device \Device\Harddisk0\DR0 has predicted that it will fail. Immediately back up your data and replace your hard disk drive. A failure may be imminent.
Error,1/16/2022 12:31:21 PM,Schannel,36882,None,"The certificate received from the remote server was issued by an untrusted certificate authority. Because of this, none of the data contained in the certificate can be validated. The TLS connection request has failed. The attached data contains the server certificate."
Information,1/16/2022 12:14:25 PM,Microsoft-Windows-FilterManager,6,None,"File System Filter 'bindflt' (10.0, 2067-08-24T02:59:11.000000000Z) has successfully loaded and registered with Filter Manager."
Error,1/16/2022 12:00:48 PM,Microsoft-Windows-DistributedCOM,10010,None,The server Microsoft.SkypeApp_15.79.95.0_x86__kzf8qxf38zg5c!App.AppXtwmqn4em5r5dpafgj4t4yyxgjfe0hr50.mca did not register with DCOM within the required timeout.
Information,1/16/2022 12:00:00 PM,EventLog,6013,None,The system uptime is 957 seconds.
Warning,1/16/2022 11:59:24 AM,Microsoft-Windows-DNS-Client,1014,-1014,Name resolution for the name router5.teamviewer.com timed out after none of the configured DNS servers responded.
Information,1/16/2022 11:54:44 AM,Microsoft-Windows-Kernel-General,16,None,The access history in hive \??\C:\ProgramData\Microsoft\Provisioning\Microsoft-Desktop-Provisioning-Sequence.dat was cleared updating 0 keys and creating 0 modified pages.
Warning,1/16/2022 11:46:32 AM,Microsoft-Windows-DistributedCOM,10016,None,"The application-specific permission settings do not grant Local Launch permission for the COM Server application with CLSID 
Windows.SecurityCenter.SecurityAppBroker
 and APPID 
Unavailable
 to the user NT AUTHORITY\SYSTEM SID (S-1-5-18) from address LocalHost (Using LRPC) running in the application container Unavailable SID (Unavailable). This security permission can be modified using the Component Services administrative tool."
Warning,1/16/2022 11:46:32 AM,Microsoft-Windows-DistributedCOM,10016,None,"The application-specific permission settings do not grant Local Launch permission for the COM Server application with CLSID 
Windows.SecurityCenter.WscBrokerManager
 and APPID 
Unavailable
 to the user NT AUTHORITY\SYSTEM SID (S-1-5-18) from address LocalHost (Using LRPC) running in the application container Unavailable SID (Unavailable). This security permission can be modified using the Component Services administrative tool."
Warning,1/16/2022 11:46:32 AM,Microsoft-Windows-DistributedCOM,10016,None,"The application-specific permission settings do not grant Local Launch permission for the COM Server application with CLSID 
Windows.SecurityCenter.WscDataProtection
 and APPID 
Unavailable
 to the user NT AUTHORITY\SYSTEM SID (S-1-5-18) from address LocalHost (Using LRPC) running in the application container Unavailable SID (Unavailable). This security permission can be modified using the Component Services administrative tool."
Warning,1/16/2022 11:44:35 AM,Microsoft-Windows-DNS-Client,1014,-1014,Name resolution for the name a.nel.cloudflare.com timed out after none of the configured DNS servers responded.
Error,1/16/2022 11:44:22 AM,Service Control Manager,7034,None,The ArcGIS License Manager service terminated unexpectedly.  It has done this 1 time(s).
Information,1/16/2022 11:44:20 AM,Service Control Manager,7026,None,"The following boot-start or system-start driver(s) did not load: 
dam"
Information,1/16/2022 11:44:19 AM,Microsoft-Windows-WMPNSS-Service,14204,None,Service 'WMPNetworkSvc' started.
Information,1/16/2022 11:44:17 AM,IntelHaxm,4,None,HAXM is loaded successfully
Information,1/16/2022 11:44:17 AM,vmx86,34,None,"The description for Event ID 34 from source vmx86 cannot be found. Either the component that raises this event is not installed on your local computer or the installation is corrupted. You can install or repair the component on the local computer.

If the event originated on another computer, the display information had to be saved with the event.

The following information was included with the event: 

VMX86.SYS: begin DriverEntry
"
Warning,1/16/2022 11:44:18 AM,Server,2511,None,"The server service was unable to recreate the share SHARMIN because the directory E:\Users\SHARMIN no longer exists.  Please run ""net share SHARMIN /delete"" to delete the share, or recreate the directory E:\Users\SHARMIN."
Information,1/16/2022 11:44:18 AM,Microsoft-Windows-WAS,5211,None,The Windows Process Activation Service (WAS) started with 'Classic' mode using 'ConfigurationSystem'
Error,1/16/2022 11:44:16 AM,Microsoft-Windows-WLAN-AutoConfig,10000,None,"WLAN Extensibility Module has failed to start.

Module Path: C:\WINDOWS\system32\Rtlihvs.dll
Error Code: 126
"
Information,1/16/2022 11:44:16 AM,Microsoft-Windows-WLAN-AutoConfig,4000,None,"WLAN AutoConfig service has successfully started.
"
Information,1/16/2022 11:44:16 AM,VMnetuserif,1,None,() Starting up the User Interface Driver for VMware Virtual Networks.
Information,1/16/2022 11:44:16 AM,VMnetBridge,10,None,() Starting up the Bridge Driver for VMware Virtual Networks.
Information,1/16/2022 11:44:15 AM,Microsoft-Windows-Winlogon,7001,-1101,User Logon Notification for Customer Experience Improvement Program
Information,1/16/2022 11:44:15 AM,Microsoft-Windows-DHCPv6-Client,51046,Service State Event,DHCPv6 client service is started
Information,1/16/2022 11:44:15 AM,Microsoft-Windows-Dhcp-Client,50103,Service State Event,DHCPv4 client registered for shutdown notification
Information,1/16/2022 11:44:15 AM,Microsoft-Windows-Dhcp-Client,50036,Service State Event,DHCPv4 client service is started
Information,1/16/2022 11:44:15 AM,Microsoft-Windows-FilterManager,6,None,"File System Filter 'storqosflt' (10.0, 2084-07-24T11:29:44.000000000Z) has successfully loaded and registered with Filter Manager."
Information,1/16/2022 11:44:15 AM,Microsoft-Windows-FilterManager,6,None,"File System Filter 'CldFlt' (10.0, 2052-03-25T04:36:04.000000000Z) has successfully loaded and registered with Filter Manager."
Information,1/16/2022 11:44:15 AM,Microsoft-Windows-FilterManager,1,None,"File System Filter 'CldFlt' (Version 10.0, 2052-03-25T04:36:04.000000000Z) unloaded successfully."
Information,1/16/2022 11:44:15 AM,Microsoft-Windows-FilterManager,6,None,"File System Filter 'CldFlt' (10.0, 2052-03-25T04:36:04.000000000Z) has successfully loaded and registered with Filter Manager."
Information,1/16/2022 11:44:15 AM,Microsoft-Windows-FilterManager,6,None,"File System Filter 'luafv' (10.0, 1987-05-06T02:17:50.000000000Z) has successfully loaded and registered with Filter Manager."
Information,1/16/2022 11:44:15 AM,Microsoft-Windows-FilterManager,6,None,"File System Filter 'wcifs' (10.0, 2011-08-26T04:27:29.000000000Z) has successfully loaded and registered with Filter Manager."
Information,1/16/2022 11:44:14 AM,Microsoft-Windows-Directory-Services-SAM,16977,None,"The domain is configured with the following minimum password length-related settings.

MinimumPasswordLength: 0

MinimumPasswordLengthAudit: -1

For more information see https://go.microsoft.com/fwlink/?LinkId=2097191.
"
Information,1/16/2022 11:44:14 AM,Microsoft-Windows-Directory-Services-SAM,16962,None,"Remote calls to the SAM database are being restricted using the default security descriptor: O:SYG:SYD:(A;;RC;;;BA).
For more information please see http://go.microsoft.com/fwlink/?LinkId=787651."
Information,1/16/2022 11:44:13 AM,Microsoft-Windows-Wininit,14,None,"Credential Guard configuration: 0x0, 0"
Error,1/16/2022 11:44:10 AM,Ntfs,137,-2,The default transaction resource manager on volume G: encountered a non-retryable error and could not start.  The data contains the error code.
Error,1/16/2022 11:44:10 AM,disk,7,None,"The device, \Device\Harddisk0\DR0, has a bad block."
Error,1/16/2022 11:44:10 AM,disk,7,None,"The device, \Device\Harddisk0\DR0, has a bad block."
Information,1/16/2022 11:44:10 AM,Microsoft-Windows-Ntfs,98,None,Volume G: (\Device\HarddiskVolume2) is healthy.  No action is needed.
Information,1/16/2022 11:44:09 AM,Microsoft-Windows-Ntfs,98,None,Volume D: (\Device\HarddiskVolume1) is healthy.  No action is needed.
Information,1/16/2022 11:44:08 AM,Microsoft-Windows-Ntfs,98,None,Volume F: (\Device\HarddiskVolume4) is healthy.  No action is needed.
Information,1/16/2022 11:44:07 AM,Microsoft-Windows-Ntfs,98,None,Volume E: (\Device\HarddiskVolume3) is healthy.  No action is needed.
Information,1/16/2022 11:44:06 AM,MEIx64,2,None,Intel(R) Trusted Execution Engine Interface driver has started successfully.
Information,1/16/2022 11:44:06 AM,Microsoft-Windows-Kernel-Processor-Power,55,-47,"Processor 3 in group 0 exposes the following power management capabilities:

Idle state type: ACPI Idle (C) States (3 state(s))

Performance state type: ACPI Performance (P) / Throttle (T) States
Nominal Frequency (MHz): 3700
Maximum performance percentage: 100
Minimum performance percentage: 21
Minimum throttle percentage: 21"
Information,1/16/2022 11:44:06 AM,Microsoft-Windows-Kernel-Processor-Power,55,-47,"Processor 1 in group 0 exposes the following power management capabilities:

Idle state type: ACPI Idle (C) States (3 state(s))

Performance state type: ACPI Performance (P) / Throttle (T) States
Nominal Frequency (MHz): 3700
Maximum performance percentage: 100
Minimum performance percentage: 21
Minimum throttle percentage: 21"
Information,1/16/2022 11:44:06 AM,Microsoft-Windows-Kernel-Processor-Power,55,-47,"Processor 2 in group 0 exposes the following power management capabilities:

Idle state type: ACPI Idle (C) States (3 state(s))

Performance state type: ACPI Performance (P) / Throttle (T) States
Nominal Frequency (MHz): 3700
Maximum performance percentage: 100
Minimum performance percentage: 21
Minimum throttle percentage: 21"
Information,1/16/2022 11:44:06 AM,Microsoft-Windows-Kernel-Processor-Power,55,-47,"Processor 0 in group 0 exposes the following power management capabilities:

Idle state type: ACPI Idle (C) States (3 state(s))

Performance state type: ACPI Performance (P) / Throttle (T) States
Nominal Frequency (MHz): 3700
Maximum performance percentage: 100
Minimum performance percentage: 21
Minimum throttle percentage: 21"
Information,1/16/2022 11:44:06 AM,VMnetAdapter,36,None,() Starting up the Adapter Driver for VMware Virtual Networks.
Information,1/16/2022 11:44:06 AM,Microsoft-Windows-Kernel-Power,172,-203,"Connectivity state in standby: Disconnected, Reason: NIC compliance"
Information,1/16/2022 11:44:06 AM,Microsoft-Windows-Ntfs,98,None,Volume \\?\Volume{fee45b76-0000-0000-0000-100000000000} (\Device\HarddiskVolume5) is healthy.  No action is needed.
Information,1/16/2022 11:44:06 AM,Microsoft-Windows-FilterManager,6,None,"File System Filter 'npsvctrig' (10.0, 1977-09-12T21:19:34.000000000Z) has successfully loaded and registered with Filter Manager."
Information,1/16/2022 11:44:06 AM,Microsoft-Windows-FilterManager,6,None,"File System Filter 'FileCrypt' (10.0, 2011-10-30T21:56:49.000000000Z) has successfully loaded and registered with Filter Manager."
Information,1/16/2022 11:44:05 AM,Microsoft-Windows-Ntfs,98,None,Volume C: (\Device\HarddiskVolume6) is healthy.  No action is needed.
Error,1/16/2022 11:44:03 AM,iaStorA,4102,None,Error log: Smart event occured on disk :X6GJEAPFS  
Information,1/16/2022 11:44:03 AM,Microsoft-Windows-FilterManager,6,None,"File System Filter 'WdFilter' (10.0, 2018-11-12T17:12:11.000000000Z) has successfully loaded and registered with Filter Manager."
Information,1/16/2022 11:44:03 AM,Microsoft-Windows-FilterManager,6,None,"File System Filter 'Wof' (10.0, 2045-05-29T21:42:55.000000000Z) has successfully loaded and registered with Filter Manager."
Information,1/16/2022 11:44:03 AM,Microsoft-Windows-FilterManager,6,None,"File System Filter 'FileInfo' (10.0, 1989-07-13T07:15:12.000000000Z) has successfully loaded and registered with Filter Manager."
Information,1/16/2022 11:44:03 AM,Microsoft-Windows-Kernel-General,20,-6,"The leap second configuration has been updated.
Reason: Leap second data initialized from registry during boot
Leap seconds enabled: true
New leap second count: 0
Old leap second count: 0"
Information,1/16/2022 11:44:03 AM,Microsoft-Windows-Kernel-Boot,30,-21,The firmware reported boot metrics.
Information,1/16/2022 11:44:03 AM,Microsoft-Windows-Kernel-Boot,32,-58,The bootmgr spent 0 ms waiting for user input.
Information,1/16/2022 11:44:03 AM,Microsoft-Windows-Kernel-Boot,18,-57,There are 0x1 boot options on this system.
Information,1/16/2022 11:44:03 AM,Microsoft-Windows-Kernel-Boot,27,-33,The boot type was 0x0.
Information,1/16/2022 11:44:03 AM,Microsoft-Windows-Kernel-Boot,25,-32,The boot menu policy was 0x1.
Information,1/16/2022 11:44:03 AM,Microsoft-Windows-Kernel-Boot,20,-31,The last shutdown's success status was true. The last boot's success status was true.
Information,1/16/2022 11:44:03 AM,Microsoft-Windows-Kernel-Boot,153,-62,Virtualization-based security (policies: 0) is disabled.
Information,1/16/2022 11:44:03 AM,Microsoft-Windows-Kernel-General,12,-1,The operating system started at system time 2022-01-16T05:44:02.500000000Z.
Warning,1/16/2022 11:43:50 AM,Microsoft-Windows-DNS-Client,1014,-1014,Name resolution for the name router8.teamviewer.com timed out after none of the configured DNS servers responded.
Information,1/16/2022 11:43:50 AM,Microsoft-Windows-Kernel-General,13,-2,The operating system is shutting down at system time 2022-01-16T05:43:50.808816100Z.
Information,1/16/2022 11:43:49 AM,Microsoft-Windows-Kernel-Power,109,-103,"The kernel power manager has initiated a shutdown transition.

Shutdown Reason: Kernel API"
Information,1/16/2022 11:43:45 AM,Microsoft-Windows-WLAN-AutoConfig,4001,None,"WLAN AutoConfig service has successfully stopped.
"
Information,1/16/2022 11:44:15 AM,EventLog,6013,None,The system uptime is 12 seconds.
Information,1/16/2022 11:44:15 AM,EventLog,6005,None,The Event log service was started.
Information,1/16/2022 11:44:15 AM,EventLog,6009,None,Microsoft (R) Windows (R) 10.00. 18363 Service Pack 1 Multiprocessor Free.
Information,1/16/2022 11:43:44 AM,Microsoft-Windows-Dhcp-Client,50037,Service State Event,DHCPv4 client service is stopped. ShutDown Flag value is 1
Information,1/16/2022 11:43:44 AM,Microsoft-Windows-Dhcp-Client,50106,Service State Event,DHCPv4 is waiting on DHCPv6 service to stop
Information,1/16/2022 11:43:44 AM,Microsoft-Windows-DHCPv6-Client,51057,Service State Event,DHCPv6 client service stop is almost done.DHCP Context Ref count is 1
Information,1/16/2022 11:43:44 AM,Microsoft-Windows-DHCPv6-Client,51057,Service State Event,DHCPv6 client service stop is almost done.DHCP Context Ref count is 1
Information,1/16/2022 11:43:44 AM,Microsoft-Windows-DHCPv6-Client,51047,Service State Event,DHCPv6 client service is stopped. ShutDown Flag value is 1
Information,1/16/2022 11:43:44 AM,Microsoft-Windows-Dhcp-Client,50105,Service State Event,DHCPv4 client ProcessDHCPRequestForever received TERMINATE_EVENT
Information,1/16/2022 11:43:44 AM,Microsoft-Windows-Dhcp-Client,50104,Service State Event,DHCPv4 client received shutdown notification
Error,1/16/2022 11:43:44 AM,Service Control Manager,7000,None,"The Diagnostic System Host service failed to start due to the following error: 
The service did not respond to the start or control request in a timely fashion."
Information,1/16/2022 11:43:44 AM,Microsoft-Windows-Winlogon,7002,-1102,User Logoff Notification for Customer Experience Improvement Program
Information,1/16/2022 11:43:44 AM,EventLog,6006,None,The Event log service was stopped.
Error,1/16/2022 11:43:32 AM,Microsoft-Windows-DistributedCOM,10010,None,The server Microsoft.SkypeApp_15.79.95.0_x86__kzf8qxf38zg5c!App.AppXtwmqn4em5r5dpafgj4t4yyxgjfe0hr50.mca did not register with DCOM within the required timeout.
Warning,1/16/2022 11:41:40 AM,Microsoft-Windows-DNS-Client,1014,-1014,Name resolution for the name router7.teamviewer.com timed out after none of the configured DNS servers responded.
Warning,1/16/2022 11:26:53 AM,Microsoft-Windows-DNS-Client,1014,-1014,Name resolution for the name boot-01.net.anydesk.com timed out after none of the configured DNS servers responded.
Warning,1/16/2022 11:22:04 AM,Microsoft-Windows-DNS-Client,1014,-1014,Name resolution for the name relay-aeff8875.net.anydesk.com timed out after none of the configured DNS servers responded.
Information,1/16/2022 11:09:26 AM,Microsoft-Windows-WindowsUpdateClient,19,Windows Update Agent,Installation Successful: Windows successfully installed the following update: Security Intelligence Update for Microsoft Defender Antivirus - KB2267602 (Version 1.355.1994.0)
Information,1/16/2022 11:09:14 AM,Microsoft-Windows-WindowsUpdateClient,43,Windows Update Agent,Installation Started: Windows has started installing the following update: Security Intelligence Update for Microsoft Defender Antivirus - KB2267602 (Version 1.355.1994.0)
Information,1/16/2022 11:09:09 AM,Microsoft-Windows-WindowsUpdateClient,44,Windows Update Agent,Windows Update started downloading an update.
Information,1/16/2022 11:08:11 AM,Microsoft-Windows-Kernel-General,16,None,The access history in hive \??\C:\ProgramData\Microsoft\Provisioning\Microsoft-Desktop-Provisioning-Sequence.dat was cleared updating 0 keys and creating 0 modified pages.
Information,1/16/2022 10:59:08 AM,Microsoft-Windows-FilterManager,6,None,"File System Filter 'bindflt' (10.0, 2067-08-24T02:59:11.000000000Z) has successfully loaded and registered with Filter Manager."
Error,1/16/2022 10:57:49 AM,Microsoft-Windows-DistributedCOM,10010,None,The server Microsoft.SkypeApp_15.79.95.0_x86__kzf8qxf38zg5c!App.AppXtwmqn4em5r5dpafgj4t4yyxgjfe0hr50.mca did not register with DCOM within the required timeout.
Information,1/16/2022 10:57:39 AM,Microsoft-Windows-Winlogon,7001,-1101,User Logon Notification for Customer Experience Improvement Program
Information,1/16/2022 10:57:32 AM,Microsoft-Windows-Winlogon,7002,-1102,User Logoff Notification for Customer Experience Improvement Program
Information,1/16/2022 10:57:28 AM,Microsoft-Windows-Kernel-General,16,None,The access history in hive \??\C:\Users\defaultuser100000.SHOHID-PC.000\AppData\Local\Packages\Microsoft.Windows.CloudExperienceHost_cw5n1h2txyewy\Settings\settings.dat was cleared updating 3 keys and creating 1 modified pages.
Information,1/16/2022 10:57:28 AM,Microsoft-Windows-Kernel-General,16,None,The access history in hive \??\C:\Users\defaultuser100000.SHOHID-PC.000\AppData\Local\Packages\Microsoft.Windows.ContentDeliveryManager_cw5n1h2txyewy\Settings\settings.dat was cleared updating 3 keys and creating 1 modified pages.
Information,1/16/2022 10:57:19 AM,Microsoft-Windows-GroupPolicy,1501,None,The Group Policy settings for the user were processed successfully. There were no changes detected since the last successful processing of Group Policy.
Information,1/16/2022 10:57:19 AM,Microsoft-Windows-Kernel-General,16,None,The access history in hive \??\C:\Users\defaultuser100000.SHOHID-PC.000\ntuser.dat was cleared updating 5 keys and creating 2 modified pages.
Information,1/16/2022 10:57:18 AM,Microsoft-Windows-Winlogon,7001,-1101,User Logon Notification for Customer Experience Improvement Program
Information,1/16/2022 10:56:38 AM,Microsoft-Windows-Power-Troubleshooter,1,None,"The system has returned from a low power state.

Sleep Time: 2022-01-15T19:22:36.098952800Z
Wake Time: 2022-01-16T04:56:36.439196000Z

Wake Source: Unknown"
Warning,1/16/2022 10:56:38 AM,disk,52,None,The driver has detected that device \Device\Harddisk0\DR0 has predicted that it will fail. Immediately back up your data and replace your hard disk drive. A failure may be imminent.
Error,1/16/2022 10:56:36 AM,iaStorA,4102,None,Error log: Smart event occured on disk :X6GJEAPFS  
Information,1/16/2022 10:56:36 AM,Microsoft-Windows-Kernel-Boot,32,-58,The bootmgr spent 0 ms waiting for user input.
Information,1/16/2022 10:56:36 AM,Microsoft-Windows-Kernel-Boot,18,-57,There are 0x1 boot options on this system.
Information,1/16/2022 10:56:36 AM,Microsoft-Windows-Kernel-Boot,27,-33,The boot type was 0x1.
Information,1/16/2022 10:56:36 AM,Microsoft-Windows-Kernel-Boot,25,-32,The boot menu policy was 0x1.
Information,1/16/2022 10:56:36 AM,Microsoft-Windows-Kernel-Boot,30,-21,The firmware reported boot metrics.
Information,1/16/2022 10:56:35 AM,Microsoft-Windows-Kernel-General,1,-5,"The system time has changed to 2022-01-16T04:56:35.500000000Z from 2022-01-15T19:22:38.436492900Z.

Change Reason: System time synchronized with the hardware clock.
Process: '' (PID 4)."
Information,1/16/2022 1:22:38 AM,Microsoft-Windows-Kernel-Power,107,-102,The system has resumed from sleep.
Information,1/16/2022 1:22:36 AM,Microsoft-Windows-Kernel-Power,42,-64,"The system is entering sleep.

Sleep Reason: Application API"
Information,1/16/2022 1:22:36 AM,Microsoft-Windows-Kernel-Power,187,-243,User-mode process attempted to change the system state by calling SetSuspendState or SetSystemPowerState APIs.
Information,1/16/2022 1:22:35 AM,Microsoft-Windows-Winlogon,7002,-1102,User Logoff Notification for Customer Experience Improvement Program
Information,1/16/2022 1:22:35 AM,User32,1074,None,"The process C:\WINDOWS\system32\winlogon.exe (SHOHID-PC) has initiated the power off of computer SHOHID-PC on behalf of user NT AUTHORITY\SYSTEM for the following reason: No title for this reason could be found
 Reason Code: 0x500ff
 Shutdown Type: power off
 Comment: "
Information,1/16/2022 1:22:34 AM,User32,1074,None,"The process Explorer.EXE has initiated the power off of computer SHOHID-PC on behalf of user SHOHID-PC\SHOHID for the following reason: Other (Unplanned)
 Reason Code: 0x0
 Shutdown Type: power off
 Comment: "
Error,1/16/2022 1:17:07 AM,Microsoft-Windows-DistributedCOM,10010,None,The server Microsoft.SkypeApp_15.79.95.0_x86__kzf8qxf38zg5c!App.AppXtwmqn4em5r5dpafgj4t4yyxgjfe0hr50.mca did not register with DCOM within the required timeout.
Warning,1/16/2022 1:16:27 AM,Microsoft-Windows-DistributedCOM,10016,None,"The application-specific permission settings do not grant Local Launch permission for the COM Server application with CLSID 
Windows.SecurityCenter.WscBrokerManager
 and APPID 
Unavailable
 to the user NT AUTHORITY\SYSTEM SID (S-1-5-18) from address LocalHost (Using LRPC) running in the application container Unavailable SID (Unavailable). This security permission can be modified using the Component Services administrative tool."
Warning,1/16/2022 1:16:27 AM,Microsoft-Windows-DistributedCOM,10016,None,"The application-specific permission settings do not grant Local Launch permission for the COM Server application with CLSID 
Windows.SecurityCenter.SecurityAppBroker
 and APPID 
Unavailable
 to the user NT AUTHORITY\SYSTEM SID (S-1-5-18) from address LocalHost (Using LRPC) running in the application container Unavailable SID (Unavailable). This security permission can be modified using the Component Services administrative tool."
Warning,1/16/2022 1:16:27 AM,Microsoft-Windows-DistributedCOM,10016,None,"The application-specific permission settings do not grant Local Launch permission for the COM Server application with CLSID 
Windows.SecurityCenter.WscDataProtection
 and APPID 
Unavailable
 to the user NT AUTHORITY\SYSTEM SID (S-1-5-18) from address LocalHost (Using LRPC) running in the application container Unavailable SID (Unavailable). This security permission can be modified using the Component Services administrative tool."
Warning,1/16/2022 1:14:51 AM,Microsoft-Windows-DNS-Client,1014,-1014,Name resolution for the name accounts.google.com timed out after none of the configured DNS servers responded.
Warning,1/16/2022 1:14:36 AM,Microsoft-Windows-DNS-Client,1014,-1014,Name resolution for the name router1.teamviewer.com timed out after none of the configured DNS servers responded.
Error,1/16/2022 1:14:34 AM,Microsoft-Windows-DistributedCOM,10010,None,The server Microsoft.SkypeApp_15.79.95.0_x86__kzf8qxf38zg5c!App.AppXtwmqn4em5r5dpafgj4t4yyxgjfe0hr50.mca did not register with DCOM within the required timeout.
Information,1/16/2022 1:14:23 AM,Microsoft-Windows-Winlogon,7001,-1101,User Logon Notification for Customer Experience Improvement Program
Error,1/16/2022 1:14:20 AM,Service Control Manager,7034,None,The ArcGIS License Manager service terminated unexpectedly.  It has done this 1 time(s).
Information,1/16/2022 1:14:16 AM,Service Control Manager,7026,None,"The following boot-start or system-start driver(s) did not load: 
dam"
Information,1/16/2022 1:14:15 AM,Microsoft-Windows-WMPNSS-Service,14204,None,Service 'WMPNetworkSvc' started.
Information,1/16/2022 1:14:11 AM,IntelHaxm,4,None,HAXM is loaded successfully
Information,1/16/2022 1:14:11 AM,vmx86,34,None,"The description for Event ID 34 from source vmx86 cannot be found. Either the component that raises this event is not installed on your local computer or the installation is corrupted. You can install or repair the component on the local computer.

If the event originated on another computer, the display information had to be saved with the event.

The following information was included with the event: 

VMX86.SYS: begin DriverEntry
"
Error,1/16/2022 1:14:10 AM,Microsoft-Windows-WLAN-AutoConfig,10000,None,"WLAN Extensibility Module has failed to start.

Module Path: C:\WINDOWS\system32\Rtlihvs.dll
Error Code: 126
"
Information,1/16/2022 1:14:10 AM,Microsoft-Windows-WLAN-AutoConfig,4000,None,"WLAN AutoConfig service has successfully started.
"
Information,1/16/2022 1:14:09 AM,VMnetuserif,1,None,() Starting up the User Interface Driver for VMware Virtual Networks.
Information,1/16/2022 1:14:09 AM,VMnetBridge,10,None,() Starting up the Bridge Driver for VMware Virtual Networks.
Information,1/16/2022 1:14:08 AM,Microsoft-Windows-DHCPv6-Client,51046,Service State Event,DHCPv6 client service is started
Information,1/16/2022 1:14:08 AM,Microsoft-Windows-Dhcp-Client,50103,Service State Event,DHCPv4 client registered for shutdown notification
Information,1/16/2022 1:14:08 AM,Microsoft-Windows-Dhcp-Client,50036,Service State Event,DHCPv4 client service is started
Information,1/16/2022 1:14:08 AM,Microsoft-Windows-FilterManager,6,None,"File System Filter 'storqosflt' (10.0, 2084-07-24T11:29:44.000000000Z) has successfully loaded and registered with Filter Manager."
Information,1/16/2022 1:14:08 AM,Microsoft-Windows-FilterManager,6,None,"File System Filter 'CldFlt' (10.0, 2052-03-25T04:36:04.000000000Z) has successfully loaded and registered with Filter Manager."
Information,1/16/2022 1:14:08 AM,Microsoft-Windows-FilterManager,1,None,"File System Filter 'CldFlt' (Version 10.0, 2052-03-25T04:36:04.000000000Z) unloaded successfully."
Information,1/16/2022 1:14:08 AM,Microsoft-Windows-FilterManager,6,None,"File System Filter 'CldFlt' (10.0, 2052-03-25T04:36:04.000000000Z) has successfully loaded and registered with Filter Manager."
Information,1/16/2022 1:14:08 AM,Microsoft-Windows-FilterManager,6,None,"File System Filter 'luafv' (10.0, 1987-05-06T02:17:50.000000000Z) has successfully loaded and registered with Filter Manager."
Information,1/16/2022 1:14:07 AM,Microsoft-Windows-FilterManager,6,None,"File System Filter 'wcifs' (10.0, 2011-08-26T04:27:29.000000000Z) has successfully loaded and registered with Filter Manager."
Information,1/16/2022 1:14:06 AM,Microsoft-Windows-Directory-Services-SAM,16977,None,"The domain is configured with the following minimum password length-related settings.

MinimumPasswordLength: 0

MinimumPasswordLengthAudit: -1

For more information see https://go.microsoft.com/fwlink/?LinkId=2097191.
"
Information,1/16/2022 1:14:06 AM,Microsoft-Windows-Directory-Services-SAM,16962,None,"Remote calls to the SAM database are being restricted using the default security descriptor: O:SYG:SYD:(A;;RC;;;BA).
For more information please see http://go.microsoft.com/fwlink/?LinkId=787651."
Information,1/16/2022 1:14:06 AM,Microsoft-Windows-Wininit,14,None,"Credential Guard configuration: 0x0, 0"
Error,1/16/2022 1:14:02 AM,Ntfs,137,-2,The default transaction resource manager on volume G: encountered a non-retryable error and could not start.  The data contains the error code.
Error,1/16/2022 1:14:01 AM,disk,7,None,"The device, \Device\Harddisk0\DR0, has a bad block."
Error,1/16/2022 1:14:01 AM,disk,7,None,"The device, \Device\Harddisk0\DR0, has a bad block."
Information,1/16/2022 1:14:01 AM,Microsoft-Windows-Ntfs,98,None,Volume G: (\Device\HarddiskVolume2) is healthy.  No action is needed.
Information,1/16/2022 1:14:00 AM,Microsoft-Windows-Ntfs,98,None,Volume D: (\Device\HarddiskVolume1) is healthy.  No action is needed.
Information,1/16/2022 1:13:59 AM,Microsoft-Windows-Ntfs,98,None,Volume F: (\Device\HarddiskVolume4) is healthy.  No action is needed.
Information,1/16/2022 1:13:58 AM,Microsoft-Windows-Ntfs,98,None,Volume E: (\Device\HarddiskVolume3) is healthy.  No action is needed.
Information,1/16/2022 1:13:58 AM,MEIx64,2,None,Intel(R) Trusted Execution Engine Interface driver has started successfully.
Information,1/16/2022 1:13:58 AM,Microsoft-Windows-Kernel-Processor-Power,55,-47,"Processor 3 in group 0 exposes the following power management capabilities:

Idle state type: ACPI Idle (C) States (3 state(s))

Performance state type: ACPI Performance (P) / Throttle (T) States
Nominal Frequency (MHz): 3700
Maximum performance percentage: 100
Minimum performance percentage: 21
Minimum throttle percentage: 21"
Information,1/16/2022 1:13:58 AM,Microsoft-Windows-Kernel-Processor-Power,55,-47,"Processor 1 in group 0 exposes the following power management capabilities:

Idle state type: ACPI Idle (C) States (3 state(s))

Performance state type: ACPI Performance (P) / Throttle (T) States
Nominal Frequency (MHz): 3700
Maximum performance percentage: 100
Minimum performance percentage: 21
Minimum throttle percentage: 21"
Information,1/16/2022 1:13:58 AM,Microsoft-Windows-Kernel-Processor-Power,55,-47,"Processor 2 in group 0 exposes the following power management capabilities:

Idle state type: ACPI Idle (C) States (3 state(s))

Performance state type: ACPI Performance (P) / Throttle (T) States
Nominal Frequency (MHz): 3700
Maximum performance percentage: 100
Minimum performance percentage: 21
Minimum throttle percentage: 21"
Information,1/16/2022 1:13:58 AM,Microsoft-Windows-Kernel-Processor-Power,55,-47,"Processor 0 in group 0 exposes the following power management capabilities:

Idle state type: ACPI Idle (C) States (3 state(s))

Performance state type: ACPI Performance (P) / Throttle (T) States
Nominal Frequency (MHz): 3700
Maximum performance percentage: 100
Minimum performance percentage: 21
Minimum throttle percentage: 21"
Information,1/16/2022 1:13:57 AM,VMnetAdapter,36,None,() Starting up the Adapter Driver for VMware Virtual Networks.
Information,1/16/2022 1:13:57 AM,Microsoft-Windows-Kernel-Power,172,-203,"Connectivity state in standby: Disconnected, Reason: NIC compliance"
Critical,1/16/2022 1:13:57 AM,Microsoft-Windows-Kernel-Power,41,-63,"The system has rebooted without cleanly shutting down first. This error could be caused if the system stopped responding, crashed, or lost power unexpectedly."
Information,1/16/2022 1:13:57 AM,Microsoft-Windows-Ntfs,98,None,Volume \\?\Volume{fee45b76-0000-0000-0000-100000000000} (\Device\HarddiskVolume5) is healthy.  No action is needed.
Information,1/16/2022 1:13:57 AM,Microsoft-Windows-FilterManager,6,None,"File System Filter 'npsvctrig' (10.0, 1977-09-12T21:19:34.000000000Z) has successfully loaded and registered with Filter Manager."
Information,1/16/2022 1:13:57 AM,Microsoft-Windows-FilterManager,6,None,"File System Filter 'FileCrypt' (10.0, 2011-10-30T21:56:49.000000000Z) has successfully loaded and registered with Filter Manager."
Warning,1/16/2022 1:14:12 AM,Server,2511,None,"The server service was unable to recreate the share SHARMIN because the directory E:\Users\SHARMIN no longer exists.  Please run ""net share SHARMIN /delete"" to delete the share, or recreate the directory E:\Users\SHARMIN."
Information,1/16/2022 1:14:12 AM,Microsoft-Windows-WAS,5211,None,The Windows Process Activation Service (WAS) started with 'Classic' mode using 'ConfigurationSystem'
