Warning,12/29/2021 12:01:58 PM,Microsoft-Windows-DistributedCOM,10016,None,"The application-specific permission settings do not grant Local Activation permission for the COM Server application with CLSID 
{2593F8B9-4EAF-457C-B68A-50F6B8EA6B54}
 and APPID 
{15C20B67-12E7-4BB6-92BB-7AFF07997402}
 to the user SHOHID-PC\SHOHID SID (S-1-5-21-2091211461-3178656723-4261672445-1001) from address LocalHost (Using LRPC) running in the application container Unavailable SID (Unavailable). This security permission can be modified using the Component Services administrative tool."
Information,12/29/2021 12:00:00 PM,EventLog,6013,None,The system uptime is 1889374 seconds.
Information,12/29/2021 11:54:26 AM,Microsoft-Windows-Kernel-General,16,None,The access history in hive \??\C:\WINDOWS\SysWOW64\config\systemprofile\AppData\Local\Microsoft\VisualStudio\16.0_197f77be\privateregistry.bin was cleared updating 9275 keys and creating 1239 modified pages.
Error,12/29/2021 11:53:29 AM,Microsoft-Windows-DistributedCOM,10010,None,The server Microsoft.SkypeApp_15.79.95.0_x86__kzf8qxf38zg5c!App.AppXtwmqn4em5r5dpafgj4t4yyxgjfe0hr50.mca did not register with DCOM within the required timeout.
Error,12/29/2021 11:52:33 AM,Microsoft-Windows-DistributedCOM,10010,None,The server Microsoft.SkypeApp_15.79.95.0_x86__kzf8qxf38zg5c!App.AppXtwmqn4em5r5dpafgj4t4yyxgjfe0hr50.mca did not register with DCOM within the required timeout.
Information,12/29/2021 11:51:38 AM,Microsoft-Windows-Winlogon,7001,-1101,User Logon Notification for Customer Experience Improvement Program
Information,12/29/2021 11:51:21 AM,Microsoft-Windows-Power-Troubleshooter,1,None,"The system has returned from a low power state.

Sleep Time: 2021-12-28T19:36:23.371719800Z
Wake Time: 2021-12-29T05:51:19.639569200Z

Wake Source: Unknown"
Information,12/29/2021 11:51:19 AM,Microsoft-Windows-Kernel-Boot,32,-58,The bootmgr spent 0 ms waiting for user input.
Information,12/29/2021 11:51:19 AM,Microsoft-Windows-Kernel-Boot,18,-57,There are 0x1 boot options on this system.
Information,12/29/2021 11:51:19 AM,Microsoft-Windows-Kernel-Boot,27,-33,The boot type was 0x1.
Information,12/29/2021 11:51:19 AM,Microsoft-Windows-Kernel-Boot,25,-32,The boot menu policy was 0x1.
Information,12/29/2021 11:51:19 AM,Microsoft-Windows-Kernel-Boot,30,-21,The firmware reported boot metrics.
Error,12/29/2021 11:51:19 AM,iaStorA,4102,None,Error log: Smart event occured on disk :X6GJEAPFS  
Information,12/29/2021 11:51:18 AM,Microsoft-Windows-Kernel-General,1,-5,"The system time has changed to 2021-12-29T05:51:18.500000000Z from 2021-12-28T19:37:29.640534300Z.

Change Reason: System time synchronized with the hardware clock.
Process: '' (PID 4)."
Information,12/29/2021 1:37:29 AM,Microsoft-Windows-Kernel-Power,107,-102,The system has resumed from sleep.
Information,12/29/2021 1:36:23 AM,Microsoft-Windows-Kernel-Power,42,-64,"The system is entering sleep.

Sleep Reason: Application API"
Information,12/29/2021 1:36:23 AM,Microsoft-Windows-Kernel-Power,187,-243,User-mode process attempted to change the system state by calling SetSuspendState or SetSystemPowerState APIs.
Information,12/29/2021 1:36:23 AM,Microsoft-Windows-Winlogon,7002,-1102,User Logoff Notification for Customer Experience Improvement Program
Error,12/29/2021 1:36:19 AM,Microsoft-Windows-DistributedCOM,10010,None,The server {F87B28F1-DA9A-4F35-8EC0-800EFCF26B83} did not register with DCOM within the required timeout.
Warning,12/29/2021 1:35:59 AM,Microsoft-Windows-DistributedCOM,10016,None,"The machine-default permission settings do not grant Local Activation permission for the COM Server application with CLSID 
{C2F03A33-21F5-47FA-B4BB-156362A2F239}
 and APPID 
{316CDED5-E4AE-4B15-9113-7055D84DCC97}
 to the user SHOHID-PC\SHOHID SID (S-1-5-21-2091211461-3178656723-4261672445-1001) from address LocalHost (Using LRPC) running in the application container Microsoft.Windows.ShellExperienceHost_10.0.18362.1171_neutral_neutral_cw5n1h2txyewy SID (S-1-15-2-155514346-2573954481-755741238-1654018636-1233331829-3075935687-2861478708). This security permission can be modified using the Component Services administrative tool."
Warning,12/29/2021 1:27:39 AM,Microsoft-Windows-DNS-Client,1014,-1014,Name resolution for the name dns.msftncsi.com timed out after none of the configured DNS servers responded.
Warning,12/29/2021 1:11:55 AM,Microsoft-Windows-DNS-Client,1014,-1014,Name resolution for the name dns.msftncsi.com timed out after none of the configured DNS servers responded.
Information,12/29/2021 1:04:57 AM,Microsoft-Windows-WindowsUpdateClient,44,Windows Update Agent,Windows Update started downloading an update.
Warning,12/29/2021 12:57:14 AM,Microsoft-Windows-DNS-Client,1014,-1014,Name resolution for the name dns.msftncsi.com timed out after none of the configured DNS servers responded.
Warning,12/29/2021 12:42:00 AM,Microsoft-Windows-DNS-Client,1014,-1014,Name resolution for the name dns.msftncsi.com timed out after none of the configured DNS servers responded.
Warning,12/29/2021 12:27:08 AM,Microsoft-Windows-DNS-Client,1014,-1014,Name resolution for the name dns.msftncsi.com timed out after none of the configured DNS servers responded.
Warning,12/29/2021 12:11:55 AM,Microsoft-Windows-DNS-Client,1014,-1014,Name resolution for the name dns.msftncsi.com timed out after none of the configured DNS servers responded.
Warning,12/28/2021 11:57:22 PM,Microsoft-Windows-DNS-Client,1014,-1014,Name resolution for the name dns.msftncsi.com timed out after none of the configured DNS servers responded.
Warning,12/28/2021 11:41:54 PM,Microsoft-Windows-DNS-Client,1014,-1014,Name resolution for the name dns.msftncsi.com timed out after none of the configured DNS servers responded.
Warning,12/28/2021 11:27:55 PM,Microsoft-Windows-DNS-Client,1014,-1014,Name resolution for the name dns.msftncsi.com timed out after none of the configured DNS servers responded.
Warning,12/28/2021 11:11:55 PM,Microsoft-Windows-DNS-Client,1014,-1014,Name resolution for the name dns.msftncsi.com timed out after none of the configured DNS servers responded.
Warning,12/28/2021 10:59:07 PM,Microsoft-Windows-DNS-Client,1014,-1014,Name resolution for the name dns.msftncsi.com timed out after none of the configured DNS servers responded.
Warning,12/28/2021 10:42:47 PM,Microsoft-Windows-DNS-Client,1014,-1014,Name resolution for the name dns.msftncsi.com timed out after none of the configured DNS servers responded.
Warning,12/28/2021 10:42:22 PM,Microsoft-Windows-DistributedCOM,10016,None,"The machine-default permission settings do not grant Local Activation permission for the COM Server application with CLSID 
{C2F03A33-21F5-47FA-B4BB-156362A2F239}
 and APPID 
{316CDED5-E4AE-4B15-9113-7055D84DCC97}
 to the user SHOHID-PC\SHOHID SID (S-1-5-21-2091211461-3178656723-4261672445-1001) from address LocalHost (Using LRPC) running in the application container Microsoft.Windows.ShellExperienceHost_10.0.18362.1171_neutral_neutral_cw5n1h2txyewy SID (S-1-15-2-155514346-2573954481-755741238-1654018636-1233331829-3075935687-2861478708). This security permission can be modified using the Component Services administrative tool."
Warning,12/28/2021 10:23:26 PM,Microsoft-Windows-DistributedCOM,10016,None,"The application-specific permission settings do not grant Local Activation permission for the COM Server application with CLSID 
{2593F8B9-4EAF-457C-B68A-50F6B8EA6B54}
 and APPID 
{15C20B67-12E7-4BB6-92BB-7AFF07997402}
 to the user SHOHID-PC\SHOHID SID (S-1-5-21-2091211461-3178656723-4261672445-1001) from address LocalHost (Using LRPC) running in the application container Microsoft.SkypeApp_15.79.95.0_x86__kzf8qxf38zg5c SID (Unavailable). This security permission can be modified using the Component Services administrative tool."
Information,12/28/2021 10:23:22 PM,Microsoft-Windows-Kernel-General,16,None,The access history in hive \??\C:\Users\SHOHID\AppData\Local\Packages\Microsoft.AAD.BrokerPlugin_cw5n1h2txyewy\Settings\settings.dat was cleared updating 10 keys and creating 1 modified pages.
Information,12/28/2021 10:03:11 PM,Microsoft-Windows-Kernel-General,16,None,The access history in hive \??\C:\Users\SHOHID\AppData\Local\Packages\Microsoft.Todos_8wekyb3d8bbwe\Settings\settings.dat was cleared updating 8 keys and creating 1 modified pages.
Information,12/28/2021 9:44:13 PM,Microsoft-Windows-Kernel-General,16,None,The access history in hive \??\C:\Users\SHOHID\AppData\Local\Packages\Microsoft.MicrosoftOfficeHub_8wekyb3d8bbwe\Settings\settings.dat was cleared updating 4 keys and creating 2 modified pages.
Warning,12/28/2021 9:44:10 PM,Microsoft-Windows-DistributedCOM,10016,None,"The machine-default permission settings do not grant Local Activation permission for the COM Server application with CLSID 
{C2F03A33-21F5-47FA-B4BB-156362A2F239}
 and APPID 
{316CDED5-E4AE-4B15-9113-7055D84DCC97}
 to the user SHOHID-PC\SHOHID SID (S-1-5-21-2091211461-3178656723-4261672445-1001) from address LocalHost (Using LRPC) running in the application container Microsoft.Windows.ShellExperienceHost_10.0.18362.1171_neutral_neutral_cw5n1h2txyewy SID (S-1-15-2-155514346-2573954481-755741238-1654018636-1233331829-3075935687-2861478708). This security permission can be modified using the Component Services administrative tool."
Warning,12/28/2021 9:42:19 PM,Microsoft-Windows-DNS-Client,1014,-1014,Name resolution for the name dns.msftncsi.com timed out after none of the configured DNS servers responded.
Warning,12/28/2021 9:41:52 PM,Microsoft-Windows-DistributedCOM,10016,None,"The application-specific permission settings do not grant Local Activation permission for the COM Server application with CLSID 
{2593F8B9-4EAF-457C-B68A-50F6B8EA6B54}
 and APPID 
{15C20B67-12E7-4BB6-92BB-7AFF07997402}
 to the user SHOHID-PC\SHOHID SID (S-1-5-21-2091211461-3178656723-4261672445-1001) from address LocalHost (Using LRPC) running in the application container Unavailable SID (Unavailable). This security permission can be modified using the Component Services administrative tool."
Warning,12/28/2021 9:27:37 PM,Microsoft-Windows-DNS-Client,1014,-1014,Name resolution for the name dns.msftncsi.com timed out after none of the configured DNS servers responded.
Warning,12/28/2021 9:11:54 PM,Microsoft-Windows-DNS-Client,1014,-1014,Name resolution for the name dns.msftncsi.com timed out after none of the configured DNS servers responded.
Warning,12/28/2021 8:57:16 PM,Microsoft-Windows-DNS-Client,1014,-1014,Name resolution for the name dns.msftncsi.com timed out after none of the configured DNS servers responded.
Warning,12/28/2021 8:42:05 PM,Microsoft-Windows-DNS-Client,1014,-1014,Name resolution for the name dns.msftncsi.com timed out after none of the configured DNS servers responded.
Warning,12/28/2021 8:39:38 PM,Microsoft-Windows-DNS-Client,1014,-1014,Name resolution for the name dns.msftncsi.com timed out after none of the configured DNS servers responded.
Warning,12/28/2021 8:39:14 PM,Microsoft-Windows-DistributedCOM,10016,None,"The machine-default permission settings do not grant Local Activation permission for the COM Server application with CLSID 
{C2F03A33-21F5-47FA-B4BB-156362A2F239}
 and APPID 
{316CDED5-E4AE-4B15-9113-7055D84DCC97}
 to the user SHOHID-PC\SHOHID SID (S-1-5-21-2091211461-3178656723-4261672445-1001) from address LocalHost (Using LRPC) running in the application container Microsoft.Windows.ShellExperienceHost_10.0.18362.1171_neutral_neutral_cw5n1h2txyewy SID (S-1-15-2-155514346-2573954481-755741238-1654018636-1233331829-3075935687-2861478708). This security permission can be modified using the Component Services administrative tool."
Warning,12/28/2021 8:37:12 PM,Microsoft-Windows-DistributedCOM,10016,None,"The machine-default permission settings do not grant Local Activation permission for the COM Server application with CLSID 
{C2F03A33-21F5-47FA-B4BB-156362A2F239}
 and APPID 
{316CDED5-E4AE-4B15-9113-7055D84DCC97}
 to the user SHOHID-PC\SHOHID SID (S-1-5-21-2091211461-3178656723-4261672445-1001) from address LocalHost (Using LRPC) running in the application container Microsoft.Windows.ShellExperienceHost_10.0.18362.1171_neutral_neutral_cw5n1h2txyewy SID (S-1-15-2-155514346-2573954481-755741238-1654018636-1233331829-3075935687-2861478708). This security permission can be modified using the Component Services administrative tool."
Warning,12/28/2021 8:37:05 PM,Microsoft-Windows-DNS-Client,1014,-1014,Name resolution for the name www.youtube.com timed out after none of the configured DNS servers responded.
Warning,12/28/2021 8:34:12 PM,Microsoft-Windows-DNS-Client,1014,-1014,Name resolution for the name dns.msftncsi.com timed out after none of the configured DNS servers responded.
Warning,12/28/2021 8:27:37 PM,Microsoft-Windows-DNS-Client,1014,-1014,Name resolution for the name dns.msftncsi.com timed out after none of the configured DNS servers responded.
Error,12/28/2021 8:25:03 PM,Microsoft-Windows-DistributedCOM,10010,None,The server Microsoft.SkypeApp_15.79.95.0_x86__kzf8qxf38zg5c!App.AppXtwmqn4em5r5dpafgj4t4yyxgjfe0hr50.mca did not register with DCOM within the required timeout.
Warning,12/28/2021 8:12:37 PM,Microsoft-Windows-DNS-Client,1014,-1014,Name resolution for the name dns.msftncsi.com timed out after none of the configured DNS servers responded.
Warning,12/28/2021 7:57:24 PM,Microsoft-Windows-DNS-Client,1014,-1014,Name resolution for the name dns.msftncsi.com timed out after none of the configured DNS servers responded.
Warning,12/28/2021 7:41:55 PM,Microsoft-Windows-DNS-Client,1014,-1014,Name resolution for the name dns.msftncsi.com timed out after none of the configured DNS servers responded.
Warning,12/28/2021 7:27:37 PM,Microsoft-Windows-DNS-Client,1014,-1014,Name resolution for the name dns.msftncsi.com timed out after none of the configured DNS servers responded.
Warning,12/28/2021 7:12:37 PM,Microsoft-Windows-DNS-Client,1014,-1014,Name resolution for the name dns.msftncsi.com timed out after none of the configured DNS servers responded.
Warning,12/28/2021 6:57:37 PM,Microsoft-Windows-DNS-Client,1014,-1014,Name resolution for the name dns.msftncsi.com timed out after none of the configured DNS servers responded.
Warning,12/28/2021 6:42:37 PM,Microsoft-Windows-DNS-Client,1014,-1014,Name resolution for the name dns.msftncsi.com timed out after none of the configured DNS servers responded.
Warning,12/28/2021 6:27:14 PM,Microsoft-Windows-DNS-Client,1014,-1014,Name resolution for the name dns.msftncsi.com timed out after none of the configured DNS servers responded.
Warning,12/28/2021 6:12:39 PM,Microsoft-Windows-DNS-Client,1014,-1014,Name resolution for the name dns.msftncsi.com timed out after none of the configured DNS servers responded.
Warning,12/28/2021 6:09:12 PM,Microsoft-Windows-DNS-Client,1014,-1014,Name resolution for the name dns.msftncsi.com timed out after none of the configured DNS servers responded.
Warning,12/28/2021 6:08:47 PM,Microsoft-Windows-DistributedCOM,10016,None,"The machine-default permission settings do not grant Local Activation permission for the COM Server application with CLSID 
{C2F03A33-21F5-47FA-B4BB-156362A2F239}
 and APPID 
{316CDED5-E4AE-4B15-9113-7055D84DCC97}
 to the user SHOHID-PC\SHOHID SID (S-1-5-21-2091211461-3178656723-4261672445-1001) from address LocalHost (Using LRPC) running in the application container Microsoft.Windows.ShellExperienceHost_10.0.18362.1171_neutral_neutral_cw5n1h2txyewy SID (S-1-15-2-155514346-2573954481-755741238-1654018636-1233331829-3075935687-2861478708). This security permission can be modified using the Component Services administrative tool."
Warning,12/28/2021 6:01:54 PM,Microsoft-Windows-DistributedCOM,10016,None,"The machine-default permission settings do not grant Local Activation permission for the COM Server application with CLSID 
{C2F03A33-21F5-47FA-B4BB-156362A2F239}
 and APPID 
{316CDED5-E4AE-4B15-9113-7055D84DCC97}
 to the user SHOHID-PC\SHOHID SID (S-1-5-21-2091211461-3178656723-4261672445-1001) from address LocalHost (Using LRPC) running in the application container Microsoft.Windows.ShellExperienceHost_10.0.18362.1171_neutral_neutral_cw5n1h2txyewy SID (S-1-15-2-155514346-2573954481-755741238-1654018636-1233331829-3075935687-2861478708). This security permission can be modified using the Component Services administrative tool."
Information,12/28/2021 5:11:11 PM,Microsoft-Windows-Kernel-General,16,None,The access history in hive \??\C:\Users\SHOHID\AppData\Local\Packages\microsoft.office.onenote_8wekyb3d8bbwe\Settings\settings.dat was cleared updating 228 keys and creating 56 modified pages.
Warning,12/28/2021 2:51:06 PM,Microsoft-Windows-DistributedCOM,10016,None,"The machine-default permission settings do not grant Local Activation permission for the COM Server application with CLSID 
{C2F03A33-21F5-47FA-B4BB-156362A2F239}
 and APPID 
{316CDED5-E4AE-4B15-9113-7055D84DCC97}
 to the user SHOHID-PC\SHOHID SID (S-1-5-21-2091211461-3178656723-4261672445-1001) from address LocalHost (Using LRPC) running in the application container Microsoft.Windows.ShellExperienceHost_10.0.18362.1171_neutral_neutral_cw5n1h2txyewy SID (S-1-15-2-155514346-2573954481-755741238-1654018636-1233331829-3075935687-2861478708). This security permission can be modified using the Component Services administrative tool."
Warning,12/28/2021 2:41:57 PM,Microsoft-Windows-DNS-Client,1014,-1014,Name resolution for the name dns.msftncsi.com timed out after none of the configured DNS servers responded.
Warning,12/28/2021 2:41:32 PM,Microsoft-Windows-DistributedCOM,10016,None,"The machine-default permission settings do not grant Local Activation permission for the COM Server application with CLSID 
{C2F03A33-21F5-47FA-B4BB-156362A2F239}
 and APPID 
{316CDED5-E4AE-4B15-9113-7055D84DCC97}
 to the user SHOHID-PC\SHOHID SID (S-1-5-21-2091211461-3178656723-4261672445-1001) from address LocalHost (Using LRPC) running in the application container Microsoft.Windows.ShellExperienceHost_10.0.18362.1171_neutral_neutral_cw5n1h2txyewy SID (S-1-15-2-155514346-2573954481-755741238-1654018636-1233331829-3075935687-2861478708). This security permission can be modified using the Component Services administrative tool."
Information,12/28/2021 2:33:09 PM,Microsoft-Windows-Kernel-General,1,-5,"The system time has changed to 2021-12-28T08:33:09.415952800Z from 2021-12-28T08:33:09.415628800Z.

Change Reason: An application or system component changed the time.
Process: '\Device\HarddiskVolume6\Windows\System32\svchost.exe' (PID 20248)."
Information,12/28/2021 2:33:09 PM,Microsoft-Windows-Kernel-General,1,-5,"The system time has changed to 2021-12-28T08:33:09.411949100Z from 2021-12-28T08:33:09.411649500Z.

Change Reason: An application or system component changed the time.
Process: '\Device\HarddiskVolume6\Windows\System32\svchost.exe' (PID 20248)."
Information,12/28/2021 2:33:09 PM,Microsoft-Windows-Time-Service,35,None,"The time service is now synchronizing the system time with the time source time.windows.com,0x9 (ntp.m|0x9|0.0.0.0:123->40.81.94.65:123) with reference id 1096700200. Current local stratum number is 4."
Information,12/28/2021 2:33:09 PM,Microsoft-Windows-Kernel-General,1,-5,"The system time has changed to 2021-12-28T08:33:09.410079400Z from 2021-12-28T08:33:07.888683700Z.

Change Reason: An application or system component changed the time.
Process: '\Device\HarddiskVolume6\Windows\System32\svchost.exe' (PID 20248)."
Information,12/28/2021 2:33:07 PM,Microsoft-Windows-Time-Service,37,None,"The time provider NtpClient is currently receiving valid time data from time.windows.com,0x9 (ntp.m|0x9|0.0.0.0:123->40.81.94.65:123)."
Information,12/28/2021 2:33:07 PM,Microsoft-Windows-Time-Service,137,None,"NtpClient succeeds in resolving manual peer time.windows.com,0x9 after a previous failure."
Warning,12/28/2021 2:18:14 PM,Microsoft-Windows-DistributedCOM,10016,None,"The machine-default permission settings do not grant Local Activation permission for the COM Server application with CLSID 
{0358B920-0AC7-461F-98F4-58E32CD89148}
 and APPID 
{3EB3C877-1F16-487C-9050-104DBCD66683}
 to the user NT AUTHORITY\LOCAL SERVICE SID (S-1-5-19) from address LocalHost (Using LRPC) running in the application container Unavailable SID (Unavailable). This security permission can be modified using the Component Services administrative tool."
Warning,12/28/2021 2:18:09 PM,Microsoft-Windows-DistributedCOM,10016,None,"The machine-default permission settings do not grant Local Activation permission for the COM Server application with CLSID 
{C2F03A33-21F5-47FA-B4BB-156362A2F239}
 and APPID 
{316CDED5-E4AE-4B15-9113-7055D84DCC97}
 to the user SHOHID-PC\SHOHID SID (S-1-5-21-2091211461-3178656723-4261672445-1001) from address LocalHost (Using LRPC) running in the application container Microsoft.Windows.ShellExperienceHost_10.0.18362.1171_neutral_neutral_cw5n1h2txyewy SID (S-1-15-2-155514346-2573954481-755741238-1654018636-1233331829-3075935687-2861478708). This security permission can be modified using the Component Services administrative tool."
Warning,12/28/2021 2:18:07 PM,Microsoft-Windows-Time-Service,134,None,"NtpClient was unable to set a manual peer to use as a time source because of DNS resolution error on 'time.windows.com,0x9'. NtpClient will try again in 15 minutes and double the reattempt interval thereafter. The error was: The requested name is valid, but no data of the requested type was found. (0x80072AFC)"
Warning,12/28/2021 2:18:06 PM,Microsoft-Windows-Time-Service,134,None,"NtpClient was unable to set a manual peer to use as a time source because of DNS resolution error on 'time.windows.com,0x9'. NtpClient will try again in 15 minutes and double the reattempt interval thereafter. The error was: No such host is known. (0x80072AF9)"
Warning,12/28/2021 2:17:54 PM,Microsoft-Windows-DistributedCOM,10016,None,"The application-specific permission settings do not grant Local Activation permission for the COM Server application with CLSID 
{2593F8B9-4EAF-457C-B68A-50F6B8EA6B54}
 and APPID 
{15C20B67-12E7-4BB6-92BB-7AFF07997402}
 to the user SHOHID-PC\SHOHID SID (S-1-5-21-2091211461-3178656723-4261672445-1001) from address LocalHost (Using LRPC) running in the application container Unavailable SID (Unavailable). This security permission can be modified using the Component Services administrative tool."
Warning,12/28/2021 2:12:12 PM,Microsoft-Windows-DNS-Client,1014,-1014,Name resolution for the name dns.msftncsi.com timed out after none of the configured DNS servers responded.
Warning,12/28/2021 1:57:04 PM,Microsoft-Windows-DNS-Client,1014,-1014,Name resolution for the name dns.msftncsi.com timed out after none of the configured DNS servers responded.
Warning,12/28/2021 1:42:46 PM,Microsoft-Windows-DNS-Client,1014,-1014,Name resolution for the name dns.msftncsi.com timed out after none of the configured DNS servers responded.
Warning,12/28/2021 1:27:35 PM,Microsoft-Windows-DNS-Client,1014,-1014,Name resolution for the name dns.msftncsi.com timed out after none of the configured DNS servers responded.
Warning,12/28/2021 1:12:23 PM,Microsoft-Windows-DNS-Client,1014,-1014,Name resolution for the name dns.msftncsi.com timed out after none of the configured DNS servers responded.
Warning,12/28/2021 12:57:12 PM,Microsoft-Windows-DNS-Client,1014,-1014,Name resolution for the name dns.msftncsi.com timed out after none of the configured DNS servers responded.
Warning,12/28/2021 12:41:52 PM,Microsoft-Windows-DNS-Client,1014,-1014,Name resolution for the name dns.msftncsi.com timed out after none of the configured DNS servers responded.
Warning,12/28/2021 12:27:19 PM,Microsoft-Windows-DNS-Client,1014,-1014,Name resolution for the name dns.msftncsi.com timed out after none of the configured DNS servers responded.
Warning,12/28/2021 12:12:19 PM,Microsoft-Windows-DNS-Client,1014,-1014,Name resolution for the name dns.msftncsi.com timed out after none of the configured DNS servers responded.
Information,12/28/2021 12:00:00 PM,EventLog,6013,None,The system uptime is 1802974 seconds.
Warning,12/28/2021 11:57:24 AM,Microsoft-Windows-DNS-Client,1014,-1014,Name resolution for the name dns.msftncsi.com timed out after none of the configured DNS servers responded.
Warning,12/28/2021 11:42:12 AM,Microsoft-Windows-DNS-Client,1014,-1014,Name resolution for the name dns.msftncsi.com timed out after none of the configured DNS servers responded.
Warning,12/28/2021 11:30:30 AM,Microsoft-Windows-DNS-Client,1014,-1014,Name resolution for the name dns.msftncsi.com timed out after none of the configured DNS servers responded.
Information,12/28/2021 11:15:29 AM,Microsoft-Windows-Time-Service,158,None,The time provider 'VMICTimeProvider' has indicated that the current hardware and operating environment is not supported and has stopped. This behavior is expected for VMICTimeProvider on non-HyperV-guest environments. This may be the expected behavior for the current provider in the current operating environment as well.
Warning,12/28/2021 11:11:51 AM,Microsoft-Windows-DNS-Client,1014,-1014,Name resolution for the name dns.msftncsi.com timed out after none of the configured DNS servers responded.
Information,12/28/2021 10:58:25 AM,Microsoft-Windows-Time-Service,158,None,The time provider 'VMICTimeProvider' has indicated that the current hardware and operating environment is not supported and has stopped. This behavior is expected for VMICTimeProvider on non-HyperV-guest environments. This may be the expected behavior for the current provider in the current operating environment as well.
Warning,12/28/2021 10:56:50 AM,Microsoft-Windows-DNS-Client,1014,-1014,Name resolution for the name dns.msftncsi.com timed out after none of the configured DNS servers responded.
Warning,12/28/2021 10:54:38 AM,Microsoft-Windows-DistributedCOM,10016,None,"The application-specific permission settings do not grant Local Activation permission for the COM Server application with CLSID 
{2593F8B9-4EAF-457C-B68A-50F6B8EA6B54}
 and APPID 
{15C20B67-12E7-4BB6-92BB-7AFF07997402}
 to the user SHOHID-PC\SHOHID SID (S-1-5-21-2091211461-3178656723-4261672445-1001) from address LocalHost (Using LRPC) running in the application container Unavailable SID (Unavailable). This security permission can be modified using the Component Services administrative tool."
Warning,12/28/2021 10:41:51 AM,Microsoft-Windows-DNS-Client,1014,-1014,Name resolution for the name dns.msftncsi.com timed out after none of the configured DNS servers responded.
Information,12/28/2021 10:41:21 AM,Microsoft-Windows-Time-Service,158,None,The time provider 'VMICTimeProvider' has indicated that the current hardware and operating environment is not supported and has stopped. This behavior is expected for VMICTimeProvider on non-HyperV-guest environments. This may be the expected behavior for the current provider in the current operating environment as well.
Warning,12/28/2021 10:27:12 AM,Microsoft-Windows-DNS-Client,1014,-1014,Name resolution for the name dns.msftncsi.com timed out after none of the configured DNS servers responded.
Information,12/28/2021 10:24:17 AM,Microsoft-Windows-Time-Service,158,None,The time provider 'VMICTimeProvider' has indicated that the current hardware and operating environment is not supported and has stopped. This behavior is expected for VMICTimeProvider on non-HyperV-guest environments. This may be the expected behavior for the current provider in the current operating environment as well.
Warning,12/28/2021 10:12:00 AM,Microsoft-Windows-DNS-Client,1014,-1014,Name resolution for the name dns.msftncsi.com timed out after none of the configured DNS servers responded.
Information,12/28/2021 10:06:50 AM,Microsoft-Windows-Kernel-General,16,None,The access history in hive \??\C:\ProgramData\Microsoft\Provisioning\Microsoft-Desktop-Provisioning-Sequence.dat was cleared updating 0 keys and creating 0 modified pages.
Information,12/28/2021 10:06:46 AM,Microsoft-Windows-Time-Service,158,None,The time provider 'VMICTimeProvider' has indicated that the current hardware and operating environment is not supported and has stopped. This behavior is expected for VMICTimeProvider on non-HyperV-guest environments. This may be the expected behavior for the current provider in the current operating environment as well.
Warning,12/28/2021 9:58:25 AM,Microsoft-Windows-DNS-Client,1014,-1014,Name resolution for the name dns.msftncsi.com timed out after none of the configured DNS servers responded.
Warning,12/28/2021 9:48:06 AM,Microsoft-Windows-DNS-Client,1014,-1014,Name resolution for the name dns.msftncsi.com timed out after none of the configured DNS servers responded.
Warning,12/28/2021 9:27:07 AM,Microsoft-Windows-DNS-Client,1014,-1014,Name resolution for the name dns.msftncsi.com timed out after none of the configured DNS servers responded.
Warning,12/28/2021 9:12:02 AM,Microsoft-Windows-DNS-Client,1014,-1014,Name resolution for the name dns.msftncsi.com timed out after none of the configured DNS servers responded.
Warning,12/28/2021 9:03:01 AM,Microsoft-Windows-DNS-Client,1014,-1014,Name resolution for the name dns.msftncsi.com timed out after none of the configured DNS servers responded.
Information,12/28/2021 9:02:36 AM,Microsoft-Windows-Kernel-General,16,None,The access history in hive \??\C:\Users\SHOHID\AppData\Local\Packages\Microsoft.Windows.ShellExperienceHost_cw5n1h2txyewy\Settings\settings.dat was cleared updating 3 keys and creating 1 modified pages.
Warning,12/28/2021 9:02:36 AM,Microsoft-Windows-DistributedCOM,10016,None,"The machine-default permission settings do not grant Local Activation permission for the COM Server application with CLSID 
{C2F03A33-21F5-47FA-B4BB-156362A2F239}
 and APPID 
{316CDED5-E4AE-4B15-9113-7055D84DCC97}
 to the user SHOHID-PC\SHOHID SID (S-1-5-21-2091211461-3178656723-4261672445-1001) from address LocalHost (Using LRPC) running in the application container Microsoft.Windows.ShellExperienceHost_10.0.18362.1171_neutral_neutral_cw5n1h2txyewy SID (S-1-15-2-155514346-2573954481-755741238-1654018636-1233331829-3075935687-2861478708). This security permission can be modified using the Component Services administrative tool."
Error,12/28/2021 8:59:08 AM,Microsoft-Windows-DistributedCOM,10010,None,The server Microsoft.SkypeApp_15.79.95.0_x86__kzf8qxf38zg5c!App.AppXtwmqn4em5r5dpafgj4t4yyxgjfe0hr50.mca did not register with DCOM within the required timeout.
Information,12/28/2021 8:57:35 AM,Microsoft-Windows-Kernel-General,16,None,The access history in hive \??\C:\Users\SHOHID\AppData\Local\Packages\microsoft.windowscommunicationsapps_8wekyb3d8bbwe\Settings\settings.dat was cleared updating 130 keys and creating 21 modified pages.
Error,12/28/2021 8:57:34 AM,Microsoft-Windows-DistributedCOM,10010,None,The server Microsoft.SkypeApp_15.79.95.0_x86__kzf8qxf38zg5c!App.AppXtwmqn4em5r5dpafgj4t4yyxgjfe0hr50.mca did not register with DCOM within the required timeout.
Information,12/28/2021 8:57:34 AM,Microsoft-Windows-Kernel-General,16,None,The access history in hive \??\C:\Users\SHOHID\AppData\Local\Packages\Microsoft.YourPhone_8wekyb3d8bbwe\Settings\settings.dat was cleared updating 28 keys and creating 11 modified pages.
Information,12/28/2021 8:57:30 AM,Microsoft-Windows-Kernel-General,16,None,The access history in hive \??\C:\Users\SHOHID\AppData\Local\Packages\Microsoft.People_8wekyb3d8bbwe\Settings\settings.dat was cleared updating 2 keys and creating 1 modified pages.
Information,12/28/2021 8:57:25 AM,Microsoft-Windows-Kernel-General,16,None,The access history in hive \??\C:\Users\SHOHID\AppData\Local\Packages\Microsoft.Windows.Cortana_cw5n1h2txyewy\Settings\settings.dat was cleared updating 46 keys and creating 10 modified pages.
Information,12/28/2021 8:57:24 AM,Microsoft-Windows-Kernel-General,16,None,The access history in hive \??\C:\Users\SHOHID\AppData\Local\Packages\Microsoft.Windows.StartMenuExperienceHost_cw5n1h2txyewy\Settings\settings.dat was cleared updating 4 keys and creating 1 modified pages.
Information,12/28/2021 8:57:02 AM,Microsoft-Windows-Kernel-General,15,None,Hive \??\C:\Users\SHOHID\AppData\Local\Microsoft\Windows\UsrClass.dat was reorganized with a starting size of 15089664 bytes and an ending size of 15036416 bytes.
Information,12/28/2021 8:57:01 AM,Microsoft-Windows-Kernel-General,15,None,Hive \??\C:\Users\SHOHID\ntuser.dat was reorganized with a starting size of 38023168 bytes and an ending size of 37695488 bytes.
Information,12/28/2021 8:56:58 AM,Microsoft-Windows-Winlogon,7001,-1101,User Logon Notification for Customer Experience Improvement Program
Information,12/28/2021 8:56:42 AM,Microsoft-Windows-Power-Troubleshooter,1,None,"The system has returned from a low power state.

Sleep Time: 2021-12-27T18:39:02.496913900Z
Wake Time: 2021-12-28T02:56:38.628345700Z

Wake Source: Unknown"
Information,12/28/2021 8:56:38 AM,Microsoft-Windows-Kernel-General,16,None,The access history in hive \Device\HarddiskVolume5\Boot\BCD was cleared updating 49 keys and creating 7 modified pages.
Information,12/28/2021 8:56:38 AM,Microsoft-Windows-Kernel-Boot,32,-58,The bootmgr spent 0 ms waiting for user input.
Information,12/28/2021 8:56:38 AM,Microsoft-Windows-Kernel-Boot,18,-57,There are 0x1 boot options on this system.
Information,12/28/2021 8:56:38 AM,Microsoft-Windows-Kernel-Boot,27,-33,The boot type was 0x1.
Information,12/28/2021 8:56:38 AM,Microsoft-Windows-Kernel-Boot,25,-32,The boot menu policy was 0x1.
Information,12/28/2021 8:56:38 AM,Microsoft-Windows-Kernel-Boot,30,-21,The firmware reported boot metrics.
Error,12/28/2021 8:56:37 AM,iaStorA,4102,None,Error log: Smart event occured on disk :X6GJEAPFS  
Information,12/28/2021 8:56:36 AM,Microsoft-Windows-Kernel-General,1,-5,"The system time has changed to 2021-12-28T02:56:36.500000000Z from 2021-12-27T18:39:11.695024700Z.

Change Reason: System time synchronized with the hardware clock.
Process: '' (PID 4)."
Information,12/28/2021 12:39:11 AM,Microsoft-Windows-Kernel-Power,107,-102,The system has resumed from sleep.
Information,12/28/2021 12:39:03 AM,Microsoft-Windows-Kernel-Power,42,-64,"The system is entering sleep.

Sleep Reason: Application API"
Information,12/28/2021 12:39:02 AM,Microsoft-Windows-Kernel-Power,187,-243,User-mode process attempted to change the system state by calling SetSuspendState or SetSystemPowerState APIs.
Information,12/28/2021 12:39:01 AM,Microsoft-Windows-Winlogon,7002,-1102,User Logoff Notification for Customer Experience Improvement Program
Error,12/27/2021 8:22:30 PM,Microsoft-Windows-DistributedCOM,10010,None,The server Microsoft.SkypeApp_15.79.95.0_x86__kzf8qxf38zg5c!App.AppXtwmqn4em5r5dpafgj4t4yyxgjfe0hr50.mca did not register with DCOM within the required timeout.
Warning,12/27/2021 4:56:40 PM,Microsoft-Windows-DistributedCOM,10016,None,"The application-specific permission settings do not grant Local Activation permission for the COM Server application with CLSID 
{2593F8B9-4EAF-457C-B68A-50F6B8EA6B54}
 and APPID 
{15C20B67-12E7-4BB6-92BB-7AFF07997402}
 to the user SHOHID-PC\SHOHID SID (S-1-5-21-2091211461-3178656723-4261672445-1001) from address LocalHost (Using LRPC) running in the application container Unavailable SID (Unavailable). This security permission can be modified using the Component Services administrative tool."
Information,12/27/2021 3:10:29 PM,Microsoft-Windows-Kernel-General,16,None,The access history in hive \??\C:\Users\SHOHID\AppData\Local\Packages\microsoft.zunevideo_8wekyb3d8bbwe\Settings\settings.dat was cleared updating 12 keys and creating 2 modified pages.
Warning,12/27/2021 3:01:53 PM,Microsoft-Windows-DistributedCOM,10016,None,"The machine-default permission settings do not grant Local Activation permission for the COM Server application with CLSID 
{C2F03A33-21F5-47FA-B4BB-156362A2F239}
 and APPID 
{316CDED5-E4AE-4B15-9113-7055D84DCC97}
 to the user SHOHID-PC\SHOHID SID (S-1-5-21-2091211461-3178656723-4261672445-1001) from address LocalHost (Using LRPC) running in the application container Microsoft.Windows.ShellExperienceHost_10.0.18362.1171_neutral_neutral_cw5n1h2txyewy SID (S-1-15-2-155514346-2573954481-755741238-1654018636-1233331829-3075935687-2861478708). This security permission can be modified using the Component Services administrative tool."
Warning,12/27/2021 12:40:34 PM,Microsoft-Windows-DistributedCOM,10016,None,"The machine-default permission settings do not grant Local Activation permission for the COM Server application with CLSID 
{0358B920-0AC7-461F-98F4-58E32CD89148}
 and APPID 
{3EB3C877-1F16-487C-9050-104DBCD66683}
 to the user NT AUTHORITY\LOCAL SERVICE SID (S-1-5-19) from address LocalHost (Using LRPC) running in the application container Unavailable SID (Unavailable). This security permission can be modified using the Component Services administrative tool."
Warning,12/27/2021 12:40:33 PM,Microsoft-Windows-DistributedCOM,10016,None,"The machine-default permission settings do not grant Local Activation permission for the COM Server application with CLSID 
{0358B920-0AC7-461F-98F4-58E32CD89148}
 and APPID 
{3EB3C877-1F16-487C-9050-104DBCD66683}
 to the user NT AUTHORITY\LOCAL SERVICE SID (S-1-5-19) from address LocalHost (Using LRPC) running in the application container Unavailable SID (Unavailable). This security permission can be modified using the Component Services administrative tool."
Warning,12/27/2021 12:40:33 PM,Microsoft-Windows-DistributedCOM,10016,None,"The machine-default permission settings do not grant Local Activation permission for the COM Server application with CLSID 
{0358B920-0AC7-461F-98F4-58E32CD89148}
 and APPID 
{3EB3C877-1F16-487C-9050-104DBCD66683}
 to the user NT AUTHORITY\LOCAL SERVICE SID (S-1-5-19) from address LocalHost (Using LRPC) running in the application container Unavailable SID (Unavailable). This security permission can be modified using the Component Services administrative tool."
Warning,12/27/2021 12:40:32 PM,Microsoft-Windows-DistributedCOM,10016,None,"The machine-default permission settings do not grant Local Activation permission for the COM Server application with CLSID 
{0358B920-0AC7-461F-98F4-58E32CD89148}
 and APPID 
{3EB3C877-1F16-487C-9050-104DBCD66683}
 to the user NT AUTHORITY\LOCAL SERVICE SID (S-1-5-19) from address LocalHost (Using LRPC) running in the application container Unavailable SID (Unavailable). This security permission can be modified using the Component Services administrative tool."
Warning,12/27/2021 12:40:29 PM,Microsoft-Windows-DistributedCOM,10016,None,"The machine-default permission settings do not grant Local Activation permission for the COM Server application with CLSID 
{C2F03A33-21F5-47FA-B4BB-156362A2F239}
 and APPID 
{316CDED5-E4AE-4B15-9113-7055D84DCC97}
 to the user SHOHID-PC\SHOHID SID (S-1-5-21-2091211461-3178656723-4261672445-1001) from address LocalHost (Using LRPC) running in the application container Microsoft.Windows.ShellExperienceHost_10.0.18362.1171_neutral_neutral_cw5n1h2txyewy SID (S-1-15-2-155514346-2573954481-755741238-1654018636-1233331829-3075935687-2861478708). This security permission can be modified using the Component Services administrative tool."
Warning,12/27/2021 12:40:07 PM,Microsoft-Windows-DistributedCOM,10016,None,"The application-specific permission settings do not grant Local Activation permission for the COM Server application with CLSID 
{2593F8B9-4EAF-457C-B68A-50F6B8EA6B54}
 and APPID 
{15C20B67-12E7-4BB6-92BB-7AFF07997402}
 to the user SHOHID-PC\SHOHID SID (S-1-5-21-2091211461-3178656723-4261672445-1001) from address LocalHost (Using LRPC) running in the application container Unavailable SID (Unavailable). This security permission can be modified using the Component Services administrative tool."
Warning,12/27/2021 12:36:03 PM,Microsoft-Windows-DNS-Client,1014,-1014,Name resolution for the name dns.msftncsi.com timed out after none of the configured DNS servers responded.
Warning,12/27/2021 12:21:10 PM,Microsoft-Windows-DNS-Client,1014,-1014,Name resolution for the name dns.msftncsi.com timed out after none of the configured DNS servers responded.
Warning,12/27/2021 12:05:58 PM,Microsoft-Windows-DNS-Client,1014,-1014,Name resolution for the name dns.msftncsi.com timed out after none of the configured DNS servers responded.
Information,12/27/2021 12:00:00 PM,EventLog,6013,None,The system uptime is 1716575 seconds.
Warning,12/27/2021 11:53:30 AM,Microsoft-Windows-DNS-Client,1014,-1014,Name resolution for the name dns.msftncsi.com timed out after none of the configured DNS servers responded.
Warning,12/27/2021 11:47:08 AM,Microsoft-Windows-DNS-Client,1014,-1014,Name resolution for the name dns.msftncsi.com timed out after none of the configured DNS servers responded.
Information,12/27/2021 11:32:02 AM,Microsoft-Windows-Kernel-General,16,None,The access history in hive \??\C:\Users\SHOHID\AppData\Local\Packages\microsoft.windows.photos_8wekyb3d8bbwe\AC\GEH\POF.dat was cleared updating 1 keys and creating 1 modified pages.
Information,12/27/2021 11:31:45 AM,Microsoft-Windows-Kernel-General,16,None,The access history in hive \??\C:\Users\SHOHID\AppData\Local\Packages\Microsoft.Windows.Photos_8wekyb3d8bbwe\Settings\settings.dat was cleared updating 29 keys and creating 12 modified pages.
Information,12/27/2021 11:31:45 AM,Microsoft-Windows-Kernel-General,16,None,The access history in hive \??\C:\ProgramData\Microsoft\Provisioning\Microsoft-Desktop-Provisioning-Sequence.dat was cleared updating 0 keys and creating 0 modified pages.
Warning,12/27/2021 11:23:15 AM,Microsoft-Windows-DNS-Client,1014,-1014,Name resolution for the name dns.msftncsi.com timed out after none of the configured DNS servers responded.
Warning,12/27/2021 11:05:58 AM,Microsoft-Windows-DNS-Client,1014,-1014,Name resolution for the name dns.msftncsi.com timed out after none of the configured DNS servers responded.
Information,12/27/2021 10:56:36 AM,Microsoft-Windows-Kernel-General,16,None,The access history in hive \??\C:\ProgramData\Packages\Microsoft.SkypeApp_kzf8qxf38zg5c\S-1-5-21-2091211461-3178656723-4261672445-1001\SystemAppData\Helium\UserClasses.dat was cleared updating 6 keys and creating 2 modified pages.
Information,12/27/2021 10:56:36 AM,Microsoft-Windows-Kernel-General,16,None,The access history in hive \??\C:\ProgramData\Packages\Microsoft.SkypeApp_kzf8qxf38zg5c\S-1-5-21-2091211461-3178656723-4261672445-1001\SystemAppData\Helium\User.dat was cleared updating 11 keys and creating 3 modified pages.
Error,12/27/2021 10:53:04 AM,Microsoft-Windows-DistributedCOM,10010,None,The server Microsoft.SkypeApp_15.79.95.0_x86__kzf8qxf38zg5c!App.AppXtwmqn4em5r5dpafgj4t4yyxgjfe0hr50.mca did not register with DCOM within the required timeout.
Warning,12/27/2021 10:52:42 AM,Microsoft-Windows-DNS-Client,1014,-1014,Name resolution for the name dns.msftncsi.com timed out after none of the configured DNS servers responded.
Warning,12/27/2021 10:52:16 AM,Microsoft-Windows-DistributedCOM,10016,None,"The machine-default permission settings do not grant Local Activation permission for the COM Server application with CLSID 
{C2F03A33-21F5-47FA-B4BB-156362A2F239}
 and APPID 
{316CDED5-E4AE-4B15-9113-7055D84DCC97}
 to the user SHOHID-PC\SHOHID SID (S-1-5-21-2091211461-3178656723-4261672445-1001) from address LocalHost (Using LRPC) running in the application container Microsoft.Windows.ShellExperienceHost_10.0.18362.1171_neutral_neutral_cw5n1h2txyewy SID (S-1-15-2-155514346-2573954481-755741238-1654018636-1233331829-3075935687-2861478708). This security permission can be modified using the Component Services administrative tool."
Error,12/27/2021 10:51:21 AM,Microsoft-Windows-DistributedCOM,10010,None,The server Microsoft.SkypeApp_15.79.95.0_x86__kzf8qxf38zg5c!App.AppXtwmqn4em5r5dpafgj4t4yyxgjfe0hr50.mca did not register with DCOM within the required timeout.
Information,12/27/2021 10:50:45 AM,Microsoft-Windows-Winlogon,7001,-1101,User Logon Notification for Customer Experience Improvement Program
Information,12/27/2021 10:50:38 AM,Microsoft-Windows-Power-Troubleshooter,1,None,"The system has returned from a low power state.

Sleep Time: 2021-12-26T19:22:18.426706300Z
Wake Time: 2021-12-27T04:50:34.477587100Z

Wake Source: Unknown"
Information,12/27/2021 10:50:34 AM,Microsoft-Windows-Kernel-Boot,32,-58,The bootmgr spent 0 ms waiting for user input.
Information,12/27/2021 10:50:34 AM,Microsoft-Windows-Kernel-Boot,18,-57,There are 0x1 boot options on this system.
Information,12/27/2021 10:50:34 AM,Microsoft-Windows-Kernel-Boot,27,-33,The boot type was 0x1.
Information,12/27/2021 10:50:34 AM,Microsoft-Windows-Kernel-Boot,25,-32,The boot menu policy was 0x1.
Information,12/27/2021 10:50:34 AM,Microsoft-Windows-Kernel-Boot,30,-21,The firmware reported boot metrics.
Error,12/27/2021 10:50:33 AM,iaStorA,4102,None,Error log: Smart event occured on disk :X6GJEAPFS  
Information,12/27/2021 10:50:32 AM,Microsoft-Windows-Kernel-General,1,-5,"The system time has changed to 2021-12-27T04:50:32.500000000Z from 2021-12-26T19:22:24.922411800Z.

Change Reason: System time synchronized with the hardware clock.
Process: '' (PID 4)."
Information,12/27/2021 1:22:24 AM,Microsoft-Windows-Kernel-Power,107,-102,The system has resumed from sleep.
Information,12/27/2021 1:22:19 AM,Microsoft-Windows-Kernel-Power,42,-64,"The system is entering sleep.

Sleep Reason: Application API"
Information,12/27/2021 1:22:18 AM,Microsoft-Windows-Kernel-Power,187,-243,User-mode process attempted to change the system state by calling SetSuspendState or SetSystemPowerState APIs.
Information,12/27/2021 1:22:17 AM,Microsoft-Windows-Winlogon,7002,-1102,User Logoff Notification for Customer Experience Improvement Program
Information,12/27/2021 12:41:28 AM,Microsoft-Windows-Kernel-General,16,None,The access history in hive \??\C:\Users\SHOHID\AppData\Local\Packages\Microsoft.WindowsFeedbackHub_8wekyb3d8bbwe\Settings\settings.dat was cleared updating 3 keys and creating 1 modified pages.
Error,12/26/2021 11:31:06 PM,Microsoft-Windows-DistributedCOM,10010,None,The server Windows.Media.Capture.Internal.AppCaptureShell did not register with DCOM within the required timeout.
Information,12/26/2021 11:10:41 PM,Microsoft-Windows-Kernel-General,1,-5,"The system time has changed to 2021-12-26T17:10:41.026625600Z from 2021-12-26T17:10:41.026577700Z.

Change Reason: An application or system component changed the time.
Process: '\Device\HarddiskVolume6\Windows\System32\svchost.exe' (PID 19204)."
Information,12/26/2021 11:10:41 PM,Microsoft-Windows-Kernel-General,1,-5,"The system time has changed to 2021-12-26T17:10:41.024020800Z from 2021-12-26T17:10:41.023591800Z.

Change Reason: An application or system component changed the time.
Process: '\Device\HarddiskVolume6\Windows\System32\svchost.exe' (PID 19204)."
Information,12/26/2021 11:10:41 PM,Microsoft-Windows-Time-Service,35,None,"The time service is now synchronizing the system time with the time source time.windows.com,0x9 (ntp.m|0x9|0.0.0.0:123->40.81.94.65:123) with reference id 1096700200. Current local stratum number is 4."
Information,12/26/2021 11:10:41 PM,Microsoft-Windows-Kernel-General,1,-5,"The system time has changed to 2021-12-26T17:10:41.020818700Z from 2021-12-26T17:10:39.566821200Z.

Change Reason: An application or system component changed the time.
Process: '\Device\HarddiskVolume6\Windows\System32\svchost.exe' (PID 19204)."
Information,12/26/2021 11:10:25 PM,Microsoft-Windows-Time-Service,37,None,"The time provider NtpClient is currently receiving valid time data from time.windows.com,0x9 (ntp.m|0x9|0.0.0.0:123->40.81.94.65:123)."
Information,12/26/2021 11:10:23 PM,Microsoft-Windows-Time-Service,158,None,The time provider 'VMICTimeProvider' has indicated that the current hardware and operating environment is not supported and has stopped. This behavior is expected for VMICTimeProvider on non-HyperV-guest environments. This may be the expected behavior for the current provider in the current operating environment as well.
Warning,12/26/2021 10:11:32 PM,Microsoft-Windows-DistributedCOM,10016,None,"The application-specific permission settings do not grant Local Activation permission for the COM Server application with CLSID 
{2593F8B9-4EAF-457C-B68A-50F6B8EA6B54}
 and APPID 
{15C20B67-12E7-4BB6-92BB-7AFF07997402}
 to the user SHOHID-PC\SHOHID SID (S-1-5-21-2091211461-3178656723-4261672445-1001) from address LocalHost (Using LRPC) running in the application container Unavailable SID (Unavailable). This security permission can be modified using the Component Services administrative tool."
Information,12/26/2021 10:08:04 PM,Volsnap,33,None,The oldest shadow copy of volume C: was deleted to keep disk space usage for shadow copies of volume C: below the user defined limit.
Warning,12/26/2021 9:49:33 PM,Microsoft-Windows-DistributedCOM,10016,None,"The machine-default permission settings do not grant Local Activation permission for the COM Server application with CLSID 
{C2F03A33-21F5-47FA-B4BB-156362A2F239}
 and APPID 
{316CDED5-E4AE-4B15-9113-7055D84DCC97}
 to the user SHOHID-PC\SHOHID SID (S-1-5-21-2091211461-3178656723-4261672445-1001) from address LocalHost (Using LRPC) running in the application container Microsoft.Windows.ShellExperienceHost_10.0.18362.1171_neutral_neutral_cw5n1h2txyewy SID (S-1-15-2-155514346-2573954481-755741238-1654018636-1233331829-3075935687-2861478708). This security permission can be modified using the Component Services administrative tool."
Error,12/26/2021 8:22:03 PM,Microsoft-Windows-DistributedCOM,10010,None,The server Microsoft.SkypeApp_15.79.95.0_x86__kzf8qxf38zg5c!App.AppXtwmqn4em5r5dpafgj4t4yyxgjfe0hr50.mca did not register with DCOM within the required timeout.
Information,12/26/2021 7:11:41 PM,Microsoft-Windows-Kernel-General,15,None,Hive \??\Volume{fee45b76-0000-0000-0000-602200000000}\System Volume Information\SPP\SppCbsHiveStore\{cd42efe1-f6f1-427c-b004-033192c625a4}{A329D4E6-A63B-4B92-AD32-A294C5316701} was reorganized with a starting size of 270151680 bytes and an ending size of 246611968 bytes.
