Information,11/16/2021 7:44:32 PM,Microsoft-Windows-Kernel-General,16,None,The access history in hive \??\C:\WINDOWS\AppCompat\Programs\Amcache.hve was cleared updating 6534 keys and creating 2772 modified pages.
Information,11/16/2021 7:44:31 PM,Service Control Manager,7026,None,"The following boot-start or system-start driver(s) did not load: 
dam"
Information,11/16/2021 7:44:30 PM,Microsoft-Windows-WMPNSS-Service,14204,None,Service 'WMPNetworkSvc' started.
Information,11/16/2021 7:44:29 PM,WinDivert,12589,None,"The description for Event ID 12589 from source WinDivert cannot be found. Either the component that raises this event is not installed on your local computer or the installation is corrupted. You can install or repair the component on the local computer.

If the event originated on another computer, the display information had to be saved with the event.

The following information was included with the event: 

WinDivert2.2
LOAD
3852
"
Information,11/16/2021 7:44:28 PM,Service Control Manager,7045,None,"A service was installed in the system.

Service Name:  WinDivert
Service File Name:  C:\Program Files\Cloudflare\Cloudflare WARP\WinDivert64.sys
Service Type:  kernel mode driver
Service Start Type:  demand start
Service Account:  "
Information,11/16/2021 7:44:28 PM,Microsoft-Windows-Kernel-General,16,None,The access history in hive \??\C:\WINDOWS\ServiceProfiles\MSSQL$MSSQLSERVER01\AppData\Local\Microsoft\Windows\UsrClass.dat was cleared updating 7 keys and creating 1 modified pages.
Information,11/16/2021 7:44:28 PM,Microsoft-Windows-Kernel-General,16,None,The access history in hive \??\C:\WINDOWS\ServiceProfiles\SQLTELEMETRY$MSSQLSERVER01\AppData\Local\Microsoft\Windows\UsrClass.dat was cleared updating 7 keys and creating 1 modified pages.
Information,11/16/2021 7:44:28 PM,Microsoft-Windows-Kernel-General,16,None,The access history in hive \??\C:\WINDOWS\ServiceProfiles\SQLTELEMETRY$MSSQLSERVER01\ntuser.dat was cleared updating 49 keys and creating 16 modified pages.
Information,11/16/2021 7:44:28 PM,Microsoft-Windows-Kernel-General,16,None,The access history in hive \??\C:\WINDOWS\ServiceProfiles\MSSQL$MSSQLSERVER01\ntuser.dat was cleared updating 75 keys and creating 18 modified pages.
Information,11/16/2021 7:44:28 PM,IntelHaxm,4,None,HAXM is loaded successfully
Information,11/16/2021 7:44:27 PM,vmx86,34,None,"The description for Event ID 34 from source vmx86 cannot be found. Either the component that raises this event is not installed on your local computer or the installation is corrupted. You can install or repair the component on the local computer.

If the event originated on another computer, the display information had to be saved with the event.

The following information was included with the event: 

VMX86.SYS: begin DriverEntry
"
Information,11/16/2021 7:44:28 PM,Microsoft-Windows-WAS,5211,None,The Windows Process Activation Service (WAS) started with 'Classic' mode using 'ConfigurationSystem'
Warning,11/16/2021 7:44:28 PM,Server,2511,None,"The server service was unable to recreate the share SHARMIN because the directory E:\Users\SHARMIN no longer exists.  Please run ""net share SHARMIN /delete"" to delete the share, or recreate the directory E:\Users\SHARMIN."
Error,11/16/2021 7:44:27 PM,Microsoft-Windows-WLAN-AutoConfig,10000,None,"WLAN Extensibility Module has failed to start.

Module Path: C:\WINDOWS\system32\Rtlihvs.dll
Error Code: 126
"
Information,11/16/2021 7:44:27 PM,Microsoft-Windows-WLAN-AutoConfig,4000,None,"WLAN AutoConfig service has successfully started.
"
Information,11/16/2021 7:44:26 PM,VMnetuserif,1,None,() Starting up the User Interface Driver for VMware Virtual Networks.
Information,11/16/2021 7:44:26 PM,VMnetBridge,10,None,() Starting up the Bridge Driver for VMware Virtual Networks.
Information,11/16/2021 7:44:26 PM,Microsoft-Windows-Winlogon,7001,-1101,User Logon Notification for Customer Experience Improvement Program
Information,11/16/2021 7:44:25 PM,Microsoft-Windows-FilterManager,6,None,"File System Filter 'storqosflt' (10.0, 2084-07-24T11:29:44.000000000Z) has successfully loaded and registered with Filter Manager."
Information,11/16/2021 7:44:25 PM,Microsoft-Windows-DHCPv6-Client,51046,Service State Event,DHCPv6 client service is started
Information,11/16/2021 7:44:25 PM,Microsoft-Windows-Dhcp-Client,50103,Service State Event,DHCPv4 client registered for shutdown notification
Information,11/16/2021 7:44:25 PM,Microsoft-Windows-Dhcp-Client,50036,Service State Event,DHCPv4 client service is started
Information,11/16/2021 7:44:25 PM,Microsoft-Windows-FilterManager,6,None,"File System Filter 'CldFlt' (10.0, 2052-03-25T04:36:04.000000000Z) has successfully loaded and registered with Filter Manager."
Information,11/16/2021 7:44:25 PM,Microsoft-Windows-FilterManager,1,None,"File System Filter 'CldFlt' (Version 10.0, 2052-03-25T04:36:04.000000000Z) unloaded successfully."
Information,11/16/2021 7:44:25 PM,Microsoft-Windows-FilterManager,6,None,"File System Filter 'CldFlt' (10.0, 2052-03-25T04:36:04.000000000Z) has successfully loaded and registered with Filter Manager."
Information,11/16/2021 7:44:25 PM,Microsoft-Windows-FilterManager,6,None,"File System Filter 'luafv' (10.0, 1987-05-06T02:17:50.000000000Z) has successfully loaded and registered with Filter Manager."
Information,11/16/2021 7:44:25 PM,Microsoft-Windows-Kernel-General,16,None,The access history in hive \SystemRoot\System32\Config\bbimigrate\BBI was cleared updating 1 keys and creating 1 modified pages.
Information,11/16/2021 7:44:25 PM,Microsoft-Windows-FilterManager,6,None,"File System Filter 'wcifs' (10.0, 2011-08-26T04:27:29.000000000Z) has successfully loaded and registered with Filter Manager."
Information,11/16/2021 7:44:25 PM,Microsoft-Windows-Kernel-General,16,None,The access history in hive \??\C:\WINDOWS\ServiceProfiles\LocalService\NTUSER.DAT was cleared updating 87 keys and creating 20 modified pages.
Information,11/16/2021 7:44:25 PM,Microsoft-Windows-Kernel-General,16,None,The access history in hive \SystemRoot\System32\Config\BBI was cleared updating 425 keys and creating 94 modified pages.
Information,11/16/2021 7:44:24 PM,Microsoft-Windows-Kernel-General,16,None,The access history in hive \??\C:\WINDOWS\ServiceProfiles\NetworkService\NTUSER.DAT was cleared updating 122 keys and creating 21 modified pages.
Information,11/16/2021 7:44:24 PM,Microsoft-Windows-Directory-Services-SAM,16977,None,"The domain is configured with the following minimum password length-related settings.

MinimumPasswordLength: 0

MinimumPasswordLengthAudit: -1

For more information see https://go.microsoft.com/fwlink/?LinkId=2097191.
"
Information,11/16/2021 7:44:24 PM,Microsoft-Windows-Directory-Services-SAM,16962,None,"Remote calls to the SAM database are being restricted using the default security descriptor: O:SYG:SYD:(A;;RC;;;BA).
For more information please see http://go.microsoft.com/fwlink/?LinkId=787651."
Information,11/16/2021 7:44:24 PM,Microsoft-Windows-Wininit,14,None,"Credential Guard configuration: 0x0, 0"
Information,11/16/2021 7:44:21 PM,Microsoft-Windows-Kernel-General,16,None,The access history in hive \SystemRoot\System32\Config\SECURITY was cleared updating 260 keys and creating 17 modified pages.
Information,11/16/2021 7:44:21 PM,Microsoft-Windows-Kernel-General,16,None,The access history in hive \SystemRoot\System32\Config\SAM was cleared updating 93 keys and creating 11 modified pages.
Information,11/16/2021 7:44:21 PM,Microsoft-Windows-Kernel-General,15,None,Hive \SystemRoot\System32\Config\DEFAULT was reorganized with a starting size of 12492800 bytes and an ending size of 12328960 bytes.
Information,11/16/2021 7:44:19 PM,Microsoft-Windows-Kernel-General,15,None,Hive \SystemRoot\System32\Config\SOFTWARE was reorganized with a starting size of 246726656 bytes and an ending size of 246095872 bytes.
Error,11/16/2021 7:44:12 PM,Ntfs,137,-2,The default transaction resource manager on volume G: encountered a non-retryable error and could not start.  The data contains the error code.
Error,11/16/2021 7:44:12 PM,disk,7,None,"The device, \Device\Harddisk0\DR0, has a bad block."
Error,11/16/2021 7:44:12 PM,disk,7,None,"The device, \Device\Harddisk0\DR0, has a bad block."
Information,11/16/2021 7:44:12 PM,Microsoft-Windows-Ntfs,98,None,Volume G: (\Device\HarddiskVolume2) is healthy.  No action is needed.
Information,11/16/2021 7:44:11 PM,Microsoft-Windows-Ntfs,98,None,Volume D: (\Device\HarddiskVolume1) is healthy.  No action is needed.
Information,11/16/2021 7:44:10 PM,Microsoft-Windows-Ntfs,98,None,Volume F: (\Device\HarddiskVolume4) is healthy.  No action is needed.
Information,11/16/2021 7:44:09 PM,Microsoft-Windows-Ntfs,98,None,Volume E: (\Device\HarddiskVolume3) is healthy.  No action is needed.
Information,11/16/2021 7:44:09 PM,MEIx64,2,None,Intel(R) Trusted Execution Engine Interface driver has started successfully.
Information,11/16/2021 7:44:09 PM,Microsoft-Windows-Kernel-Processor-Power,55,-47,"Processor 3 in group 0 exposes the following power management capabilities:

Idle state type: ACPI Idle (C) States (3 state(s))

Performance state type: ACPI Performance (P) / Throttle (T) States
Nominal Frequency (MHz): 3700
Maximum performance percentage: 100
Minimum performance percentage: 21
Minimum throttle percentage: 21"
Information,11/16/2021 7:44:09 PM,Microsoft-Windows-Kernel-Processor-Power,55,-47,"Processor 1 in group 0 exposes the following power management capabilities:

Idle state type: ACPI Idle (C) States (3 state(s))

Performance state type: ACPI Performance (P) / Throttle (T) States
Nominal Frequency (MHz): 3700
Maximum performance percentage: 100
Minimum performance percentage: 21
Minimum throttle percentage: 21"
Information,11/16/2021 7:44:09 PM,Microsoft-Windows-Kernel-Processor-Power,55,-47,"Processor 2 in group 0 exposes the following power management capabilities:

Idle state type: ACPI Idle (C) States (3 state(s))

Performance state type: ACPI Performance (P) / Throttle (T) States
Nominal Frequency (MHz): 3700
Maximum performance percentage: 100
Minimum performance percentage: 21
Minimum throttle percentage: 21"
Information,11/16/2021 7:44:09 PM,Microsoft-Windows-Kernel-Processor-Power,55,-47,"Processor 0 in group 0 exposes the following power management capabilities:

Idle state type: ACPI Idle (C) States (3 state(s))

Performance state type: ACPI Performance (P) / Throttle (T) States
Nominal Frequency (MHz): 3700
Maximum performance percentage: 100
Minimum performance percentage: 21
Minimum throttle percentage: 21"
Information,11/16/2021 7:44:08 PM,VMnetAdapter,36,None,() Starting up the Adapter Driver for VMware Virtual Networks.
Information,11/16/2021 7:44:08 PM,Microsoft-Windows-Kernel-Power,172,-203,"Connectivity state in standby: Disconnected, Reason: NIC compliance"
Information,11/16/2021 7:44:08 PM,Microsoft-Windows-Ntfs,98,None,Volume \\?\Volume{fee45b76-0000-0000-0000-100000000000} (\Device\HarddiskVolume5) is healthy.  No action is needed.
Information,11/16/2021 7:44:08 PM,Microsoft-Windows-FilterManager,6,None,"File System Filter 'npsvctrig' (10.0, 1977-09-12T21:19:34.000000000Z) has successfully loaded and registered with Filter Manager."
Information,11/16/2021 7:44:08 PM,Microsoft-Windows-FilterManager,6,None,"File System Filter 'FileCrypt' (10.0, 2011-10-30T21:56:49.000000000Z) has successfully loaded and registered with Filter Manager."
Information,11/16/2021 7:44:08 PM,Microsoft-Windows-Ntfs,98,None,Volume C: (\Device\HarddiskVolume6) is healthy.  No action is needed.
Error,11/16/2021 7:44:07 PM,iaStorA,4102,None,Error log: Smart event occured on disk :X6GJEAPFS  
Information,11/16/2021 7:44:07 PM,Microsoft-Windows-FilterManager,6,None,"File System Filter 'WdFilter' (10.0, 2043-02-28T19:55:46.000000000Z) has successfully loaded and registered with Filter Manager."
Information,11/16/2021 7:44:07 PM,Microsoft-Windows-FilterManager,6,None,"File System Filter 'Wof' (10.0, 2045-05-29T21:42:55.000000000Z) has successfully loaded and registered with Filter Manager."
Information,11/16/2021 7:44:07 PM,Microsoft-Windows-FilterManager,6,None,"File System Filter 'FileInfo' (10.0, 1989-07-13T07:15:12.000000000Z) has successfully loaded and registered with Filter Manager."
Information,11/16/2021 7:44:06 PM,Microsoft-Windows-Kernel-General,20,-6,"The leap second configuration has been updated.
Reason: Leap second data initialized from registry during boot
Leap seconds enabled: true
New leap second count: 0
Old leap second count: 0"
Information,11/16/2021 7:44:06 PM,Microsoft-Windows-Kernel-Boot,30,-21,The firmware reported boot metrics.
Information,11/16/2021 7:44:06 PM,Microsoft-Windows-Kernel-Boot,32,-58,The bootmgr spent 0 ms waiting for user input.
Information,11/16/2021 7:44:06 PM,Microsoft-Windows-Kernel-Boot,18,-57,There are 0x1 boot options on this system.
Information,11/16/2021 7:44:06 PM,Microsoft-Windows-Kernel-Boot,27,-33,The boot type was 0x0.
Information,11/16/2021 7:44:06 PM,Microsoft-Windows-Kernel-Boot,25,-32,The boot menu policy was 0x1.
Information,11/16/2021 7:44:06 PM,Microsoft-Windows-Kernel-Boot,20,-31,The last shutdown's success status was true. The last boot's success status was true.
Information,11/16/2021 7:44:06 PM,Microsoft-Windows-Kernel-Boot,153,-62,Virtualization-based security (policies: 0) is disabled.
Information,11/16/2021 7:44:06 PM,Microsoft-Windows-Kernel-General,12,-1,The operating system started at system time 2021-11-16T13:44:05.500000000Z.
Information,11/16/2021 7:43:53 PM,Microsoft-Windows-Kernel-General,13,-2,The operating system is shutting down at system time 2021-11-16T13:43:53.586975900Z.
Information,11/16/2021 7:43:50 PM,Microsoft-Windows-Kernel-Power,109,-103,"The kernel power manager has initiated a shutdown transition.

Shutdown Reason: Kernel API"
Information,11/16/2021 7:43:46 PM,Microsoft-Windows-WLAN-AutoConfig,4001,None,"WLAN AutoConfig service has successfully stopped.
"
Information,11/16/2021 7:44:25 PM,EventLog,6013,None,The system uptime is 20 seconds.
Information,11/16/2021 7:44:25 PM,EventLog,6005,None,The Event log service was started.
Information,11/16/2021 7:44:25 PM,EventLog,6009,None,Microsoft (R) Windows (R) 10.00. 18363 Service Pack 1 Multiprocessor Free.
Information,11/16/2021 7:43:45 PM,Microsoft-Windows-Dhcp-Client,50037,Service State Event,DHCPv4 client service is stopped. ShutDown Flag value is 1
Information,11/16/2021 7:43:45 PM,Microsoft-Windows-DHCPv6-Client,51057,Service State Event,DHCPv6 client service stop is almost done.DHCP Context Ref count is 1
Information,11/16/2021 7:43:45 PM,Microsoft-Windows-DHCPv6-Client,51057,Service State Event,DHCPv6 client service stop is almost done.DHCP Context Ref count is 1
Information,11/16/2021 7:43:45 PM,Microsoft-Windows-DHCPv6-Client,51047,Service State Event,DHCPv6 client service is stopped. ShutDown Flag value is 1
Information,11/16/2021 7:43:45 PM,Microsoft-Windows-Dhcp-Client,50106,Service State Event,DHCPv4 is waiting on DHCPv6 service to stop
Information,11/16/2021 7:43:45 PM,Microsoft-Windows-Dhcp-Client,50105,Service State Event,DHCPv4 client ProcessDHCPRequestForever received TERMINATE_EVENT
Information,11/16/2021 7:43:45 PM,Microsoft-Windows-Dhcp-Client,50104,Service State Event,DHCPv4 client received shutdown notification
Information,11/16/2021 7:43:45 PM,EventLog,6006,None,The Event log service was stopped.
Information,11/16/2021 7:43:44 PM,Microsoft-Windows-Winlogon,7002,-1102,User Logoff Notification for Customer Experience Improvement Program
Warning,11/16/2021 7:38:55 PM,Microsoft-Windows-DistributedCOM,10016,None,"The application-specific permission settings do not grant Local Activation permission for the COM Server application with CLSID 
{2593F8B9-4EAF-457C-B68A-50F6B8EA6B54}
 and APPID 
{15C20B67-12E7-4BB6-92BB-7AFF07997402}
 to the user SHOHID-PC\SHOHID SID (S-1-5-21-2091211461-3178656723-4261672445-1001) from address LocalHost (Using LRPC) running in the application container Unavailable SID (Unavailable). This security permission can be modified using the Component Services administrative tool."
Information,11/16/2021 3:05:13 PM,Microsoft-Windows-Kernel-General,16,None,The access history in hive \??\Volume{fee45b76-0000-0000-0000-602200000000}\System Volume Information\SPP\SppCbsHiveStore\{cd42efe1-f6f1-427c-b004-033192c625a4}{8CC6C4D8-BF7F-490E-9C2C-C1EA77534580} was cleared updating 15896 keys and creating 2708 modified pages.
Information,11/16/2021 3:05:05 PM,Microsoft-Windows-Kernel-General,11,None,"TxR init phase for hive \??\GLOBALROOT\Device\HarddiskVolumeShadowCopy5\WINDOWS\System32\config\DRIVERS (TM: {afde6d37-468b-11ec-ae53-1c1b0d79dbe2}, RM: {afde6d36-468b-11ec-ae53-1c1b0d79dbe2}) finished with result=0xC00000A2 (Internal code=7)."
Information,11/16/2021 3:05:05 PM,Microsoft-Windows-Kernel-General,11,None,"TxR init phase for hive \??\GLOBALROOT\Device\HarddiskVolumeShadowCopy5\WINDOWS\System32\config\SYSTEM (TM: {afde6d34-468b-11ec-ae53-1c1b0d79dbe2}, RM: {afde6d33-468b-11ec-ae53-1c1b0d79dbe2}) finished with result=0xC00000A2 (Internal code=7)."
Information,11/16/2021 3:04:59 PM,Microsoft-Windows-Ntfs,98,None,Volume ?? (\Device\HarddiskVolumeShadowCopy5) is healthy.  No action is needed.
Error,11/16/2021 2:49:39 PM,Volsnap,36,None,The shadow copies of volume C: were aborted because the shadow copy storage could not grow due to a user imposed limit.
Information,11/16/2021 1:33:53 PM,Microsoft-Windows-Kernel-General,16,None,The access history in hive \??\C:\ProgramData\Microsoft\Provisioning\Microsoft-Desktop-Provisioning-Sequence.dat was cleared updating 0 keys and creating 0 modified pages.
Warning,11/16/2021 1:26:15 PM,Microsoft-Windows-DistributedCOM,10016,None,"The application-specific permission settings do not grant Local Activation permission for the COM Server application with CLSID 
{2593F8B9-4EAF-457C-B68A-50F6B8EA6B54}
 and APPID 
{15C20B67-12E7-4BB6-92BB-7AFF07997402}
 to the user SHOHID-PC\SHOHID SID (S-1-5-21-2091211461-3178656723-4261672445-1001) from address LocalHost (Using LRPC) running in the application container Unavailable SID (Unavailable). This security permission can be modified using the Component Services administrative tool."
Information,11/16/2021 1:18:23 PM,Microsoft-Windows-Kernel-General,16,None,The access history in hive \??\C:\ProgramData\Packages\Microsoft.XboxGamingOverlay_8wekyb3d8bbwe\S-1-5-21-2091211461-3178656723-4261672445-1001\SystemAppData\Helium\Cache\3cc1b3e9a195e332_COM15.dat was cleared updating 1 keys and creating 1 modified pages.
Error,11/16/2021 1:17:39 PM,Microsoft-Windows-DistributedCOM,10010,None,The server Microsoft.SkypeApp_15.78.159.0_x86__kzf8qxf38zg5c!App.AppXtwmqn4em5r5dpafgj4t4yyxgjfe0hr50.mca did not register with DCOM within the required timeout.
Information,11/16/2021 1:17:24 PM,Microsoft-Windows-Power-Troubleshooter,1,None,"The system has returned from a low power state.

Sleep Time: 2021-11-16T03:57:09.285729700Z
Wake Time: 2021-11-16T07:17:23.054967600Z

Wake Source: Unknown"
Information,11/16/2021 1:17:24 PM,Microsoft-Windows-Winlogon,7001,-1101,User Logon Notification for Customer Experience Improvement Program
Information,11/16/2021 1:17:22 PM,Microsoft-Windows-Kernel-Boot,32,-58,The bootmgr spent 0 ms waiting for user input.
Information,11/16/2021 1:17:22 PM,Microsoft-Windows-Kernel-Boot,18,-57,There are 0x1 boot options on this system.
Information,11/16/2021 1:17:22 PM,Microsoft-Windows-Kernel-Boot,27,-33,The boot type was 0x1.
Information,11/16/2021 1:17:22 PM,Microsoft-Windows-Kernel-Boot,25,-32,The boot menu policy was 0x1.
Information,11/16/2021 1:17:22 PM,Microsoft-Windows-Kernel-Boot,30,-21,The firmware reported boot metrics.
Error,11/16/2021 1:17:22 PM,iaStorA,4102,None,Error log: Smart event occured on disk :X6GJEAPFS  
Information,11/16/2021 1:17:21 PM,Microsoft-Windows-Kernel-General,1,-5,"The system time has changed to 2021-11-16T07:17:21.500000000Z from 2021-11-16T03:57:11.582238800Z.

Change Reason: System time synchronized with the hardware clock.
Process: '' (PID 4)."
Information,11/16/2021 9:57:11 AM,Microsoft-Windows-Kernel-Power,107,-102,The system has resumed from sleep.
Information,11/16/2021 1:17:21 PM,EventLog,6013,None,The system uptime is 582154 seconds.
Information,11/16/2021 9:57:09 AM,Microsoft-Windows-Kernel-Power,42,-64,"The system is entering sleep.

Sleep Reason: Application API"
Information,11/16/2021 9:57:09 AM,Microsoft-Windows-Kernel-Power,187,-243,User-mode process attempted to change the system state by calling SetSuspendState or SetSystemPowerState APIs.
Information,11/16/2021 9:57:07 AM,Microsoft-Windows-Winlogon,7002,-1102,User Logoff Notification for Customer Experience Improvement Program
Information,11/16/2021 9:53:29 AM,Microsoft-Windows-Kernel-General,16,None,The access history in hive \??\C:\ProgramData\Microsoft\Provisioning\Microsoft-Desktop-Provisioning-Sequence.dat was cleared updating 0 keys and creating 0 modified pages.
Warning,11/16/2021 9:40:24 AM,Microsoft-Windows-DNS-Client,1014,-1014,Name resolution for the name r6---sn-30a7yn7y.googlevideo.com timed out after none of the configured DNS servers responded.
Warning,11/16/2021 9:33:43 AM,Microsoft-Windows-DNS-Client,1014,-1014,Name resolution for the name clients4.google.com timed out after none of the configured DNS servers responded.
Warning,11/16/2021 9:25:04 AM,Microsoft-Windows-DNS-Client,1014,-1014,Name resolution for the name r5---sn-30a7yn7d.googlevideo.com timed out after none of the configured DNS servers responded.
Error,11/16/2021 9:20:16 AM,Microsoft-Windows-DistributedCOM,10010,None,The server Microsoft.SkypeApp_15.78.159.0_x86__kzf8qxf38zg5c!App.AppXtwmqn4em5r5dpafgj4t4yyxgjfe0hr50.mca did not register with DCOM within the required timeout.
Warning,11/16/2021 9:15:55 AM,Microsoft-Windows-DistributedCOM,10016,None,"The application-specific permission settings do not grant Local Activation permission for the COM Server application with CLSID 
{2593F8B9-4EAF-457C-B68A-50F6B8EA6B54}
 and APPID 
{15C20B67-12E7-4BB6-92BB-7AFF07997402}
 to the user SHOHID-PC\SHOHID SID (S-1-5-21-2091211461-3178656723-4261672445-1001) from address LocalHost (Using LRPC) running in the application container Unavailable SID (Unavailable). This security permission can be modified using the Component Services administrative tool."
Error,11/16/2021 9:15:29 AM,Microsoft-Windows-DistributedCOM,10010,None,The server Microsoft.SkypeApp_15.78.159.0_x86__kzf8qxf38zg5c!App.AppXtwmqn4em5r5dpafgj4t4yyxgjfe0hr50.mca did not register with DCOM within the required timeout.
Warning,11/16/2021 9:15:21 AM,Microsoft-Windows-DNS-Client,1014,-1014,Name resolution for the name tsfe.trafficshaping.dsp.mp.microsoft.com timed out after none of the configured DNS servers responded.
Information,11/16/2021 9:15:13 AM,Microsoft-Windows-Winlogon,7001,-1101,User Logon Notification for Customer Experience Improvement Program
Information,11/16/2021 9:15:13 AM,Microsoft-Windows-Power-Troubleshooter,1,None,"The system has returned from a low power state.

Sleep Time: 2021-11-15T20:15:42.675106000Z
Wake Time: 2021-11-16T03:15:11.266476200Z

Wake Source: Unknown"
Error,11/16/2021 9:15:11 AM,iaStorA,4102,None,Error log: Smart event occured on disk :X6GJEAPFS  
Information,11/16/2021 9:15:11 AM,Microsoft-Windows-Kernel-Boot,32,-58,The bootmgr spent 0 ms waiting for user input.
Information,11/16/2021 9:15:11 AM,Microsoft-Windows-Kernel-Boot,18,-57,There are 0x1 boot options on this system.
Information,11/16/2021 9:15:11 AM,Microsoft-Windows-Kernel-Boot,27,-33,The boot type was 0x1.
Information,11/16/2021 9:15:11 AM,Microsoft-Windows-Kernel-Boot,25,-32,The boot menu policy was 0x1.
Information,11/16/2021 9:15:11 AM,Microsoft-Windows-Kernel-Boot,30,-21,The firmware reported boot metrics.
Information,11/16/2021 9:15:10 AM,Microsoft-Windows-Kernel-General,1,-5,"The system time has changed to 2021-11-16T03:15:10.500000000Z from 2021-11-15T20:15:45.304423800Z.

Change Reason: System time synchronized with the hardware clock.
Process: '' (PID 4)."
Information,11/16/2021 2:15:45 AM,Microsoft-Windows-Kernel-Power,107,-102,The system has resumed from sleep.
Information,11/16/2021 2:15:43 AM,Microsoft-Windows-Kernel-Power,42,-64,"The system is entering sleep.

Sleep Reason: Application API"
Information,11/16/2021 2:15:42 AM,Microsoft-Windows-Kernel-Power,187,-243,User-mode process attempted to change the system state by calling SetSuspendState or SetSystemPowerState APIs.
Information,11/16/2021 2:15:41 AM,Microsoft-Windows-Winlogon,7002,-1102,User Logoff Notification for Customer Experience Improvement Program
Information,11/16/2021 2:02:12 AM,Microsoft-Windows-WindowsUpdateClient,19,Windows Update Agent,Installation Successful: Windows successfully installed the following update: Security Intelligence Update for Microsoft Defender Antivirus - KB2267602 (Version 1.353.1057.0)
Information,11/16/2021 2:01:59 AM,Microsoft-Windows-WindowsUpdateClient,43,Windows Update Agent,Installation Started: Windows has started installing the following update: Security Intelligence Update for Microsoft Defender Antivirus - KB2267602 (Version 1.353.1057.0)
Information,11/16/2021 2:01:54 AM,Microsoft-Windows-WindowsUpdateClient,44,Windows Update Agent,Windows Update started downloading an update.
Error,11/16/2021 1:51:42 AM,Microsoft-Windows-DistributedCOM,10010,None,The server Microsoft.SkypeApp_15.78.159.0_x86__kzf8qxf38zg5c!App.AppXtwmqn4em5r5dpafgj4t4yyxgjfe0hr50.mca did not register with DCOM within the required timeout.
Information,11/16/2021 1:51:26 AM,Microsoft-Windows-Winlogon,7001,-1101,User Logon Notification for Customer Experience Improvement Program
Information,11/16/2021 1:51:20 AM,Microsoft-Windows-Power-Troubleshooter,1,None,"The system has returned from a low power state.

Sleep Time: 2021-11-15T19:07:31.090852400Z
Wake Time: 2021-11-15T19:51:12.959206200Z

Wake Source: Unknown"
Information,11/16/2021 1:51:12 AM,Microsoft-Windows-Kernel-Boot,32,-58,The bootmgr spent 0 ms waiting for user input.
Information,11/16/2021 1:51:12 AM,Microsoft-Windows-Kernel-Boot,18,-57,There are 0x1 boot options on this system.
Information,11/16/2021 1:51:12 AM,Microsoft-Windows-Kernel-Boot,27,-33,The boot type was 0x1.
Information,11/16/2021 1:51:12 AM,Microsoft-Windows-Kernel-Boot,25,-32,The boot menu policy was 0x1.
Information,11/16/2021 1:51:12 AM,Microsoft-Windows-Kernel-Boot,30,-21,The firmware reported boot metrics.
Error,11/16/2021 1:51:12 AM,iaStorA,4102,None,Error log: Smart event occured on disk :X6GJEAPFS  
Information,11/16/2021 1:51:11 AM,Microsoft-Windows-Kernel-General,1,-5,"The system time has changed to 2021-11-15T19:51:11.500000000Z from 2021-11-15T19:07:34.362723300Z.

Change Reason: System time synchronized with the hardware clock.
Process: '' (PID 4)."
Information,11/16/2021 1:07:34 AM,Microsoft-Windows-Kernel-Power,107,-102,The system has resumed from sleep.
Information,11/16/2021 1:07:31 AM,Microsoft-Windows-Kernel-Power,42,-64,"The system is entering sleep.

Sleep Reason: Application API"
Information,11/16/2021 1:07:31 AM,Microsoft-Windows-Kernel-Power,187,-243,User-mode process attempted to change the system state by calling SetSuspendState or SetSystemPowerState APIs.
Information,11/16/2021 1:07:29 AM,Microsoft-Windows-Winlogon,7002,-1102,User Logoff Notification for Customer Experience Improvement Program
Information,11/16/2021 1:07:06 AM,Microsoft-Windows-Kernel-General,16,None,The access history in hive \??\C:\Users\SHOHID\AppData\Local\Packages\Microsoft.AAD.BrokerPlugin_cw5n1h2txyewy\Settings\settings.dat was cleared updating 10 keys and creating 1 modified pages.
Error,11/16/2021 12:51:35 AM,LsaSrv,6041,None,"A CredSSP authentication to TERMSRV/108.161.128.44 failed to negotiate a common protocol version.  The remote host offered version 3 which is not permitted by Encryption Oracle Remediation.

See https://go.microsoft.com/fwlink/?linkid=866660 for more information."
Warning,11/16/2021 12:07:21 AM,Microsoft-Windows-DistributedCOM,10016,None,"The machine-default permission settings do not grant Local Activation permission for the COM Server application with CLSID 
{C2F03A33-21F5-47FA-B4BB-156362A2F239}
 and APPID 
{316CDED5-E4AE-4B15-9113-7055D84DCC97}
 to the user SHOHID-PC\SHOHID SID (S-1-5-21-2091211461-3178656723-4261672445-1001) from address LocalHost (Using LRPC) running in the application container Microsoft.Windows.ShellExperienceHost_10.0.18362.1171_neutral_neutral_cw5n1h2txyewy SID (S-1-15-2-155514346-2573954481-755741238-1654018636-1233331829-3075935687-2861478708). This security permission can be modified using the Component Services administrative tool."
Information,11/15/2021 11:44:07 PM,Microsoft-Windows-Kernel-General,16,None,The access history in hive \??\C:\Users\SHOHID\AppData\Local\Packages\Microsoft.MicrosoftOfficeHub_8wekyb3d8bbwe\Settings\settings.dat was cleared updating 4 keys and creating 2 modified pages.
Warning,11/15/2021 11:10:18 PM,Microsoft-Windows-DNS-Client,1014,-1014,Name resolution for the name vortex.data.microsoft.com timed out after none of the configured DNS servers responded.
Information,11/15/2021 11:09:36 PM,Microsoft-Windows-Kernel-General,1,-5,"The system time has changed to 2021-11-15T17:09:36.289096700Z from 2021-11-15T17:09:36.288494100Z.

Change Reason: An application or system component changed the time.
Process: '\Device\HarddiskVolume6\Windows\System32\svchost.exe' (PID 24520)."
Information,11/15/2021 11:09:36 PM,Microsoft-Windows-Kernel-General,1,-5,"The system time has changed to 2021-11-15T17:09:36.282989800Z from 2021-11-15T17:09:36.282486200Z.

Change Reason: An application or system component changed the time.
Process: '\Device\HarddiskVolume6\Windows\System32\svchost.exe' (PID 24520)."
Information,11/15/2021 11:09:36 PM,Microsoft-Windows-Time-Service,35,None,"The time service is now synchronizing the system time with the time source time.windows.com,0x9 (ntp.m|0x9|0.0.0.0:123->52.148.114.188:123) with reference id 3161625652. Current local stratum number is 4."
Information,11/15/2021 11:09:36 PM,Microsoft-Windows-Kernel-General,1,-5,"The system time has changed to 2021-11-15T17:09:36.277701300Z from 2021-11-15T17:09:34.635374900Z.

Change Reason: An application or system component changed the time.
Process: '\Device\HarddiskVolume6\Windows\System32\svchost.exe' (PID 24520)."
Information,11/15/2021 11:09:29 PM,Microsoft-Windows-Kernel-General,16,None,The access history in hive \??\C:\Users\SHOHID\AppData\Local\Packages\appleinc.itunes_nzyj5cx40ttqa\Settings\settings.dat was cleared updating 2 keys and creating 1 modified pages.
Information,11/15/2021 11:09:20 PM,Microsoft-Windows-Time-Service,37,None,"The time provider NtpClient is currently receiving valid time data from time.windows.com,0x9 (ntp.m|0x9|0.0.0.0:123->52.148.114.188:123)."
Information,11/15/2021 11:09:18 PM,Microsoft-Windows-Time-Service,158,None,The time provider 'VMICTimeProvider' has indicated that the current hardware and operating environment is not supported and has stopped. This behavior is expected for VMICTimeProvider on non-HyperV-guest environments. This may be the expected behavior for the current provider in the current operating environment as well.
Warning,11/15/2021 10:57:09 PM,Microsoft-Windows-DNS-Client,1014,-1014,Name resolution for the name clientservices.googleapis.com timed out after none of the configured DNS servers responded.
Warning,11/15/2021 10:50:29 PM,Microsoft-Windows-DNS-Client,1014,-1014,Name resolution for the name r6---sn-30a7ynee.googlevideo.com timed out after none of the configured DNS servers responded.
Warning,11/15/2021 10:19:53 PM,Microsoft-Windows-DistributedCOM,10016,None,"The application-specific permission settings do not grant Local Activation permission for the COM Server application with CLSID 
{2593F8B9-4EAF-457C-B68A-50F6B8EA6B54}
 and APPID 
{15C20B67-12E7-4BB6-92BB-7AFF07997402}
 to the user SHOHID-PC\SHOHID SID (S-1-5-21-2091211461-3178656723-4261672445-1001) from address LocalHost (Using LRPC) running in the application container Unavailable SID (Unavailable). This security permission can be modified using the Component Services administrative tool."
Warning,11/15/2021 10:18:49 PM,Microsoft-Windows-DNS-Client,1014,-1014,Name resolution for the name v20.events.data.microsoft.com timed out after none of the configured DNS servers responded.
Information,11/15/2021 10:18:38 PM,Microsoft-Windows-Kernel-General,16,None,The access history in hive \??\C:\Users\SHOHID\AppData\Local\Packages\Microsoft.Todos_8wekyb3d8bbwe\Settings\settings.dat was cleared updating 8 keys and creating 1 modified pages.
Warning,11/15/2021 9:55:07 PM,Microsoft-Windows-DNS-Client,1014,-1014,Name resolution for the name r6---sn-30a7yn76.googlevideo.com timed out after none of the configured DNS servers responded.
Warning,11/15/2021 9:50:39 PM,Microsoft-Windows-DNS-Client,1014,-1014,Name resolution for the name r5---sn-30a7yn7r.googlevideo.com timed out after none of the configured DNS servers responded.
Warning,11/15/2021 9:27:09 PM,Microsoft-Windows-DNS-Client,1014,-1014,Name resolution for the name clientservices.googleapis.com timed out after none of the configured DNS servers responded.
Warning,11/15/2021 9:16:25 PM,Microsoft-Windows-DNS-Client,1014,-1014,Name resolution for the name r2---sn-30a7yne7.googlevideo.com timed out after none of the configured DNS servers responded.
Warning,11/15/2021 8:56:58 PM,Microsoft-Windows-DistributedCOM,10016,None,"The application-specific permission settings do not grant Local Activation permission for the COM Server application with CLSID 
{2593F8B9-4EAF-457C-B68A-50F6B8EA6B54}
 and APPID 
{15C20B67-12E7-4BB6-92BB-7AFF07997402}
 to the user SHOHID-PC\SHOHID SID (S-1-5-21-2091211461-3178656723-4261672445-1001) from address LocalHost (Using LRPC) running in the application container Unavailable SID (Unavailable). This security permission can be modified using the Component Services administrative tool."
Warning,11/15/2021 8:44:21 PM,Microsoft-Windows-DistributedCOM,10016,None,"The application-specific permission settings do not grant Local Activation permission for the COM Server application with CLSID 
{2593F8B9-4EAF-457C-B68A-50F6B8EA6B54}
 and APPID 
{15C20B67-12E7-4BB6-92BB-7AFF07997402}
 to the user SHOHID-PC\SHOHID SID (S-1-5-21-2091211461-3178656723-4261672445-1001) from address LocalHost (Using LRPC) running in the application container Unavailable SID (Unavailable). This security permission can be modified using the Component Services administrative tool."
Error,11/15/2021 8:40:07 PM,Microsoft-Windows-DistributedCOM,10010,None,The server Microsoft.SkypeApp_15.78.159.0_x86__kzf8qxf38zg5c!App.AppXtwmqn4em5r5dpafgj4t4yyxgjfe0hr50.mca did not register with DCOM within the required timeout.
Warning,11/15/2021 8:39:04 PM,Microsoft-Windows-DistributedCOM,10016,None,"The application-specific permission settings do not grant Local Activation permission for the COM Server application with CLSID 
{2593F8B9-4EAF-457C-B68A-50F6B8EA6B54}
 and APPID 
{15C20B67-12E7-4BB6-92BB-7AFF07997402}
 to the user SHOHID-PC\SHOHID SID (S-1-5-21-2091211461-3178656723-4261672445-1001) from address LocalHost (Using LRPC) running in the application container Unavailable SID (Unavailable). This security permission can be modified using the Component Services administrative tool."
Error,11/15/2021 8:38:54 PM,Microsoft-Windows-DistributedCOM,10010,None,The server Microsoft.SkypeApp_15.78.159.0_x86__kzf8qxf38zg5c!App.AppXtwmqn4em5r5dpafgj4t4yyxgjfe0hr50.mca did not register with DCOM within the required timeout.
Information,11/15/2021 8:38:51 PM,Microsoft-Windows-Kernel-General,16,None,The access history in hive \??\C:\Users\SHOHID\AppData\Local\Packages\Microsoft.LockApp_cw5n1h2txyewy\Settings\settings.dat was cleared updating 4 keys and creating 1 modified pages.
Warning,11/15/2021 8:38:48 PM,Microsoft-Windows-DNS-Client,1014,-1014,Name resolution for the name v20.events.data.microsoft.com timed out after none of the configured DNS servers responded.
Warning,11/15/2021 8:38:43 PM,Microsoft-Windows-DNS-Client,1014,-1014,Name resolution for the name img-s-msn-com.akamaized.net timed out after none of the configured DNS servers responded.
Information,11/15/2021 8:38:42 PM,Microsoft-Windows-Winlogon,7001,-1101,User Logon Notification for Customer Experience Improvement Program
Information,11/15/2021 8:38:41 PM,Microsoft-Windows-Power-Troubleshooter,1,None,"The system has returned from a low power state.

Sleep Time: 2021-11-15T09:21:32.907896100Z
Wake Time: 2021-11-15T14:38:39.533070300Z

Wake Source: Unknown"
Information,11/15/2021 8:38:39 PM,Microsoft-Windows-Kernel-Boot,32,-58,The bootmgr spent 0 ms waiting for user input.
Information,11/15/2021 8:38:39 PM,Microsoft-Windows-Kernel-Boot,18,-57,There are 0x1 boot options on this system.
Information,11/15/2021 8:38:39 PM,Microsoft-Windows-Kernel-Boot,27,-33,The boot type was 0x1.
Information,11/15/2021 8:38:39 PM,Microsoft-Windows-Kernel-Boot,25,-32,The boot menu policy was 0x1.
Information,11/15/2021 8:38:39 PM,Microsoft-Windows-Kernel-Boot,30,-21,The firmware reported boot metrics.
Error,11/15/2021 8:38:39 PM,iaStorA,4102,None,Error log: Smart event occured on disk :X6GJEAPFS  
Information,11/15/2021 8:38:38 PM,Microsoft-Windows-Kernel-General,1,-5,"The system time has changed to 2021-11-15T14:38:38.500000000Z from 2021-11-15T09:21:35.039155900Z.

Change Reason: System time synchronized with the hardware clock.
Process: '' (PID 4)."
Information,11/15/2021 3:21:35 PM,Microsoft-Windows-Kernel-Power,107,-102,The system has resumed from sleep.
Information,11/15/2021 3:21:33 PM,Microsoft-Windows-Kernel-Power,42,-64,"The system is entering sleep.

Sleep Reason: Application API"
Information,11/15/2021 3:21:32 PM,Microsoft-Windows-Kernel-Power,187,-243,User-mode process attempted to change the system state by calling SetSuspendState or SetSystemPowerState APIs.
Information,11/15/2021 3:21:32 PM,Microsoft-Windows-Winlogon,7002,-1102,User Logoff Notification for Customer Experience Improvement Program
Warning,11/15/2021 3:05:46 PM,Microsoft-Windows-DNS-Client,1014,-1014,Name resolution for the name vortex.data.microsoft.com timed out after none of the configured DNS servers responded.
Warning,11/15/2021 2:51:30 PM,Microsoft-Windows-DNS-Client,1014,-1014,Name resolution for the name r3---sn-un57sn7s.googlevideo.com timed out after none of the configured DNS servers responded.
Warning,11/15/2021 2:44:10 PM,Microsoft-Windows-DNS-Client,1014,-1014,Name resolution for the name www.youtube.com timed out after none of the configured DNS servers responded.
Information,11/15/2021 2:22:43 PM,Microsoft-Windows-Kernel-General,16,None,The access history in hive \??\C:\ProgramData\Microsoft\Provisioning\Microsoft-Desktop-Provisioning-Sequence.dat was cleared updating 0 keys and creating 0 modified pages.
Warning,11/15/2021 2:21:28 PM,Microsoft-Windows-DNS-Client,1014,-1014,Name resolution for the name v10.events.data.microsoft.com timed out after none of the configured DNS servers responded.
Warning,11/15/2021 2:12:26 PM,Microsoft-Windows-DNS-Client,1014,-1014,Name resolution for the name ssl.gstatic.com timed out after none of the configured DNS servers responded.
Warning,11/15/2021 2:03:49 PM,Microsoft-Windows-DNS-Client,1014,-1014,Name resolution for the name r5---sn-un57sn7s.googlevideo.com timed out after none of the configured DNS servers responded.
Warning,11/15/2021 1:51:59 PM,Microsoft-Windows-DistributedCOM,10016,None,"The application-specific permission settings do not grant Local Activation permission for the COM Server application with CLSID 
{2593F8B9-4EAF-457C-B68A-50F6B8EA6B54}
 and APPID 
{15C20B67-12E7-4BB6-92BB-7AFF07997402}
 to the user SHOHID-PC\SHOHID SID (S-1-5-21-2091211461-3178656723-4261672445-1001) from address LocalHost (Using LRPC) running in the application container Unavailable SID (Unavailable). This security permission can be modified using the Component Services administrative tool."
Error,11/15/2021 1:51:13 PM,Microsoft-Windows-DistributedCOM,10010,None,The server Microsoft.SkypeApp_15.78.159.0_x86__kzf8qxf38zg5c!App.AppXtwmqn4em5r5dpafgj4t4yyxgjfe0hr50.mca did not register with DCOM within the required timeout.
Error,11/15/2021 1:50:02 PM,Microsoft-Windows-DistributedCOM,10010,None,The server Microsoft.SkypeApp_15.78.159.0_x86__kzf8qxf38zg5c!App.AppXtwmqn4em5r5dpafgj4t4yyxgjfe0hr50.mca did not register with DCOM within the required timeout.
Information,11/15/2021 1:49:46 PM,Microsoft-Windows-Power-Troubleshooter,1,None,"The system has returned from a low power state.

Sleep Time: 2021-11-14T18:50:20.596833900Z
Wake Time: 2021-11-15T07:49:44.743708500Z

Wake Source: Unknown"
Information,11/15/2021 1:49:46 PM,Microsoft-Windows-Winlogon,7001,-1101,User Logon Notification for Customer Experience Improvement Program
Information,11/15/2021 1:49:44 PM,Microsoft-Windows-Kernel-Boot,32,-58,The bootmgr spent 0 ms waiting for user input.
Information,11/15/2021 1:49:44 PM,Microsoft-Windows-Kernel-Boot,18,-57,There are 0x1 boot options on this system.
Information,11/15/2021 1:49:44 PM,Microsoft-Windows-Kernel-Boot,27,-33,The boot type was 0x1.
Information,11/15/2021 1:49:44 PM,Microsoft-Windows-Kernel-Boot,25,-32,The boot menu policy was 0x1.
Information,11/15/2021 1:49:44 PM,Microsoft-Windows-Kernel-Boot,30,-21,The firmware reported boot metrics.
Error,11/15/2021 1:49:44 PM,iaStorA,4102,None,Error log: Smart event occured on disk :X6GJEAPFS  
Information,11/15/2021 1:49:43 PM,Microsoft-Windows-Kernel-General,1,-5,"The system time has changed to 2021-11-15T07:49:43.500000000Z from 2021-11-14T18:50:23.356678000Z.

Change Reason: System time synchronized with the hardware clock.
Process: '' (PID 4)."
Information,11/15/2021 12:50:23 AM,Microsoft-Windows-Kernel-Power,107,-102,The system has resumed from sleep.
Information,11/15/2021 1:49:43 PM,EventLog,6013,None,The system uptime is 497697 seconds.
Information,11/15/2021 12:50:21 AM,Microsoft-Windows-Kernel-Power,42,-64,"The system is entering sleep.

Sleep Reason: Application API"
Information,11/15/2021 12:50:20 AM,Microsoft-Windows-Kernel-Power,187,-243,User-mode process attempted to change the system state by calling SetSuspendState or SetSystemPowerState APIs.
Information,11/15/2021 12:50:19 AM,Microsoft-Windows-Winlogon,7002,-1102,User Logoff Notification for Customer Experience Improvement Program
Information,11/15/2021 12:24:38 AM,Microsoft-Windows-WindowsUpdateClient,19,Windows Update Agent,Installation Successful: Windows successfully installed the following update: Security Intelligence Update for Microsoft Defender Antivirus - KB2267602 (Version 1.353.990.0)
Information,11/15/2021 12:24:24 AM,Microsoft-Windows-WindowsUpdateClient,43,Windows Update Agent,Installation Started: Windows has started installing the following update: Security Intelligence Update for Microsoft Defender Antivirus - KB2267602 (Version 1.353.990.0)
Information,11/15/2021 12:24:24 AM,Microsoft-Windows-WindowsUpdateClient,44,Windows Update Agent,Windows Update started downloading an update.
Warning,11/14/2021 11:12:40 PM,Microsoft-Windows-DistributedCOM,10016,None,"The application-specific permission settings do not grant Local Activation permission for the COM Server application with CLSID 
{2593F8B9-4EAF-457C-B68A-50F6B8EA6B54}
 and APPID 
{15C20B67-12E7-4BB6-92BB-7AFF07997402}
 to the user SHOHID-PC\SHOHID SID (S-1-5-21-2091211461-3178656723-4261672445-1001) from address LocalHost (Using LRPC) running in the application container Unavailable SID (Unavailable). This security permission can be modified using the Component Services administrative tool."
Warning,11/14/2021 9:42:54 PM,Microsoft-Windows-DistributedCOM,10016,None,"The application-specific permission settings do not grant Local Activation permission for the COM Server application with CLSID 
{2593F8B9-4EAF-457C-B68A-50F6B8EA6B54}
 and APPID 
{15C20B67-12E7-4BB6-92BB-7AFF07997402}
 to the user SHOHID-PC\SHOHID SID (S-1-5-21-2091211461-3178656723-4261672445-1001) from address LocalHost (Using LRPC) running in the application container Unavailable SID (Unavailable). This security permission can be modified using the Component Services administrative tool."
Warning,11/14/2021 9:32:17 PM,Microsoft-Windows-DNS-Client,1014,-1014,Name resolution for the name array806.prod.do.dsp.mp.microsoft.com timed out after none of the configured DNS servers responded.
Warning,11/14/2021 9:30:45 PM,Microsoft-Windows-DistributedCOM,10016,None,"The machine-default permission settings do not grant Local Activation permission for the COM Server application with CLSID 
{C2F03A33-21F5-47FA-B4BB-156362A2F239}
 and APPID 
{316CDED5-E4AE-4B15-9113-7055D84DCC97}
 to the user SHOHID-PC\SHOHID SID (S-1-5-21-2091211461-3178656723-4261672445-1001) from address LocalHost (Using LRPC) running in the application container Microsoft.Windows.ShellExperienceHost_10.0.18362.1171_neutral_neutral_cw5n1h2txyewy SID (S-1-15-2-155514346-2573954481-755741238-1654018636-1233331829-3075935687-2861478708). This security permission can be modified using the Component Services administrative tool."
Warning,11/14/2021 9:30:01 PM,Microsoft-Windows-DistributedCOM,10016,None,"The machine-default permission settings do not grant Local Activation permission for the COM Server application with CLSID 
{C2F03A33-21F5-47FA-B4BB-156362A2F239}
 and APPID 
{316CDED5-E4AE-4B15-9113-7055D84DCC97}
 to the user SHOHID-PC\SHOHID SID (S-1-5-21-2091211461-3178656723-4261672445-1001) from address LocalHost (Using LRPC) running in the application container Microsoft.Windows.ShellExperienceHost_10.0.18362.1171_neutral_neutral_cw5n1h2txyewy SID (S-1-15-2-155514346-2573954481-755741238-1654018636-1233331829-3075935687-2861478708). This security permission can be modified using the Component Services administrative tool."
Warning,11/14/2021 9:17:27 PM,Microsoft-Windows-DNS-Client,1014,-1014,Name resolution for the name treatment.grammarly.com timed out after none of the configured DNS servers responded.
Warning,11/14/2021 9:01:09 PM,Microsoft-Windows-DNS-Client,1014,-1014,Name resolution for the name epicunitscan.info timed out after none of the configured DNS servers responded.
Warning,11/14/2021 8:56:46 PM,Microsoft-Windows-DistributedCOM,10016,None,"The application-specific permission settings do not grant Local Activation permission for the COM Server application with CLSID 
{2593F8B9-4EAF-457C-B68A-50F6B8EA6B54}
 and APPID 
{15C20B67-12E7-4BB6-92BB-7AFF07997402}
 to the user SHOHID-PC\SHOHID SID (S-1-5-21-2091211461-3178656723-4261672445-1001) from address LocalHost (Using LRPC) running in the application container Unavailable SID (Unavailable). This security permission can be modified using the Component Services administrative tool."
Error,11/14/2021 8:56:41 PM,Microsoft-Windows-DistributedCOM,10010,None,The server Microsoft.SkypeApp_15.78.159.0_x86__kzf8qxf38zg5c!App.AppXtwmqn4em5r5dpafgj4t4yyxgjfe0hr50.mca did not register with DCOM within the required timeout.
Information,11/14/2021 8:56:32 PM,Microsoft-Windows-Winlogon,7001,-1101,User Logon Notification for Customer Experience Improvement Program
Warning,11/14/2021 8:56:19 PM,Microsoft-Windows-DNS-Client,1014,-1014,Name resolution for the name cdn.content.prod.cms.msn.com timed out after none of the configured DNS servers responded.
Information,11/14/2021 8:56:17 PM,Microsoft-Windows-Power-Troubleshooter,1,None,"The system has returned from a low power state.

Sleep Time: 2021-11-14T14:55:37.245099900Z
Wake Time: 2021-11-14T14:56:15.958654200Z

Wake Source: Unknown"
Information,11/14/2021 8:56:15 PM,Microsoft-Windows-Kernel-Boot,32,-58,The bootmgr spent 0 ms waiting for user input.
Information,11/14/2021 8:56:15 PM,Microsoft-Windows-Kernel-Boot,18,-57,There are 0x1 boot options on this system.
Information,11/14/2021 8:56:15 PM,Microsoft-Windows-Kernel-Boot,27,-33,The boot type was 0x1.
Information,11/14/2021 8:56:15 PM,Microsoft-Windows-Kernel-Boot,25,-32,The boot menu policy was 0x1.
Information,11/14/2021 8:56:15 PM,Microsoft-Windows-Kernel-Boot,30,-21,The firmware reported boot metrics.
Error,11/14/2021 8:56:15 PM,iaStorA,4102,None,Error log: Smart event occured on disk :X6GJEAPFS  
Information,11/14/2021 8:56:14 PM,Microsoft-Windows-Kernel-General,1,-5,"The system time has changed to 2021-11-14T14:56:14.500000000Z from 2021-11-14T14:55:40.431985800Z.

Change Reason: System time synchronized with the hardware clock.
Process: '' (PID 4)."
Information,11/14/2021 8:55:40 PM,Microsoft-Windows-Kernel-Power,107,-102,The system has resumed from sleep.
Information,11/14/2021 8:55:37 PM,Microsoft-Windows-Kernel-Power,42,-64,"The system is entering sleep.

Sleep Reason: Application API"
Information,11/14/2021 8:55:37 PM,Microsoft-Windows-Kernel-Power,187,-243,User-mode process attempted to change the system state by calling SetSuspendState or SetSystemPowerState APIs.
Information,11/14/2021 8:55:35 PM,Microsoft-Windows-Winlogon,7002,-1102,User Logoff Notification for Customer Experience Improvement Program
Warning,11/14/2021 8:47:55 PM,Microsoft-Windows-DNS-Client,1014,-1014,Name resolution for the name treatment.grammarly.com timed out after none of the configured DNS servers responded.
Warning,11/14/2021 8:38:25 PM,Microsoft-Windows-DNS-Client,1014,-1014,Name resolution for the name d27xxe7juh1us6.cloudfront.net timed out after none of the configured DNS servers responded.
Error,11/14/2021 8:21:50 PM,Microsoft-Windows-DistributedCOM,10010,None,The server Microsoft.SkypeApp_15.78.159.0_x86__kzf8qxf38zg5c!App.AppXtwmqn4em5r5dpafgj4t4yyxgjfe0hr50.mca did not register with DCOM within the required timeout.
Warning,11/14/2021 8:17:55 PM,Microsoft-Windows-DNS-Client,1014,-1014,Name resolution for the name treatment.grammarly.com timed out after none of the configured DNS servers responded.
