Warning,1/13/2022 6:01:59 PM,Microsoft-Windows-DistributedCOM,10016,None,"The machine-default permission settings do not grant Local Activation permission for the COM Server application with CLSID 
{0358B920-0AC7-461F-98F4-58E32CD89148}
 and APPID 
{3EB3C877-1F16-487C-9050-104DBCD66683}
 to the user NT AUTHORITY\LOCAL SERVICE SID (S-1-5-19) from address LocalHost (Using LRPC) running in the application container Unavailable SID (Unavailable). This security permission can be modified using the Component Services administrative tool."
Warning,1/13/2022 6:01:57 PM,Microsoft-Windows-DistributedCOM,10016,None,"The machine-default permission settings do not grant Local Activation permission for the COM Server application with CLSID 
{0358B920-0AC7-461F-98F4-58E32CD89148}
 and APPID 
{3EB3C877-1F16-487C-9050-104DBCD66683}
 to the user NT AUTHORITY\LOCAL SERVICE SID (S-1-5-19) from address LocalHost (Using LRPC) running in the application container Unavailable SID (Unavailable). This security permission can be modified using the Component Services administrative tool."
Warning,1/13/2022 6:01:57 PM,Microsoft-Windows-DistributedCOM,10016,None,"The machine-default permission settings do not grant Local Activation permission for the COM Server application with CLSID 
{0358B920-0AC7-461F-98F4-58E32CD89148}
 and APPID 
{3EB3C877-1F16-487C-9050-104DBCD66683}
 to the user NT AUTHORITY\LOCAL SERVICE SID (S-1-5-19) from address LocalHost (Using LRPC) running in the application container Unavailable SID (Unavailable). This security permission can be modified using the Component Services administrative tool."
Warning,1/13/2022 6:01:56 PM,Microsoft-Windows-DistributedCOM,10016,None,"The machine-default permission settings do not grant Local Activation permission for the COM Server application with CLSID 
{0358B920-0AC7-461F-98F4-58E32CD89148}
 and APPID 
{3EB3C877-1F16-487C-9050-104DBCD66683}
 to the user NT AUTHORITY\LOCAL SERVICE SID (S-1-5-19) from address LocalHost (Using LRPC) running in the application container Unavailable SID (Unavailable). This security permission can be modified using the Component Services administrative tool."
Warning,1/13/2022 6:01:55 PM,Microsoft-Windows-DistributedCOM,10016,None,"The machine-default permission settings do not grant Local Activation permission for the COM Server application with CLSID 
{C2F03A33-21F5-47FA-B4BB-156362A2F239}
 and APPID 
{316CDED5-E4AE-4B15-9113-7055D84DCC97}
 to the user SHOHID-PC\SHOHID SID (S-1-5-21-2091211461-3178656723-4261672445-1001) from address LocalHost (Using LRPC) running in the application container Microsoft.Windows.ShellExperienceHost_10.0.18362.1171_neutral_neutral_cw5n1h2txyewy SID (S-1-15-2-155514346-2573954481-755741238-1654018636-1233331829-3075935687-2861478708). This security permission can be modified using the Component Services administrative tool."
Error,1/13/2022 6:01:55 PM,Microsoft-Windows-DistributedCOM,10010,None,The server Microsoft.SkypeApp_15.79.95.0_x86__kzf8qxf38zg5c!App.AppXtwmqn4em5r5dpafgj4t4yyxgjfe0hr50.mca did not register with DCOM within the required timeout.
Error,1/13/2022 6:01:49 PM,Microsoft-Windows-WLAN-AutoConfig,10000,None,"WLAN Extensibility Module has failed to start.

Module Path: C:\WINDOWS\system32\Rtlihvs.dll
Error Code: 126
"
Warning,1/13/2022 6:01:31 PM,Microsoft-Windows-DistributedCOM,10016,None,"The machine-default permission settings do not grant Local Activation permission for the COM Server application with CLSID 
{C2F03A33-21F5-47FA-B4BB-156362A2F239}
 and APPID 
{316CDED5-E4AE-4B15-9113-7055D84DCC97}
 to the user SHOHID-PC\SHOHID SID (S-1-5-21-2091211461-3178656723-4261672445-1001) from address LocalHost (Using LRPC) running in the application container Microsoft.Windows.ShellExperienceHost_10.0.18362.1171_neutral_neutral_cw5n1h2txyewy SID (S-1-15-2-155514346-2573954481-755741238-1654018636-1233331829-3075935687-2861478708). This security permission can be modified using the Component Services administrative tool."
Error,1/13/2022 6:01:31 PM,RtlWlanu,5003,None,TP-Link Wireless USB Adapter #2 : Could not find a network adapter.
Error,1/13/2022 6:01:29 PM,RtlWlanu,5003,None,TP-Link Wireless USB Adapter #2 : Could not find a network adapter.
Error,1/13/2022 6:00:59 PM,Microsoft-Windows-DistributedCOM,10010,None,The server Microsoft.SkypeApp_15.79.95.0_x86__kzf8qxf38zg5c!App.AppXtwmqn4em5r5dpafgj4t4yyxgjfe0hr50.mca did not register with DCOM within the required timeout.
Warning,1/13/2022 6:00:43 PM,Microsoft-Windows-DistributedCOM,10016,None,"The machine-default permission settings do not grant Local Activation permission for the COM Server application with CLSID 
{C2F03A33-21F5-47FA-B4BB-156362A2F239}
 and APPID 
{316CDED5-E4AE-4B15-9113-7055D84DCC97}
 to the user SHOHID-PC\SHOHID SID (S-1-5-21-2091211461-3178656723-4261672445-1001) from address LocalHost (Using LRPC) running in the application container Microsoft.Windows.ShellExperienceHost_10.0.18362.1171_neutral_neutral_cw5n1h2txyewy SID (S-1-15-2-155514346-2573954481-755741238-1654018636-1233331829-3075935687-2861478708). This security permission can be modified using the Component Services administrative tool."
Warning,1/13/2022 6:00:34 PM,Microsoft-Windows-DistributedCOM,10016,None,"The machine-default permission settings do not grant Local Activation permission for the COM Server application with CLSID 
{C2F03A33-21F5-47FA-B4BB-156362A2F239}
 and APPID 
{316CDED5-E4AE-4B15-9113-7055D84DCC97}
 to the user SHOHID-PC\SHOHID SID (S-1-5-21-2091211461-3178656723-4261672445-1001) from address LocalHost (Using LRPC) running in the application container Microsoft.Windows.ShellExperienceHost_10.0.18362.1171_neutral_neutral_cw5n1h2txyewy SID (S-1-15-2-155514346-2573954481-755741238-1654018636-1233331829-3075935687-2861478708). This security permission can be modified using the Component Services administrative tool."
Warning,1/13/2022 6:00:27 PM,Microsoft-Windows-DistributedCOM,10016,None,"The machine-default permission settings do not grant Local Activation permission for the COM Server application with CLSID 
{C2F03A33-21F5-47FA-B4BB-156362A2F239}
 and APPID 
{316CDED5-E4AE-4B15-9113-7055D84DCC97}
 to the user SHOHID-PC\SHOHID SID (S-1-5-21-2091211461-3178656723-4261672445-1001) from address LocalHost (Using LRPC) running in the application container Microsoft.Windows.ShellExperienceHost_10.0.18362.1171_neutral_neutral_cw5n1h2txyewy SID (S-1-15-2-155514346-2573954481-755741238-1654018636-1233331829-3075935687-2861478708). This security permission can be modified using the Component Services administrative tool."
Error,1/13/2022 6:00:27 PM,RtlWlanu,5003,None,TP-Link Wireless USB Adapter #2 : Could not find a network adapter.
Error,1/13/2022 5:59:49 PM,RtlWlanu,5003,None,TP-Link Wireless USB Adapter #2 : Could not find a network adapter.
Information,1/13/2022 5:59:41 PM,Microsoft-Windows-Power-Troubleshooter,1,None,"The system has returned from a low power state.

Sleep Time: 2022-01-12T15:58:23.849742900Z
Wake Time: 2022-01-13T11:59:39.546179600Z

Wake Source: Unknown"
Information,1/13/2022 5:59:40 PM,Microsoft-Windows-Winlogon,7001,-1101,User Logon Notification for Customer Experience Improvement Program
Information,1/13/2022 5:59:39 PM,Microsoft-Windows-Kernel-Boot,32,-58,The bootmgr spent 0 ms waiting for user input.
Information,1/13/2022 5:59:39 PM,Microsoft-Windows-Kernel-Boot,18,-57,There are 0x1 boot options on this system.
Information,1/13/2022 5:59:39 PM,Microsoft-Windows-Kernel-Boot,27,-33,The boot type was 0x1.
Information,1/13/2022 5:59:39 PM,Microsoft-Windows-Kernel-Boot,25,-32,The boot menu policy was 0x1.
Information,1/13/2022 5:59:39 PM,Microsoft-Windows-Kernel-Boot,30,-21,The firmware reported boot metrics.
Error,1/13/2022 5:59:39 PM,iaStorA,4102,None,Error log: Smart event occured on disk :X6GJEAPFS  
Information,1/13/2022 5:59:38 PM,Microsoft-Windows-Kernel-General,1,-5,"The system time has changed to 2022-01-13T11:59:38.500000000Z from 2022-01-12T15:58:27.327698800Z.

Change Reason: System time synchronized with the hardware clock.
Process: '' (PID 4)."
Information,01-12-2022 21:58,Microsoft-Windows-Kernel-Power,107,-102,The system has resumed from sleep.
Information,1/13/2022 5:59:39 PM,EventLog,6013,None,The system uptime is 176294 seconds.
Information,01-12-2022 21:58,Microsoft-Windows-Kernel-Power,42,-64,"The system is entering sleep.

Sleep Reason: Application API"
Information,01-12-2022 21:58,Microsoft-Windows-Kernel-Power,187,-243,User-mode process attempted to change the system state by calling SetSuspendState or SetSystemPowerState APIs.
Information,01-12-2022 21:58,Microsoft-Windows-Winlogon,7002,-1102,User Logoff Notification for Customer Experience Improvement Program
Error,01-12-2022 20:22,Microsoft-Windows-DistributedCOM,10010,None,The server Microsoft.SkypeApp_15.79.95.0_x86__kzf8qxf38zg5c!App.AppXtwmqn4em5r5dpafgj4t4yyxgjfe0hr50.mca did not register with DCOM within the required timeout.
Warning,01-12-2022 19:14,Microsoft-Windows-DNS-Client,1014,-1014,Name resolution for the name rr6---sn-x5guiuxaxjvh-q5j6.googlevideo.com timed out after none of the configured DNS servers responded.
Information,01-12-2022 15:58,Microsoft-Windows-WindowsUpdateClient,19,Windows Update Agent,Installation Successful: Windows successfully installed the following update: 9WZDNCRFHWD2-Microsoft.MicrosoftSolitaireCollection
Information,01-12-2022 15:58,Microsoft-Windows-WindowsUpdateClient,43,Windows Update Agent,Installation Started: Windows has started installing the following update: 9WZDNCRFHWD2-Microsoft.MicrosoftSolitaireCollection
Information,01-12-2022 15:58,Microsoft-Windows-Kernel-General,16,None,The access history in hive \??\C:\ProgramData\Microsoft\Windows\AppRepository\Packages\Microsoft.MicrosoftSolitaireCollection_4.12.1050.0_x64__8wekyb3d8bbwe\ActivationStore.dat was cleared updating 0 keys and creating 0 modified pages.
Information,01-12-2022 15:57,Microsoft-Windows-WindowsUpdateClient,44,Windows Update Agent,Windows Update started downloading an update.
Warning,01-12-2022 15:56,Microsoft-Windows-DistributedCOM,10016,None,"The machine-default permission settings do not grant Local Activation permission for the COM Server application with CLSID 
{C2F03A33-21F5-47FA-B4BB-156362A2F239}
 and APPID 
{316CDED5-E4AE-4B15-9113-7055D84DCC97}
 to the user SHOHID-PC\SHOHID SID (S-1-5-21-2091211461-3178656723-4261672445-1001) from address LocalHost (Using LRPC) running in the application container Microsoft.Windows.ShellExperienceHost_10.0.18362.1171_neutral_neutral_cw5n1h2txyewy SID (S-1-15-2-155514346-2573954481-755741238-1654018636-1233331829-3075935687-2861478708). This security permission can be modified using the Component Services administrative tool."
Information,01-12-2022 15:02,Microsoft-Windows-Kernel-General,1,-5,"The system time has changed to 2022-01-12T09:02:37.827014000Z from 2022-01-12T09:02:37.826762000Z.

Change Reason: An application or system component changed the time.
Process: '\Device\HarddiskVolume6\Windows\System32\svchost.exe' (PID 9848)."
Information,01-12-2022 15:02,Microsoft-Windows-Kernel-General,1,-5,"The system time has changed to 2022-01-12T09:02:37.826059000Z from 2022-01-12T09:02:37.825774300Z.

Change Reason: An application or system component changed the time.
Process: '\Device\HarddiskVolume6\Windows\System32\svchost.exe' (PID 9848)."
Information,01-12-2022 15:02,Microsoft-Windows-Time-Service,35,None,"The time service is now synchronizing the system time with the time source time.windows.com,0x9 (ntp.m|0x9|0.0.0.0:123->40.81.94.65:123) with reference id 1096700200. Current local stratum number is 4."
Information,01-12-2022 15:02,Microsoft-Windows-Kernel-General,1,-5,"The system time has changed to 2022-01-12T09:02:37.825067000Z from 2022-01-12T09:02:36.819150500Z.

Change Reason: An application or system component changed the time.
Process: '\Device\HarddiskVolume6\Windows\System32\svchost.exe' (PID 9848)."
Information,01-12-2022 15:02,Microsoft-Windows-Kernel-General,16,None,The access history in hive \??\C:\Users\SHOHID\AppData\Local\Packages\microsoft.aad.brokerplugin_cw5n1h2txyewy\Settings\settings.dat was cleared updating 10 keys and creating 1 modified pages.
Information,01-12-2022 15:02,Microsoft-Windows-Time-Service,37,None,"The time provider NtpClient is currently receiving valid time data from time.windows.com,0x9 (ntp.m|0x9|0.0.0.0:123->40.81.94.65:123)."
Information,01-12-2022 15:02,Microsoft-Windows-Time-Service,158,None,The time provider 'VMICTimeProvider' has indicated that the current hardware and operating environment is not supported and has stopped. This behavior is expected for VMICTimeProvider on non-HyperV-guest environments. This may be the expected behavior for the current provider in the current operating environment as well.
Information,01-12-2022 12:47,Microsoft-Windows-Kernel-General,16,None,The access history in hive \??\C:\Users\SHOHID\AppData\Local\Packages\Microsoft.Todos_8wekyb3d8bbwe\Settings\settings.dat was cleared updating 8 keys and creating 1 modified pages.
Information,01-12-2022 12:00,EventLog,6013,None,The system uptime is 68316 seconds.
Information,01-12-2022 11:45,Microsoft-Windows-Kernel-General,16,None,The access history in hive \??\C:\ProgramData\Microsoft\Provisioning\Microsoft-Desktop-Provisioning-Sequence.dat was cleared updating 0 keys and creating 0 modified pages.
Error,01-12-2022 11:18,Microsoft-Windows-DistributedCOM,10010,None,The server Microsoft.SkypeApp_15.79.95.0_x86__kzf8qxf38zg5c!App.AppXtwmqn4em5r5dpafgj4t4yyxgjfe0hr50.mca did not register with DCOM within the required timeout.
Information,01-12-2022 11:14,Microsoft-Windows-WindowsUpdateClient,19,Windows Update Agent,Installation Successful: Windows successfully installed the following update: Security Update for Microsoft Office 2016 (KB5002099) 32-Bit Edition
Information,01-12-2022 11:14,Microsoft-Windows-WindowsUpdateClient,43,Windows Update Agent,Installation Started: Windows has started installing the following update: Security Update for Microsoft Office 2016 (KB5002099) 32-Bit Edition
Information,01-12-2022 11:14,Microsoft-Windows-WindowsUpdateClient,19,Windows Update Agent,Installation Successful: Windows successfully installed the following update: Update for Microsoft Project 2016 (KB4504713) 32-Bit Edition
Information,01-12-2022 11:14,Microsoft-Windows-WindowsUpdateClient,43,Windows Update Agent,Installation Started: Windows has started installing the following update: Update for Microsoft Project 2016 (KB4504713) 32-Bit Edition
Warning,01-12-2022 11:09,Microsoft-Windows-DistributedCOM,10016,None,"The machine-default permission settings do not grant Local Activation permission for the COM Server application with CLSID 
{C2F03A33-21F5-47FA-B4BB-156362A2F239}
 and APPID 
{316CDED5-E4AE-4B15-9113-7055D84DCC97}
 to the user SHOHID-PC\SHOHID SID (S-1-5-21-2091211461-3178656723-4261672445-1001) from address LocalHost (Using LRPC) running in the application container Microsoft.Windows.ShellExperienceHost_10.0.18362.1171_neutral_neutral_cw5n1h2txyewy SID (S-1-15-2-155514346-2573954481-755741238-1654018636-1233331829-3075935687-2861478708). This security permission can be modified using the Component Services administrative tool."
Information,01-12-2022 11:07,Microsoft-Windows-WindowsUpdateClient,44,Windows Update Agent,Windows Update started downloading an update.
Warning,01-12-2022 11:07,Microsoft-Windows-DistributedCOM,10016,None,"The application-specific permission settings do not grant Local Activation permission for the COM Server application with CLSID 
{2593F8B9-4EAF-457C-B68A-50F6B8EA6B54}
 and APPID 
{15C20B67-12E7-4BB6-92BB-7AFF07997402}
 to the user SHOHID-PC\SHOHID SID (S-1-5-21-2091211461-3178656723-4261672445-1001) from address LocalHost (Using LRPC) running in the application container Unavailable SID (Unavailable). This security permission can be modified using the Component Services administrative tool."
Error,01-12-2022 11:07,Microsoft-Windows-DistributedCOM,10010,None,The server Microsoft.SkypeApp_15.79.95.0_x86__kzf8qxf38zg5c!App.AppXtwmqn4em5r5dpafgj4t4yyxgjfe0hr50.mca did not register with DCOM within the required timeout.
Information,01-12-2022 11:07,Microsoft-Windows-Power-Troubleshooter,1,None,"The system has returned from a low power state.

Sleep Time: 2022-01-11T17:51:23.942864300Z
Wake Time: 2022-01-12T05:07:13.473280200Z

Wake Source: Unknown"
Information,01-12-2022 11:07,Microsoft-Windows-Winlogon,7001,-1101,User Logon Notification for Customer Experience Improvement Program
Information,01-12-2022 11:07,Microsoft-Windows-Kernel-Boot,32,-58,The bootmgr spent 0 ms waiting for user input.
Information,01-12-2022 11:07,Microsoft-Windows-Kernel-Boot,18,-57,There are 0x1 boot options on this system.
Information,01-12-2022 11:07,Microsoft-Windows-Kernel-Boot,27,-33,The boot type was 0x1.
Information,01-12-2022 11:07,Microsoft-Windows-Kernel-Boot,25,-32,The boot menu policy was 0x1.
Information,01-12-2022 11:07,Microsoft-Windows-Kernel-Boot,30,-21,The firmware reported boot metrics.
Error,01-12-2022 11:07,iaStorA,4102,None,Error log: Smart event occured on disk :X6GJEAPFS  
Information,01-12-2022 11:07,Microsoft-Windows-Kernel-General,1,-5,"The system time has changed to 2022-01-12T05:07:12.500000000Z from 2022-01-11T17:51:27.294863300Z.

Change Reason: System time synchronized with the hardware clock.
Process: '' (PID 4)."
Information,01-11-2022 23:51,Microsoft-Windows-Kernel-Power,107,-102,The system has resumed from sleep.
Information,01-11-2022 23:51,Microsoft-Windows-Kernel-Power,42,-64,"The system is entering sleep.

Sleep Reason: Application API"
Information,01-11-2022 23:51,Microsoft-Windows-Kernel-Power,187,-243,User-mode process attempted to change the system state by calling SetSuspendState or SetSystemPowerState APIs.
Information,01-11-2022 23:51,Microsoft-Windows-Winlogon,7002,-1102,User Logoff Notification for Customer Experience Improvement Program
Information,01-11-2022 23:06,Microsoft-Windows-Kernel-General,16,None,The access history in hive \??\C:\Users\SHOHID\AppData\Local\Packages\Microsoft.MicrosoftOfficeHub_8wekyb3d8bbwe\Settings\settings.dat was cleared updating 4 keys and creating 2 modified pages.
Warning,01-11-2022 23:05,Microsoft-Windows-DNS-Client,1014,-1014,Name resolution for the name epicunitscan.info timed out after none of the configured DNS servers responded.
Error,01-11-2022 20:22,Microsoft-Windows-DistributedCOM,10010,None,The server Microsoft.SkypeApp_15.79.95.0_x86__kzf8qxf38zg5c!App.AppXtwmqn4em5r5dpafgj4t4yyxgjfe0hr50.mca did not register with DCOM within the required timeout.
Information,01-11-2022 19:23,Microsoft-Windows-WindowsUpdateClient,19,Windows Update Agent,Installation Successful: Windows successfully installed the following update: 9NBLGGH18846-KING.COM.CANDYCRUSHSAGA
Information,01-11-2022 19:23,Microsoft-Windows-WindowsUpdateClient,43,Windows Update Agent,Installation Started: Windows has started installing the following update: 9NBLGGH18846-KING.COM.CANDYCRUSHSAGA
Information,01-11-2022 19:22,Microsoft-Windows-Kernel-General,16,None,The access history in hive \??\C:\ProgramData\Microsoft\Windows\AppRepository\Packages\king.com.CandyCrushSaga_1.2180.3.0_x86__kgqvnymyfvs32\ActivationStore.dat was cleared updating 0 keys and creating 0 modified pages.
Information,01-11-2022 19:22,Microsoft-Windows-WindowsUpdateClient,44,Windows Update Agent,Windows Update started downloading an update.
Error,01-11-2022 18:22,Microsoft-Windows-WindowsUpdateClient,20,Windows Update Agent,Installation Failure: Windows failed to install the following update with error 0x80070643: 2021-11 .NET Core 3.1.21 Update for x64 Client (KB5007885).
Information,01-11-2022 18:22,Microsoft-Windows-WindowsUpdateClient,43,Windows Update Agent,Installation Started: Windows has started installing the following update: 2021-11 .NET Core 3.1.21 Update for x64 Client (KB5007885)
Error,01-11-2022 18:22,Microsoft-Windows-WindowsUpdateClient,20,Windows Update Agent,Installation Failure: Windows failed to install the following update with error 0x80070643: 2021-11 .NET 5.0.12 Update for x64 Client (KB5007884).
Information,01-11-2022 18:22,Microsoft-Windows-WindowsUpdateClient,43,Windows Update Agent,Installation Started: Windows has started installing the following update: 2021-11 .NET 5.0.12 Update for x64 Client (KB5007884)
Information,01-11-2022 18:22,Microsoft-Windows-Kernel-General,16,None,The access history in hive \??\C:\ProgramData\Microsoft\Provisioning\Microsoft-Desktop-Provisioning-Sequence.dat was cleared updating 0 keys and creating 0 modified pages.
Warning,01-11-2022 18:14,Microsoft-Windows-DistributedCOM,10016,None,"The application-specific permission settings do not grant Local Activation permission for the COM Server application with CLSID 
{2593F8B9-4EAF-457C-B68A-50F6B8EA6B54}
 and APPID 
{15C20B67-12E7-4BB6-92BB-7AFF07997402}
 to the user SHOHID-PC\SHOHID SID (S-1-5-21-2091211461-3178656723-4261672445-1001) from address LocalHost (Using LRPC) running in the application container Unavailable SID (Unavailable). This security permission can be modified using the Component Services administrative tool."
Information,01-11-2022 18:14,Microsoft-Windows-Kernel-General,16,None,The access history in hive \??\C:\Users\SHOHID\AppData\Local\Packages\Microsoft.Windows.ShellExperienceHost_cw5n1h2txyewy\Settings\settings.dat was cleared updating 5 keys and creating 2 modified pages.
Error,01-11-2022 18:04,Microsoft-Windows-WindowsUpdateClient,20,Windows Update Agent,Installation Failure: Windows failed to install the following update with error 0x80070643: 2021-11 .NET Core 3.1.21 Update for x64 Client (KB5007885).
Information,01-11-2022 18:04,Microsoft-Windows-WindowsUpdateClient,43,Windows Update Agent,Installation Started: Windows has started installing the following update: 2021-11 .NET Core 3.1.21 Update for x64 Client (KB5007885)
Error,01-11-2022 18:04,Microsoft-Windows-WindowsUpdateClient,20,Windows Update Agent,Installation Failure: Windows failed to install the following update with error 0x80070643: 2021-11 .NET 5.0.12 Update for x64 Client (KB5007884).
Information,01-11-2022 18:04,Microsoft-Windows-WindowsUpdateClient,43,Windows Update Agent,Installation Started: Windows has started installing the following update: 2021-11 .NET 5.0.12 Update for x64 Client (KB5007884)
Warning,01-11-2022 18:02,disk,52,None,The driver has detected that device \Device\Harddisk0\DR0 has predicted that it will fail. Immediately back up your data and replace your hard disk drive. A failure may be imminent.
Error,01-11-2022 17:58,Microsoft-Windows-WindowsUpdateClient,20,Windows Update Agent,Installation Failure: Windows failed to install the following update with error 0x80070643: 2021-11 .NET Core 3.1.21 Update for x64 Client (KB5007885).
Information,01-11-2022 17:58,Microsoft-Windows-WindowsUpdateClient,43,Windows Update Agent,Installation Started: Windows has started installing the following update: 2021-11 .NET Core 3.1.21 Update for x64 Client (KB5007885)
Error,01-11-2022 17:58,Microsoft-Windows-WindowsUpdateClient,20,Windows Update Agent,Installation Failure: Windows failed to install the following update with error 0x80070643: 2021-11 .NET 5.0.12 Update for x64 Client (KB5007884).
Information,01-11-2022 17:58,Microsoft-Windows-WindowsUpdateClient,43,Windows Update Agent,Installation Started: Windows has started installing the following update: 2021-11 .NET 5.0.12 Update for x64 Client (KB5007884)
Error,01-11-2022 17:46,Microsoft-Windows-WindowsUpdateClient,20,Windows Update Agent,Installation Failure: Windows failed to install the following update with error 0x80070643: 2021-11 .NET Core 3.1.21 Update for x64 Client (KB5007885).
Information,01-11-2022 17:46,Microsoft-Windows-WindowsUpdateClient,43,Windows Update Agent,Installation Started: Windows has started installing the following update: 2021-11 .NET Core 3.1.21 Update for x64 Client (KB5007885)
Error,01-11-2022 17:46,Microsoft-Windows-WindowsUpdateClient,20,Windows Update Agent,Installation Failure: Windows failed to install the following update with error 0x80070643: 2021-11 .NET 5.0.12 Update for x64 Client (KB5007884).
Information,01-11-2022 17:46,Microsoft-Windows-WindowsUpdateClient,43,Windows Update Agent,Installation Started: Windows has started installing the following update: 2021-11 .NET 5.0.12 Update for x64 Client (KB5007884)
Warning,01-11-2022 17:46,Microsoft-Windows-DistributedCOM,10016,None,"The application-specific permission settings do not grant Local Activation permission for the COM Server application with CLSID 
{2593F8B9-4EAF-457C-B68A-50F6B8EA6B54}
 and APPID 
{15C20B67-12E7-4BB6-92BB-7AFF07997402}
 to the user SHOHID-PC\SHOHID SID (S-1-5-21-2091211461-3178656723-4261672445-1001) from address LocalHost (Using LRPC) running in the application container Unavailable SID (Unavailable). This security permission can be modified using the Component Services administrative tool."
Error,01-11-2022 17:46,Microsoft-Windows-DistributedCOM,10010,None,The server Microsoft.SkypeApp_15.79.95.0_x86__kzf8qxf38zg5c!App.AppXtwmqn4em5r5dpafgj4t4yyxgjfe0hr50.mca did not register with DCOM within the required timeout.
Information,01-11-2022 17:46,Microsoft-Windows-Winlogon,7001,-1101,User Logon Notification for Customer Experience Improvement Program
Information,01-11-2022 17:45,Microsoft-Windows-Power-Troubleshooter,1,None,"The system has returned from a low power state.

Sleep Time: 2022-01-11T11:45:25.885881700Z
Wake Time: 2022-01-11T11:45:57.189497900Z

Wake Source: Unknown"
Error,01-11-2022 17:45,iaStorA,4102,None,Error log: Smart event occured on disk :X6GJEAPFS  
Information,01-11-2022 17:45,Microsoft-Windows-Kernel-Boot,32,-58,The bootmgr spent 0 ms waiting for user input.
Information,01-11-2022 17:45,Microsoft-Windows-Kernel-Boot,18,-57,There are 0x1 boot options on this system.
Information,01-11-2022 17:45,Microsoft-Windows-Kernel-Boot,27,-33,The boot type was 0x1.
Information,01-11-2022 17:45,Microsoft-Windows-Kernel-Boot,25,-32,The boot menu policy was 0x1.
Information,01-11-2022 17:45,Microsoft-Windows-Kernel-Boot,30,-21,The firmware reported boot metrics.
Information,01-11-2022 17:45,Microsoft-Windows-Kernel-General,1,-5,"The system time has changed to 2022-01-11T11:45:56.500000000Z from 2022-01-11T11:45:28.457797000Z.

Change Reason: System time synchronized with the hardware clock.
Process: '' (PID 4)."
Information,01-11-2022 17:45,Microsoft-Windows-Kernel-Power,107,-102,The system has resumed from sleep.
Information,01-11-2022 17:45,Microsoft-Windows-Kernel-Power,42,-64,"The system is entering sleep.

Sleep Reason: Application API"
Information,01-11-2022 17:45,Microsoft-Windows-Kernel-Power,187,-243,User-mode process attempted to change the system state by calling SetSuspendState or SetSystemPowerState APIs.
Information,01-11-2022 17:45,Microsoft-Windows-Winlogon,7002,-1102,User Logoff Notification for Customer Experience Improvement Program
Information,01-11-2022 17:45,User32,1074,None,"The process C:\WINDOWS\system32\winlogon.exe (SHOHID-PC) has initiated the power off of computer SHOHID-PC on behalf of user NT AUTHORITY\SYSTEM for the following reason: No title for this reason could be found
 Reason Code: 0x500ff
 Shutdown Type: power off
 Comment: "
Information,01-11-2022 17:39,Service Control Manager,7045,None,"A service was installed in the system.

Service Name:  TeamViewer
Service File Name:  ""C:\Program Files (x86)\TeamViewer\TeamViewer_Service.exe""
Service Type:  user mode service
Service Start Type:  auto start
Service Account:  LocalSystem"
Information,01-11-2022 17:39,Microsoft-Windows-Kernel-General,16,None,The access history in hive \??\C:\Users\NextGen\NTUSER.DAT was cleared updating 40 keys and creating 14 modified pages.
Information,01-11-2022 17:39,Microsoft-Windows-Kernel-General,16,None,The access history in hive \??\C:\Users\DEFAUL~1.IIS\NTUSER.DAT was cleared updating 29 keys and creating 10 modified pages.
Information,01-11-2022 17:39,Microsoft-Windows-Kernel-General,16,None,The access history in hive \??\C:\Users\NETV2~1.0CL\NTUSER.DAT was cleared updating 40 keys and creating 14 modified pages.
Information,01-11-2022 17:39,Microsoft-Windows-Kernel-General,16,None,The access history in hive \??\C:\Users\NETV4~1.5CL\NTUSER.DAT was cleared updating 40 keys and creating 14 modified pages.
Information,01-11-2022 17:39,Microsoft-Windows-Kernel-General,16,None,The access history in hive \??\C:\Users\NETV2~1.0\NTUSER.DAT was cleared updating 40 keys and creating 14 modified pages.
Information,01-11-2022 17:39,Microsoft-Windows-Kernel-General,16,None,The access history in hive \??\C:\Users\VMS\NTUSER.DAT was cleared updating 40 keys and creating 14 modified pages.
Information,01-11-2022 17:39,Microsoft-Windows-Kernel-General,16,None,The access history in hive \??\C:\Users\MEP_NEW\NTUSER.DAT was cleared updating 40 keys and creating 15 modified pages.
Information,01-11-2022 17:39,Microsoft-Windows-Kernel-General,16,None,The access history in hive \??\C:\Users\DEFAUL~2\NTUSER.DAT was cleared updating 40 keys and creating 15 modified pages.
Information,01-11-2022 17:39,Microsoft-Windows-Kernel-General,16,None,The access history in hive \??\C:\Users\NETV4~1.5\NTUSER.DAT was cleared updating 40 keys and creating 14 modified pages.
Information,01-11-2022 17:39,Microsoft-Windows-Kernel-General,16,None,The access history in hive \??\C:\Users\GIS\NTUSER.DAT was cleared updating 40 keys and creating 15 modified pages.
Information,01-11-2022 17:39,Microsoft-Windows-Kernel-General,16,None,The access history in hive \??\C:\Users\AMS\NTUSER.DAT was cleared updating 40 keys and creating 15 modified pages.
Information,01-11-2022 17:39,Microsoft-Windows-Kernel-General,16,None,The access history in hive \??\C:\Users\MEP\NTUSER.DAT was cleared updating 40 keys and creating 15 modified pages.
Information,01-11-2022 17:39,Microsoft-Windows-Kernel-General,16,None,The access history in hive \??\C:\Users\IWMSEC~1\NTUSER.DAT was cleared updating 38 keys and creating 14 modified pages.
Information,01-11-2022 17:39,Microsoft-Windows-Kernel-General,16,None,The access history in hive \??\C:\Users\IWMSER~1\NTUSER.DAT was cleared updating 42 keys and creating 14 modified pages.
Information,01-11-2022 17:39,Microsoft-Windows-Kernel-General,16,None,The access history in hive \??\C:\Users\ONLINE~1\NTUSER.DAT was cleared updating 44 keys and creating 15 modified pages.
Information,01-11-2022 17:39,Microsoft-Windows-Kernel-General,16,None,The access history in hive \??\C:\Users\CLASSI~1.NET\NTUSER.DAT was cleared updating 44 keys and creating 15 modified pages.
Information,01-11-2022 17:39,Microsoft-Windows-Kernel-General,16,None,The access history in hive \??\C:\Users\UPDATU~1.DES\NTUSER.DAT was cleared updating 43 keys and creating 15 modified pages.
Information,01-11-2022 17:39,Microsoft-Windows-Kernel-General,16,None,The access history in hive \??\C:\Users\UPDATU~1\NTUSER.DAT was cleared updating 43 keys and creating 15 modified pages.
Information,01-11-2022 17:39,Service Control Manager,7045,None,"A service was installed in the system.

Service Name:  MpKsl7a75c637
Service File Name:  C:\ProgramData\Microsoft\Windows Defender\Definition Updates\{39FA9B3B-FF59-4554-BAC7-BD7DB11BA36A}\MpKslDrv.sys
Service Type:  kernel mode driver
Service Start Type:  demand start
Service Account:  "
Information,01-11-2022 17:38,Microsoft-Windows-Kernel-General,16,None,The access history in hive \??\Volume{fee45b76-0000-0000-0000-602200000000}\System Volume Information\SPP\SppCbsHiveStore\{cd42efe1-f6f1-427c-b004-033192c625a4}{2A1B0227-BAF4-4F35-B694-240CBBA1A737} was cleared updating 1 keys and creating 1 modified pages.
Error,01-11-2022 17:38,Microsoft-Windows-WindowsUpdateClient,20,Windows Update Agent,Installation Failure: Windows failed to install the following update with error 0x80070643: 2021-11 .NET Core 3.1.21 Update for x64 Client (KB5007885).
Information,01-11-2022 17:38,Microsoft-Windows-WindowsUpdateClient,43,Windows Update Agent,Installation Started: Windows has started installing the following update: 2021-11 .NET Core 3.1.21 Update for x64 Client (KB5007885)
Information,01-11-2022 17:38,Microsoft-Windows-Ntfs,98,None,Volume ?? (\Device\HarddiskVolumeShadowCopy2) is healthy.  No action is needed.
Error,01-11-2022 17:38,Microsoft-Windows-WindowsUpdateClient,20,Windows Update Agent,Installation Failure: Windows failed to install the following update with error 0x80070643: 2021-11 .NET 5.0.12 Update for x64 Client (KB5007884).
Information,01-11-2022 17:38,Microsoft-Windows-WindowsUpdateClient,43,Windows Update Agent,Installation Started: Windows has started installing the following update: 2021-11 .NET 5.0.12 Update for x64 Client (KB5007884)
Information,01-11-2022 17:38,Microsoft-Windows-Kernel-General,11,None,"TxR init phase for hive \??\GLOBALROOT\Device\HarddiskVolumeShadowCopy1\WINDOWS\System32\config\DRIVERS (TM: {d12ea8e0-72cd-11ec-ae5a-1c1b0d79dbe2}, RM: {d12ea8df-72cd-11ec-ae5a-1c1b0d79dbe2}) finished with result=0xC00000A2 (Internal code=7)."
Information,01-11-2022 17:38,Microsoft-Windows-Kernel-General,11,None,"TxR init phase for hive \??\GLOBALROOT\Device\HarddiskVolumeShadowCopy1\WINDOWS\System32\config\SYSTEM (TM: {d12ea8dd-72cd-11ec-ae5a-1c1b0d79dbe2}, RM: {d12ea8dc-72cd-11ec-ae5a-1c1b0d79dbe2}) finished with result=0xC00000A2 (Internal code=7)."
Information,01-11-2022 17:38,Microsoft-Windows-Ntfs,98,None,Volume ?? (\Device\HarddiskVolumeShadowCopy1) is healthy.  No action is needed.
Information,01-11-2022 17:37,Microsoft-Windows-Kernel-General,16,None,The access history in hive \??\C:\ProgramData\Microsoft\Provisioning\Microsoft-Desktop-Provisioning-Sequence.dat was cleared updating 0 keys and creating 0 modified pages.
Error,01-11-2022 17:33,Microsoft-Windows-DistributedCOM,10010,None,The server Microsoft.SkypeApp_15.79.95.0_x86__kzf8qxf38zg5c!App.AppXtwmqn4em5r5dpafgj4t4yyxgjfe0hr50.mca did not register with DCOM within the required timeout.
Information,01-11-2022 17:07,Microsoft-Windows-WindowsUpdateClient,19,Windows Update Agent,Installation Successful: Windows successfully installed the following update: Security Intelligence Update for Microsoft Defender Antivirus - KB2267602 (Version 1.355.1736.0)
Information,01-11-2022 17:07,Microsoft-Windows-WindowsUpdateClient,43,Windows Update Agent,Installation Started: Windows has started installing the following update: Security Intelligence Update for Microsoft Defender Antivirus - KB2267602 (Version 1.355.1736.0)
Information,01-11-2022 17:07,Microsoft-Windows-WindowsUpdateClient,44,Windows Update Agent,Windows Update started downloading an update.
Warning,01-11-2022 17:03,Microsoft-Windows-DistributedCOM,10016,None,"The application-specific permission settings do not grant Local Launch permission for the COM Server application with CLSID 
Windows.SecurityCenter.WscDataProtection
 and APPID 
Unavailable
 to the user NT AUTHORITY\SYSTEM SID (S-1-5-18) from address LocalHost (Using LRPC) running in the application container Unavailable SID (Unavailable). This security permission can be modified using the Component Services administrative tool."
Warning,01-11-2022 17:03,Microsoft-Windows-DistributedCOM,10016,None,"The application-specific permission settings do not grant Local Launch permission for the COM Server application with CLSID 
Windows.SecurityCenter.SecurityAppBroker
 and APPID 
Unavailable
 to the user NT AUTHORITY\SYSTEM SID (S-1-5-18) from address LocalHost (Using LRPC) running in the application container Unavailable SID (Unavailable). This security permission can be modified using the Component Services administrative tool."
Warning,01-11-2022 17:03,Microsoft-Windows-DistributedCOM,10016,None,"The application-specific permission settings do not grant Local Launch permission for the COM Server application with CLSID 
Windows.SecurityCenter.WscBrokerManager
 and APPID 
Unavailable
 to the user NT AUTHORITY\SYSTEM SID (S-1-5-18) from address LocalHost (Using LRPC) running in the application container Unavailable SID (Unavailable). This security permission can be modified using the Component Services administrative tool."
Information,01-11-2022 17:03,Microsoft-Windows-FilterManager,6,None,"File System Filter 'bindflt' (10.0, 2067-08-24T02:59:11.000000000Z) has successfully loaded and registered with Filter Manager."
Information,01-11-2022 17:02,Microsoft-Windows-Kernel-General,16,None,The access history in hive \??\C:\Users\SHOHID\AppData\Local\Packages\microsoft.windowscommunicationsapps_8wekyb3d8bbwe\Settings\settings.dat was cleared updating 130 keys and creating 20 modified pages.
Information,01-11-2022 17:02,Microsoft-Windows-Kernel-General,16,None,The access history in hive \??\C:\Users\SHOHID\AppData\Local\Packages\Microsoft.YourPhone_8wekyb3d8bbwe\Settings\settings.dat was cleared updating 28 keys and creating 11 modified pages.
Error,01-11-2022 17:02,Microsoft-Windows-DistributedCOM,10010,None,The server Microsoft.SkypeApp_15.79.95.0_x86__kzf8qxf38zg5c!App.AppXtwmqn4em5r5dpafgj4t4yyxgjfe0hr50.mca did not register with DCOM within the required timeout.
Information,01-11-2022 17:02,Microsoft-Windows-Kernel-General,16,None,The access history in hive \??\C:\Users\SHOHID\AppData\Local\Packages\Microsoft.People_8wekyb3d8bbwe\Settings\settings.dat was cleared updating 2 keys and creating 1 modified pages.
Information,01-11-2022 17:02,Microsoft-Windows-Kernel-General,16,None,The access history in hive \??\C:\Users\SHOHID\AppData\Local\Packages\Microsoft.Windows.Cortana_cw5n1h2txyewy\Settings\settings.dat was cleared updating 47 keys and creating 10 modified pages.
Information,01-11-2022 17:02,Microsoft-Windows-Kernel-General,16,None,The access history in hive \??\C:\Users\SHOHID\AppData\Local\Packages\Microsoft.Windows.StartMenuExperienceHost_cw5n1h2txyewy\Settings\settings.dat was cleared updating 4 keys and creating 1 modified pages.
Information,01-11-2022 17:02,Microsoft-Windows-Kernel-General,15,None,Hive \??\C:\Users\SHOHID\AppData\Local\Microsoft\Windows\UsrClass.dat was reorganized with a starting size of 15200256 bytes and an ending size of 15192064 bytes.
Information,01-11-2022 17:02,Microsoft-Windows-Kernel-General,15,None,Hive \??\C:\Users\SHOHID\ntuser.dat was reorganized with a starting size of 38449152 bytes and an ending size of 38109184 bytes.
Information,01-11-2022 17:02,Microsoft-Windows-Winlogon,7001,-1101,User Logon Notification for Customer Experience Improvement Program
Error,01-11-2022 17:01,Service Control Manager,7034,None,The ArcGIS License Manager service terminated unexpectedly.  It has done this 1 time(s).
Information,01-11-2022 17:01,Service Control Manager,7026,None,"The following boot-start or system-start driver(s) did not load: 
dam"
Information,01-11-2022 17:01,Microsoft-Windows-WMPNSS-Service,14204,None,Service 'WMPNetworkSvc' started.
Information,01-11-2022 17:01,IntelHaxm,4,None,HAXM is loaded successfully
Information,01-11-2022 17:01,vmx86,34,None,"The description for Event ID 34 from source vmx86 cannot be found. Either the component that raises this event is not installed on your local computer or the installation is corrupted. You can install or repair the component on the local computer.

If the event originated on another computer, the display information had to be saved with the event.

The following information was included with the event: 

VMX86.SYS: begin DriverEntry
"
Error,01-11-2022 17:01,Microsoft-Windows-WLAN-AutoConfig,10000,None,"WLAN Extensibility Module has failed to start.

Module Path: C:\WINDOWS\system32\Rtlihvs.dll
Error Code: 126
"
Information,01-11-2022 17:01,Microsoft-Windows-WLAN-AutoConfig,4000,None,"WLAN AutoConfig service has successfully started.
"
Information,01-11-2022 17:01,VMnetuserif,1,None,() Starting up the User Interface Driver for VMware Virtual Networks.
Information,01-11-2022 17:01,VMnetBridge,10,None,() Starting up the Bridge Driver for VMware Virtual Networks.
Information,01-11-2022 17:01,Microsoft-Windows-DHCPv6-Client,51046,Service State Event,DHCPv6 client service is started
Information,01-11-2022 17:01,Microsoft-Windows-Dhcp-Client,50103,Service State Event,DHCPv4 client registered for shutdown notification
Information,01-11-2022 17:01,Microsoft-Windows-Dhcp-Client,50036,Service State Event,DHCPv4 client service is started
Warning,01-11-2022 17:01,Server,2511,None,"The server service was unable to recreate the share SHARMIN because the directory E:\Users\SHARMIN no longer exists.  Please run ""net share SHARMIN /delete"" to delete the share, or recreate the directory E:\Users\SHARMIN."
Information,01-11-2022 17:01,Microsoft-Windows-WAS,5211,None,The Windows Process Activation Service (WAS) started with 'Classic' mode using 'ConfigurationSystem'
Information,01-11-2022 17:01,Microsoft-Windows-FilterManager,6,None,"File System Filter 'storqosflt' (10.0, 2084-07-24T11:29:44.000000000Z) has successfully loaded and registered with Filter Manager."
Information,01-11-2022 17:01,Microsoft-Windows-FilterManager,6,None,"File System Filter 'CldFlt' (10.0, 2052-03-25T04:36:04.000000000Z) has successfully loaded and registered with Filter Manager."
Information,01-11-2022 17:01,Microsoft-Windows-FilterManager,1,None,"File System Filter 'CldFlt' (Version 10.0, 2052-03-25T04:36:04.000000000Z) unloaded successfully."
Information,01-11-2022 17:01,Microsoft-Windows-FilterManager,6,None,"File System Filter 'CldFlt' (10.0, 2052-03-25T04:36:04.000000000Z) has successfully loaded and registered with Filter Manager."
Information,01-11-2022 17:01,Microsoft-Windows-FilterManager,6,None,"File System Filter 'luafv' (10.0, 1987-05-06T02:17:50.000000000Z) has successfully loaded and registered with Filter Manager."
Information,01-11-2022 17:01,Microsoft-Windows-FilterManager,6,None,"File System Filter 'wcifs' (10.0, 2011-08-26T04:27:29.000000000Z) has successfully loaded and registered with Filter Manager."
Information,01-11-2022 17:01,Microsoft-Windows-Directory-Services-SAM,16977,None,"The domain is configured with the following minimum password length-related settings.

MinimumPasswordLength: 0

MinimumPasswordLengthAudit: -1

For more information see https://go.microsoft.com/fwlink/?LinkId=2097191.
"
Information,01-11-2022 17:01,Microsoft-Windows-Directory-Services-SAM,16962,None,"Remote calls to the SAM database are being restricted using the default security descriptor: O:SYG:SYD:(A;;RC;;;BA).
For more information please see http://go.microsoft.com/fwlink/?LinkId=787651."
Information,01-11-2022 17:01,Microsoft-Windows-Wininit,14,None,"Credential Guard configuration: 0x0, 0"
Information,01-11-2022 17:01,Microsoft-Windows-Kernel-General,16,None,The access history in hive \Device\HarddiskVolume5\Boot\BCD was cleared updating 47 keys and creating 7 modified pages.
Error,01-11-2022 17:01,Ntfs,137,-2,The default transaction resource manager on volume G: encountered a non-retryable error and could not start.  The data contains the error code.
Error,01-11-2022 17:01,disk,7,None,"The device, \Device\Harddisk0\DR0, has a bad block."
Error,01-11-2022 17:01,disk,7,None,"The device, \Device\Harddisk0\DR0, has a bad block."
Information,01-11-2022 17:01,Microsoft-Windows-Ntfs,98,None,Volume G: (\Device\HarddiskVolume2) is healthy.  No action is needed.
Information,01-11-2022 17:01,Microsoft-Windows-Ntfs,98,None,Volume D: (\Device\HarddiskVolume1) is healthy.  No action is needed.
Information,01-11-2022 17:01,Microsoft-Windows-Ntfs,98,None,Volume F: (\Device\HarddiskVolume4) is healthy.  No action is needed.
Information,01-11-2022 17:01,Microsoft-Windows-Ntfs,98,None,Volume E: (\Device\HarddiskVolume3) is healthy.  No action is needed.
Information,01-11-2022 17:01,MEIx64,2,None,Intel(R) Trusted Execution Engine Interface driver has started successfully.
Information,01-11-2022 17:01,Microsoft-Windows-Kernel-Processor-Power,55,-47,"Processor 3 in group 0 exposes the following power management capabilities:

Idle state type: ACPI Idle (C) States (3 state(s))

Performance state type: ACPI Performance (P) / Throttle (T) States
Nominal Frequency (MHz): 3700
Maximum performance percentage: 100
Minimum performance percentage: 21
Minimum throttle percentage: 21"
Information,01-11-2022 17:01,Microsoft-Windows-Kernel-Processor-Power,55,-47,"Processor 1 in group 0 exposes the following power management capabilities:

Idle state type: ACPI Idle (C) States (3 state(s))

Performance state type: ACPI Performance (P) / Throttle (T) States
Nominal Frequency (MHz): 3700
Maximum performance percentage: 100
Minimum performance percentage: 21
Minimum throttle percentage: 21"
Information,01-11-2022 17:01,Microsoft-Windows-Kernel-Processor-Power,55,-47,"Processor 2 in group 0 exposes the following power management capabilities:

Idle state type: ACPI Idle (C) States (3 state(s))

Performance state type: ACPI Performance (P) / Throttle (T) States
Nominal Frequency (MHz): 3700
Maximum performance percentage: 100
Minimum performance percentage: 21
Minimum throttle percentage: 21"
Information,01-11-2022 17:01,Microsoft-Windows-Kernel-Processor-Power,55,-47,"Processor 0 in group 0 exposes the following power management capabilities:

Idle state type: ACPI Idle (C) States (3 state(s))

Performance state type: ACPI Performance (P) / Throttle (T) States
Nominal Frequency (MHz): 3700
Maximum performance percentage: 100
Minimum performance percentage: 21
Minimum throttle percentage: 21"
Information,01-11-2022 17:01,VMnetAdapter,36,None,() Starting up the Adapter Driver for VMware Virtual Networks.
Information,01-11-2022 17:01,Microsoft-Windows-Kernel-Power,172,-203,"Connectivity state in standby: Disconnected, Reason: NIC compliance"
Critical,01-11-2022 17:01,Microsoft-Windows-Kernel-Power,41,-63,"The system has rebooted without cleanly shutting down first. This error could be caused if the system stopped responding, crashed, or lost power unexpectedly."
Information,01-11-2022 17:01,Microsoft-Windows-Ntfs,98,None,Volume \\?\Volume{fee45b76-0000-0000-0000-100000000000} (\Device\HarddiskVolume5) is healthy.  No action is needed.
Information,01-11-2022 17:01,Microsoft-Windows-FilterManager,6,None,"File System Filter 'npsvctrig' (10.0, 1977-09-12T21:19:34.000000000Z) has successfully loaded and registered with Filter Manager."
Information,01-11-2022 17:01,Microsoft-Windows-FilterManager,6,None,"File System Filter 'FileCrypt' (10.0, 2011-10-30T21:56:49.000000000Z) has successfully loaded and registered with Filter Manager."
Information,01-11-2022 17:01,Microsoft-Windows-Ntfs,98,None,Volume C: (\Device\HarddiskVolume6) is healthy.  No action is needed.
Error,01-11-2022 17:01,iaStorA,4102,None,Error log: Smart event occured on disk :X6GJEAPFS  
Information,01-11-2022 17:01,EventLog,6013,None,The system uptime is 12 seconds.
Information,01-11-2022 17:01,EventLog,6005,None,The Event log service was started.
Information,01-11-2022 17:01,EventLog,6009,None,Microsoft (R) Windows (R) 10.00. 18363 Service Pack 1 Multiprocessor Free.
Error,01-11-2022 17:01,EventLog,6008,None,The previous system shutdown at 3:32:35 PM on 1/11/2022 was unexpected.
Information,01-11-2022 17:01,Microsoft-Windows-FilterManager,6,None,"File System Filter 'WdFilter' (10.0, 2018-11-12T17:12:11.000000000Z) has successfully loaded and registered with Filter Manager."
Information,01-11-2022 17:01,Microsoft-Windows-FilterManager,6,None,"File System Filter 'Wof' (10.0, 2045-05-29T21:42:55.000000000Z) has successfully loaded and registered with Filter Manager."
Information,01-11-2022 17:01,Microsoft-Windows-FilterManager,6,None,"File System Filter 'FileInfo' (10.0, 1989-07-13T07:15:12.000000000Z) has successfully loaded and registered with Filter Manager."
Information,01-11-2022 17:01,Microsoft-Windows-Kernel-General,20,-6,"The leap second configuration has been updated.
Reason: Leap second data initialized from registry during boot
Leap seconds enabled: true
New leap second count: 0
Old leap second count: 0"
Information,01-11-2022 17:01,Microsoft-Windows-Kernel-Boot,30,-21,The firmware reported boot metrics.
Information,01-11-2022 17:01,Microsoft-Windows-Kernel-Boot,32,-58,The bootmgr spent 0 ms waiting for user input.
Information,01-11-2022 17:01,Microsoft-Windows-Kernel-Boot,18,-57,There are 0x1 boot options on this system.
Information,01-11-2022 17:01,Microsoft-Windows-Kernel-Boot,27,-33,The boot type was 0x0.
Information,01-11-2022 17:01,Microsoft-Windows-Kernel-Boot,25,-32,The boot menu policy was 0x1.
Information,01-11-2022 17:01,Microsoft-Windows-Kernel-Boot,20,-31,The last shutdown's success status was false. The last boot's success status was true.
Information,01-11-2022 17:01,Microsoft-Windows-Kernel-Boot,153,-62,Virtualization-based security (policies: 0) is disabled.
Information,01-11-2022 17:01,Microsoft-Windows-Kernel-General,12,-1,The operating system started at system time 2022-01-11T11:01:24.500000000Z.
Error,01-11-2022 14:02,Microsoft-Windows-DistributedCOM,10010,None,The server {E60687F7-01A1-40AA-86AC-DB1CBF673334} did not register with DCOM within the required timeout.
Error,01-11-2022 14:00,Microsoft-Windows-DistributedCOM,10010,None,The server {E60687F7-01A1-40AA-86AC-DB1CBF673334} did not register with DCOM within the required timeout.
Error,01-11-2022 13:58,Microsoft-Windows-DistributedCOM,10010,None,The server {E60687F7-01A1-40AA-86AC-DB1CBF673334} did not register with DCOM within the required timeout.
Error,01-11-2022 13:56,Microsoft-Windows-DistributedCOM,10010,None,The server {E60687F7-01A1-40AA-86AC-DB1CBF673334} did not register with DCOM within the required timeout.
Error,01-11-2022 13:54,Microsoft-Windows-DistributedCOM,10010,None,The server {E60687F7-01A1-40AA-86AC-DB1CBF673334} did not register with DCOM within the required timeout.
Error,01-11-2022 13:52,Microsoft-Windows-DistributedCOM,10010,None,The server {E60687F7-01A1-40AA-86AC-DB1CBF673334} did not register with DCOM within the required timeout.
