Information,1/23/2022 10:44:38 PM,Microsoft-Windows-WindowsUpdateClient,43,Windows Update Agent,Installation Started: Windows has started installing the following update: Security Intelligence Update for Microsoft Defender Antivirus - KB2267602 (Version 1.355.2390.0)
Information,1/23/2022 10:44:15 PM,Microsoft-Windows-WindowsUpdateClient,44,Windows Update Agent,Windows Update started downloading an update.
Information,1/23/2022 10:38:47 PM,Microsoft-Windows-Kernel-General,16,None,The access history in hive \??\Volume{fee45b76-0000-0000-0000-602200000000}\System Volume Information\SPP\SppCbsHiveStore\{cd42efe1-f6f1-427c-b004-033192c625a4}{D9595240-B2D9-4D40-B107-F2B0BE8601A2} was cleared updating 1 keys and creating 1 modified pages.
Information,1/23/2022 10:38:38 PM,Microsoft-Windows-Kernel-General,11,None,"TxR init phase for hive \??\GLOBALROOT\Device\HarddiskVolumeShadowCopy1\WINDOWS\System32\config\DRIVERS (TM: {9592caa9-7c59-11ec-ae61-1c1b0d79dbe2}, RM: {9592caa8-7c59-11ec-ae61-1c1b0d79dbe2}) finished with result=0xC00000A2 (Internal code=7)."
Information,1/23/2022 10:38:38 PM,Microsoft-Windows-Kernel-General,11,None,"TxR init phase for hive \??\GLOBALROOT\Device\HarddiskVolumeShadowCopy1\WINDOWS\System32\config\SYSTEM (TM: {9592caa6-7c59-11ec-ae61-1c1b0d79dbe2}, RM: {9592caa5-7c59-11ec-ae61-1c1b0d79dbe2}) finished with result=0xC00000A2 (Internal code=7)."
Information,1/23/2022 10:38:32 PM,Microsoft-Windows-Ntfs,98,None,Volume ?? (\Device\HarddiskVolumeShadowCopy1) is healthy.  No action is needed.
Warning,1/23/2022 10:35:03 PM,Microsoft-Windows-DNS-Client,1014,-1014,Name resolution for the name dns.msftncsi.com timed out after none of the configured DNS servers responded.
Warning,1/23/2022 10:20:05 PM,Microsoft-Windows-DNS-Client,1014,-1014,Name resolution for the name dns.msftncsi.com timed out after none of the configured DNS servers responded.
Warning,1/23/2022 10:19:40 PM,Microsoft-Windows-DistributedCOM,10016,None,"The machine-default permission settings do not grant Local Activation permission for the COM Server application with CLSID 
{C2F03A33-21F5-47FA-B4BB-156362A2F239}
 and APPID 
{316CDED5-E4AE-4B15-9113-7055D84DCC97}
 to the user SHOHID-PC\SHOHID SID (S-1-5-21-2091211461-3178656723-4261672445-1001) from address LocalHost (Using LRPC) running in the application container Microsoft.Windows.ShellExperienceHost_10.0.18362.1171_neutral_neutral_cw5n1h2txyewy SID (S-1-15-2-155514346-2573954481-755741238-1654018636-1233331829-3075935687-2861478708). This security permission can be modified using the Component Services administrative tool."
Warning,1/23/2022 10:04:36 PM,Microsoft-Windows-DistributedCOM,10016,None,"The application-specific permission settings do not grant Local Activation permission for the COM Server application with CLSID 
{2593F8B9-4EAF-457C-B68A-50F6B8EA6B54}
 and APPID 
{15C20B67-12E7-4BB6-92BB-7AFF07997402}
 to the user SHOHID-PC\SHOHID SID (S-1-5-21-2091211461-3178656723-4261672445-1001) from address LocalHost (Using LRPC) running in the application container Unavailable SID (Unavailable). This security permission can be modified using the Component Services administrative tool."
Warning,1/23/2022 9:57:48 PM,Microsoft-Windows-DistributedCOM,10016,None,"The machine-default permission settings do not grant Local Activation permission for the COM Server application with CLSID 
{C2F03A33-21F5-47FA-B4BB-156362A2F239}
 and APPID 
{316CDED5-E4AE-4B15-9113-7055D84DCC97}
 to the user SHOHID-PC\SHOHID SID (S-1-5-21-2091211461-3178656723-4261672445-1001) from address LocalHost (Using LRPC) running in the application container Microsoft.Windows.ShellExperienceHost_10.0.18362.1171_neutral_neutral_cw5n1h2txyewy SID (S-1-15-2-155514346-2573954481-755741238-1654018636-1233331829-3075935687-2861478708). This security permission can be modified using the Component Services administrative tool."
Warning,1/23/2022 9:50:16 PM,Microsoft-Windows-DNS-Client,1014,-1014,Name resolution for the name dns.msftncsi.com timed out after none of the configured DNS servers responded.
Information,1/23/2022 9:49:35 PM,Microsoft-Windows-Kernel-General,16,None,The access history in hive \??\C:\ProgramData\Microsoft\Provisioning\Microsoft-Desktop-Provisioning-Sequence.dat was cleared updating 0 keys and creating 0 modified pages.
Warning,1/23/2022 9:44:11 PM,Microsoft-Windows-DNS-Client,1014,-1014,Name resolution for the name dns.msftncsi.com timed out after none of the configured DNS servers responded.
Warning,1/23/2022 9:43:46 PM,Microsoft-Windows-DistributedCOM,10016,None,"The machine-default permission settings do not grant Local Activation permission for the COM Server application with CLSID 
{C2F03A33-21F5-47FA-B4BB-156362A2F239}
 and APPID 
{316CDED5-E4AE-4B15-9113-7055D84DCC97}
 to the user SHOHID-PC\SHOHID SID (S-1-5-21-2091211461-3178656723-4261672445-1001) from address LocalHost (Using LRPC) running in the application container Microsoft.Windows.ShellExperienceHost_10.0.18362.1171_neutral_neutral_cw5n1h2txyewy SID (S-1-15-2-155514346-2573954481-755741238-1654018636-1233331829-3075935687-2861478708). This security permission can be modified using the Component Services administrative tool."
Warning,1/23/2022 9:34:39 PM,disk,52,None,The driver has detected that device \Device\Harddisk0\DR0 has predicted that it will fail. Immediately back up your data and replace your hard disk drive. A failure may be imminent.
Warning,1/23/2022 9:18:49 PM,Microsoft-Windows-DistributedCOM,10016,None,"The machine-default permission settings do not grant Local Activation permission for the COM Server application with CLSID 
{C2F03A33-21F5-47FA-B4BB-156362A2F239}
 and APPID 
{316CDED5-E4AE-4B15-9113-7055D84DCC97}
 to the user SHOHID-PC\SHOHID SID (S-1-5-21-2091211461-3178656723-4261672445-1001) from address LocalHost (Using LRPC) running in the application container Microsoft.Windows.ShellExperienceHost_10.0.18362.1171_neutral_neutral_cw5n1h2txyewy SID (S-1-15-2-155514346-2573954481-755741238-1654018636-1233331829-3075935687-2861478708). This security permission can be modified using the Component Services administrative tool."
Warning,1/23/2022 9:05:18 PM,Microsoft-Windows-DNS-Client,1014,-1014,Name resolution for the name dns.msftncsi.com timed out after none of the configured DNS servers responded.
Warning,1/23/2022 8:50:24 PM,Microsoft-Windows-DNS-Client,1014,-1014,Name resolution for the name dns.msftncsi.com timed out after none of the configured DNS servers responded.
Information,1/23/2022 8:47:21 PM,Microsoft-Windows-WindowsUpdateClient,19,Windows Update Agent,Installation Successful: Windows successfully installed the following update: Security Intelligence Update for Microsoft Defender Antivirus - KB2267602 (Version 1.355.2383.0)
Information,1/23/2022 8:47:09 PM,Microsoft-Windows-WindowsUpdateClient,43,Windows Update Agent,Installation Started: Windows has started installing the following update: Security Intelligence Update for Microsoft Defender Antivirus - KB2267602 (Version 1.355.2383.0)
Information,1/23/2022 8:46:51 PM,Microsoft-Windows-WindowsUpdateClient,44,Windows Update Agent,Windows Update started downloading an update.
Error,1/23/2022 8:37:46 PM,Microsoft-Windows-DistributedCOM,10010,None,The server Microsoft.SkypeApp_15.79.95.0_x86__kzf8qxf38zg5c!App.AppXtwmqn4em5r5dpafgj4t4yyxgjfe0hr50.mca did not register with DCOM within the required timeout.
Warning,1/23/2022 8:37:00 PM,Microsoft-Windows-DistributedCOM,10016,None,"The application-specific permission settings do not grant Local Launch permission for the COM Server application with CLSID 
Windows.SecurityCenter.WscDataProtection
 and APPID 
Unavailable
 to the user NT AUTHORITY\SYSTEM SID (S-1-5-18) from address LocalHost (Using LRPC) running in the application container Unavailable SID (Unavailable). This security permission can be modified using the Component Services administrative tool."
Warning,1/23/2022 8:37:00 PM,Microsoft-Windows-DistributedCOM,10016,None,"The application-specific permission settings do not grant Local Launch permission for the COM Server application with CLSID 
Windows.SecurityCenter.WscBrokerManager
 and APPID 
Unavailable
 to the user NT AUTHORITY\SYSTEM SID (S-1-5-18) from address LocalHost (Using LRPC) running in the application container Unavailable SID (Unavailable). This security permission can be modified using the Component Services administrative tool."
Warning,1/23/2022 8:37:00 PM,Microsoft-Windows-DistributedCOM,10016,None,"The application-specific permission settings do not grant Local Launch permission for the COM Server application with CLSID 
Windows.SecurityCenter.SecurityAppBroker
 and APPID 
Unavailable
 to the user NT AUTHORITY\SYSTEM SID (S-1-5-18) from address LocalHost (Using LRPC) running in the application container Unavailable SID (Unavailable). This security permission can be modified using the Component Services administrative tool."
Warning,1/23/2022 8:36:11 PM,Microsoft-Windows-DNS-Client,1014,-1014,Name resolution for the name dns.msftncsi.com timed out after none of the configured DNS servers responded.
Warning,1/23/2022 8:35:46 PM,Microsoft-Windows-DistributedCOM,10016,None,"The machine-default permission settings do not grant Local Activation permission for the COM Server application with CLSID 
{C2F03A33-21F5-47FA-B4BB-156362A2F239}
 and APPID 
{316CDED5-E4AE-4B15-9113-7055D84DCC97}
 to the user SHOHID-PC\SHOHID SID (S-1-5-21-2091211461-3178656723-4261672445-1001) from address LocalHost (Using LRPC) running in the application container Microsoft.Windows.ShellExperienceHost_10.0.18362.1171_neutral_neutral_cw5n1h2txyewy SID (S-1-15-2-155514346-2573954481-755741238-1654018636-1233331829-3075935687-2861478708). This security permission can be modified using the Component Services administrative tool."
Warning,1/23/2022 8:35:38 PM,Microsoft-Windows-DistributedCOM,10016,None,"The machine-default permission settings do not grant Local Activation permission for the COM Server application with CLSID 
{C2F03A33-21F5-47FA-B4BB-156362A2F239}
 and APPID 
{316CDED5-E4AE-4B15-9113-7055D84DCC97}
 to the user SHOHID-PC\SHOHID SID (S-1-5-21-2091211461-3178656723-4261672445-1001) from address LocalHost (Using LRPC) running in the application container Microsoft.Windows.ShellExperienceHost_10.0.18362.1171_neutral_neutral_cw5n1h2txyewy SID (S-1-15-2-155514346-2573954481-755741238-1654018636-1233331829-3075935687-2861478708). This security permission can be modified using the Component Services administrative tool."
Information,1/23/2022 8:35:28 PM,Microsoft-Windows-FilterManager,6,None,"File System Filter 'bindflt' (10.0, 2067-08-24T02:59:11.000000000Z) has successfully loaded and registered with Filter Manager."
Error,1/23/2022 8:35:10 PM,Microsoft-Windows-DistributedCOM,10010,None,The server Microsoft.SkypeApp_15.79.95.0_x86__kzf8qxf38zg5c!App.AppXtwmqn4em5r5dpafgj4t4yyxgjfe0hr50.mca did not register with DCOM within the required timeout.
Error,1/23/2022 8:34:54 PM,Service Control Manager,7034,None,The ArcGIS License Manager service terminated unexpectedly.  It has done this 1 time(s).
Information,1/23/2022 8:34:51 PM,Service Control Manager,7026,None,"The following boot-start or system-start driver(s) did not load: 
dam"
Information,1/23/2022 8:34:51 PM,Microsoft-Windows-WMPNSS-Service,14204,None,Service 'WMPNetworkSvc' started.
Information,1/23/2022 8:34:48 PM,IntelHaxm,4,None,HAXM is loaded successfully
Information,1/23/2022 8:34:48 PM,vmx86,34,None,"The description for Event ID 34 from source vmx86 cannot be found. Either the component that raises this event is not installed on your local computer or the installation is corrupted. You can install or repair the component on the local computer.

If the event originated on another computer, the display information had to be saved with the event.

The following information was included with the event: 

VMX86.SYS: begin DriverEntry
"
Warning,1/23/2022 8:34:49 PM,Server,2511,None,"The server service was unable to recreate the share SHARMIN because the directory E:\Users\SHARMIN no longer exists.  Please run ""net share SHARMIN /delete"" to delete the share, or recreate the directory E:\Users\SHARMIN."
Information,1/23/2022 8:34:49 PM,Microsoft-Windows-WAS,5211,None,The Windows Process Activation Service (WAS) started with 'Classic' mode using 'ConfigurationSystem'
Error,1/23/2022 8:34:47 PM,Microsoft-Windows-WLAN-AutoConfig,10000,None,"WLAN Extensibility Module has failed to start.

Module Path: C:\WINDOWS\system32\Rtlihvs.dll
Error Code: 126
"
Information,1/23/2022 8:34:47 PM,Microsoft-Windows-WLAN-AutoConfig,4000,None,"WLAN AutoConfig service has successfully started.
"
Information,1/23/2022 8:34:47 PM,VMnetuserif,1,None,() Starting up the User Interface Driver for VMware Virtual Networks.
Information,1/23/2022 8:34:47 PM,VMnetBridge,10,None,() Starting up the Bridge Driver for VMware Virtual Networks.
Information,1/23/2022 8:34:46 PM,Microsoft-Windows-Winlogon,7001,-1101,User Logon Notification for Customer Experience Improvement Program
Information,1/23/2022 8:34:46 PM,Microsoft-Windows-DHCPv6-Client,51046,Service State Event,DHCPv6 client service is started
Information,1/23/2022 8:34:46 PM,Microsoft-Windows-Dhcp-Client,50103,Service State Event,DHCPv4 client registered for shutdown notification
Information,1/23/2022 8:34:46 PM,Microsoft-Windows-Dhcp-Client,50036,Service State Event,DHCPv4 client service is started
Information,1/23/2022 8:34:46 PM,Microsoft-Windows-FilterManager,6,None,"File System Filter 'storqosflt' (10.0, 2084-07-24T11:29:44.000000000Z) has successfully loaded and registered with Filter Manager."
Information,1/23/2022 8:34:46 PM,Microsoft-Windows-FilterManager,6,None,"File System Filter 'CldFlt' (10.0, 2052-03-25T04:36:04.000000000Z) has successfully loaded and registered with Filter Manager."
Information,1/23/2022 8:34:46 PM,Microsoft-Windows-FilterManager,1,None,"File System Filter 'CldFlt' (Version 10.0, 2052-03-25T04:36:04.000000000Z) unloaded successfully."
Information,1/23/2022 8:34:46 PM,Microsoft-Windows-FilterManager,6,None,"File System Filter 'CldFlt' (10.0, 2052-03-25T04:36:04.000000000Z) has successfully loaded and registered with Filter Manager."
Information,1/23/2022 8:34:46 PM,Microsoft-Windows-FilterManager,6,None,"File System Filter 'luafv' (10.0, 1987-05-06T02:17:50.000000000Z) has successfully loaded and registered with Filter Manager."
Information,1/23/2022 8:34:45 PM,Microsoft-Windows-FilterManager,6,None,"File System Filter 'wcifs' (10.0, 2011-08-26T04:27:29.000000000Z) has successfully loaded and registered with Filter Manager."
Information,1/23/2022 8:34:45 PM,Microsoft-Windows-Directory-Services-SAM,16977,None,"The domain is configured with the following minimum password length-related settings.

MinimumPasswordLength: 0

MinimumPasswordLengthAudit: -1

For more information see https://go.microsoft.com/fwlink/?LinkId=2097191.
"
Information,1/23/2022 8:34:45 PM,Microsoft-Windows-Directory-Services-SAM,16962,None,"Remote calls to the SAM database are being restricted using the default security descriptor: O:SYG:SYD:(A;;RC;;;BA).
For more information please see http://go.microsoft.com/fwlink/?LinkId=787651."
Information,1/23/2022 8:34:44 PM,Microsoft-Windows-Wininit,14,None,"Credential Guard configuration: 0x0, 0"
Error,1/23/2022 8:34:41 PM,Ntfs,137,-2,The default transaction resource manager on volume G: encountered a non-retryable error and could not start.  The data contains the error code.
Error,1/23/2022 8:34:41 PM,disk,7,None,"The device, \Device\Harddisk0\DR0, has a bad block."
Error,1/23/2022 8:34:41 PM,disk,7,None,"The device, \Device\Harddisk0\DR0, has a bad block."
Information,1/23/2022 8:34:41 PM,Microsoft-Windows-Ntfs,98,None,Volume G: (\Device\HarddiskVolume2) is healthy.  No action is needed.
Information,1/23/2022 8:34:40 PM,Microsoft-Windows-Ntfs,98,None,Volume D: (\Device\HarddiskVolume1) is healthy.  No action is needed.
Information,1/23/2022 8:34:39 PM,Microsoft-Windows-Ntfs,98,None,Volume F: (\Device\HarddiskVolume4) is healthy.  No action is needed.
Information,1/23/2022 8:34:38 PM,Microsoft-Windows-Ntfs,98,None,Volume E: (\Device\HarddiskVolume3) is healthy.  No action is needed.
Information,1/23/2022 8:34:38 PM,MEIx64,2,None,Intel(R) Trusted Execution Engine Interface driver has started successfully.
Information,1/23/2022 8:34:37 PM,Microsoft-Windows-Kernel-Processor-Power,55,-47,"Processor 3 in group 0 exposes the following power management capabilities:

Idle state type: ACPI Idle (C) States (3 state(s))

Performance state type: ACPI Performance (P) / Throttle (T) States
Nominal Frequency (MHz): 3700
Maximum performance percentage: 100
Minimum performance percentage: 21
Minimum throttle percentage: 21"
Information,1/23/2022 8:34:37 PM,Microsoft-Windows-Kernel-Processor-Power,55,-47,"Processor 1 in group 0 exposes the following power management capabilities:

Idle state type: ACPI Idle (C) States (3 state(s))

Performance state type: ACPI Performance (P) / Throttle (T) States
Nominal Frequency (MHz): 3700
Maximum performance percentage: 100
Minimum performance percentage: 21
Minimum throttle percentage: 21"
Information,1/23/2022 8:34:37 PM,Microsoft-Windows-Kernel-Processor-Power,55,-47,"Processor 2 in group 0 exposes the following power management capabilities:

Idle state type: ACPI Idle (C) States (3 state(s))

Performance state type: ACPI Performance (P) / Throttle (T) States
Nominal Frequency (MHz): 3700
Maximum performance percentage: 100
Minimum performance percentage: 21
Minimum throttle percentage: 21"
Information,1/23/2022 8:34:37 PM,Microsoft-Windows-Kernel-Processor-Power,55,-47,"Processor 0 in group 0 exposes the following power management capabilities:

Idle state type: ACPI Idle (C) States (3 state(s))

Performance state type: ACPI Performance (P) / Throttle (T) States
Nominal Frequency (MHz): 3700
Maximum performance percentage: 100
Minimum performance percentage: 21
Minimum throttle percentage: 21"
Information,1/23/2022 8:34:37 PM,VMnetAdapter,36,None,() Starting up the Adapter Driver for VMware Virtual Networks.
Information,1/23/2022 8:34:37 PM,Microsoft-Windows-Kernel-Power,172,-203,"Connectivity state in standby: Disconnected, Reason: NIC compliance"
Information,1/23/2022 8:34:37 PM,Microsoft-Windows-Ntfs,98,None,Volume \\?\Volume{fee45b76-0000-0000-0000-100000000000} (\Device\HarddiskVolume5) is healthy.  No action is needed.
Information,1/23/2022 8:34:37 PM,Microsoft-Windows-FilterManager,6,None,"File System Filter 'npsvctrig' (10.0, 1977-09-12T21:19:34.000000000Z) has successfully loaded and registered with Filter Manager."
Information,1/23/2022 8:34:37 PM,Microsoft-Windows-FilterManager,6,None,"File System Filter 'FileCrypt' (10.0, 2011-10-30T21:56:49.000000000Z) has successfully loaded and registered with Filter Manager."
Information,1/23/2022 8:34:37 PM,Microsoft-Windows-Ntfs,98,None,Volume C: (\Device\HarddiskVolume6) is healthy.  No action is needed.
Error,1/23/2022 8:34:35 PM,iaStorA,4102,None,Error log: Smart event occured on disk :X6GJEAPFS  
Information,1/23/2022 8:34:35 PM,Microsoft-Windows-FilterManager,6,None,"File System Filter 'WdFilter' (10.0, 2018-11-12T17:12:11.000000000Z) has successfully loaded and registered with Filter Manager."
Information,1/23/2022 8:34:35 PM,Microsoft-Windows-FilterManager,6,None,"File System Filter 'Wof' (10.0, 2045-05-29T21:42:55.000000000Z) has successfully loaded and registered with Filter Manager."
Information,1/23/2022 8:34:35 PM,Microsoft-Windows-FilterManager,6,None,"File System Filter 'FileInfo' (10.0, 1989-07-13T07:15:12.000000000Z) has successfully loaded and registered with Filter Manager."
Information,1/23/2022 8:34:35 PM,Microsoft-Windows-Kernel-General,20,-6,"The leap second configuration has been updated.
Reason: Leap second data initialized from registry during boot
Leap seconds enabled: true
New leap second count: 0
Old leap second count: 0"
Information,1/23/2022 8:34:35 PM,Microsoft-Windows-Kernel-Boot,30,-21,The firmware reported boot metrics.
Information,1/23/2022 8:34:35 PM,Microsoft-Windows-Kernel-Boot,32,-58,The bootmgr spent 0 ms waiting for user input.
Information,1/23/2022 8:34:35 PM,Microsoft-Windows-Kernel-Boot,18,-57,There are 0x1 boot options on this system.
Information,1/23/2022 8:34:35 PM,Microsoft-Windows-Kernel-Boot,27,-33,The boot type was 0x0.
Information,1/23/2022 8:34:35 PM,Microsoft-Windows-Kernel-Boot,25,-32,The boot menu policy was 0x1.
Information,1/23/2022 8:34:35 PM,Microsoft-Windows-Kernel-Boot,20,-31,The last shutdown's success status was true. The last boot's success status was true.
Information,1/23/2022 8:34:35 PM,Microsoft-Windows-Kernel-Boot,153,-62,Virtualization-based security (policies: 0) is disabled.
Information,1/23/2022 8:34:35 PM,Microsoft-Windows-Kernel-General,12,-1,The operating system started at system time 2022-01-23T14:34:34.500000000Z.
Information,1/23/2022 8:34:23 PM,Microsoft-Windows-Kernel-General,13,-2,The operating system is shutting down at system time 2022-01-23T14:34:23.238530300Z.
Information,1/23/2022 8:34:22 PM,Microsoft-Windows-Kernel-Power,109,-103,"The kernel power manager has initiated a shutdown transition.

Shutdown Reason: Kernel API"
Information,1/23/2022 8:34:18 PM,Microsoft-Windows-WLAN-AutoConfig,4001,None,"WLAN AutoConfig service has successfully stopped.
"
Information,1/23/2022 8:34:46 PM,EventLog,6013,None,The system uptime is 11 seconds.
Information,1/23/2022 8:34:46 PM,EventLog,6005,None,The Event log service was started.
Information,1/23/2022 8:34:46 PM,EventLog,6009,None,Microsoft (R) Windows (R) 10.00. 18363 Service Pack 1 Multiprocessor Free.
Information,1/23/2022 8:34:17 PM,Microsoft-Windows-Dhcp-Client,50037,Service State Event,DHCPv4 client service is stopped. ShutDown Flag value is 1
Information,1/23/2022 8:34:17 PM,Microsoft-Windows-DHCPv6-Client,51057,Service State Event,DHCPv6 client service stop is almost done.DHCP Context Ref count is 1
Information,1/23/2022 8:34:17 PM,Microsoft-Windows-DHCPv6-Client,51057,Service State Event,DHCPv6 client service stop is almost done.DHCP Context Ref count is 1
Information,1/23/2022 8:34:17 PM,Microsoft-Windows-DHCPv6-Client,51047,Service State Event,DHCPv6 client service is stopped. ShutDown Flag value is 1
Information,1/23/2022 8:34:17 PM,Microsoft-Windows-Dhcp-Client,50106,Service State Event,DHCPv4 is waiting on DHCPv6 service to stop
Information,1/23/2022 8:34:17 PM,Microsoft-Windows-Dhcp-Client,50105,Service State Event,DHCPv4 client ProcessDHCPRequestForever received TERMINATE_EVENT
Information,1/23/2022 8:34:17 PM,Microsoft-Windows-Dhcp-Client,50104,Service State Event,DHCPv4 client received shutdown notification
Information,1/23/2022 8:34:17 PM,EventLog,6006,None,The Event log service was stopped.
Information,1/23/2022 8:34:16 PM,Microsoft-Windows-Winlogon,7002,-1102,User Logoff Notification for Customer Experience Improvement Program
Error,1/23/2022 8:22:25 PM,Microsoft-Windows-DistributedCOM,10010,None,The server Microsoft.SkypeApp_15.79.95.0_x86__kzf8qxf38zg5c!App.AppXtwmqn4em5r5dpafgj4t4yyxgjfe0hr50.mca did not register with DCOM within the required timeout.
Information,1/23/2022 4:58:00 PM,Service Control Manager,7045,None,"A service was installed in the system.

Service Name:  MpKslfeefeba9
Service File Name:  C:\ProgramData\Microsoft\Windows Defender\Definition Updates\{DD553648-4495-4C72-916E-7654B3CA5D94}\MpKslDrv.sys
Service Type:  kernel mode driver
Service Start Type:  demand start
Service Account:  "
Information,1/23/2022 1:54:01 PM,Microsoft-Windows-Kernel-General,15,None,Hive \??\C:\Windows\System32\config\components was reorganized with a starting size of 34078720 bytes and an ending size of 34078720 bytes.
Information,1/23/2022 1:53:42 PM,Microsoft-Windows-Kernel-General,1,-5,"The system time has changed to 2022-01-23T07:53:42.321713100Z from 2022-01-23T07:53:42.321251500Z.

Change Reason: An application or system component changed the time.
Process: '\Device\HarddiskVolume6\Windows\System32\svchost.exe' (PID 14204)."
Information,1/23/2022 1:53:42 PM,Microsoft-Windows-Time-Service,35,None,"The time service is now synchronizing the system time with the time source time.windows.com,0x9 (ntp.m|0x9|0.0.0.0:123->40.81.94.65:123) with reference id 1096700200. Current local stratum number is 4."
Information,1/23/2022 1:53:27 PM,Microsoft-Windows-Time-Service,37,None,"The time provider NtpClient is currently receiving valid time data from time.windows.com,0x9 (ntp.m|0x9|0.0.0.0:123->40.81.94.65:123)."
Information,1/23/2022 1:53:26 PM,Microsoft-Windows-Time-Service,158,None,The time provider 'VMICTimeProvider' has indicated that the current hardware and operating environment is not supported and has stopped. This behavior is expected for VMICTimeProvider on non-HyperV-guest environments. This may be the expected behavior for the current provider in the current operating environment as well.
Information,1/23/2022 12:06:18 PM,Microsoft-Windows-Kernel-General,16,None,The access history in hive \??\C:\ProgramData\Microsoft\Provisioning\Microsoft-Desktop-Provisioning-Sequence.dat was cleared updating 0 keys and creating 0 modified pages.
Information,1/23/2022 12:00:00 PM,EventLog,6013,None,The system uptime is 65256 seconds.
Warning,1/23/2022 11:09:41 AM,Microsoft-Windows-DistributedCOM,10016,None,"The machine-default permission settings do not grant Local Activation permission for the COM Server application with CLSID 
{C2F03A33-21F5-47FA-B4BB-156362A2F239}
 and APPID 
{316CDED5-E4AE-4B15-9113-7055D84DCC97}
 to the user SHOHID-PC\SHOHID SID (S-1-5-21-2091211461-3178656723-4261672445-1001) from address LocalHost (Using LRPC) running in the application container Microsoft.Windows.ShellExperienceHost_10.0.18362.1171_neutral_neutral_cw5n1h2txyewy SID (S-1-15-2-155514346-2573954481-755741238-1654018636-1233331829-3075935687-2861478708). This security permission can be modified using the Component Services administrative tool."
Warning,1/23/2022 11:09:40 AM,Microsoft-Windows-DistributedCOM,10016,None,"The machine-default permission settings do not grant Local Activation permission for the COM Server application with CLSID 
{C2F03A33-21F5-47FA-B4BB-156362A2F239}
 and APPID 
{316CDED5-E4AE-4B15-9113-7055D84DCC97}
 to the user SHOHID-PC\SHOHID SID (S-1-5-21-2091211461-3178656723-4261672445-1001) from address LocalHost (Using LRPC) running in the application container Microsoft.Windows.ShellExperienceHost_10.0.18362.1171_neutral_neutral_cw5n1h2txyewy SID (S-1-15-2-155514346-2573954481-755741238-1654018636-1233331829-3075935687-2861478708). This security permission can be modified using the Component Services administrative tool."
Error,1/23/2022 11:07:20 AM,Microsoft-Windows-DistributedCOM,10010,None,The server Microsoft.SkypeApp_15.79.95.0_x86__kzf8qxf38zg5c!App.AppXtwmqn4em5r5dpafgj4t4yyxgjfe0hr50.mca did not register with DCOM within the required timeout.
Error,1/23/2022 11:06:30 AM,Microsoft-Windows-DistributedCOM,10010,None,The server Microsoft.SkypeApp_15.79.95.0_x86__kzf8qxf38zg5c!App.AppXtwmqn4em5r5dpafgj4t4yyxgjfe0hr50.mca did not register with DCOM within the required timeout.
Information,1/23/2022 11:06:17 AM,Microsoft-Windows-Power-Troubleshooter,1,None,"The system has returned from a low power state.

Sleep Time: 2022-01-22T19:28:34.463231500Z
Wake Time: 2022-01-23T05:06:16.023459700Z

Wake Source: Unknown"
Information,1/23/2022 11:06:16 AM,Microsoft-Windows-Winlogon,7001,-1101,User Logon Notification for Customer Experience Improvement Program
Error,1/23/2022 11:06:15 AM,iaStorA,4102,None,Error log: Smart event occured on disk :X6GJEAPFS  
Information,1/23/2022 11:06:15 AM,Microsoft-Windows-Kernel-Boot,32,-58,The bootmgr spent 0 ms waiting for user input.
Information,1/23/2022 11:06:15 AM,Microsoft-Windows-Kernel-Boot,18,-57,There are 0x1 boot options on this system.
Information,1/23/2022 11:06:15 AM,Microsoft-Windows-Kernel-Boot,27,-33,The boot type was 0x1.
Information,1/23/2022 11:06:15 AM,Microsoft-Windows-Kernel-Boot,25,-32,The boot menu policy was 0x1.
Information,1/23/2022 11:06:15 AM,Microsoft-Windows-Kernel-Boot,30,-21,The firmware reported boot metrics.
Information,1/23/2022 11:06:14 AM,Microsoft-Windows-Kernel-General,1,-5,"The system time has changed to 2022-01-23T05:06:14.500000000Z from 2022-01-22T19:28:36.930716400Z.

Change Reason: System time synchronized with the hardware clock.
Process: '' (PID 4)."
Information,1/23/2022 1:28:36 AM,Microsoft-Windows-Kernel-Power,107,-102,The system has resumed from sleep.
Information,1/23/2022 1:28:35 AM,Microsoft-Windows-Kernel-Power,42,-64,"The system is entering sleep.

Sleep Reason: Application API"
Information,1/23/2022 1:28:34 AM,Microsoft-Windows-Kernel-Power,187,-243,User-mode process attempted to change the system state by calling SetSuspendState or SetSystemPowerState APIs.
Information,1/23/2022 1:28:33 AM,Microsoft-Windows-Winlogon,7002,-1102,User Logoff Notification for Customer Experience Improvement Program
Information,1/23/2022 12:33:39 AM,Microsoft-Windows-Kernel-General,16,None,The access history in hive \??\C:\ProgramData\Microsoft\Provisioning\Microsoft-Desktop-Provisioning-Sequence.dat was cleared updating 0 keys and creating 0 modified pages.
Error,1/22/2022 11:56:14 PM,Microsoft-Windows-DistributedCOM,10010,None,The server Microsoft.SkypeApp_15.79.95.0_x86__kzf8qxf38zg5c!App.AppXtwmqn4em5r5dpafgj4t4yyxgjfe0hr50.mca did not register with DCOM within the required timeout.
Information,1/22/2022 11:56:02 PM,Microsoft-Windows-Winlogon,7001,-1101,User Logon Notification for Customer Experience Improvement Program
Information,1/22/2022 11:56:02 PM,Microsoft-Windows-Power-Troubleshooter,1,None,"The system has returned from a low power state.

Sleep Time: 2022-01-22T17:44:56.800990400Z
Wake Time: 2022-01-22T17:56:01.174525500Z

Wake Source: Unknown"
Information,1/22/2022 11:55:59 PM,Microsoft-Windows-Kernel-Boot,32,-58,The bootmgr spent 0 ms waiting for user input.
Information,1/22/2022 11:55:59 PM,Microsoft-Windows-Kernel-Boot,18,-57,There are 0x1 boot options on this system.
Information,1/22/2022 11:55:59 PM,Microsoft-Windows-Kernel-Boot,27,-33,The boot type was 0x1.
Information,1/22/2022 11:55:59 PM,Microsoft-Windows-Kernel-Boot,25,-32,The boot menu policy was 0x1.
Information,1/22/2022 11:55:59 PM,Microsoft-Windows-Kernel-Boot,30,-21,The firmware reported boot metrics.
Error,1/22/2022 11:55:59 PM,iaStorA,4102,None,Error log: Smart event occured on disk :X6GJEAPFS  
Information,1/22/2022 11:55:58 PM,Microsoft-Windows-Kernel-General,1,-5,"The system time has changed to 2022-01-22T17:55:58.500000000Z from 2022-01-22T17:45:00.246313900Z.

Change Reason: System time synchronized with the hardware clock.
Process: '' (PID 4)."
Information,1/22/2022 11:45:00 PM,Microsoft-Windows-Kernel-Power,107,-102,The system has resumed from sleep.
Information,1/22/2022 11:44:57 PM,Microsoft-Windows-Kernel-Power,42,-64,"The system is entering sleep.

Sleep Reason: Application API"
Information,1/22/2022 11:44:56 PM,Microsoft-Windows-Kernel-Power,187,-243,User-mode process attempted to change the system state by calling SetSuspendState or SetSystemPowerState APIs.
Information,1/22/2022 11:44:55 PM,Microsoft-Windows-Winlogon,7002,-1102,User Logoff Notification for Customer Experience Improvement Program
Information,1/22/2022 11:44:52 PM,User32,1074,None,"The process C:\Windows\System32\RuntimeBroker.exe (SHOHID-PC) has initiated the power off of computer SHOHID-PC on behalf of user SHOHID-PC\SHOHID for the following reason: Other (Unplanned)
 Reason Code: 0x0
 Shutdown Type: power off
 Comment: "
Warning,1/22/2022 11:44:30 PM,Microsoft-Windows-DistributedCOM,10016,None,"The machine-default permission settings do not grant Local Activation permission for the COM Server application with CLSID 
{C2F03A33-21F5-47FA-B4BB-156362A2F239}
 and APPID 
{316CDED5-E4AE-4B15-9113-7055D84DCC97}
 to the user SHOHID-PC\SHOHID SID (S-1-5-21-2091211461-3178656723-4261672445-1001) from address LocalHost (Using LRPC) running in the application container Microsoft.Windows.ShellExperienceHost_10.0.18362.1171_neutral_neutral_cw5n1h2txyewy SID (S-1-15-2-155514346-2573954481-755741238-1654018636-1233331829-3075935687-2861478708). This security permission can be modified using the Component Services administrative tool."
Warning,1/22/2022 11:38:06 PM,Microsoft-Windows-DNS-Client,1014,-1014,Name resolution for the name dns.msftncsi.com timed out after none of the configured DNS servers responded.
Warning,1/22/2022 11:23:04 PM,Microsoft-Windows-DNS-Client,1014,-1014,Name resolution for the name dns.msftncsi.com timed out after none of the configured DNS servers responded.
Warning,1/22/2022 11:08:47 PM,Microsoft-Windows-DNS-Client,1014,-1014,Name resolution for the name dns.msftncsi.com timed out after none of the configured DNS servers responded.
Warning,1/22/2022 10:53:23 PM,Microsoft-Windows-DNS-Client,1014,-1014,Name resolution for the name dns.msftncsi.com timed out after none of the configured DNS servers responded.
Warning,1/22/2022 10:46:11 PM,Microsoft-Windows-DNS-Client,1014,-1014,Name resolution for the name dns.msftncsi.com timed out after none of the configured DNS servers responded.
Warning,1/22/2022 10:45:47 PM,Microsoft-Windows-DistributedCOM,10016,None,"The machine-default permission settings do not grant Local Activation permission for the COM Server application with CLSID 
{C2F03A33-21F5-47FA-B4BB-156362A2F239}
 and APPID 
{316CDED5-E4AE-4B15-9113-7055D84DCC97}
 to the user SHOHID-PC\SHOHID SID (S-1-5-21-2091211461-3178656723-4261672445-1001) from address LocalHost (Using LRPC) running in the application container Microsoft.Windows.ShellExperienceHost_10.0.18362.1171_neutral_neutral_cw5n1h2txyewy SID (S-1-15-2-155514346-2573954481-755741238-1654018636-1233331829-3075935687-2861478708). This security permission can be modified using the Component Services administrative tool."
Warning,1/22/2022 9:34:00 PM,Microsoft-Windows-DistributedCOM,10016,None,"The application-specific permission settings do not grant Local Activation permission for the COM Server application with CLSID 
{2593F8B9-4EAF-457C-B68A-50F6B8EA6B54}
 and APPID 
{15C20B67-12E7-4BB6-92BB-7AFF07997402}
 to the user SHOHID-PC\SHOHID SID (S-1-5-21-2091211461-3178656723-4261672445-1001) from address LocalHost (Using LRPC) running in the application container Unavailable SID (Unavailable). This security permission can be modified using the Component Services administrative tool."
Warning,1/22/2022 9:33:07 PM,Microsoft-Windows-DistributedCOM,10016,None,"The machine-default permission settings do not grant Local Activation permission for the COM Server application with CLSID 
{C2F03A33-21F5-47FA-B4BB-156362A2F239}
 and APPID 
{316CDED5-E4AE-4B15-9113-7055D84DCC97}
 to the user SHOHID-PC\SHOHID SID (S-1-5-21-2091211461-3178656723-4261672445-1001) from address LocalHost (Using LRPC) running in the application container Microsoft.Windows.ShellExperienceHost_10.0.18362.1171_neutral_neutral_cw5n1h2txyewy SID (S-1-15-2-155514346-2573954481-755741238-1654018636-1233331829-3075935687-2861478708). This security permission can be modified using the Component Services administrative tool."
Error,1/22/2022 9:33:05 PM,Microsoft-Windows-HttpEvent,15005,None,Unable to bind to the underlying transport for 192.168.31.109:1057. The IP Listen-Only list may contain a reference to an interface which may not exist on this machine.  The data field contains the error number.
Warning,1/22/2022 9:29:59 PM,Microsoft-Windows-DistributedCOM,10016,None,"The application-specific permission settings do not grant Local Activation permission for the COM Server application with CLSID 
{2593F8B9-4EAF-457C-B68A-50F6B8EA6B54}
 and APPID 
{15C20B67-12E7-4BB6-92BB-7AFF07997402}
 to the user SHOHID-PC\SHOHID SID (S-1-5-21-2091211461-3178656723-4261672445-1001) from address LocalHost (Using LRPC) running in the application container Unavailable SID (Unavailable). This security permission can be modified using the Component Services administrative tool."
Warning,1/22/2022 9:00:00 PM,Microsoft-Windows-DistributedCOM,10016,None,"The machine-default permission settings do not grant Local Activation permission for the COM Server application with CLSID 
{C2F03A33-21F5-47FA-B4BB-156362A2F239}
 and APPID 
{316CDED5-E4AE-4B15-9113-7055D84DCC97}
 to the user SHOHID-PC\SHOHID SID (S-1-5-21-2091211461-3178656723-4261672445-1001) from address LocalHost (Using LRPC) running in the application container Microsoft.Windows.ShellExperienceHost_10.0.18362.1171_neutral_neutral_cw5n1h2txyewy SID (S-1-15-2-155514346-2573954481-755741238-1654018636-1233331829-3075935687-2861478708). This security permission can be modified using the Component Services administrative tool."
Error,1/22/2022 8:21:59 PM,Microsoft-Windows-DistributedCOM,10010,None,The server Microsoft.SkypeApp_15.79.95.0_x86__kzf8qxf38zg5c!App.AppXtwmqn4em5r5dpafgj4t4yyxgjfe0hr50.mca did not register with DCOM within the required timeout.
Information,1/22/2022 7:58:58 PM,Microsoft-Windows-WindowsUpdateClient,19,Windows Update Agent,Installation Successful: Windows successfully installed the following update: Security Intelligence Update for Microsoft Defender Antivirus - KB2267602 (Version 1.355.2330.0)
Information,1/22/2022 7:58:48 PM,Microsoft-Windows-WindowsUpdateClient,43,Windows Update Agent,Installation Started: Windows has started installing the following update: Security Intelligence Update for Microsoft Defender Antivirus - KB2267602 (Version 1.355.2330.0)
Information,1/22/2022 7:58:43 PM,Microsoft-Windows-WindowsUpdateClient,44,Windows Update Agent,Windows Update started downloading an update.
Warning,1/22/2022 7:34:58 PM,Microsoft-Windows-DNS-Client,1014,-1014,Name resolution for the name aefd.nelreports.net timed out after none of the configured DNS servers responded.
Warning,1/22/2022 7:30:18 PM,Microsoft-Windows-DistributedCOM,10016,None,"The application-specific permission settings do not grant Local Activation permission for the COM Server application with CLSID 
{2593F8B9-4EAF-457C-B68A-50F6B8EA6B54}
 and APPID 
{15C20B67-12E7-4BB6-92BB-7AFF07997402}
 to the user SHOHID-PC\SHOHID SID (S-1-5-21-2091211461-3178656723-4261672445-1001) from address LocalHost (Using LRPC) running in the application container Unavailable SID (Unavailable). This security permission can be modified using the Component Services administrative tool."
Warning,1/22/2022 7:27:50 PM,Microsoft-Windows-DistributedCOM,10016,None,"The machine-default permission settings do not grant Local Activation permission for the COM Server application with CLSID 
{C2F03A33-21F5-47FA-B4BB-156362A2F239}
 and APPID 
{316CDED5-E4AE-4B15-9113-7055D84DCC97}
 to the user SHOHID-PC\SHOHID SID (S-1-5-21-2091211461-3178656723-4261672445-1001) from address LocalHost (Using LRPC) running in the application container Microsoft.Windows.ShellExperienceHost_10.0.18362.1171_neutral_neutral_cw5n1h2txyewy SID (S-1-15-2-155514346-2573954481-755741238-1654018636-1233331829-3075935687-2861478708). This security permission can be modified using the Component Services administrative tool."
Warning,1/22/2022 7:27:48 PM,Microsoft-Windows-DistributedCOM,10016,None,"The machine-default permission settings do not grant Local Activation permission for the COM Server application with CLSID 
{C2F03A33-21F5-47FA-B4BB-156362A2F239}
 and APPID 
{316CDED5-E4AE-4B15-9113-7055D84DCC97}
 to the user SHOHID-PC\SHOHID SID (S-1-5-21-2091211461-3178656723-4261672445-1001) from address LocalHost (Using LRPC) running in the application container Microsoft.Windows.ShellExperienceHost_10.0.18362.1171_neutral_neutral_cw5n1h2txyewy SID (S-1-15-2-155514346-2573954481-755741238-1654018636-1233331829-3075935687-2861478708). This security permission can be modified using the Component Services administrative tool."
Warning,1/22/2022 7:26:48 PM,Microsoft-Windows-IIS-APPHOSTSVC,9009,None,The Application Host Helper Service encountered an error trying to delete the history directory 'C:\inetpub\history\CFGHISTORY_0000000057'.  The directory will be skipped and ignored.  Note that the directory may still get deleted in the future if the service restarts.  The data field contains the error number.
Warning,1/22/2022 7:26:48 PM,Microsoft-Windows-IIS-APPHOSTSVC,9009,None,The Application Host Helper Service encountered an error trying to delete the history directory 'C:\inetpub\history\CFGHISTORY_0000000057\schema'.  The directory will be skipped and ignored.  Note that the directory may still get deleted in the future if the service restarts.  The data field contains the error number.
Warning,1/22/2022 7:26:48 PM,Microsoft-Windows-IIS-APPHOSTSVC,9009,None,The Application Host Helper Service encountered an error trying to delete the history directory 'C:\inetpub\history\CFGHISTORY_0000000056'.  The directory will be skipped and ignored.  Note that the directory may still get deleted in the future if the service restarts.  The data field contains the error number.
Information,1/22/2022 7:24:56 PM,Microsoft-Windows-HttpEvent,15007,None,Reservation for namespace identified by URL prefix http://192.168.31.109:1057:192.168.31.109/ was successfully added.
Warning,1/22/2022 7:14:48 PM,Microsoft-Windows-IIS-APPHOSTSVC,9009,None,The Application Host Helper Service encountered an error trying to delete the history directory 'C:\inetpub\history\CFGHISTORY_0000000056'.  The directory will be skipped and ignored.  Note that the directory may still get deleted in the future if the service restarts.  The data field contains the error number.
Warning,1/22/2022 7:14:48 PM,Microsoft-Windows-IIS-APPHOSTSVC,9009,None,The Application Host Helper Service encountered an error trying to delete the history directory 'C:\inetpub\history\CFGHISTORY_0000000056\schema'.  The directory will be skipped and ignored.  Note that the directory may still get deleted in the future if the service restarts.  The data field contains the error number.
Warning,1/22/2022 7:14:48 PM,Microsoft-Windows-IIS-APPHOSTSVC,9009,None,The Application Host Helper Service encountered an error trying to delete the history directory 'C:\inetpub\history\CFGHISTORY_0000000055'.  The directory will be skipped and ignored.  Note that the directory may still get deleted in the future if the service restarts.  The data field contains the error number.
Error,1/22/2022 7:10:59 PM,Microsoft-Windows-IIS-W3SVC,1007,None,The World Wide Web Publishing Service (WWW Service) did not register the URL prefix http://*:1057/ for site 11. The necessary network binding may already be in use. The site has been disabled. The data field contains the error number.
Warning,1/22/2022 7:10:48 PM,Microsoft-Windows-IIS-APPHOSTSVC,9009,None,The Application Host Helper Service encountered an error trying to delete the history directory 'C:\inetpub\history\CFGHISTORY_0000000055'.  The directory will be skipped and ignored.  Note that the directory may still get deleted in the future if the service restarts.  The data field contains the error number.
Warning,1/22/2022 7:10:48 PM,Microsoft-Windows-IIS-APPHOSTSVC,9009,None,The Application Host Helper Service encountered an error trying to delete the history directory 'C:\inetpub\history\CFGHISTORY_0000000055\schema'.  The directory will be skipped and ignored.  Note that the directory may still get deleted in the future if the service restarts.  The data field contains the error number.
Warning,1/22/2022 7:10:48 PM,Microsoft-Windows-IIS-APPHOSTSVC,9009,None,The Application Host Helper Service encountered an error trying to delete the history directory 'C:\inetpub\history\CFGHISTORY_0000000054'.  The directory will be skipped and ignored.  Note that the directory may still get deleted in the future if the service restarts.  The data field contains the error number.
Error,1/22/2022 7:10:36 PM,Microsoft-Windows-IIS-W3SVC,1007,None,The World Wide Web Publishing Service (WWW Service) did not register the URL prefix http://*:1057/ for site 11. The necessary network binding may already be in use. The site has been disabled. The data field contains the error number.
Information,1/22/2022 7:09:35 PM,Microsoft-Windows-Kernel-General,16,None,The access history in hive \??\C:\Users\BMTF\ntuser.dat was cleared updating 5 keys and creating 2 modified pages.
Warning,1/22/2022 7:08:48 PM,Microsoft-Windows-IIS-APPHOSTSVC,9009,None,The Application Host Helper Service encountered an error trying to delete the history directory 'C:\inetpub\history\CFGHISTORY_0000000054'.  The directory will be skipped and ignored.  Note that the directory may still get deleted in the future if the service restarts.  The data field contains the error number.
Warning,1/22/2022 7:08:48 PM,Microsoft-Windows-IIS-APPHOSTSVC,9009,None,The Application Host Helper Service encountered an error trying to delete the history directory 'C:\inetpub\history\CFGHISTORY_0000000054\schema'.  The directory will be skipped and ignored.  Note that the directory may still get deleted in the future if the service restarts.  The data field contains the error number.
Warning,1/22/2022 7:08:48 PM,Microsoft-Windows-IIS-APPHOSTSVC,9009,None,The Application Host Helper Service encountered an error trying to delete the history directory 'C:\inetpub\history\CFGHISTORY_0000000053'.  The directory will be skipped and ignored.  Note that the directory may still get deleted in the future if the service restarts.  The data field contains the error number.
Warning,1/22/2022 7:04:05 PM,Microsoft-Windows-DistributedCOM,10016,None,"The application-specific permission settings do not grant Local Activation permission for the COM Server application with CLSID 
{2593F8B9-4EAF-457C-B68A-50F6B8EA6B54}
 and APPID 
{15C20B67-12E7-4BB6-92BB-7AFF07997402}
 to the user SHOHID-PC\SHOHID SID (S-1-5-21-2091211461-3178656723-4261672445-1001) from address LocalHost (Using LRPC) running in the application container Unavailable SID (Unavailable). This security permission can be modified using the Component Services administrative tool."
Warning,1/22/2022 7:03:19 PM,Microsoft-Windows-DistributedCOM,10016,None,"The machine-default permission settings do not grant Local Activation permission for the COM Server application with CLSID 
{C2F03A33-21F5-47FA-B4BB-156362A2F239}
 and APPID 
{316CDED5-E4AE-4B15-9113-7055D84DCC97}
 to the user SHOHID-PC\SHOHID SID (S-1-5-21-2091211461-3178656723-4261672445-1001) from address LocalHost (Using LRPC) running in the application container Microsoft.Windows.ShellExperienceHost_10.0.18362.1171_neutral_neutral_cw5n1h2txyewy SID (S-1-15-2-155514346-2573954481-755741238-1654018636-1233331829-3075935687-2861478708). This security permission can be modified using the Component Services administrative tool."
Error,1/22/2022 7:03:17 PM,Microsoft-Windows-HttpEvent,15005,None,Unable to bind to the underlying transport for [::]:1057. The IP Listen-Only list may contain a reference to an interface which may not exist on this machine.  The data field contains the error number.
Warning,1/22/2022 7:02:59 PM,Microsoft-Windows-DistributedCOM,10016,None,"The machine-default permission settings do not grant Local Activation permission for the COM Server application with CLSID 
{C2F03A33-21F5-47FA-B4BB-156362A2F239}
 and APPID 
{316CDED5-E4AE-4B15-9113-7055D84DCC97}
 to the user SHOHID-PC\SHOHID SID (S-1-5-21-2091211461-3178656723-4261672445-1001) from address LocalHost (Using LRPC) running in the application container Microsoft.Windows.ShellExperienceHost_10.0.18362.1171_neutral_neutral_cw5n1h2txyewy SID (S-1-15-2-155514346-2573954481-755741238-1654018636-1233331829-3075935687-2861478708). This security permission can be modified using the Component Services administrative tool."
Error,1/22/2022 7:02:57 PM,Microsoft-Windows-HttpEvent,15005,None,Unable to bind to the underlying transport for [::]:1057. The IP Listen-Only list may contain a reference to an interface which may not exist on this machine.  The data field contains the error number.
Warning,1/22/2022 7:02:53 PM,Microsoft-Windows-DistributedCOM,10016,None,"The machine-default permission settings do not grant Local Activation permission for the COM Server application with CLSID 
{C2F03A33-21F5-47FA-B4BB-156362A2F239}
 and APPID 
{316CDED5-E4AE-4B15-9113-7055D84DCC97}
 to the user SHOHID-PC\SHOHID SID (S-1-5-21-2091211461-3178656723-4261672445-1001) from address LocalHost (Using LRPC) running in the application container Microsoft.Windows.ShellExperienceHost_10.0.18362.1171_neutral_neutral_cw5n1h2txyewy SID (S-1-15-2-155514346-2573954481-755741238-1654018636-1233331829-3075935687-2861478708). This security permission can be modified using the Component Services administrative tool."
Error,1/22/2022 7:02:51 PM,Microsoft-Windows-HttpEvent,15005,None,Unable to bind to the underlying transport for [::]:1057. The IP Listen-Only list may contain a reference to an interface which may not exist on this machine.  The data field contains the error number.
Warning,1/22/2022 7:00:59 PM,Microsoft-Windows-DistributedCOM,10016,None,"The application-specific permission settings do not grant Local Activation permission for the COM Server application with CLSID 
{2593F8B9-4EAF-457C-B68A-50F6B8EA6B54}
 and APPID 
{15C20B67-12E7-4BB6-92BB-7AFF07997402}
 to the user SHOHID-PC\SHOHID SID (S-1-5-21-2091211461-3178656723-4261672445-1001) from address LocalHost (Using LRPC) running in the application container Unavailable SID (Unavailable). This security permission can be modified using the Component Services administrative tool."
Information,1/22/2022 6:55:39 PM,Microsoft-Windows-Kernel-General,16,None,The access history in hive \??\C:\ProgramData\Microsoft\Provisioning\Microsoft-Desktop-Provisioning-Sequence.dat was cleared updating 0 keys and creating 0 modified pages.
