Information,12-03-2021 20:08,Microsoft-Windows-Kernel-General,16,None,The access history in hive \??\C:\Users\SHOHID\AppData\Local\Packages\microsoft.windows.secureassessmentbrowser_cw5n1h2txyewy\Settings\settings.dat was cleared updating 2 keys and creating 1 modified pages.
Information,12-03-2021 20:08,Microsoft-Windows-Kernel-General,16,None,The access history in hive \??\C:\Users\SHOHID\AppData\Local\Packages\microsoft.windows.sechealthui_cw5n1h2txyewy\Settings\settings.dat was cleared updating 2 keys and creating 1 modified pages.
Information,12-03-2021 20:08,Microsoft-Windows-Kernel-General,16,None,The access history in hive \??\C:\Users\SHOHID\AppData\Local\Packages\microsoft.windows.pinningconfirmationdialog_cw5n1h2txyewy\Settings\settings.dat was cleared updating 2 keys and creating 1 modified pages.
Information,12-03-2021 20:08,Microsoft-Windows-Kernel-General,16,None,The access history in hive \??\C:\Users\SHOHID\AppData\Local\Packages\microsoft.windows.peopleexperiencehost_cw5n1h2txyewy\Settings\settings.dat was cleared updating 2 keys and creating 1 modified pages.
Information,12-03-2021 20:08,Microsoft-Windows-Kernel-General,16,None,The access history in hive \??\C:\Users\SHOHID\AppData\Local\Packages\microsoft.windows.parentalcontrols_cw5n1h2txyewy\Settings\settings.dat was cleared updating 2 keys and creating 1 modified pages.
Information,12-03-2021 20:08,Microsoft-Windows-Kernel-General,16,None,The access history in hive \??\C:\Users\SHOHID\AppData\Local\Packages\microsoft.windows.oobenetworkconnectionflow_cw5n1h2txyewy\Settings\settings.dat was cleared updating 2 keys and creating 1 modified pages.
Information,12-03-2021 20:08,Microsoft-Windows-Kernel-General,16,None,The access history in hive \??\C:\Users\SHOHID\AppData\Local\Packages\microsoft.windows.oobenetworkcaptiveportal_cw5n1h2txyewy\Settings\settings.dat was cleared updating 2 keys and creating 1 modified pages.
Information,12-03-2021 20:08,Microsoft-Windows-Kernel-General,16,None,The access history in hive \??\C:\Users\SHOHID\AppData\Local\Packages\microsoft.windows.narratorquickstart_8wekyb3d8bbwe\Settings\settings.dat was cleared updating 2 keys and creating 1 modified pages.
Information,12-03-2021 20:08,Microsoft-Windows-Kernel-General,16,None,The access history in hive \??\C:\Users\SHOHID\AppData\Local\Packages\microsoft.windows.cloudexperiencehost_cw5n1h2txyewy\Settings\settings.dat was cleared updating 2 keys and creating 1 modified pages.
Information,12-03-2021 20:08,Microsoft-Windows-Kernel-General,16,None,The access history in hive \??\C:\Users\SHOHID\AppData\Local\Packages\microsoft.windows.capturepicker_cw5n1h2txyewy\Settings\settings.dat was cleared updating 2 keys and creating 1 modified pages.
Information,12-03-2021 20:08,Microsoft-Windows-Kernel-General,16,None,The access history in hive \??\C:\Users\SHOHID\AppData\Local\Packages\microsoft.windows.callingshellapp_cw5n1h2txyewy\Settings\settings.dat was cleared updating 2 keys and creating 1 modified pages.
Information,12-03-2021 20:08,Microsoft-Windows-Kernel-General,16,None,The access history in hive \??\C:\Users\SHOHID\AppData\Local\Packages\microsoft.windows.assignedaccesslockapp_cw5n1h2txyewy\Settings\settings.dat was cleared updating 2 keys and creating 1 modified pages.
Information,12-03-2021 20:08,Microsoft-Windows-Kernel-General,16,None,The access history in hive \??\C:\Users\SHOHID\AppData\Local\Packages\microsoft.windows.apprep.chxapp_cw5n1h2txyewy\Settings\settings.dat was cleared updating 2 keys and creating 1 modified pages.
Information,12-03-2021 20:08,Microsoft-Windows-Kernel-General,16,None,The access history in hive \??\C:\Users\SHOHID\AppData\Local\Packages\microsoft.win32webviewhost_cw5n1h2txyewy\Settings\settings.dat was cleared updating 2 keys and creating 1 modified pages.
Information,12-03-2021 20:08,Microsoft-Windows-Kernel-General,16,None,The access history in hive \??\C:\Users\SHOHID\AppData\Local\Packages\microsoft.webpimageextension_8wekyb3d8bbwe\Settings\settings.dat was cleared updating 2 keys and creating 1 modified pages.
Information,12-03-2021 20:08,Microsoft-Windows-Kernel-General,16,None,The access history in hive \??\C:\Users\SHOHID\AppData\Local\Packages\microsoft.webmediaextensions_8wekyb3d8bbwe\Settings\settings.dat was cleared updating 2 keys and creating 1 modified pages.
Information,12-03-2021 20:08,Microsoft-Windows-Kernel-General,16,None,The access history in hive \??\C:\Users\SHOHID\AppData\Local\Packages\microsoft.wallet_8wekyb3d8bbwe\Settings\settings.dat was cleared updating 2 keys and creating 1 modified pages.
Information,12-03-2021 20:08,Microsoft-Windows-Kernel-General,1,-5,"The system time has changed to 2021-12-03T14:08:23.124213200Z from 2021-12-03T14:08:23.123026600Z.

Change Reason: An application or system component changed the time.
Process: '\Device\HarddiskVolume6\Windows\System32\svchost.exe' (PID 11740)."
Information,12-03-2021 20:08,Microsoft-Windows-Kernel-General,1,-5,"The system time has changed to 2021-12-03T14:08:23.123026600Z from 2021-12-03T14:08:23.122035700Z.

Change Reason: An application or system component changed the time.
Process: '\Device\HarddiskVolume6\Windows\System32\svchost.exe' (PID 11740)."
Information,12-03-2021 20:08,Microsoft-Windows-Time-Service,35,None,"The time service is now synchronizing the system time with the time source time.windows.com,0x9 (ntp.m|0x9|0.0.0.0:123->40.81.94.65:123) with reference id 1096700200. Current local stratum number is 4."
Information,12-03-2021 20:08,Microsoft-Windows-Kernel-General,1,-5,"The system time has changed to 2021-12-03T14:08:23.122035700Z from 2021-12-03T14:08:21.827975000Z.

Change Reason: An application or system component changed the time.
Process: '\Device\HarddiskVolume6\Windows\System32\svchost.exe' (PID 11740)."
Information,12-03-2021 20:08,Microsoft-Windows-Kernel-General,16,None,The access history in hive \??\C:\Users\SHOHID\AppData\Local\Packages\microsoft.vp9videoextensions_8wekyb3d8bbwe\Settings\settings.dat was cleared updating 2 keys and creating 1 modified pages.
Information,12-03-2021 20:08,Microsoft-Windows-Kernel-General,16,None,The access history in hive \??\C:\Users\SHOHID\AppData\Local\Packages\microsoft.skypeapp_kzf8qxf38zg5c\Settings\settings.dat was cleared updating 2 keys and creating 1 modified pages.
Information,12-03-2021 20:08,Microsoft-Windows-Kernel-General,16,None,The access history in hive \??\C:\Users\SHOHID\AppData\Local\Packages\microsoft.screensketch_8wekyb3d8bbwe\Settings\settings.dat was cleared updating 2 keys and creating 1 modified pages.
Information,12-03-2021 20:08,Microsoft-Windows-Kernel-General,16,None,The access history in hive \??\C:\Users\SHOHID\AppData\Local\Packages\microsoft.print3d_8wekyb3d8bbwe\Settings\settings.dat was cleared updating 2 keys and creating 1 modified pages.
Information,12-03-2021 20:08,Microsoft-Windows-Kernel-General,16,None,The access history in hive \??\C:\Users\SHOHID\AppData\Local\Packages\microsoft.ppiprojection_cw5n1h2txyewy\Settings\settings.dat was cleared updating 2 keys and creating 1 modified pages.
Information,12-03-2021 20:08,Microsoft-Windows-Kernel-General,16,None,The access history in hive \??\C:\Users\SHOHID\AppData\Local\Packages\microsoft.oneconnect_8wekyb3d8bbwe\Settings\settings.dat was cleared updating 2 keys and creating 1 modified pages.
Information,12-03-2021 20:08,Microsoft-Windows-Kernel-General,16,None,The access history in hive \??\C:\Users\SHOHID\AppData\Local\Packages\microsoft.mspaint_8wekyb3d8bbwe\Settings\settings.dat was cleared updating 2 keys and creating 1 modified pages.
Information,12-03-2021 20:08,Microsoft-Windows-Kernel-General,16,None,The access history in hive \??\C:\Users\SHOHID\AppData\Local\Packages\microsoft.mixedreality.portal_8wekyb3d8bbwe\Settings\settings.dat was cleared updating 2 keys and creating 1 modified pages.
Information,12-03-2021 20:08,Microsoft-Windows-Kernel-General,16,None,The access history in hive \??\C:\Users\SHOHID\AppData\Local\Packages\microsoft.microsoftstickynotes_8wekyb3d8bbwe\Settings\settings.dat was cleared updating 2 keys and creating 1 modified pages.
Information,12-03-2021 20:08,Microsoft-Windows-Kernel-General,16,None,The access history in hive \??\C:\Users\SHOHID\AppData\Local\Packages\microsoft.microsoftsolitairecollection_8wekyb3d8bbwe\Settings\settings.dat was cleared updating 2 keys and creating 1 modified pages.
Information,12-03-2021 20:08,Microsoft-Windows-Kernel-General,16,None,The access history in hive \??\C:\Users\SHOHID\AppData\Local\Packages\microsoft.microsoftedgedevtoolsclient_8wekyb3d8bbwe\Settings\settings.dat was cleared updating 2 keys and creating 1 modified pages.
Information,12-03-2021 20:08,Microsoft-Windows-Kernel-General,16,None,The access history in hive \??\C:\Users\SHOHID\AppData\Local\Packages\microsoft.microsoft3dviewer_8wekyb3d8bbwe\Settings\settings.dat was cleared updating 2 keys and creating 1 modified pages.
Information,12-03-2021 20:08,Microsoft-Windows-Kernel-General,16,None,The access history in hive \??\C:\Users\SHOHID\AppData\Local\Packages\microsoft.messaging_8wekyb3d8bbwe\Settings\settings.dat was cleared updating 2 keys and creating 1 modified pages.
Information,12-03-2021 20:08,Microsoft-Windows-Kernel-General,16,None,The access history in hive \??\C:\Users\SHOHID\AppData\Local\Packages\microsoft.heifimageextension_8wekyb3d8bbwe\Settings\settings.dat was cleared updating 2 keys and creating 1 modified pages.
Information,12-03-2021 20:08,Microsoft-Windows-Kernel-General,16,None,The access history in hive \??\C:\Users\SHOHID\AppData\Local\Packages\microsoft.getstarted_8wekyb3d8bbwe\Settings\settings.dat was cleared updating 2 keys and creating 1 modified pages.
Information,12-03-2021 20:08,Microsoft-Windows-Kernel-General,16,None,The access history in hive \??\C:\Users\SHOHID\AppData\Local\Packages\microsoft.gethelp_8wekyb3d8bbwe\Settings\settings.dat was cleared updating 2 keys and creating 1 modified pages.
Information,12-03-2021 20:08,Microsoft-Windows-Kernel-General,16,None,The access history in hive \??\C:\Users\SHOHID\AppData\Local\Packages\microsoft.edgedevtoolsplugin_cw5n1h2txyewy\Settings\settings.dat was cleared updating 2 keys and creating 1 modified pages.
Information,12-03-2021 20:08,Microsoft-Windows-Kernel-General,16,None,The access history in hive \??\C:\Users\SHOHID\AppData\Local\Packages\microsoft.ecapp_8wekyb3d8bbwe\Settings\settings.dat was cleared updating 2 keys and creating 1 modified pages.
Information,12-03-2021 20:08,Microsoft-Windows-Kernel-General,16,None,The access history in hive \??\C:\Users\SHOHID\AppData\Local\Packages\microsoft.desktopappinstaller_8wekyb3d8bbwe\Settings\settings.dat was cleared updating 2 keys and creating 1 modified pages.
Information,12-03-2021 20:08,Microsoft-Windows-Kernel-General,16,None,The access history in hive \??\C:\Users\SHOHID\AppData\Local\Packages\microsoft.creddialoghost_cw5n1h2txyewy\Settings\settings.dat was cleared updating 2 keys and creating 1 modified pages.
Information,12-03-2021 20:08,Microsoft-Windows-Kernel-General,16,None,The access history in hive \??\C:\Users\SHOHID\AppData\Local\Packages\microsoft.bioenrollment_cw5n1h2txyewy\Settings\settings.dat was cleared updating 2 keys and creating 1 modified pages.
Information,12-03-2021 20:08,Microsoft-Windows-Kernel-General,16,None,The access history in hive \??\C:\Users\SHOHID\AppData\Local\Packages\microsoft.bingweather_8wekyb3d8bbwe\Settings\settings.dat was cleared updating 2 keys and creating 1 modified pages.
Information,12-03-2021 20:08,Microsoft-Windows-Kernel-General,16,None,The access history in hive \??\C:\Users\SHOHID\AppData\Local\Packages\microsoft.bingnews_8wekyb3d8bbwe\Settings\settings.dat was cleared updating 2 keys and creating 1 modified pages.
Information,12-03-2021 20:08,Microsoft-Windows-Kernel-General,16,None,The access history in hive \??\C:\Users\SHOHID\AppData\Local\Packages\microsoft.asynctextservice_8wekyb3d8bbwe\Settings\settings.dat was cleared updating 2 keys and creating 1 modified pages.
Information,12-03-2021 20:08,Microsoft-Windows-Kernel-General,16,None,The access history in hive \??\C:\Users\SHOHID\AppData\Local\Packages\microsoft.accountscontrol_cw5n1h2txyewy\Settings\settings.dat was cleared updating 2 keys and creating 1 modified pages.
Information,12-03-2021 20:08,Microsoft-Windows-Kernel-General,16,None,The access history in hive \??\C:\Users\SHOHID\AppData\Local\Packages\king.com.candycrushsodasaga_kgqvnymyfvs32\Settings\settings.dat was cleared updating 2 keys and creating 1 modified pages.
Information,12-03-2021 20:08,Microsoft-Windows-Kernel-General,16,None,The access history in hive \??\C:\Users\SHOHID\AppData\Local\Packages\king.com.candycrushsaga_kgqvnymyfvs32\Settings\settings.dat was cleared updating 2 keys and creating 1 modified pages.
Information,12-03-2021 20:08,Microsoft-Windows-Kernel-General,16,None,The access history in hive \??\C:\Users\SHOHID\AppData\Local\Packages\inputapp_cw5n1h2txyewy\Settings\settings.dat was cleared updating 3 keys and creating 1 modified pages.
Information,12-03-2021 20:08,Microsoft-Windows-Kernel-General,16,None,The access history in hive \??\C:\Users\SHOHID\AppData\Local\Packages\f46d4000-fd22-4db4-ac8e-4e1ddde828fe_cw5n1h2txyewy\Settings\settings.dat was cleared updating 2 keys and creating 1 modified pages.
Information,12-03-2021 20:08,Microsoft-Windows-Kernel-General,16,None,The access history in hive \??\C:\Users\SHOHID\AppData\Local\Packages\e2a4f912-2574-4a75-9bb0-0d023378592b_cw5n1h2txyewy\Settings\settings.dat was cleared updating 2 keys and creating 1 modified pages.
Information,12-03-2021 20:08,Microsoft-Windows-Kernel-General,16,None,The access history in hive \??\C:\Users\SHOHID\AppData\Local\Packages\c5e2524a-ea46-4f67-841f-6a9465d9d515_cw5n1h2txyewy\Settings\settings.dat was cleared updating 2 keys and creating 1 modified pages.
Information,12-03-2021 20:08,Microsoft-Windows-Kernel-General,16,None,The access history in hive \??\C:\Users\SHOHID\AppData\Local\Packages\appup.intelgraphicsexperience_8j3eq9eme6ctt\Settings\settings.dat was cleared updating 2 keys and creating 1 modified pages.
Information,12-03-2021 20:08,Microsoft-Windows-Kernel-General,16,None,The access history in hive \??\C:\Users\SHOHID\AppData\Local\Packages\613ebcea.polarrphotoeditoracademicedition_jb41c8remg0x2\Settings\settings.dat was cleared updating 2 keys and creating 1 modified pages.
Information,12-03-2021 20:08,Microsoft-Windows-Kernel-General,16,None,The access history in hive \??\C:\Users\SHOHID\AppData\Local\Packages\27bd39b1-f5a8-48d7-8f8d-7e42667d7ea4_40p48qrhvc7w8\Settings\settings.dat was cleared updating 2 keys and creating 1 modified pages.
Information,12-03-2021 20:08,Microsoft-Windows-Kernel-General,16,None,The access history in hive \??\C:\Users\SHOHID\AppData\Local\Packages\1527c705-839a-4832-9118-54d4bd6a0c89_cw5n1h2txyewy\Settings\settings.dat was cleared updating 2 keys and creating 1 modified pages.
Information,12-03-2021 20:08,Microsoft-Windows-Kernel-General,16,None,The access history in hive \??\C:\ProgramData\Microsoft\Provisioning\Microsoft-Desktop-Provisioning-Sequence.dat was cleared updating 0 keys and creating 0 modified pages.
Information,12-03-2021 20:08,Microsoft-Windows-Time-Service,37,None,"The time provider NtpClient is currently receiving valid time data from time.windows.com,0x9 (ntp.m|0x9|0.0.0.0:123->40.81.94.65:123)."
Information,12-03-2021 20:08,Microsoft-Windows-Time-Service,158,None,The time provider 'VMICTimeProvider' has indicated that the current hardware and operating environment is not supported and has stopped. This behavior is expected for VMICTimeProvider on non-HyperV-guest environments. This may be the expected behavior for the current provider in the current operating environment as well.
Information,12-03-2021 19:17,Microsoft-Windows-WindowsUpdateClient,19,Windows Update Agent,Installation Successful: Windows successfully installed the following update: Security Intelligence Update for Microsoft Defender Antivirus - KB2267602 (Version 1.353.2011.0)
Information,12-03-2021 19:17,Microsoft-Windows-WindowsUpdateClient,43,Windows Update Agent,Installation Started: Windows has started installing the following update: Security Intelligence Update for Microsoft Defender Antivirus - KB2267602 (Version 1.353.2011.0)
Information,12-03-2021 19:17,Microsoft-Windows-WindowsUpdateClient,44,Windows Update Agent,Windows Update started downloading an update.
Warning,12-03-2021 19:06,Microsoft-Windows-DistributedCOM,10016,None,"The application-specific permission settings do not grant Local Activation permission for the COM Server application with CLSID 
{2593F8B9-4EAF-457C-B68A-50F6B8EA6B54}
 and APPID 
{15C20B67-12E7-4BB6-92BB-7AFF07997402}
 to the user SHOHID-PC\SHOHID SID (S-1-5-21-2091211461-3178656723-4261672445-1001) from address LocalHost (Using LRPC) running in the application container Unavailable SID (Unavailable). This security permission can be modified using the Component Services administrative tool."
Error,12-03-2021 19:05,Microsoft-Windows-DistributedCOM,10010,None,The server Microsoft.SkypeApp_15.78.159.0_x86__kzf8qxf38zg5c!App.AppXtwmqn4em5r5dpafgj4t4yyxgjfe0hr50.mca did not register with DCOM within the required timeout.
Information,12-03-2021 19:05,Microsoft-Windows-Winlogon,7001,-1101,User Logon Notification for Customer Experience Improvement Program
Information,12-03-2021 19:05,Microsoft-Windows-Power-Troubleshooter,1,None,"The system has returned from a low power state.

Sleep Time: 2021-12-03T05:46:10.033202100Z
Wake Time: 2021-12-03T13:05:44.530503700Z

Wake Source: Unknown"
Information,12-03-2021 19:05,Microsoft-Windows-Kernel-Boot,32,-58,The bootmgr spent 0 ms waiting for user input.
Information,12-03-2021 19:05,Microsoft-Windows-Kernel-Boot,18,-57,There are 0x1 boot options on this system.
Information,12-03-2021 19:05,Microsoft-Windows-Kernel-Boot,27,-33,The boot type was 0x1.
Information,12-03-2021 19:05,Microsoft-Windows-Kernel-Boot,25,-32,The boot menu policy was 0x1.
Information,12-03-2021 19:05,Microsoft-Windows-Kernel-Boot,30,-21,The firmware reported boot metrics.
Error,12-03-2021 19:05,iaStorA,4102,None,Error log: Smart event occured on disk :X6GJEAPFS  
Information,12-03-2021 19:05,Microsoft-Windows-Kernel-General,1,-5,"The system time has changed to 2021-12-03T13:05:43.500000000Z from 2021-12-03T05:46:13.899264600Z.

Change Reason: System time synchronized with the hardware clock.
Process: '' (PID 4)."
Information,12-03-2021 11:46,Microsoft-Windows-Kernel-Power,107,-102,The system has resumed from sleep.
Information,12-03-2021 19:05,EventLog,6013,None,The system uptime is 262875 seconds.
Information,12-03-2021 11:46,Microsoft-Windows-Kernel-Power,42,-64,"The system is entering sleep.

Sleep Reason: Application API"
Information,12-03-2021 11:46,Microsoft-Windows-Kernel-Power,187,-243,User-mode process attempted to change the system state by calling SetSuspendState or SetSystemPowerState APIs.
Information,12-03-2021 11:46,Microsoft-Windows-Winlogon,7002,-1102,User Logoff Notification for Customer Experience Improvement Program
Warning,12-03-2021 10:22,Microsoft-Windows-DistributedCOM,10016,None,"The application-specific permission settings do not grant Local Activation permission for the COM Server application with CLSID 
{2593F8B9-4EAF-457C-B68A-50F6B8EA6B54}
 and APPID 
{15C20B67-12E7-4BB6-92BB-7AFF07997402}
 to the user SHOHID-PC\SHOHID SID (S-1-5-21-2091211461-3178656723-4261672445-1001) from address LocalHost (Using LRPC) running in the application container Microsoft.SkypeApp_15.78.159.0_x86__kzf8qxf38zg5c SID (Unavailable). This security permission can be modified using the Component Services administrative tool."
Information,12-03-2021 10:22,Microsoft-Windows-Kernel-General,16,None,The access history in hive \??\C:\Users\SHOHID\AppData\Local\Packages\microsoft.windows.cortana_cw5n1h2txyewy\AC\GEH\POF.dat was cleared updating 5 keys and creating 1 modified pages.
Information,12-03-2021 09:27,Microsoft-Windows-Kernel-General,15,None,Hive \SystemRoot\System32\config\DRIVERS was reorganized with a starting size of 13856768 bytes and an ending size of 13856768 bytes.
Information,12-03-2021 09:27,Microsoft-Windows-Kernel-General,16,None,The access history in hive \??\C:\ProgramData\Microsoft\Provisioning\Microsoft-Desktop-Provisioning-Sequence.dat was cleared updating 0 keys and creating 0 modified pages.
Warning,12-03-2021 09:19,Microsoft-Windows-DistributedCOM,10016,None,"The application-specific permission settings do not grant Local Activation permission for the COM Server application with CLSID 
{2593F8B9-4EAF-457C-B68A-50F6B8EA6B54}
 and APPID 
{15C20B67-12E7-4BB6-92BB-7AFF07997402}
 to the user SHOHID-PC\SHOHID SID (S-1-5-21-2091211461-3178656723-4261672445-1001) from address LocalHost (Using LRPC) running in the application container Unavailable SID (Unavailable). This security permission can be modified using the Component Services administrative tool."
Warning,12-03-2021 08:30,Microsoft-Windows-DistributedCOM,10016,None,"The machine-default permission settings do not grant Local Activation permission for the COM Server application with CLSID 
{C2F03A33-21F5-47FA-B4BB-156362A2F239}
 and APPID 
{316CDED5-E4AE-4B15-9113-7055D84DCC97}
 to the user SHOHID-PC\SHOHID SID (S-1-5-21-2091211461-3178656723-4261672445-1001) from address LocalHost (Using LRPC) running in the application container Microsoft.Windows.ShellExperienceHost_10.0.18362.1171_neutral_neutral_cw5n1h2txyewy SID (S-1-15-2-155514346-2573954481-755741238-1654018636-1233331829-3075935687-2861478708). This security permission can be modified using the Component Services administrative tool."
Error,12-03-2021 08:23,Microsoft-Windows-DistributedCOM,10010,None,The server Microsoft.SkypeApp_15.78.159.0_x86__kzf8qxf38zg5c!App.AppXtwmqn4em5r5dpafgj4t4yyxgjfe0hr50.mca did not register with DCOM within the required timeout.
Error,12-03-2021 08:19,Service Control Manager,7031,None,The TeamViewer service terminated unexpectedly.  It has done this 1 time(s).  The following corrective action will be taken in 2000 milliseconds: Restart the service.
Information,12-03-2021 08:14,Microsoft-Windows-Kernel-General,16,None,The access history in hive \??\C:\Users\SHOHID\AppData\Local\Packages\Microsoft.Windows.ContentDeliveryManager_cw5n1h2txyewy\Settings\settings.dat was cleared updating 3731 keys and creating 151 modified pages.
Information,12-03-2021 08:12,Microsoft-Windows-WindowsUpdateClient,19,Windows Update Agent,Installation Successful: Windows successfully installed the following update: 9NBLGGH18846-KING.COM.CANDYCRUSHSAGA
Information,12-03-2021 08:12,Microsoft-Windows-WindowsUpdateClient,43,Windows Update Agent,Installation Started: Windows has started installing the following update: 9NBLGGH18846-KING.COM.CANDYCRUSHSAGA
Information,12-03-2021 08:12,Microsoft-Windows-Kernel-General,16,None,The access history in hive \??\C:\ProgramData\Microsoft\Windows\AppRepository\Packages\king.com.CandyCrushSaga_1.2161.1.0_x86__kgqvnymyfvs32\ActivationStore.dat was cleared updating 0 keys and creating 0 modified pages.
Warning,12-03-2021 08:09,Microsoft-Windows-DNS-Client,1014,-1014,Name resolution for the name 0.client-channel.google.com timed out after none of the configured DNS servers responded.
Information,12-03-2021 08:09,Microsoft-Windows-WindowsUpdateClient,44,Windows Update Agent,Windows Update started downloading an update.
Warning,12-03-2021 07:55,Microsoft-Windows-DistributedCOM,10016,None,"The application-specific permission settings do not grant Local Activation permission for the COM Server application with CLSID 
{2593F8B9-4EAF-457C-B68A-50F6B8EA6B54}
 and APPID 
{15C20B67-12E7-4BB6-92BB-7AFF07997402}
 to the user SHOHID-PC\SHOHID SID (S-1-5-21-2091211461-3178656723-4261672445-1001) from address LocalHost (Using LRPC) running in the application container Unavailable SID (Unavailable). This security permission can be modified using the Component Services administrative tool."
Error,12-03-2021 07:54,Microsoft-Windows-DistributedCOM,10010,None,The server Microsoft.SkypeApp_15.78.159.0_x86__kzf8qxf38zg5c!App.AppXtwmqn4em5r5dpafgj4t4yyxgjfe0hr50.mca did not register with DCOM within the required timeout.
Information,12-03-2021 07:54,Microsoft-Windows-Power-Troubleshooter,1,None,"The system has returned from a low power state.

Sleep Time: 2021-12-02T18:57:40.312402400Z
Wake Time: 2021-12-03T01:54:42.456095000Z

Wake Source: Unknown"
Information,12-03-2021 07:54,Microsoft-Windows-Winlogon,7001,-1101,User Logon Notification for Customer Experience Improvement Program
Information,12-03-2021 07:54,Microsoft-Windows-Kernel-Boot,32,-58,The bootmgr spent 0 ms waiting for user input.
Information,12-03-2021 07:54,Microsoft-Windows-Kernel-Boot,18,-57,There are 0x1 boot options on this system.
Information,12-03-2021 07:54,Microsoft-Windows-Kernel-Boot,27,-33,The boot type was 0x1.
Information,12-03-2021 07:54,Microsoft-Windows-Kernel-Boot,25,-32,The boot menu policy was 0x1.
Information,12-03-2021 07:54,Microsoft-Windows-Kernel-Boot,30,-21,The firmware reported boot metrics.
Error,12-03-2021 07:54,iaStorA,4102,None,Error log: Smart event occured on disk :X6GJEAPFS  
Information,12-03-2021 07:54,Microsoft-Windows-Kernel-General,1,-5,"The system time has changed to 2021-12-03T01:54:41.500000000Z from 2021-12-02T18:57:43.023954000Z.

Change Reason: System time synchronized with the hardware clock.
Process: '' (PID 4)."
Information,12-03-2021 00:57,Microsoft-Windows-Kernel-Power,107,-102,The system has resumed from sleep.
Information,12-03-2021 00:57,Microsoft-Windows-Kernel-Power,42,-64,"The system is entering sleep.

Sleep Reason: Application API"
Information,12-03-2021 00:57,Microsoft-Windows-Kernel-Power,187,-243,User-mode process attempted to change the system state by calling SetSuspendState or SetSystemPowerState APIs.
Information,12-03-2021 00:57,Microsoft-Windows-Winlogon,7002,-1102,User Logoff Notification for Customer Experience Improvement Program
Error,12-02-2021 20:25,Microsoft-Windows-DistributedCOM,10010,None,The server Microsoft.SkypeApp_15.78.159.0_x86__kzf8qxf38zg5c!App.AppXtwmqn4em5r5dpafgj4t4yyxgjfe0hr50.mca did not register with DCOM within the required timeout.
Information,12-02-2021 19:07,Microsoft-Windows-WindowsUpdateClient,19,Windows Update Agent,Installation Successful: Windows successfully installed the following update: Security Intelligence Update for Microsoft Defender Antivirus - KB2267602 (Version 1.353.1962.0)
Information,12-02-2021 19:07,Microsoft-Windows-WindowsUpdateClient,43,Windows Update Agent,Installation Started: Windows has started installing the following update: Security Intelligence Update for Microsoft Defender Antivirus - KB2267602 (Version 1.353.1962.0)
Information,12-02-2021 19:07,Microsoft-Windows-WindowsUpdateClient,44,Windows Update Agent,Windows Update started downloading an update.
Warning,12-02-2021 18:56,Microsoft-Windows-DistributedCOM,10016,None,"The application-specific permission settings do not grant Local Activation permission for the COM Server application with CLSID 
{2593F8B9-4EAF-457C-B68A-50F6B8EA6B54}
 and APPID 
{15C20B67-12E7-4BB6-92BB-7AFF07997402}
 to the user SHOHID-PC\SHOHID SID (S-1-5-21-2091211461-3178656723-4261672445-1001) from address LocalHost (Using LRPC) running in the application container Unavailable SID (Unavailable). This security permission can be modified using the Component Services administrative tool."
Information,12-02-2021 18:05,Microsoft-Windows-Kernel-General,1,-5,"The system time has changed to 2021-12-02T12:05:14.966459300Z from 2021-12-02T12:05:14.966068700Z.

Change Reason: An application or system component changed the time.
Process: '\Device\HarddiskVolume6\Windows\System32\svchost.exe' (PID 11208)."
Information,12-02-2021 18:05,Microsoft-Windows-Kernel-General,1,-5,"The system time has changed to 2021-12-02T12:05:14.965392000Z from 2021-12-02T12:05:14.965082100Z.

Change Reason: An application or system component changed the time.
Process: '\Device\HarddiskVolume6\Windows\System32\svchost.exe' (PID 11208)."
Information,12-02-2021 18:05,Microsoft-Windows-Time-Service,35,None,"The time service is now synchronizing the system time with the time source time.windows.com,0x9 (ntp.m|0x9|0.0.0.0:123->40.81.94.65:123) with reference id 1096700200. Current local stratum number is 4."
Information,12-02-2021 18:05,Microsoft-Windows-Kernel-General,1,-5,"The system time has changed to 2021-12-02T12:05:14.964295100Z from 2021-12-02T12:05:13.709773600Z.

Change Reason: An application or system component changed the time.
Process: '\Device\HarddiskVolume6\Windows\System32\svchost.exe' (PID 11208)."
Information,12-02-2021 18:04,Microsoft-Windows-Time-Service,37,None,"The time provider NtpClient is currently receiving valid time data from time.windows.com,0x9 (ntp.m|0x9|0.0.0.0:123->40.81.94.65:123)."
Information,12-02-2021 18:04,Microsoft-Windows-Time-Service,158,None,The time provider 'VMICTimeProvider' has indicated that the current hardware and operating environment is not supported and has stopped. This behavior is expected for VMICTimeProvider on non-HyperV-guest environments. This may be the expected behavior for the current provider in the current operating environment as well.
Information,12-02-2021 12:50,Microsoft-Windows-Kernel-General,16,None,The access history in hive \??\C:\ProgramData\Microsoft\Provisioning\Microsoft-Desktop-Provisioning-Sequence.dat was cleared updating 0 keys and creating 0 modified pages.
Information,12-02-2021 12:00,EventLog,6013,None,The system uptime is 150933 seconds.
Warning,12-02-2021 11:39,Microsoft-Windows-DNS-Client,1014,-1014,Name resolution for the name router13.teamviewer.com timed out after none of the configured DNS servers responded.
Warning,12-02-2021 11:24,Microsoft-Windows-DNS-Client,1014,-1014,Name resolution for the name router3.teamviewer.com timed out after none of the configured DNS servers responded.
Warning,12-02-2021 11:09,Microsoft-Windows-DNS-Client,1014,-1014,Name resolution for the name g.live.com timed out after none of the configured DNS servers responded.
Warning,12-02-2021 11:06,Microsoft-Windows-DNS-Client,1014,-1014,Name resolution for the name www.googleapis.com timed out after none of the configured DNS servers responded.
Warning,12-02-2021 11:06,Microsoft-Windows-DNS-Client,1014,-1014,Name resolution for the name router16.teamviewer.com timed out after none of the configured DNS servers responded.
Warning,12-02-2021 11:05,Microsoft-Windows-DNS-Client,1014,-1014,Name resolution for the name g.live.com timed out after none of the configured DNS servers responded.
Error,12-02-2021 11:05,Microsoft-Windows-WLAN-AutoConfig,10000,None,"WLAN Extensibility Module has failed to start.

Module Path: C:\WINDOWS\system32\Rtlihvs.dll
Error Code: 126
"
Warning,12-02-2021 11:05,Microsoft-Windows-DNS-Client,1014,-1014,Name resolution for the name relay-d52ef708.net.anydesk.com timed out after none of the configured DNS servers responded.
Warning,12-02-2021 11:05,Microsoft-Windows-WLAN-AutoConfig,4003,None,"WLAN AutoConfig detected limited connectivity, attempting automatic recovery.

Recovery Type: 4
Error Code: 0x0
Trigger Reason: 1
IP Family: 0
"
Warning,12-02-2021 11:05,Microsoft-Windows-DNS-Client,1014,-1014,Name resolution for the name g.live.com timed out after none of the configured DNS servers responded.
Warning,12-02-2021 11:05,Microsoft-Windows-DNS-Client,1014,-1014,Name resolution for the name router5.teamviewer.com timed out after none of the configured DNS servers responded.
Warning,12-02-2021 11:05,Microsoft-Windows-DNS-Client,1014,-1014,Name resolution for the name www.youtube.com timed out after none of the configured DNS servers responded.
Warning,12-02-2021 11:05,Microsoft-Windows-DNS-Client,1014,-1014,Name resolution for the name g.live.com timed out after none of the configured DNS servers responded.
Warning,12-02-2021 11:03,Microsoft-Windows-DistributedCOM,10016,None,"The application-specific permission settings do not grant Local Activation permission for the COM Server application with CLSID 
{2593F8B9-4EAF-457C-B68A-50F6B8EA6B54}
 and APPID 
{15C20B67-12E7-4BB6-92BB-7AFF07997402}
 to the user SHOHID-PC\SHOHID SID (S-1-5-21-2091211461-3178656723-4261672445-1001) from address LocalHost (Using LRPC) running in the application container Unavailable SID (Unavailable). This security permission can be modified using the Component Services administrative tool."
Warning,12-02-2021 11:03,Microsoft-Windows-DNS-Client,1014,-1014,Name resolution for the name router15.teamviewer.com timed out after none of the configured DNS servers responded.
Warning,12-02-2021 11:03,Microsoft-Windows-DNS-Client,1014,-1014,Name resolution for the name login.live.com timed out after none of the configured DNS servers responded.
Warning,12-02-2021 11:03,Microsoft-Windows-DNS-Client,1014,-1014,Name resolution for the name www.googleapis.com timed out after none of the configured DNS servers responded.
Information,12-02-2021 11:01,Microsoft-Windows-WindowsUpdateClient,19,Windows Update Agent,Installation Successful: Windows successfully installed the following update: Security Intelligence Update for Microsoft Defender Antivirus - KB2267602 (Version 1.353.1941.0)
Warning,12-02-2021 11:01,Microsoft-Windows-DNS-Client,1014,-1014,Name resolution for the name www.googleapis.com timed out after none of the configured DNS servers responded.
Information,12-02-2021 11:01,Microsoft-Windows-WindowsUpdateClient,43,Windows Update Agent,Installation Started: Windows has started installing the following update: Security Intelligence Update for Microsoft Defender Antivirus - KB2267602 (Version 1.353.1941.0)
Information,12-02-2021 11:01,Microsoft-Windows-WindowsUpdateClient,44,Windows Update Agent,Windows Update started downloading an update.
Warning,12-02-2021 11:00,Microsoft-Windows-DNS-Client,1014,-1014,Name resolution for the name www.youtube.com timed out after none of the configured DNS servers responded.
Warning,12-02-2021 11:00,Microsoft-Windows-DNS-Client,1014,-1014,Name resolution for the name d27xxe7juh1us6.cloudfront.net timed out after none of the configured DNS servers responded.
Warning,12-02-2021 11:00,Microsoft-Windows-DNS-Client,1014,-1014,Name resolution for the name mtalk.google.com timed out after none of the configured DNS servers responded.
Warning,12-02-2021 11:00,Microsoft-Windows-DNS-Client,1014,-1014,Name resolution for the name g.live.com timed out after none of the configured DNS servers responded.
Warning,12-02-2021 11:00,Microsoft-Windows-DNS-Client,1014,-1014,Name resolution for the name www.youtube.com timed out after none of the configured DNS servers responded.
Warning,12-02-2021 11:00,Microsoft-Windows-DNS-Client,1014,-1014,Name resolution for the name www.google.com timed out after none of the configured DNS servers responded.
Warning,12-02-2021 11:00,Microsoft-Windows-DNS-Client,1014,-1014,Name resolution for the name www.youtube.com timed out after none of the configured DNS servers responded.
Warning,12-02-2021 11:00,Microsoft-Windows-DNS-Client,1014,-1014,Name resolution for the name tsfe.trafficshaping.dsp.mp.microsoft.com timed out after none of the configured DNS servers responded.
Warning,12-02-2021 11:00,Microsoft-Windows-DNS-Client,1014,-1014,Name resolution for the name www.youtube.com timed out after none of the configured DNS servers responded.
Warning,12-02-2021 11:00,Microsoft-Windows-DNS-Client,1014,-1014,Name resolution for the name g.live.com timed out after none of the configured DNS servers responded.
Warning,12-02-2021 11:00,Microsoft-Windows-DNS-Client,1014,-1014,Name resolution for the name v10.events.data.microsoft.com timed out after none of the configured DNS servers responded.
Warning,12-02-2021 11:00,Microsoft-Windows-DNS-Client,1014,-1014,Name resolution for the name router10.teamviewer.com timed out after none of the configured DNS servers responded.
Warning,12-02-2021 11:00,Microsoft-Windows-DNS-Client,1014,-1014,Name resolution for the name www.googleapis.com timed out after none of the configured DNS servers responded.
Warning,12-02-2021 10:57,Microsoft-Windows-DNS-Client,1014,-1014,Name resolution for the name chi01pap002.storage.live.com timed out after none of the configured DNS servers responded.
Warning,12-02-2021 10:57,Microsoft-Windows-DNS-Client,1014,-1014,Name resolution for the name www.youtube.com timed out after none of the configured DNS servers responded.
Warning,12-02-2021 10:56,Microsoft-Windows-DNS-Client,1014,-1014,Name resolution for the name fonts.googleapis.com timed out after none of the configured DNS servers responded.
Warning,12-02-2021 10:56,Microsoft-Windows-DNS-Client,1014,-1014,Name resolution for the name www.youtube.com timed out after none of the configured DNS servers responded.
Warning,12-02-2021 10:56,Microsoft-Windows-DNS-Client,1014,-1014,Name resolution for the name www.google.com timed out after none of the configured DNS servers responded.
Warning,12-02-2021 10:55,Microsoft-Windows-DistributedCOM,10016,None,"The application-specific permission settings do not grant Local Activation permission for the COM Server application with CLSID 
{2593F8B9-4EAF-457C-B68A-50F6B8EA6B54}
 and APPID 
{15C20B67-12E7-4BB6-92BB-7AFF07997402}
 to the user SHOHID-PC\SHOHID SID (S-1-5-21-2091211461-3178656723-4261672445-1001) from address LocalHost (Using LRPC) running in the application container Unavailable SID (Unavailable). This security permission can be modified using the Component Services administrative tool."
Error,12-02-2021 10:55,Microsoft-Windows-DistributedCOM,10010,None,The server Microsoft.SkypeApp_15.78.159.0_x86__kzf8qxf38zg5c!App.AppXtwmqn4em5r5dpafgj4t4yyxgjfe0hr50.mca did not register with DCOM within the required timeout.
Error,12-02-2021 10:54,Microsoft-Windows-DistributedCOM,10010,None,The server Microsoft.SkypeApp_15.78.159.0_x86__kzf8qxf38zg5c!App.AppXtwmqn4em5r5dpafgj4t4yyxgjfe0hr50.mca did not register with DCOM within the required timeout.
Warning,12-02-2021 10:54,Microsoft-Windows-DNS-Client,1014,-1014,Name resolution for the name client.wns.windows.com timed out after none of the configured DNS servers responded.
Information,12-02-2021 10:54,Microsoft-Windows-Winlogon,7001,-1101,User Logon Notification for Customer Experience Improvement Program
Information,12-02-2021 10:54,Microsoft-Windows-Power-Troubleshooter,1,None,"The system has returned from a low power state.

Sleep Time: 2021-12-01T19:07:57.385280400Z
Wake Time: 2021-12-02T04:54:04.616067400Z

Wake Source: Unknown"
Information,12-02-2021 10:54,Microsoft-Windows-Kernel-Boot,32,-58,The bootmgr spent 0 ms waiting for user input.
Information,12-02-2021 10:54,Microsoft-Windows-Kernel-Boot,18,-57,There are 0x1 boot options on this system.
Information,12-02-2021 10:54,Microsoft-Windows-Kernel-Boot,27,-33,The boot type was 0x1.
Information,12-02-2021 10:54,Microsoft-Windows-Kernel-Boot,25,-32,The boot menu policy was 0x1.
Information,12-02-2021 10:54,Microsoft-Windows-Kernel-Boot,30,-21,The firmware reported boot metrics.
Error,12-02-2021 10:54,iaStorA,4102,None,Error log: Smart event occured on disk :X6GJEAPFS  
Information,12-02-2021 10:54,Microsoft-Windows-Kernel-General,1,-5,"The system time has changed to 2021-12-02T04:54:03.500000000Z from 2021-12-01T19:08:00.026354200Z.

Change Reason: System time synchronized with the hardware clock.
Process: '' (PID 4)."
Information,12-02-2021 01:08,Microsoft-Windows-Kernel-Power,107,-102,The system has resumed from sleep.
Information,12-02-2021 01:07,Microsoft-Windows-Kernel-Power,42,-64,"The system is entering sleep.

Sleep Reason: Application API"
Information,12-02-2021 01:07,Microsoft-Windows-Kernel-Power,187,-243,User-mode process attempted to change the system state by calling SetSuspendState or SetSystemPowerState APIs.
Information,12-02-2021 01:07,Microsoft-Windows-Winlogon,7002,-1102,User Logoff Notification for Customer Experience Improvement Program
Warning,12-01-2021 22:09,Microsoft-Windows-DNS-Client,1014,-1014,Name resolution for the name router6.teamviewer.com timed out after none of the configured DNS servers responded.
Warning,12-01-2021 21:40,Microsoft-Windows-DNS-Client,1014,-1014,Name resolution for the name gateway.facebook.com timed out after none of the configured DNS servers responded.
Warning,12-01-2021 21:40,Microsoft-Windows-DNS-Client,1014,-1014,Name resolution for the name www.facebook.com timed out after none of the configured DNS servers responded.
Error,12-01-2021 20:27,Microsoft-Windows-DistributedCOM,10010,None,The server Microsoft.SkypeApp_15.78.159.0_x86__kzf8qxf38zg5c!App.AppXtwmqn4em5r5dpafgj4t4yyxgjfe0hr50.mca did not register with DCOM within the required timeout.
Warning,12-01-2021 18:00,Microsoft-Windows-DNS-Client,1014,-1014,Name resolution for the name www.youtube.com timed out after none of the configured DNS servers responded.
Warning,12-01-2021 17:43,Microsoft-Windows-DNS-Client,1014,-1014,Name resolution for the name epicunitscan.info timed out after none of the configured DNS servers responded.
Warning,12-01-2021 17:39,Microsoft-Windows-DistributedCOM,10016,None,"The application-specific permission settings do not grant Local Activation permission for the COM Server application with CLSID 
{2593F8B9-4EAF-457C-B68A-50F6B8EA6B54}
 and APPID 
{15C20B67-12E7-4BB6-92BB-7AFF07997402}
 to the user SHOHID-PC\SHOHID SID (S-1-5-21-2091211461-3178656723-4261672445-1001) from address LocalHost (Using LRPC) running in the application container Unavailable SID (Unavailable). This security permission can be modified using the Component Services administrative tool."
Warning,12-01-2021 17:06,Microsoft-Windows-DNS-Client,1014,-1014,Name resolution for the name substrate.office.com timed out after none of the configured DNS servers responded.
Warning,12-01-2021 16:40,Microsoft-Windows-DNS-Client,1014,-1014,Name resolution for the name v20.events.data.microsoft.com timed out after none of the configured DNS servers responded.
Warning,12-01-2021 16:15,Microsoft-Windows-DNS-Client,1014,-1014,Name resolution for the name r5---sn-npoeenlk.googlevideo.com timed out after none of the configured DNS servers responded.
Information,12-01-2021 16:08,Microsoft-Windows-Kernel-General,1,-5,"The system time has changed to 2021-12-01T10:08:06.567579600Z from 2021-12-01T10:08:06.566254700Z.

Change Reason: An application or system component changed the time.
Process: '\Device\HarddiskVolume6\Windows\System32\svchost.exe' (PID 12344)."
Information,12-01-2021 16:08,Microsoft-Windows-Kernel-General,1,-5,"The system time has changed to 2021-12-01T10:08:06.566254700Z from 2021-12-01T10:08:06.565365600Z.

Change Reason: An application or system component changed the time.
Process: '\Device\HarddiskVolume6\Windows\System32\svchost.exe' (PID 12344)."
Information,12-01-2021 16:08,Microsoft-Windows-Time-Service,35,None,"The time service is now synchronizing the system time with the time source time.windows.com,0x9 (ntp.m|0x9|0.0.0.0:123->40.81.94.65:123) with reference id 1096700200. Current local stratum number is 4."
Information,12-01-2021 16:08,Microsoft-Windows-Kernel-General,1,-5,"The system time has changed to 2021-12-01T10:08:06.565365600Z from 2021-12-01T10:08:03.606888400Z.

Change Reason: An application or system component changed the time.
Process: '\Device\HarddiskVolume6\Windows\System32\svchost.exe' (PID 12344)."
Information,12-01-2021 16:07,Microsoft-Windows-Kernel-General,16,None,The access history in hive \??\C:\Users\SHOHID\AppData\Local\Packages\appleinc.itunes_nzyj5cx40ttqa\Settings\settings.dat was cleared updating 2 keys and creating 1 modified pages.
Information,12-01-2021 16:07,Microsoft-Windows-Time-Service,37,None,"The time provider NtpClient is currently receiving valid time data from time.windows.com,0x9 (ntp.m|0x9|0.0.0.0:123->40.81.94.65:123)."
Information,12-01-2021 16:07,Microsoft-Windows-Time-Service,158,None,The time provider 'VMICTimeProvider' has indicated that the current hardware and operating environment is not supported and has stopped. This behavior is expected for VMICTimeProvider on non-HyperV-guest environments. This may be the expected behavior for the current provider in the current operating environment as well.
Warning,12-01-2021 15:35,Microsoft-Windows-DNS-Client,1014,-1014,Name resolution for the name substrate.office.com timed out after none of the configured DNS servers responded.
Warning,12-01-2021 14:57,Microsoft-Windows-DNS-Client,1014,-1014,Name resolution for the name ssl.gstatic.com timed out after none of the configured DNS servers responded.
Information,12-01-2021 14:53,Microsoft-Windows-Kernel-General,16,None,The access history in hive \??\C:\ProgramData\Microsoft\Provisioning\Microsoft-Desktop-Provisioning-Sequence.dat was cleared updating 0 keys and creating 0 modified pages.
Warning,12-01-2021 14:49,Microsoft-Windows-DNS-Client,1014,-1014,Name resolution for the name substrate.office.com timed out after none of the configured DNS servers responded.
Warning,12-01-2021 14:27,Microsoft-Windows-DistributedCOM,10016,None,"The machine-default permission settings do not grant Local Activation permission for the COM Server application with CLSID 
{C2F03A33-21F5-47FA-B4BB-156362A2F239}
 and APPID 
{316CDED5-E4AE-4B15-9113-7055D84DCC97}
 to the user SHOHID-PC\SHOHID SID (S-1-5-21-2091211461-3178656723-4261672445-1001) from address LocalHost (Using LRPC) running in the application container Microsoft.Windows.ShellExperienceHost_10.0.18362.1171_neutral_neutral_cw5n1h2txyewy SID (S-1-15-2-155514346-2573954481-755741238-1654018636-1233331829-3075935687-2861478708). This security permission can be modified using the Component Services administrative tool."
Warning,12-01-2021 14:27,Microsoft-Windows-DistributedCOM,10016,None,"The application-specific permission settings do not grant Local Activation permission for the COM Server application with CLSID 
{2593F8B9-4EAF-457C-B68A-50F6B8EA6B54}
 and APPID 
{15C20B67-12E7-4BB6-92BB-7AFF07997402}
 to the user SHOHID-PC\SHOHID SID (S-1-5-21-2091211461-3178656723-4261672445-1001) from address LocalHost (Using LRPC) running in the application container Unavailable SID (Unavailable). This security permission can be modified using the Component Services administrative tool."
Information,12-01-2021 14:26,Microsoft-Windows-Kernel-General,16,None,The access history in hive \??\C:\ProgramData\Packages\Microsoft.XboxGamingOverlay_8wekyb3d8bbwe\S-1-5-21-2091211461-3178656723-4261672445-1001\SystemAppData\Helium\Cache\3cc1b3e9a195e332_COM15.dat was cleared updating 1 keys and creating 1 modified pages.
Error,12-01-2021 14:26,Microsoft-Windows-DistributedCOM,10010,None,The server Microsoft.SkypeApp_15.78.159.0_x86__kzf8qxf38zg5c!App.AppXtwmqn4em5r5dpafgj4t4yyxgjfe0hr50.mca did not register with DCOM within the required timeout.
Error,12-01-2021 14:25,Microsoft-Windows-DistributedCOM,10010,None,The server Microsoft.SkypeApp_15.78.159.0_x86__kzf8qxf38zg5c!App.AppXtwmqn4em5r5dpafgj4t4yyxgjfe0hr50.mca did not register with DCOM within the required timeout.
Information,12-01-2021 14:25,Microsoft-Windows-Kernel-General,16,None,The access history in hive \??\C:\Users\SHOHID\AppData\Local\Packages\Microsoft.LockApp_cw5n1h2txyewy\Settings\settings.dat was cleared updating 4 keys and creating 1 modified pages.
Information,12-01-2021 14:25,Microsoft-Windows-Winlogon,7001,-1101,User Logon Notification for Customer Experience Improvement Program
Information,12-01-2021 14:25,Microsoft-Windows-Power-Troubleshooter,1,None,"The system has returned from a low power state.

Sleep Time: 2021-11-30T17:29:12.784362000Z
Wake Time: 2021-12-01T08:25:11.337070900Z

Wake Source: Unknown"
Information,12-01-2021 14:25,Microsoft-Windows-Kernel-Boot,32,-58,The bootmgr spent 0 ms waiting for user input.
Information,12-01-2021 14:25,Microsoft-Windows-Kernel-Boot,18,-57,There are 0x1 boot options on this system.
Information,12-01-2021 14:25,Microsoft-Windows-Kernel-Boot,27,-33,The boot type was 0x1.
Information,12-01-2021 14:25,Microsoft-Windows-Kernel-Boot,25,-32,The boot menu policy was 0x1.
Information,12-01-2021 14:25,Microsoft-Windows-Kernel-Boot,30,-21,The firmware reported boot metrics.
Error,12-01-2021 14:25,iaStorA,4102,None,Error log: Smart event occured on disk :X6GJEAPFS  
Information,12-01-2021 14:25,Microsoft-Windows-Kernel-General,1,-5,"The system time has changed to 2021-12-01T08:25:09.500000000Z from 2021-11-30T17:29:16.003851200Z.

Change Reason: System time synchronized with the hardware clock.
Process: '' (PID 4)."
Information,11/30/2021 11:29:16 PM,Microsoft-Windows-Kernel-Power,107,-102,The system has resumed from sleep.
Information,12-01-2021 14:25,EventLog,6013,None,The system uptime is 73246 seconds.
Information,11/30/2021 11:29:13 PM,Microsoft-Windows-Kernel-Power,42,-64,"The system is entering sleep.

Sleep Reason: Application API"
Information,11/30/2021 11:29:12 PM,Microsoft-Windows-Kernel-Power,187,-243,User-mode process attempted to change the system state by calling SetSuspendState or SetSystemPowerState APIs.
Information,11/30/2021 11:29:12 PM,Microsoft-Windows-Winlogon,7002,-1102,User Logoff Notification for Customer Experience Improvement Program
Information,11/30/2021 11:29:10 PM,User32,1074,None,"The process C:\Windows\System32\RuntimeBroker.exe (SHOHID-PC) has initiated the power off of computer SHOHID-PC on behalf of user SHOHID-PC\SHOHID for the following reason: Other (Unplanned)
 Reason Code: 0x0
 Shutdown Type: power off
 Comment: "
